2026-05-06 20:01:20 INFO     Predictor+: read 2500 rules from file.
2026-05-06 20:01:21 INFO     Preprocess training set
2026-05-06 20:01:21 INFO     -------------------------
2026-05-06 20:01:21 INFO     | Iteration: 1/10
2026-05-06 20:01:21 INFO     -------------------------
2026-05-06 20:01:21 INFO     >>>>> Predictor: Training
2026-05-06 20:01:22 INFO     10 546 4.412828 1664.0
2026-05-06 20:01:22 INFO     20 546 4.024016 1664.0
2026-05-06 20:01:22 INFO     30 546 3.921898 1664.0
2026-05-06 20:01:22 INFO     40 546 3.610283 1664.0
2026-05-06 20:01:22 INFO     50 546 3.328764 1664.0
2026-05-06 20:01:23 INFO     60 546 2.969743 1664.0
2026-05-06 20:01:23 INFO     70 546 3.423602 1664.0
2026-05-06 20:01:23 INFO     80 546 3.306024 1456.0
2026-05-06 20:01:23 INFO     90 546 3.333589 1664.0
2026-05-06 20:01:24 INFO     100 546 2.911520 1664.0
2026-05-06 20:01:24 INFO     >>>>> Predictor: Evaluating on valid
2026-05-06 20:01:25 INFO     Data : 1068
2026-05-06 20:01:25 INFO     Hit1 : 0.351124
2026-05-06 20:01:25 INFO     Hit3 : 0.659176
2026-05-06 20:01:25 INFO     Hit10: 0.897004
2026-05-06 20:01:25 INFO     MR   : 4.860487
2026-05-06 20:01:25 INFO     MRR  : 0.536267
2026-05-06 20:01:25 INFO     >>>>> Predictor: Evaluating on test
2026-05-06 20:01:27 INFO     Data : 1074
2026-05-06 20:01:27 INFO     Hit1 : 0.474860
2026-05-06 20:01:27 INFO     Hit3 : 0.693669
2026-05-06 20:01:27 INFO     Hit10: 0.905959
2026-05-06 20:01:27 INFO     MR   : 4.465549
2026-05-06 20:01:27 INFO     MRR  : 0.613894
2026-05-06 20:01:27 INFO     Save checkpoint to KINSHIP_seed46/predictor.pt
2026-05-06 20:01:27 INFO     -------------------------
2026-05-06 20:01:27 INFO     | Iteration: 2/10
2026-05-06 20:01:27 INFO     -------------------------
2026-05-06 20:01:27 INFO     >>>>> Predictor: Training
2026-05-06 20:01:27 INFO     10 546 2.944598 1580.8
2026-05-06 20:01:27 INFO     20 546 2.840892 1664.0
2026-05-06 20:01:27 INFO     30 546 2.870056 1664.0
2026-05-06 20:01:28 INFO     40 546 3.041940 1664.0
2026-05-06 20:01:28 INFO     50 546 2.994661 1664.0
2026-05-06 20:01:28 INFO     60 546 2.879541 1664.0
2026-05-06 20:01:28 INFO     70 546 2.898890 1664.0
2026-05-06 20:01:29 INFO     80 546 2.835321 1664.0
2026-05-06 20:01:29 INFO     90 546 2.727238 1518.4
2026-05-06 20:01:29 INFO     100 546 2.982509 1549.6
2026-05-06 20:01:29 INFO     >>>>> Predictor: Evaluating on valid
2026-05-06 20:01:31 INFO     Data : 1068
2026-05-06 20:01:31 INFO     Hit1 : 0.365169
2026-05-06 20:01:31 INFO     Hit3 : 0.678839
2026-05-06 20:01:31 INFO     Hit10: 0.908240
2026-05-06 20:01:31 INFO     MR   : 4.375468
2026-05-06 20:01:31 INFO     MRR  : 0.550907
2026-05-06 20:01:31 INFO     >>>>> Predictor: Evaluating on test
2026-05-06 20:01:32 INFO     Data : 1074
2026-05-06 20:01:32 INFO     Hit1 : 0.499069
2026-05-06 20:01:32 INFO     Hit3 : 0.728119
2026-05-06 20:01:32 INFO     Hit10: 0.916201
2026-05-06 20:01:32 INFO     MR   : 3.864991
2026-05-06 20:01:32 INFO     MRR  : 0.640659
2026-05-06 20:01:32 INFO     Save checkpoint to KINSHIP_seed46/predictor.pt
2026-05-06 20:01:32 INFO     -------------------------
2026-05-06 20:01:32 INFO     | Iteration: 3/10
2026-05-06 20:01:32 INFO     -------------------------
2026-05-06 20:01:32 INFO     >>>>> Predictor: Training
2026-05-06 20:01:32 INFO     10 546 2.853107 1664.0
2026-05-06 20:01:33 INFO     20 546 2.827894 1580.8
2026-05-06 20:01:33 INFO     30 546 2.768228 1664.0
2026-05-06 20:01:33 INFO     40 546 2.802459 1508.0
2026-05-06 20:01:33 INFO     50 546 2.934716 1664.0
2026-05-06 20:01:33 INFO     60 546 2.793406 1518.4
2026-05-06 20:01:34 INFO     70 546 2.799585 1549.6
2026-05-06 20:01:34 INFO     80 546 2.928938 1664.0
2026-05-06 20:01:34 INFO     90 546 2.747126 1570.4
2026-05-06 20:01:34 INFO     100 546 2.678445 1664.0
2026-05-06 20:01:34 INFO     >>>>> Predictor: Evaluating on valid
2026-05-06 20:01:35 INFO     Data : 1068
2026-05-06 20:01:35 INFO     Hit1 : 0.403558
2026-05-06 20:01:35 INFO     Hit3 : 0.711610
2026-05-06 20:01:35 INFO     Hit10: 0.940075
2026-05-06 20:01:35 INFO     MR   : 3.934457
2026-05-06 20:01:35 INFO     MRR  : 0.584173
2026-05-06 20:01:35 INFO     >>>>> Predictor: Evaluating on test
2026-05-06 20:01:36 INFO     Data : 1074
2026-05-06 20:01:36 INFO     Hit1 : 0.554004
2026-05-06 20:01:36 INFO     Hit3 : 0.791434
2026-05-06 20:01:36 INFO     Hit10: 0.950652
2026-05-06 20:01:36 INFO     MR   : 3.187151
2026-05-06 20:01:36 INFO     MRR  : 0.690293
2026-05-06 20:01:36 INFO     Save checkpoint to KINSHIP_seed46/predictor.pt
2026-05-06 20:01:36 INFO     -------------------------
2026-05-06 20:01:36 INFO     | Iteration: 4/10
2026-05-06 20:01:36 INFO     -------------------------
2026-05-06 20:01:36 INFO     >>>>> Predictor: Training
2026-05-06 20:01:36 INFO     10 546 2.845497 1580.8
2026-05-06 20:01:36 INFO     20 546 2.939116 1591.2
2026-05-06 20:01:36 INFO     30 546 2.722710 1664.0
2026-05-06 20:01:37 INFO     40 546 2.886320 1664.0
2026-05-06 20:01:37 INFO     50 546 2.802622 1664.0
2026-05-06 20:01:37 INFO     60 546 2.763599 1664.0
2026-05-06 20:01:37 INFO     70 546 2.809350 1664.0
2026-05-06 20:01:37 INFO     80 546 2.791008 1664.0
2026-05-06 20:01:37 INFO     90 546 2.730751 1664.0
2026-05-06 20:01:37 INFO     100 546 2.723484 1518.4
2026-05-06 20:01:37 INFO     >>>>> Predictor: Evaluating on valid
2026-05-06 20:01:38 INFO     Data : 1068
2026-05-06 20:01:38 INFO     Hit1 : 0.448502
2026-05-06 20:01:38 INFO     Hit3 : 0.739700
2026-05-06 20:01:38 INFO     Hit10: 0.941011
2026-05-06 20:01:38 INFO     MR   : 3.754682
2026-05-06 20:01:38 INFO     MRR  : 0.618249
2026-05-06 20:01:38 INFO     >>>>> Predictor: Evaluating on test
2026-05-06 20:01:39 INFO     Data : 1074
2026-05-06 20:01:39 INFO     Hit1 : 0.557728
2026-05-06 20:01:39 INFO     Hit3 : 0.800745
2026-05-06 20:01:39 INFO     Hit10: 0.951583
2026-05-06 20:01:39 INFO     MR   : 3.082868
2026-05-06 20:01:39 INFO     MRR  : 0.695600
2026-05-06 20:01:39 INFO     Save checkpoint to KINSHIP_seed46/predictor.pt
2026-05-06 20:01:39 INFO     -------------------------
2026-05-06 20:01:39 INFO     | Iteration: 5/10
2026-05-06 20:01:39 INFO     -------------------------
2026-05-06 20:01:39 INFO     >>>>> Predictor: Training
2026-05-06 20:01:40 INFO     10 546 2.721409 1622.4
2026-05-06 20:01:40 INFO     20 546 2.783662 1664.0
2026-05-06 20:01:40 INFO     30 546 2.765645 1664.0
2026-05-06 20:01:40 INFO     40 546 2.978912 1601.6
2026-05-06 20:01:40 INFO     50 546 2.790143 1664.0
2026-05-06 20:01:40 INFO     60 546 2.595358 1664.0
2026-05-06 20:01:40 INFO     70 546 2.785505 1664.0
2026-05-06 20:01:41 INFO     80 546 2.723859 1508.0
2026-05-06 20:01:41 INFO     90 546 2.949184 1664.0
2026-05-06 20:01:41 INFO     100 546 2.612800 1664.0
2026-05-06 20:01:41 INFO     >>>>> Predictor: Evaluating on valid
2026-05-06 20:01:42 INFO     Data : 1068
2026-05-06 20:01:42 INFO     Hit1 : 0.433521
2026-05-06 20:01:42 INFO     Hit3 : 0.742509
2026-05-06 20:01:42 INFO     Hit10: 0.941011
2026-05-06 20:01:42 INFO     MR   : 3.866105
2026-05-06 20:01:42 INFO     MRR  : 0.606951
2026-05-06 20:01:42 INFO     >>>>> Predictor: Evaluating on test
2026-05-06 20:01:43 INFO     Data : 1074
2026-05-06 20:01:43 INFO     Hit1 : 0.550279
2026-05-06 20:01:43 INFO     Hit3 : 0.789572
2026-05-06 20:01:43 INFO     Hit10: 0.946927
2026-05-06 20:01:43 INFO     MR   : 3.046555
2026-05-06 20:01:43 INFO     MRR  : 0.689081
2026-05-06 20:01:43 INFO     -------------------------
2026-05-06 20:01:43 INFO     | Iteration: 6/10
2026-05-06 20:01:43 INFO     -------------------------
2026-05-06 20:01:43 INFO     >>>>> Predictor: Training
2026-05-06 20:01:43 INFO     10 546 2.694932 1560.0
2026-05-06 20:01:43 INFO     20 546 2.782959 1664.0
2026-05-06 20:01:43 INFO     30 546 2.683586 1580.8
2026-05-06 20:01:43 INFO     40 546 2.706766 1549.6
2026-05-06 20:01:44 INFO     50 546 2.696345 1664.0
2026-05-06 20:01:44 INFO     60 546 2.811507 1664.0
2026-05-06 20:01:44 INFO     70 546 2.737164 1664.0
2026-05-06 20:01:44 INFO     80 546 2.724001 1466.4
2026-05-06 20:01:44 INFO     90 546 2.649280 1580.8
2026-05-06 20:01:44 INFO     100 546 2.684198 1622.4
2026-05-06 20:01:44 INFO     >>>>> Predictor: Evaluating on valid
2026-05-06 20:01:45 INFO     Data : 1068
2026-05-06 20:01:45 INFO     Hit1 : 0.434457
2026-05-06 20:01:45 INFO     Hit3 : 0.771536
2026-05-06 20:01:45 INFO     Hit10: 0.949438
2026-05-06 20:01:45 INFO     MR   : 3.555243
2026-05-06 20:01:45 INFO     MRR  : 0.618698
2026-05-06 20:01:45 INFO     >>>>> Predictor: Evaluating on test
2026-05-06 20:01:46 INFO     Data : 1074
2026-05-06 20:01:46 INFO     Hit1 : 0.569832
2026-05-06 20:01:46 INFO     Hit3 : 0.803538
2026-05-06 20:01:46 INFO     Hit10: 0.957169
2026-05-06 20:01:46 INFO     MR   : 2.954376
2026-05-06 20:01:46 INFO     MRR  : 0.702185
2026-05-06 20:01:46 INFO     Save checkpoint to KINSHIP_seed46/predictor.pt
2026-05-06 20:01:46 INFO     -------------------------
2026-05-06 20:01:46 INFO     | Iteration: 7/10
2026-05-06 20:01:46 INFO     -------------------------
2026-05-06 20:01:46 INFO     >>>>> Predictor: Training
2026-05-06 20:01:46 INFO     10 546 2.697220 1518.4
2026-05-06 20:01:46 INFO     20 546 2.896388 1570.4
2026-05-06 20:01:47 INFO     30 546 2.821440 1664.0
2026-05-06 20:01:47 INFO     40 546 2.591101 1601.6
2026-05-06 20:01:47 INFO     50 546 2.747667 1664.0
2026-05-06 20:01:47 INFO     60 546 2.724164 1664.0
2026-05-06 20:01:47 INFO     70 546 2.662107 1664.0
2026-05-06 20:01:47 INFO     80 546 2.864128 1664.0
2026-05-06 20:01:47 INFO     90 546 2.650061 1664.0
2026-05-06 20:01:48 INFO     100 546 2.702471 1664.0
2026-05-06 20:01:48 INFO     >>>>> Predictor: Evaluating on valid
2026-05-06 20:01:49 INFO     Data : 1068
2026-05-06 20:01:49 INFO     Hit1 : 0.442884
2026-05-06 20:01:49 INFO     Hit3 : 0.774345
2026-05-06 20:01:49 INFO     Hit10: 0.956929
2026-05-06 20:01:49 INFO     MR   : 3.383895
2026-05-06 20:01:49 INFO     MRR  : 0.628466
2026-05-06 20:01:49 INFO     >>>>> Predictor: Evaluating on test
2026-05-06 20:01:50 INFO     Data : 1074
2026-05-06 20:01:50 INFO     Hit1 : 0.586592
2026-05-06 20:01:50 INFO     Hit3 : 0.822160
2026-05-06 20:01:50 INFO     Hit10: 0.962756
2026-05-06 20:01:50 INFO     MR   : 2.712291
2026-05-06 20:01:50 INFO     MRR  : 0.723060
2026-05-06 20:01:50 INFO     Save checkpoint to KINSHIP_seed46/predictor.pt
2026-05-06 20:01:50 INFO     -------------------------
2026-05-06 20:01:50 INFO     | Iteration: 8/10
2026-05-06 20:01:50 INFO     -------------------------
2026-05-06 20:01:50 INFO     >>>>> Predictor: Training
2026-05-06 20:01:50 INFO     10 546 2.576480 1508.0
2026-05-06 20:01:50 INFO     20 546 2.676971 1601.6
2026-05-06 20:01:50 INFO     30 546 2.675026 1664.0
2026-05-06 20:01:50 INFO     40 546 2.645268 1664.0
2026-05-06 20:01:50 INFO     50 546 2.623651 1664.0
2026-05-06 20:01:50 INFO     60 546 2.653747 1664.0
2026-05-06 20:01:51 INFO     70 546 2.583063 1664.0
2026-05-06 20:01:51 INFO     80 546 2.543622 1664.0
2026-05-06 20:01:51 INFO     90 546 2.728295 1664.0
2026-05-06 20:01:51 INFO     100 546 2.697281 1570.4
2026-05-06 20:01:51 INFO     >>>>> Predictor: Evaluating on valid
2026-05-06 20:01:52 INFO     Data : 1068
2026-05-06 20:01:52 INFO     Hit1 : 0.454120
2026-05-06 20:01:52 INFO     Hit3 : 0.781835
2026-05-06 20:01:52 INFO     Hit10: 0.955056
2026-05-06 20:01:52 INFO     MR   : 3.440075
2026-05-06 20:01:52 INFO     MRR  : 0.636345
2026-05-06 20:01:52 INFO     >>>>> Predictor: Evaluating on test
2026-05-06 20:01:53 INFO     Data : 1074
2026-05-06 20:01:53 INFO     Hit1 : 0.596834
2026-05-06 20:01:53 INFO     Hit3 : 0.832402
2026-05-06 20:01:53 INFO     Hit10: 0.956238
2026-05-06 20:01:53 INFO     MR   : 2.729050
2026-05-06 20:01:53 INFO     MRR  : 0.726585
2026-05-06 20:01:53 INFO     Save checkpoint to KINSHIP_seed46/predictor.pt
2026-05-06 20:01:53 INFO     -------------------------
2026-05-06 20:01:53 INFO     | Iteration: 9/10
2026-05-06 20:01:53 INFO     -------------------------
2026-05-06 20:01:53 INFO     >>>>> Predictor: Training
2026-05-06 20:01:53 INFO     10 546 2.678515 1549.6
2026-05-06 20:01:53 INFO     20 546 2.561183 1664.0
2026-05-06 20:01:53 INFO     30 546 2.447714 1664.0
2026-05-06 20:01:54 INFO     40 546 2.754748 1664.0
2026-05-06 20:01:54 INFO     50 546 2.748097 1632.8
2026-05-06 20:01:54 INFO     60 546 2.727369 1539.2
2026-05-06 20:01:54 INFO     70 546 2.744410 1539.2
2026-05-06 20:01:54 INFO     80 546 2.587644 1664.0
2026-05-06 20:01:54 INFO     90 546 2.700450 1622.4
2026-05-06 20:01:54 INFO     100 546 2.830364 1664.0
2026-05-06 20:01:54 INFO     >>>>> Predictor: Evaluating on valid
2026-05-06 20:01:55 INFO     Data : 1068
2026-05-06 20:01:55 INFO     Hit1 : 0.445693
2026-05-06 20:01:55 INFO     Hit3 : 0.776217
2026-05-06 20:01:55 INFO     Hit10: 0.949438
2026-05-06 20:01:55 INFO     MR   : 3.562734
2026-05-06 20:01:55 INFO     MRR  : 0.628010
2026-05-06 20:01:55 INFO     >>>>> Predictor: Evaluating on test
2026-05-06 20:01:56 INFO     Data : 1074
2026-05-06 20:01:56 INFO     Hit1 : 0.591248
2026-05-06 20:01:56 INFO     Hit3 : 0.828678
2026-05-06 20:01:56 INFO     Hit10: 0.954376
2026-05-06 20:01:56 INFO     MR   : 2.816574
2026-05-06 20:01:56 INFO     MRR  : 0.721955
2026-05-06 20:01:56 INFO     -------------------------
2026-05-06 20:01:56 INFO     | Iteration: 10/10
2026-05-06 20:01:56 INFO     -------------------------
2026-05-06 20:01:56 INFO     >>>>> Predictor: Training
2026-05-06 20:01:57 INFO     10 546 2.673917 1664.0
2026-05-06 20:01:57 INFO     20 546 2.496474 1580.8
2026-05-06 20:01:57 INFO     30 546 2.684991 1664.0
2026-05-06 20:01:57 INFO     40 546 2.560989 1664.0
2026-05-06 20:01:57 INFO     50 546 2.729510 1518.4
2026-05-06 20:01:57 INFO     60 546 2.525806 1664.0
2026-05-06 20:01:57 INFO     70 546 2.590527 1518.4
2026-05-06 20:01:57 INFO     80 546 2.737177 1549.6
2026-05-06 20:01:58 INFO     90 546 2.746380 1664.0
2026-05-06 20:01:58 INFO     100 546 2.486896 1664.0
2026-05-06 20:01:58 INFO     >>>>> Predictor: Evaluating on valid
2026-05-06 20:01:59 INFO     Data : 1068
2026-05-06 20:01:59 INFO     Hit1 : 0.438202
2026-05-06 20:01:59 INFO     Hit3 : 0.773408
2026-05-06 20:01:59 INFO     Hit10: 0.958801
2026-05-06 20:01:59 INFO     MR   : 3.440075
2026-05-06 20:01:59 INFO     MRR  : 0.625153
2026-05-06 20:01:59 INFO     >>>>> Predictor: Evaluating on test
2026-05-06 20:02:00 INFO     Data : 1074
2026-05-06 20:02:00 INFO     Hit1 : 0.591248
2026-05-06 20:02:00 INFO     Hit3 : 0.841713
2026-05-06 20:02:00 INFO     Hit10: 0.960894
2026-05-06 20:02:00 INFO     MR   : 2.701117
2026-05-06 20:02:00 INFO     MRR  : 0.725404
