2026-05-06 15:54:57 INFO     Predictor+: read 5500 rules from file.
2026-05-06 15:54:58 INFO     Preprocess training set
2026-05-06 15:54:58 INFO     -------------------------
2026-05-06 15:54:58 INFO     | Iteration: 1/10
2026-05-06 15:54:58 INFO     -------------------------
2026-05-06 15:54:58 INFO     >>>>> Predictor: Training
2026-05-06 15:54:59 INFO     10 127 2.635805 155.4
2026-05-06 15:54:59 INFO     20 127 2.618068 200.2
2026-05-06 15:54:59 INFO     30 127 2.632480 155.4
2026-05-06 15:54:59 INFO     40 127 2.646827 151.2
2026-05-06 15:54:59 INFO     50 127 2.576579 191.8
2026-05-06 15:55:00 INFO     60 127 2.606609 161.0
2026-05-06 15:55:00 INFO     70 127 2.553853 196.0
2026-05-06 15:55:00 INFO     80 127 2.562735 149.8
2026-05-06 15:55:00 INFO     90 127 2.442579 203.0
2026-05-06 15:55:01 INFO     100 127 2.609968 154.0
2026-05-06 15:55:01 INFO     >>>>> Predictor: Evaluating on valid
2026-05-06 15:55:01 INFO     Data : 199
2026-05-06 15:55:01 INFO     Hit1 : 0.316583
2026-05-06 15:55:01 INFO     Hit3 : 0.703518
2026-05-06 15:55:01 INFO     Hit10: 0.989950
2026-05-06 15:55:01 INFO     MR   : 3.160804
2026-05-06 15:55:01 INFO     MRR  : 0.540270
2026-05-06 15:55:01 INFO     >>>>> Predictor: Evaluating on test
2026-05-06 15:55:02 INFO     Data : 201
2026-05-06 15:55:02 INFO     Hit1 : 0.393035
2026-05-06 15:55:02 INFO     Hit3 : 0.781095
2026-05-06 15:55:02 INFO     Hit10: 0.970149
2026-05-06 15:55:02 INFO     MR   : 2.810945
2026-05-06 15:55:02 INFO     MRR  : 0.602539
2026-05-06 15:55:02 INFO     Save checkpoint to NATIONS/predictor.pt
2026-05-06 15:55:02 INFO     -------------------------
2026-05-06 15:55:02 INFO     | Iteration: 2/10
2026-05-06 15:55:02 INFO     -------------------------
2026-05-06 15:55:02 INFO     >>>>> Predictor: Training
2026-05-06 15:55:02 INFO     10 127 2.431084 166.6
2026-05-06 15:55:03 INFO     20 127 2.212041 197.4
2026-05-06 15:55:03 INFO     30 127 2.496592 172.2
2026-05-06 15:55:03 INFO     40 127 2.398839 184.8
2026-05-06 15:55:03 INFO     50 127 2.316139 172.2
2026-05-06 15:55:04 INFO     60 127 2.278971 142.8
2026-05-06 15:55:04 INFO     70 127 2.548772 168.0
2026-05-06 15:55:04 INFO     80 127 2.268006 165.2
2026-05-06 15:55:04 INFO     90 127 2.460169 191.8
2026-05-06 15:55:04 INFO     100 127 2.482325 168.0
2026-05-06 15:55:04 INFO     >>>>> Predictor: Evaluating on valid
2026-05-06 15:55:05 INFO     Data : 199
2026-05-06 15:55:05 INFO     Hit1 : 0.331658
2026-05-06 15:55:05 INFO     Hit3 : 0.683417
2026-05-06 15:55:05 INFO     Hit10: 0.969849
2026-05-06 15:55:05 INFO     MR   : 3.100503
2026-05-06 15:55:05 INFO     MRR  : 0.549800
2026-05-06 15:55:05 INFO     >>>>> Predictor: Evaluating on test
2026-05-06 15:55:06 INFO     Data : 201
2026-05-06 15:55:06 INFO     Hit1 : 0.412935
2026-05-06 15:55:06 INFO     Hit3 : 0.766169
2026-05-06 15:55:06 INFO     Hit10: 0.965174
2026-05-06 15:55:06 INFO     MR   : 2.771144
2026-05-06 15:55:06 INFO     MRR  : 0.612118
2026-05-06 15:55:06 INFO     Save checkpoint to NATIONS/predictor.pt
2026-05-06 15:55:06 INFO     -------------------------
2026-05-06 15:55:06 INFO     | Iteration: 3/10
2026-05-06 15:55:06 INFO     -------------------------
2026-05-06 15:55:06 INFO     >>>>> Predictor: Training
2026-05-06 15:55:06 INFO     10 127 2.260957 169.4
2026-05-06 15:55:07 INFO     20 127 2.340820 211.4
2026-05-06 15:55:07 INFO     30 127 2.180539 170.8
2026-05-06 15:55:07 INFO     40 127 2.217213 184.8
2026-05-06 15:55:07 INFO     50 127 2.302466 142.8
2026-05-06 15:55:07 INFO     60 127 2.480067 212.8
2026-05-06 15:55:08 INFO     70 127 2.172803 140.0
2026-05-06 15:55:08 INFO     80 127 2.312866 204.4
2026-05-06 15:55:08 INFO     90 127 2.357636 159.6
2026-05-06 15:55:08 INFO     100 127 2.423501 186.2
2026-05-06 15:55:08 INFO     >>>>> Predictor: Evaluating on valid
2026-05-06 15:55:09 INFO     Data : 199
2026-05-06 15:55:09 INFO     Hit1 : 0.316583
2026-05-06 15:55:09 INFO     Hit3 : 0.693467
2026-05-06 15:55:09 INFO     Hit10: 1.000000
2026-05-06 15:55:09 INFO     MR   : 2.979899
2026-05-06 15:55:09 INFO     MRR  : 0.540241
2026-05-06 15:55:09 INFO     >>>>> Predictor: Evaluating on test
2026-05-06 15:55:10 INFO     Data : 201
2026-05-06 15:55:10 INFO     Hit1 : 0.457711
2026-05-06 15:55:10 INFO     Hit3 : 0.771144
2026-05-06 15:55:10 INFO     Hit10: 0.975124
2026-05-06 15:55:10 INFO     MR   : 2.646766
2026-05-06 15:55:10 INFO     MRR  : 0.642652
2026-05-06 15:55:10 INFO     -------------------------
2026-05-06 15:55:10 INFO     | Iteration: 4/10
2026-05-06 15:55:10 INFO     -------------------------
2026-05-06 15:55:10 INFO     >>>>> Predictor: Training
2026-05-06 15:55:10 INFO     10 127 2.379136 166.6
2026-05-06 15:55:10 INFO     20 127 2.294660 217.0
2026-05-06 15:55:11 INFO     30 127 2.192020 135.8
2026-05-06 15:55:11 INFO     40 127 2.227382 207.2
2026-05-06 15:55:11 INFO     50 127 2.300698 196.0
2026-05-06 15:55:11 INFO     60 127 2.376977 173.6
2026-05-06 15:55:12 INFO     70 127 2.326855 161.0
2026-05-06 15:55:12 INFO     80 127 2.019452 155.4
2026-05-06 15:55:12 INFO     90 127 1.993378 191.8
2026-05-06 15:55:12 INFO     100 127 1.985911 166.6
2026-05-06 15:55:12 INFO     >>>>> Predictor: Evaluating on valid
2026-05-06 15:55:13 INFO     Data : 199
2026-05-06 15:55:13 INFO     Hit1 : 0.366834
2026-05-06 15:55:13 INFO     Hit3 : 0.743719
2026-05-06 15:55:13 INFO     Hit10: 0.974874
2026-05-06 15:55:13 INFO     MR   : 2.874372
2026-05-06 15:55:13 INFO     MRR  : 0.575578
2026-05-06 15:55:13 INFO     >>>>> Predictor: Evaluating on test
2026-05-06 15:55:14 INFO     Data : 201
2026-05-06 15:55:14 INFO     Hit1 : 0.368159
2026-05-06 15:55:14 INFO     Hit3 : 0.771144
2026-05-06 15:55:14 INFO     Hit10: 0.975124
2026-05-06 15:55:14 INFO     MR   : 2.925373
2026-05-06 15:55:14 INFO     MRR  : 0.583559
2026-05-06 15:55:14 INFO     Save checkpoint to NATIONS/predictor.pt
2026-05-06 15:55:14 INFO     -------------------------
2026-05-06 15:55:14 INFO     | Iteration: 5/10
2026-05-06 15:55:14 INFO     -------------------------
2026-05-06 15:55:14 INFO     >>>>> Predictor: Training
2026-05-06 15:55:14 INFO     10 127 2.298257 175.0
2026-05-06 15:55:14 INFO     20 127 2.039696 175.0
2026-05-06 15:55:15 INFO     30 127 2.264833 191.8
2026-05-06 15:55:15 INFO     40 127 1.737234 124.6
2026-05-06 15:55:15 INFO     50 127 2.334677 173.6
2026-05-06 15:55:15 INFO     60 127 2.406914 201.6
2026-05-06 15:55:15 INFO     70 127 2.309162 156.8
2026-05-06 15:55:16 INFO     80 127 2.362252 196.0
2026-05-06 15:55:16 INFO     90 127 2.248532 158.2
2026-05-06 15:55:16 INFO     100 127 2.245264 194.6
2026-05-06 15:55:16 INFO     >>>>> Predictor: Evaluating on valid
2026-05-06 15:55:17 INFO     Data : 199
2026-05-06 15:55:17 INFO     Hit1 : 0.331658
2026-05-06 15:55:17 INFO     Hit3 : 0.733668
2026-05-06 15:55:17 INFO     Hit10: 0.979899
2026-05-06 15:55:17 INFO     MR   : 2.849246
2026-05-06 15:55:17 INFO     MRR  : 0.565498
2026-05-06 15:55:17 INFO     >>>>> Predictor: Evaluating on test
2026-05-06 15:55:18 INFO     Data : 201
2026-05-06 15:55:18 INFO     Hit1 : 0.383085
2026-05-06 15:55:18 INFO     Hit3 : 0.751244
2026-05-06 15:55:18 INFO     Hit10: 0.980100
2026-05-06 15:55:18 INFO     MR   : 2.781095
2026-05-06 15:55:18 INFO     MRR  : 0.600681
2026-05-06 15:55:18 INFO     -------------------------
2026-05-06 15:55:18 INFO     | Iteration: 6/10
2026-05-06 15:55:18 INFO     -------------------------
2026-05-06 15:55:18 INFO     >>>>> Predictor: Training
2026-05-06 15:55:18 INFO     10 127 2.233684 201.6
2026-05-06 15:55:18 INFO     20 127 2.004148 159.6
2026-05-06 15:55:18 INFO     30 127 2.252035 147.0
2026-05-06 15:55:19 INFO     40 127 2.379872 210.0
2026-05-06 15:55:19 INFO     50 127 2.355603 207.2
2026-05-06 15:55:19 INFO     60 127 2.132937 163.8
2026-05-06 15:55:19 INFO     70 127 1.847852 190.4
2026-05-06 15:55:20 INFO     80 127 2.387222 197.4
2026-05-06 15:55:20 INFO     90 127 2.075652 204.4
2026-05-06 15:55:20 INFO     100 127 2.064176 127.4
2026-05-06 15:55:20 INFO     >>>>> Predictor: Evaluating on valid
2026-05-06 15:55:21 INFO     Data : 199
2026-05-06 15:55:21 INFO     Hit1 : 0.336683
2026-05-06 15:55:21 INFO     Hit3 : 0.718593
2026-05-06 15:55:21 INFO     Hit10: 0.989950
2026-05-06 15:55:21 INFO     MR   : 2.944724
2026-05-06 15:55:21 INFO     MRR  : 0.553996
2026-05-06 15:55:21 INFO     >>>>> Predictor: Evaluating on test
2026-05-06 15:55:22 INFO     Data : 201
2026-05-06 15:55:22 INFO     Hit1 : 0.442786
2026-05-06 15:55:22 INFO     Hit3 : 0.781095
2026-05-06 15:55:22 INFO     Hit10: 0.980100
2026-05-06 15:55:22 INFO     MR   : 2.671642
2026-05-06 15:55:22 INFO     MRR  : 0.635474
2026-05-06 15:55:22 INFO     -------------------------
2026-05-06 15:55:22 INFO     | Iteration: 7/10
2026-05-06 15:55:22 INFO     -------------------------
2026-05-06 15:55:22 INFO     >>>>> Predictor: Training
2026-05-06 15:55:22 INFO     10 127 2.225724 198.8
2026-05-06 15:55:22 INFO     20 127 2.149876 159.6
2026-05-06 15:55:22 INFO     30 127 2.173076 183.4
2026-05-06 15:55:23 INFO     40 127 2.196816 165.2
2026-05-06 15:55:23 INFO     50 127 2.240591 173.6
2026-05-06 15:55:23 INFO     60 127 2.039973 200.2
2026-05-06 15:55:23 INFO     70 127 2.001378 162.4
2026-05-06 15:55:23 INFO     80 127 1.778844 173.6
2026-05-06 15:55:24 INFO     90 127 2.088323 159.6
2026-05-06 15:55:24 INFO     100 127 2.267645 162.4
2026-05-06 15:55:24 INFO     >>>>> Predictor: Evaluating on valid
2026-05-06 15:55:25 INFO     Data : 199
2026-05-06 15:55:25 INFO     Hit1 : 0.381910
2026-05-06 15:55:25 INFO     Hit3 : 0.738693
2026-05-06 15:55:25 INFO     Hit10: 0.984925
2026-05-06 15:55:25 INFO     MR   : 2.864322
2026-05-06 15:55:25 INFO     MRR  : 0.582015
2026-05-06 15:55:25 INFO     >>>>> Predictor: Evaluating on test
2026-05-06 15:55:26 INFO     Data : 201
2026-05-06 15:55:26 INFO     Hit1 : 0.393035
2026-05-06 15:55:26 INFO     Hit3 : 0.751244
2026-05-06 15:55:26 INFO     Hit10: 0.980100
2026-05-06 15:55:26 INFO     MR   : 2.761194
2026-05-06 15:55:26 INFO     MRR  : 0.606715
2026-05-06 15:55:26 INFO     Save checkpoint to NATIONS/predictor.pt
2026-05-06 15:55:26 INFO     -------------------------
2026-05-06 15:55:26 INFO     | Iteration: 8/10
2026-05-06 15:55:26 INFO     -------------------------
2026-05-06 15:55:26 INFO     >>>>> Predictor: Training
2026-05-06 15:55:26 INFO     10 127 2.216691 198.8
2026-05-06 15:55:26 INFO     20 127 2.090284 207.2
2026-05-06 15:55:26 INFO     30 127 1.880721 142.8
2026-05-06 15:55:26 INFO     40 127 2.307269 193.2
2026-05-06 15:55:27 INFO     50 127 2.199217 196.0
2026-05-06 15:55:27 INFO     60 127 2.199111 186.2
2026-05-06 15:55:27 INFO     70 127 1.872951 149.8
2026-05-06 15:55:27 INFO     80 127 1.490866 141.4
2026-05-06 15:55:27 INFO     90 127 2.053593 175.0
2026-05-06 15:55:28 INFO     100 127 2.040721 205.8
2026-05-06 15:55:28 INFO     >>>>> Predictor: Evaluating on valid
2026-05-06 15:55:29 INFO     Data : 199
2026-05-06 15:55:29 INFO     Hit1 : 0.351759
2026-05-06 15:55:29 INFO     Hit3 : 0.748744
2026-05-06 15:55:29 INFO     Hit10: 0.989950
2026-05-06 15:55:29 INFO     MR   : 2.793970
2026-05-06 15:55:29 INFO     MRR  : 0.569865
2026-05-06 15:55:29 INFO     >>>>> Predictor: Evaluating on test
2026-05-06 15:55:29 INFO     Data : 201
2026-05-06 15:55:29 INFO     Hit1 : 0.412935
2026-05-06 15:55:29 INFO     Hit3 : 0.741294
2026-05-06 15:55:29 INFO     Hit10: 0.990050
2026-05-06 15:55:29 INFO     MR   : 2.726368
2026-05-06 15:55:29 INFO     MRR  : 0.608318
2026-05-06 15:55:29 INFO     -------------------------
2026-05-06 15:55:29 INFO     | Iteration: 9/10
2026-05-06 15:55:29 INFO     -------------------------
2026-05-06 15:55:29 INFO     >>>>> Predictor: Training
2026-05-06 15:55:30 INFO     10 127 1.869013 156.8
2026-05-06 15:55:30 INFO     20 127 1.909724 180.6
2026-05-06 15:55:30 INFO     30 127 2.085046 205.8
2026-05-06 15:55:30 INFO     40 127 2.128128 194.6
2026-05-06 15:55:30 INFO     50 127 1.396054 140.0
2026-05-06 15:55:31 INFO     60 127 1.979732 142.8
2026-05-06 15:55:31 INFO     70 127 1.684160 172.2
2026-05-06 15:55:31 INFO     80 127 1.847882 163.8
2026-05-06 15:55:31 INFO     90 127 2.124232 154.0
2026-05-06 15:55:32 INFO     100 127 2.210945 189.0
2026-05-06 15:55:32 INFO     >>>>> Predictor: Evaluating on valid
2026-05-06 15:55:32 INFO     Data : 199
2026-05-06 15:55:32 INFO     Hit1 : 0.356784
2026-05-06 15:55:32 INFO     Hit3 : 0.763819
2026-05-06 15:55:32 INFO     Hit10: 0.979899
2026-05-06 15:55:32 INFO     MR   : 2.824121
2026-05-06 15:55:32 INFO     MRR  : 0.575279
2026-05-06 15:55:32 INFO     >>>>> Predictor: Evaluating on test
2026-05-06 15:55:33 INFO     Data : 201
2026-05-06 15:55:33 INFO     Hit1 : 0.472637
2026-05-06 15:55:33 INFO     Hit3 : 0.781095
2026-05-06 15:55:33 INFO     Hit10: 0.985075
2026-05-06 15:55:33 INFO     MR   : 2.527363
2026-05-06 15:55:33 INFO     MRR  : 0.653522
2026-05-06 15:55:33 INFO     -------------------------
2026-05-06 15:55:33 INFO     | Iteration: 10/10
2026-05-06 15:55:33 INFO     -------------------------
2026-05-06 15:55:33 INFO     >>>>> Predictor: Training
2026-05-06 15:55:33 INFO     10 127 1.848703 144.2
2026-05-06 15:55:34 INFO     20 127 2.357095 186.2
2026-05-06 15:55:34 INFO     30 127 1.733406 154.0
2026-05-06 15:55:34 INFO     40 127 1.818404 144.2
2026-05-06 15:55:34 INFO     50 127 1.932398 145.6
2026-05-06 15:55:35 INFO     60 127 1.819327 196.0
2026-05-06 15:55:35 INFO     70 127 2.061553 175.0
2026-05-06 15:55:35 INFO     80 127 1.812596 186.2
2026-05-06 15:55:35 INFO     90 127 1.709516 159.6
2026-05-06 15:55:35 INFO     100 127 2.153926 210.0
2026-05-06 15:55:35 INFO     >>>>> Predictor: Evaluating on valid
2026-05-06 15:55:36 INFO     Data : 199
2026-05-06 15:55:36 INFO     Hit1 : 0.376884
2026-05-06 15:55:36 INFO     Hit3 : 0.713568
2026-05-06 15:55:36 INFO     Hit10: 0.984925
2026-05-06 15:55:36 INFO     MR   : 2.788945
2026-05-06 15:55:36 INFO     MRR  : 0.584316
2026-05-06 15:55:36 INFO     >>>>> Predictor: Evaluating on test
2026-05-06 15:55:37 INFO     Data : 201
2026-05-06 15:55:37 INFO     Hit1 : 0.412935
2026-05-06 15:55:37 INFO     Hit3 : 0.721393
2026-05-06 15:55:37 INFO     Hit10: 0.975124
2026-05-06 15:55:37 INFO     MR   : 2.860697
2026-05-06 15:55:37 INFO     MRR  : 0.602397
2026-05-06 15:55:37 INFO     Save checkpoint to NATIONS/predictor.pt
