2026-05-06 15:55:48 INFO     Predictor+: read 2500 rules from file.
2026-05-06 15:55:49 INFO     Preprocess training set
2026-05-06 15:55:49 INFO     -------------------------
2026-05-06 15:55:49 INFO     | Iteration: 1/10
2026-05-06 15:55:49 INFO     -------------------------
2026-05-06 15:55:49 INFO     >>>>> Predictor: Training
2026-05-06 15:55:50 INFO     10 546 4.525859 1664.0
2026-05-06 15:55:50 INFO     20 546 4.226792 1539.2
2026-05-06 15:55:50 INFO     30 546 3.831071 1664.0
2026-05-06 15:55:50 INFO     40 546 3.121598 1664.0
2026-05-06 15:55:51 INFO     50 546 2.996523 1664.0
2026-05-06 15:55:51 INFO     60 546 3.261384 1518.4
2026-05-06 15:55:51 INFO     70 546 3.384473 1560.0
2026-05-06 15:55:51 INFO     80 546 2.946043 1664.0
2026-05-06 15:55:52 INFO     90 546 2.963226 1653.6
2026-05-06 15:55:52 INFO     100 546 2.927279 1476.8
2026-05-06 15:55:52 INFO     >>>>> Predictor: Evaluating on valid
2026-05-06 15:55:53 INFO     Data : 1068
2026-05-06 15:55:53 INFO     Hit1 : 0.336142
2026-05-06 15:55:53 INFO     Hit3 : 0.606742
2026-05-06 15:55:53 INFO     Hit10: 0.852060
2026-05-06 15:55:53 INFO     MR   : 7.523408
2026-05-06 15:55:53 INFO     MRR  : 0.506821
2026-05-06 15:55:53 INFO     >>>>> Predictor: Evaluating on test
2026-05-06 15:55:55 INFO     Data : 1074
2026-05-06 15:55:55 INFO     Hit1 : 0.453445
2026-05-06 15:55:55 INFO     Hit3 : 0.661080
2026-05-06 15:55:55 INFO     Hit10: 0.843575
2026-05-06 15:55:55 INFO     MR   : 6.900372
2026-05-06 15:55:55 INFO     MRR  : 0.585840
2026-05-06 15:55:55 INFO     Save checkpoint to KINSHIP/predictor.pt
2026-05-06 15:55:55 INFO     -------------------------
2026-05-06 15:55:55 INFO     | Iteration: 2/10
2026-05-06 15:55:55 INFO     -------------------------
2026-05-06 15:55:55 INFO     >>>>> Predictor: Training
2026-05-06 15:55:55 INFO     10 546 2.869954 1664.0
2026-05-06 15:55:55 INFO     20 546 3.071963 1622.4
2026-05-06 15:55:55 INFO     30 546 2.856395 1445.6
2026-05-06 15:55:56 INFO     40 546 3.016036 1570.4
2026-05-06 15:55:56 INFO     50 546 3.013023 1664.0
2026-05-06 15:55:56 INFO     60 546 2.935340 1664.0
2026-05-06 15:55:56 INFO     70 546 2.809189 1664.0
2026-05-06 15:55:56 INFO     80 546 2.878741 1664.0
2026-05-06 15:55:56 INFO     90 546 2.822414 1622.4
2026-05-06 15:55:57 INFO     100 546 2.814300 1664.0
2026-05-06 15:55:57 INFO     >>>>> Predictor: Evaluating on valid
2026-05-06 15:55:58 INFO     Data : 1068
2026-05-06 15:55:58 INFO     Hit1 : 0.371723
2026-05-06 15:55:58 INFO     Hit3 : 0.685393
2026-05-06 15:55:58 INFO     Hit10: 0.925094
2026-05-06 15:55:58 INFO     MR   : 4.439139
2026-05-06 15:55:58 INFO     MRR  : 0.558433
2026-05-06 15:55:58 INFO     >>>>> Predictor: Evaluating on test
2026-05-06 15:56:00 INFO     Data : 1074
2026-05-06 15:56:00 INFO     Hit1 : 0.507449
2026-05-06 15:56:00 INFO     Hit3 : 0.758845
2026-05-06 15:56:00 INFO     Hit10: 0.938547
2026-05-06 15:56:00 INFO     MR   : 3.685289
2026-05-06 15:56:00 INFO     MRR  : 0.655379
2026-05-06 15:56:00 INFO     Save checkpoint to KINSHIP/predictor.pt
2026-05-06 15:56:00 INFO     -------------------------
2026-05-06 15:56:00 INFO     | Iteration: 3/10
2026-05-06 15:56:00 INFO     -------------------------
2026-05-06 15:56:00 INFO     >>>>> Predictor: Training
2026-05-06 15:56:00 INFO     10 546 2.869356 1664.0
2026-05-06 15:56:00 INFO     20 546 2.672421 1664.0
2026-05-06 15:56:01 INFO     30 546 2.878441 1518.4
2026-05-06 15:56:01 INFO     40 546 2.716668 1664.0
2026-05-06 15:56:01 INFO     50 546 2.853867 1664.0
2026-05-06 15:56:01 INFO     60 546 2.528608 1591.2
2026-05-06 15:56:01 INFO     70 546 2.809475 1664.0
2026-05-06 15:56:02 INFO     80 546 2.959774 1664.0
2026-05-06 15:56:02 INFO     90 546 2.678736 1664.0
2026-05-06 15:56:02 INFO     100 546 2.725510 1508.0
2026-05-06 15:56:02 INFO     >>>>> Predictor: Evaluating on valid
2026-05-06 15:56:04 INFO     Data : 1068
2026-05-06 15:56:04 INFO     Hit1 : 0.424157
2026-05-06 15:56:04 INFO     Hit3 : 0.759363
2026-05-06 15:56:04 INFO     Hit10: 0.941011
2026-05-06 15:56:04 INFO     MR   : 3.934457
2026-05-06 15:56:04 INFO     MRR  : 0.609061
2026-05-06 15:56:04 INFO     >>>>> Predictor: Evaluating on test
2026-05-06 15:56:05 INFO     Data : 1074
2026-05-06 15:56:05 INFO     Hit1 : 0.586592
2026-05-06 15:56:05 INFO     Hit3 : 0.806331
2026-05-06 15:56:05 INFO     Hit10: 0.939479
2026-05-06 15:56:05 INFO     MR   : 3.434823
2026-05-06 15:56:05 INFO     MRR  : 0.710264
2026-05-06 15:56:05 INFO     Save checkpoint to KINSHIP/predictor.pt
2026-05-06 15:56:05 INFO     -------------------------
2026-05-06 15:56:05 INFO     | Iteration: 4/10
2026-05-06 15:56:05 INFO     -------------------------
2026-05-06 15:56:05 INFO     >>>>> Predictor: Training
2026-05-06 15:56:06 INFO     10 546 2.744003 1664.0
2026-05-06 15:56:06 INFO     20 546 2.776598 1664.0
2026-05-06 15:56:06 INFO     30 546 2.646313 1664.0
2026-05-06 15:56:06 INFO     40 546 2.976557 1601.6
2026-05-06 15:56:07 INFO     50 546 2.782089 1518.4
2026-05-06 15:56:07 INFO     60 546 2.841758 1664.0
2026-05-06 15:56:07 INFO     70 546 2.794982 1664.0
2026-05-06 15:56:07 INFO     80 546 2.555271 1518.4
2026-05-06 15:56:07 INFO     90 546 2.715638 1653.6
2026-05-06 15:56:08 INFO     100 546 2.873475 1664.0
2026-05-06 15:56:08 INFO     >>>>> Predictor: Evaluating on valid
2026-05-06 15:56:09 INFO     Data : 1068
2026-05-06 15:56:09 INFO     Hit1 : 0.407303
2026-05-06 15:56:09 INFO     Hit3 : 0.728464
2026-05-06 15:56:09 INFO     Hit10: 0.933521
2026-05-06 15:56:09 INFO     MR   : 4.211610
2026-05-06 15:56:09 INFO     MRR  : 0.592516
2026-05-06 15:56:09 INFO     >>>>> Predictor: Evaluating on test
2026-05-06 15:56:11 INFO     Data : 1074
2026-05-06 15:56:11 INFO     Hit1 : 0.575419
2026-05-06 15:56:11 INFO     Hit3 : 0.795158
2026-05-06 15:56:11 INFO     Hit10: 0.945996
2026-05-06 15:56:11 INFO     MR   : 3.308194
2026-05-06 15:56:11 INFO     MRR  : 0.702818
2026-05-06 15:56:11 INFO     -------------------------
2026-05-06 15:56:11 INFO     | Iteration: 5/10
2026-05-06 15:56:11 INFO     -------------------------
2026-05-06 15:56:11 INFO     >>>>> Predictor: Training
2026-05-06 15:56:11 INFO     10 546 2.619775 1664.0
2026-05-06 15:56:11 INFO     20 546 2.623664 1664.0
2026-05-06 15:56:12 INFO     30 546 2.829606 1664.0
2026-05-06 15:56:12 INFO     40 546 2.667122 1664.0
2026-05-06 15:56:12 INFO     50 546 2.776021 1664.0
2026-05-06 15:56:12 INFO     60 546 2.586472 1622.4
2026-05-06 15:56:13 INFO     70 546 2.753494 1664.0
2026-05-06 15:56:13 INFO     80 546 2.540728 1664.0
2026-05-06 15:56:13 INFO     90 546 2.751209 1664.0
2026-05-06 15:56:13 INFO     100 546 2.636672 1622.4
2026-05-06 15:56:13 INFO     >>>>> Predictor: Evaluating on valid
2026-05-06 15:56:15 INFO     Data : 1068
2026-05-06 15:56:15 INFO     Hit1 : 0.422285
2026-05-06 15:56:15 INFO     Hit3 : 0.764981
2026-05-06 15:56:15 INFO     Hit10: 0.942884
2026-05-06 15:56:15 INFO     MR   : 3.869850
2026-05-06 15:56:15 INFO     MRR  : 0.611570
2026-05-06 15:56:15 INFO     >>>>> Predictor: Evaluating on test
2026-05-06 15:56:16 INFO     Data : 1074
2026-05-06 15:56:16 INFO     Hit1 : 0.607076
2026-05-06 15:56:16 INFO     Hit3 : 0.827747
2026-05-06 15:56:16 INFO     Hit10: 0.959032
2026-05-06 15:56:16 INFO     MR   : 2.995345
2026-05-06 15:56:16 INFO     MRR  : 0.731166
2026-05-06 15:56:16 INFO     Save checkpoint to KINSHIP/predictor.pt
2026-05-06 15:56:16 INFO     -------------------------
2026-05-06 15:56:16 INFO     | Iteration: 6/10
2026-05-06 15:56:16 INFO     -------------------------
2026-05-06 15:56:16 INFO     >>>>> Predictor: Training
2026-05-06 15:56:17 INFO     10 546 2.723868 1591.2
2026-05-06 15:56:17 INFO     20 546 2.853277 1653.6
2026-05-06 15:56:17 INFO     30 546 2.724947 1518.4
2026-05-06 15:56:17 INFO     40 546 2.628360 1664.0
2026-05-06 15:56:18 INFO     50 546 2.834093 1622.4
2026-05-06 15:56:18 INFO     60 546 2.731845 1414.4
2026-05-06 15:56:18 INFO     70 546 2.717328 1664.0
2026-05-06 15:56:18 INFO     80 546 2.879010 1664.0
2026-05-06 15:56:19 INFO     90 546 2.653424 1664.0
2026-05-06 15:56:19 INFO     100 546 2.638381 1664.0
2026-05-06 15:56:19 INFO     >>>>> Predictor: Evaluating on valid
2026-05-06 15:56:20 INFO     Data : 1068
2026-05-06 15:56:20 INFO     Hit1 : 0.438202
2026-05-06 15:56:20 INFO     Hit3 : 0.770599
2026-05-06 15:56:20 INFO     Hit10: 0.952247
2026-05-06 15:56:20 INFO     MR   : 3.533708
2026-05-06 15:56:20 INFO     MRR  : 0.623332
2026-05-06 15:56:20 INFO     >>>>> Predictor: Evaluating on test
2026-05-06 15:56:22 INFO     Data : 1074
2026-05-06 15:56:22 INFO     Hit1 : 0.584730
2026-05-06 15:56:22 INFO     Hit3 : 0.812849
2026-05-06 15:56:22 INFO     Hit10: 0.963687
2026-05-06 15:56:22 INFO     MR   : 2.733706
2026-05-06 15:56:22 INFO     MRR  : 0.717730
2026-05-06 15:56:22 INFO     Save checkpoint to KINSHIP/predictor.pt
2026-05-06 15:56:22 INFO     -------------------------
2026-05-06 15:56:22 INFO     | Iteration: 7/10
2026-05-06 15:56:22 INFO     -------------------------
2026-05-06 15:56:22 INFO     >>>>> Predictor: Training
2026-05-06 15:56:22 INFO     10 546 2.618694 1664.0
2026-05-06 15:56:23 INFO     20 546 2.726244 1664.0
2026-05-06 15:56:23 INFO     30 546 2.671263 1549.6
2026-05-06 15:56:23 INFO     40 546 2.614251 1664.0
2026-05-06 15:56:23 INFO     50 546 2.643233 1664.0
2026-05-06 15:56:23 INFO     60 546 2.519244 1622.4
2026-05-06 15:56:24 INFO     70 546 2.651005 1664.0
2026-05-06 15:56:24 INFO     80 546 2.761863 1664.0
2026-05-06 15:56:24 INFO     90 546 2.641936 1664.0
2026-05-06 15:56:24 INFO     100 546 2.719433 1664.0
2026-05-06 15:56:24 INFO     >>>>> Predictor: Evaluating on valid
2026-05-06 15:56:26 INFO     Data : 1068
2026-05-06 15:56:26 INFO     Hit1 : 0.459738
2026-05-06 15:56:26 INFO     Hit3 : 0.766854
2026-05-06 15:56:26 INFO     Hit10: 0.952247
2026-05-06 15:56:26 INFO     MR   : 3.347378
2026-05-06 15:56:26 INFO     MRR  : 0.635729
2026-05-06 15:56:26 INFO     >>>>> Predictor: Evaluating on test
2026-05-06 15:56:28 INFO     Data : 1074
2026-05-06 15:56:28 INFO     Hit1 : 0.615456
2026-05-06 15:56:28 INFO     Hit3 : 0.832402
2026-05-06 15:56:28 INFO     Hit10: 0.962756
2026-05-06 15:56:28 INFO     MR   : 2.638734
2026-05-06 15:56:28 INFO     MRR  : 0.738241
2026-05-06 15:56:28 INFO     Save checkpoint to KINSHIP/predictor.pt
2026-05-06 15:56:28 INFO     -------------------------
2026-05-06 15:56:28 INFO     | Iteration: 8/10
2026-05-06 15:56:28 INFO     -------------------------
2026-05-06 15:56:28 INFO     >>>>> Predictor: Training
2026-05-06 15:56:28 INFO     10 546 2.705274 1664.0
2026-05-06 15:56:28 INFO     20 546 2.621011 1580.8
2026-05-06 15:56:28 INFO     30 546 2.446834 1632.8
2026-05-06 15:56:29 INFO     40 546 2.574307 1508.0
2026-05-06 15:56:29 INFO     50 546 2.686117 1664.0
2026-05-06 15:56:29 INFO     60 546 2.649089 1664.0
2026-05-06 15:56:29 INFO     70 546 2.860995 1664.0
2026-05-06 15:56:29 INFO     80 546 2.615324 1664.0
2026-05-06 15:56:30 INFO     90 546 2.656097 1653.6
2026-05-06 15:56:30 INFO     100 546 2.757968 1664.0
2026-05-06 15:56:30 INFO     >>>>> Predictor: Evaluating on valid
2026-05-06 15:56:32 INFO     Data : 1068
2026-05-06 15:56:32 INFO     Hit1 : 0.450375
2026-05-06 15:56:32 INFO     Hit3 : 0.790262
2026-05-06 15:56:32 INFO     Hit10: 0.953184
2026-05-06 15:56:32 INFO     MR   : 3.415730
2026-05-06 15:56:32 INFO     MRR  : 0.636423
2026-05-06 15:56:32 INFO     >>>>> Predictor: Evaluating on test
2026-05-06 15:56:33 INFO     Data : 1074
2026-05-06 15:56:33 INFO     Hit1 : 0.635009
2026-05-06 15:56:33 INFO     Hit3 : 0.834264
2026-05-06 15:56:33 INFO     Hit10: 0.963687
2026-05-06 15:56:33 INFO     MR   : 2.618250
2026-05-06 15:56:33 INFO     MRR  : 0.749710
2026-05-06 15:56:33 INFO     Save checkpoint to KINSHIP/predictor.pt
2026-05-06 15:56:33 INFO     -------------------------
2026-05-06 15:56:33 INFO     | Iteration: 9/10
2026-05-06 15:56:33 INFO     -------------------------
2026-05-06 15:56:33 INFO     >>>>> Predictor: Training
2026-05-06 15:56:33 INFO     10 546 2.597044 1518.4
2026-05-06 15:56:34 INFO     20 546 2.727634 1664.0
2026-05-06 15:56:34 INFO     30 546 2.799074 1664.0
2026-05-06 15:56:34 INFO     40 546 2.722016 1664.0
2026-05-06 15:56:34 INFO     50 546 2.688415 1664.0
2026-05-06 15:56:35 INFO     60 546 2.478504 1664.0
2026-05-06 15:56:35 INFO     70 546 2.695359 1664.0
2026-05-06 15:56:35 INFO     80 546 2.870928 1664.0
2026-05-06 15:56:35 INFO     90 546 2.855543 1570.4
2026-05-06 15:56:35 INFO     100 546 2.695547 1664.0
2026-05-06 15:56:35 INFO     >>>>> Predictor: Evaluating on valid
2026-05-06 15:56:37 INFO     Data : 1068
2026-05-06 15:56:37 INFO     Hit1 : 0.445693
2026-05-06 15:56:37 INFO     Hit3 : 0.777154
2026-05-06 15:56:37 INFO     Hit10: 0.958801
2026-05-06 15:56:37 INFO     MR   : 3.417603
2026-05-06 15:56:37 INFO     MRR  : 0.631206
2026-05-06 15:56:37 INFO     >>>>> Predictor: Evaluating on test
2026-05-06 15:56:39 INFO     Data : 1074
2026-05-06 15:56:39 INFO     Hit1 : 0.599628
2026-05-06 15:56:39 INFO     Hit3 : 0.833333
2026-05-06 15:56:39 INFO     Hit10: 0.965549
2026-05-06 15:56:39 INFO     MR   : 2.590317
2026-05-06 15:56:39 INFO     MRR  : 0.730662
2026-05-06 15:56:39 INFO     -------------------------
2026-05-06 15:56:39 INFO     | Iteration: 10/10
2026-05-06 15:56:39 INFO     -------------------------
2026-05-06 15:56:39 INFO     >>>>> Predictor: Training
2026-05-06 15:56:39 INFO     10 546 2.593397 1591.2
2026-05-06 15:56:39 INFO     20 546 2.505718 1664.0
2026-05-06 15:56:39 INFO     30 546 2.407716 1664.0
2026-05-06 15:56:40 INFO     40 546 2.704554 1664.0
2026-05-06 15:56:40 INFO     50 546 2.651406 1664.0
2026-05-06 15:56:40 INFO     60 546 2.671676 1664.0
2026-05-06 15:56:40 INFO     70 546 2.595341 1601.6
2026-05-06 15:56:40 INFO     80 546 2.482318 1664.0
2026-05-06 15:56:41 INFO     90 546 2.619063 1653.6
2026-05-06 15:56:41 INFO     100 546 2.541837 1664.0
2026-05-06 15:56:41 INFO     >>>>> Predictor: Evaluating on valid
2026-05-06 15:56:42 INFO     Data : 1068
2026-05-06 15:56:42 INFO     Hit1 : 0.443820
2026-05-06 15:56:42 INFO     Hit3 : 0.784644
2026-05-06 15:56:42 INFO     Hit10: 0.952247
2026-05-06 15:56:42 INFO     MR   : 3.513109
2026-05-06 15:56:42 INFO     MRR  : 0.630069
2026-05-06 15:56:42 INFO     >>>>> Predictor: Evaluating on test
2026-05-06 15:56:44 INFO     Data : 1074
2026-05-06 15:56:44 INFO     Hit1 : 0.605214
2026-05-06 15:56:44 INFO     Hit3 : 0.829609
2026-05-06 15:56:44 INFO     Hit10: 0.962756
2026-05-06 15:56:44 INFO     MR   : 2.712291
2026-05-06 15:56:44 INFO     MRR  : 0.732765
