2026-05-06 15:56:50 INFO     Predictor+: read 192 rules from file.
2026-05-06 15:56:51 INFO     Preprocess training set
2026-05-06 15:56:51 INFO     -------------------------
2026-05-06 15:56:51 INFO     | Iteration: 1/10
2026-05-06 15:56:51 INFO     -------------------------
2026-05-06 15:56:51 INFO     >>>>> Predictor: Training
2026-05-06 15:56:51 INFO     10 105 5.179520 7632.0
2026-05-06 15:56:51 INFO     20 105 2.725874 7440.0
2026-05-06 15:56:51 INFO     30 105 1.649263 7200.0
2026-05-06 15:56:51 INFO     40 105 1.402839 6960.0
2026-05-06 15:56:51 INFO     50 105 1.495721 7344.0
2026-05-06 15:56:51 INFO     60 105 1.598892 7152.0
2026-05-06 15:56:52 INFO     70 105 1.990826 6672.0
2026-05-06 15:56:52 INFO     80 105 1.564374 7680.0
2026-05-06 15:56:52 INFO     90 105 1.347347 6864.0
2026-05-06 15:56:52 INFO     100 105 1.853578 7680.0
2026-05-06 15:56:52 INFO     >>>>> Predictor: Evaluating on valid
2026-05-06 15:56:52 INFO     Data : 224
2026-05-06 15:56:52 INFO     Hit1 : 0.727679
2026-05-06 15:56:52 INFO     Hit3 : 0.803571
2026-05-06 15:56:52 INFO     Hit10: 0.812500
2026-05-06 15:56:52 INFO     MR   : 66.495536
2026-05-06 15:56:52 INFO     MRR  : 0.766354
2026-05-06 15:56:52 INFO     >>>>> Predictor: Evaluating on test
2026-05-06 15:56:52 INFO     Data : 448
2026-05-06 15:56:52 INFO     Hit1 : 0.814732
2026-05-06 15:56:52 INFO     Hit3 : 0.830357
2026-05-06 15:56:52 INFO     Hit10: 0.830357
2026-05-06 15:56:52 INFO     MR   : 58.371652
2026-05-06 15:56:52 INFO     MRR  : 0.821977
2026-05-06 15:56:52 INFO     Save checkpoint to KINSHIP_1990_EXTENDED/predictor.pt
2026-05-06 15:56:52 INFO     -------------------------
2026-05-06 15:56:52 INFO     | Iteration: 2/10
2026-05-06 15:56:52 INFO     -------------------------
2026-05-06 15:56:52 INFO     >>>>> Predictor: Training
2026-05-06 15:56:52 INFO     10 105 1.553177 6624.0
2026-05-06 15:56:52 INFO     20 105 1.349417 6912.0
2026-05-06 15:56:52 INFO     30 105 1.648366 7680.0
2026-05-06 15:56:52 INFO     40 105 2.293723 6624.0
2026-05-06 15:56:52 INFO     50 105 1.422787 7680.0
2026-05-06 15:56:52 INFO     60 105 1.766543 6480.0
2026-05-06 15:56:53 INFO     70 105 1.600925 7440.0
2026-05-06 15:56:53 INFO     80 105 1.667762 7296.0
2026-05-06 15:56:53 INFO     90 105 0.957465 7344.0
2026-05-06 15:56:53 INFO     100 105 1.440173 7680.0
2026-05-06 15:56:53 INFO     >>>>> Predictor: Evaluating on valid
2026-05-06 15:56:53 INFO     Data : 224
2026-05-06 15:56:53 INFO     Hit1 : 0.718750
2026-05-06 15:56:53 INFO     Hit3 : 0.803571
2026-05-06 15:56:53 INFO     Hit10: 0.812500
2026-05-06 15:56:53 INFO     MR   : 64.944196
2026-05-06 15:56:53 INFO     MRR  : 0.762877
2026-05-06 15:56:53 INFO     >>>>> Predictor: Evaluating on test
2026-05-06 15:56:53 INFO     Data : 448
2026-05-06 15:56:53 INFO     Hit1 : 0.814732
2026-05-06 15:56:53 INFO     Hit3 : 0.830357
2026-05-06 15:56:53 INFO     Hit10: 0.830357
2026-05-06 15:56:53 INFO     MR   : 57.052455
2026-05-06 15:56:53 INFO     MRR  : 0.822663
2026-05-06 15:56:53 INFO     -------------------------
2026-05-06 15:56:53 INFO     | Iteration: 3/10
2026-05-06 15:56:53 INFO     -------------------------
2026-05-06 15:56:53 INFO     >>>>> Predictor: Training
2026-05-06 15:56:53 INFO     10 105 1.041384 7680.0
2026-05-06 15:56:53 INFO     20 105 0.950183 7104.0
2026-05-06 15:56:53 INFO     30 105 2.215924 5616.0
2026-05-06 15:56:53 INFO     40 105 1.511293 7104.0
2026-05-06 15:56:53 INFO     50 105 1.858273 7344.0
2026-05-06 15:56:53 INFO     60 105 1.360430 6816.0
2026-05-06 15:56:53 INFO     70 105 1.856916 7680.0
2026-05-06 15:56:54 INFO     80 105 1.611619 6960.0
2026-05-06 15:56:54 INFO     90 105 1.599332 7680.0
2026-05-06 15:56:54 INFO     100 105 1.445417 7680.0
2026-05-06 15:56:54 INFO     >>>>> Predictor: Evaluating on valid
2026-05-06 15:56:54 INFO     Data : 224
2026-05-06 15:56:54 INFO     Hit1 : 0.727679
2026-05-06 15:56:54 INFO     Hit3 : 0.803571
2026-05-06 15:56:54 INFO     Hit10: 0.816964
2026-05-06 15:56:54 INFO     MR   : 62.196429
2026-05-06 15:56:54 INFO     MRR  : 0.767809
2026-05-06 15:56:54 INFO     >>>>> Predictor: Evaluating on test
2026-05-06 15:56:54 INFO     Data : 448
2026-05-06 15:56:54 INFO     Hit1 : 0.816964
2026-05-06 15:56:54 INFO     Hit3 : 0.830357
2026-05-06 15:56:54 INFO     Hit10: 0.830357
2026-05-06 15:56:54 INFO     MR   : 55.823661
2026-05-06 15:56:54 INFO     MRR  : 0.823701
2026-05-06 15:56:54 INFO     Save checkpoint to KINSHIP_1990_EXTENDED/predictor.pt
2026-05-06 15:56:54 INFO     -------------------------
2026-05-06 15:56:54 INFO     | Iteration: 4/10
2026-05-06 15:56:54 INFO     -------------------------
2026-05-06 15:56:54 INFO     >>>>> Predictor: Training
2026-05-06 15:56:54 INFO     10 105 1.376195 6480.0
2026-05-06 15:56:54 INFO     20 105 1.258552 6624.0
2026-05-06 15:56:54 INFO     30 105 1.701263 7680.0
2026-05-06 15:56:54 INFO     40 105 1.240176 6864.0
2026-05-06 15:56:54 INFO     50 105 2.010764 7200.0
2026-05-06 15:56:54 INFO     60 105 1.600961 6864.0
2026-05-06 15:56:54 INFO     70 105 1.541215 7680.0
2026-05-06 15:56:54 INFO     80 105 1.611057 7056.0
2026-05-06 15:56:55 INFO     90 105 1.314053 7632.0
2026-05-06 15:56:55 INFO     100 105 1.305252 7344.0
2026-05-06 15:56:55 INFO     >>>>> Predictor: Evaluating on valid
2026-05-06 15:56:55 INFO     Data : 224
2026-05-06 15:56:55 INFO     Hit1 : 0.709821
2026-05-06 15:56:55 INFO     Hit3 : 0.803571
2026-05-06 15:56:55 INFO     Hit10: 0.812500
2026-05-06 15:56:55 INFO     MR   : 60.544643
2026-05-06 15:56:55 INFO     MRR  : 0.758865
2026-05-06 15:56:55 INFO     >>>>> Predictor: Evaluating on test
2026-05-06 15:56:55 INFO     Data : 448
2026-05-06 15:56:55 INFO     Hit1 : 0.816964
2026-05-06 15:56:55 INFO     Hit3 : 0.830357
2026-05-06 15:56:55 INFO     Hit10: 0.830357
2026-05-06 15:56:55 INFO     MR   : 54.555804
2026-05-06 15:56:55 INFO     MRR  : 0.823793
2026-05-06 15:56:55 INFO     -------------------------
2026-05-06 15:56:55 INFO     | Iteration: 5/10
2026-05-06 15:56:55 INFO     -------------------------
2026-05-06 15:56:55 INFO     >>>>> Predictor: Training
2026-05-06 15:56:55 INFO     10 105 1.582624 7104.0
2026-05-06 15:56:55 INFO     20 105 1.157667 7680.0
2026-05-06 15:56:55 INFO     30 105 1.382493 7248.0
2026-05-06 15:56:55 INFO     40 105 1.481801 7056.0
2026-05-06 15:56:55 INFO     50 105 1.667155 7680.0
2026-05-06 15:56:55 INFO     60 105 1.470376 6816.0
2026-05-06 15:56:55 INFO     70 105 1.458610 7440.0
2026-05-06 15:56:55 INFO     80 105 1.640088 6384.0
2026-05-06 15:56:55 INFO     90 105 1.339827 7008.0
2026-05-06 15:56:55 INFO     100 105 1.376209 7008.0
2026-05-06 15:56:55 INFO     >>>>> Predictor: Evaluating on valid
2026-05-06 15:56:55 INFO     Data : 224
2026-05-06 15:56:55 INFO     Hit1 : 0.718750
2026-05-06 15:56:55 INFO     Hit3 : 0.803571
2026-05-06 15:56:55 INFO     Hit10: 0.812500
2026-05-06 15:56:55 INFO     MR   : 59.348214
2026-05-06 15:56:55 INFO     MRR  : 0.763958
2026-05-06 15:56:55 INFO     >>>>> Predictor: Evaluating on test
2026-05-06 15:56:56 INFO     Data : 448
2026-05-06 15:56:56 INFO     Hit1 : 0.816964
2026-05-06 15:56:56 INFO     Hit3 : 0.830357
2026-05-06 15:56:56 INFO     Hit10: 0.830357
2026-05-06 15:56:56 INFO     MR   : 53.250000
2026-05-06 15:56:56 INFO     MRR  : 0.823542
2026-05-06 15:56:56 INFO     -------------------------
2026-05-06 15:56:56 INFO     | Iteration: 6/10
2026-05-06 15:56:56 INFO     -------------------------
2026-05-06 15:56:56 INFO     >>>>> Predictor: Training
2026-05-06 15:56:56 INFO     10 105 1.010834 7680.0
2026-05-06 15:56:56 INFO     20 105 1.353716 6720.0
2026-05-06 15:56:56 INFO     30 105 1.284900 6864.0
2026-05-06 15:56:56 INFO     40 105 1.929371 6672.0
2026-05-06 15:56:56 INFO     50 105 1.827499 7680.0
2026-05-06 15:56:56 INFO     60 105 1.727225 7440.0
2026-05-06 15:56:56 INFO     70 105 0.923338 6864.0
2026-05-06 15:56:56 INFO     80 105 1.572084 7200.0
2026-05-06 15:56:56 INFO     90 105 1.329125 7200.0
2026-05-06 15:56:56 INFO     100 105 1.828835 7488.0
2026-05-06 15:56:56 INFO     >>>>> Predictor: Evaluating on valid
2026-05-06 15:56:56 INFO     Data : 224
2026-05-06 15:56:56 INFO     Hit1 : 0.727679
2026-05-06 15:56:56 INFO     Hit3 : 0.803571
2026-05-06 15:56:56 INFO     Hit10: 0.821429
2026-05-06 15:56:56 INFO     MR   : 59.607143
2026-05-06 15:56:56 INFO     MRR  : 0.767581
2026-05-06 15:56:56 INFO     >>>>> Predictor: Evaluating on test
2026-05-06 15:56:56 INFO     Data : 448
2026-05-06 15:56:56 INFO     Hit1 : 0.819196
2026-05-06 15:56:56 INFO     Hit3 : 0.830357
2026-05-06 15:56:56 INFO     Hit10: 0.830357
2026-05-06 15:56:56 INFO     MR   : 52.977679
2026-05-06 15:56:56 INFO     MRR  : 0.825133
2026-05-06 15:56:56 INFO     -------------------------
2026-05-06 15:56:56 INFO     | Iteration: 7/10
2026-05-06 15:56:56 INFO     -------------------------
2026-05-06 15:56:56 INFO     >>>>> Predictor: Training
2026-05-06 15:56:56 INFO     10 105 1.016589 6528.0
2026-05-06 15:56:56 INFO     20 105 1.357783 7536.0
2026-05-06 15:56:56 INFO     30 105 1.381930 6960.0
2026-05-06 15:56:56 INFO     40 105 1.187923 7632.0
2026-05-06 15:56:56 INFO     50 105 1.258735 6624.0
2026-05-06 15:56:56 INFO     60 105 1.344246 6240.0
2026-05-06 15:56:56 INFO     70 105 1.616632 7680.0
2026-05-06 15:56:56 INFO     80 105 1.705157 7584.0
2026-05-06 15:56:56 INFO     90 105 1.418747 7680.0
2026-05-06 15:56:56 INFO     100 105 1.557843 7440.0
2026-05-06 15:56:56 INFO     >>>>> Predictor: Evaluating on valid
2026-05-06 15:56:56 INFO     Data : 224
2026-05-06 15:56:56 INFO     Hit1 : 0.714286
2026-05-06 15:56:56 INFO     Hit3 : 0.799107
2026-05-06 15:56:56 INFO     Hit10: 0.825893
2026-05-06 15:56:56 INFO     MR   : 59.071429
2026-05-06 15:56:56 INFO     MRR  : 0.760644
2026-05-06 15:56:56 INFO     >>>>> Predictor: Evaluating on test
2026-05-06 15:56:57 INFO     Data : 448
2026-05-06 15:56:57 INFO     Hit1 : 0.819196
2026-05-06 15:56:57 INFO     Hit3 : 0.830357
2026-05-06 15:56:57 INFO     Hit10: 0.832589
2026-05-06 15:56:57 INFO     MR   : 52.446429
2026-05-06 15:56:57 INFO     MRR  : 0.825203
2026-05-06 15:56:57 INFO     -------------------------
2026-05-06 15:56:57 INFO     | Iteration: 8/10
2026-05-06 15:56:57 INFO     -------------------------
2026-05-06 15:56:57 INFO     >>>>> Predictor: Training
2026-05-06 15:56:57 INFO     10 105 1.261188 7056.0
2026-05-06 15:56:57 INFO     20 105 1.437146 7056.0
2026-05-06 15:56:57 INFO     30 105 1.126015 7680.0
2026-05-06 15:56:57 INFO     40 105 1.763423 7104.0
2026-05-06 15:56:57 INFO     50 105 1.470161 6960.0
2026-05-06 15:56:57 INFO     60 105 1.574687 7680.0
2026-05-06 15:56:57 INFO     70 105 1.996287 6144.0
2026-05-06 15:56:57 INFO     80 105 1.240199 7680.0
2026-05-06 15:56:57 INFO     90 105 1.281782 7344.0
2026-05-06 15:56:57 INFO     100 105 0.930948 7104.0
2026-05-06 15:56:57 INFO     >>>>> Predictor: Evaluating on valid
2026-05-06 15:56:57 INFO     Data : 224
2026-05-06 15:56:57 INFO     Hit1 : 0.718750
2026-05-06 15:56:57 INFO     Hit3 : 0.803571
2026-05-06 15:56:57 INFO     Hit10: 0.821429
2026-05-06 15:56:57 INFO     MR   : 58.218750
2026-05-06 15:56:57 INFO     MRR  : 0.764950
2026-05-06 15:56:57 INFO     >>>>> Predictor: Evaluating on test
2026-05-06 15:56:57 INFO     Data : 448
2026-05-06 15:56:57 INFO     Hit1 : 0.814732
2026-05-06 15:56:57 INFO     Hit3 : 0.830357
2026-05-06 15:56:57 INFO     Hit10: 0.832589
2026-05-06 15:56:57 INFO     MR   : 52.125000
2026-05-06 15:56:57 INFO     MRR  : 0.822673
2026-05-06 15:56:57 INFO     -------------------------
2026-05-06 15:56:57 INFO     | Iteration: 9/10
2026-05-06 15:56:57 INFO     -------------------------
2026-05-06 15:56:57 INFO     >>>>> Predictor: Training
2026-05-06 15:56:57 INFO     10 105 1.697311 7680.0
2026-05-06 15:56:57 INFO     20 105 1.778201 6432.0
2026-05-06 15:56:57 INFO     30 105 0.994453 7104.0
2026-05-06 15:56:57 INFO     40 105 1.407435 7248.0
2026-05-06 15:56:57 INFO     50 105 1.389626 6960.0
2026-05-06 15:56:57 INFO     60 105 1.423239 7680.0
2026-05-06 15:56:57 INFO     70 105 1.913788 7296.0
2026-05-06 15:56:57 INFO     80 105 1.287670 7104.0
2026-05-06 15:56:57 INFO     90 105 0.959872 7344.0
2026-05-06 15:56:57 INFO     100 105 1.408139 6576.0
2026-05-06 15:56:57 INFO     >>>>> Predictor: Evaluating on valid
2026-05-06 15:56:58 INFO     Data : 224
2026-05-06 15:56:58 INFO     Hit1 : 0.705357
2026-05-06 15:56:58 INFO     Hit3 : 0.799107
2026-05-06 15:56:58 INFO     Hit10: 0.816964
2026-05-06 15:56:58 INFO     MR   : 58.187500
2026-05-06 15:56:58 INFO     MRR  : 0.756950
2026-05-06 15:56:58 INFO     >>>>> Predictor: Evaluating on test
2026-05-06 15:56:58 INFO     Data : 448
2026-05-06 15:56:58 INFO     Hit1 : 0.819196
2026-05-06 15:56:58 INFO     Hit3 : 0.830357
2026-05-06 15:56:58 INFO     Hit10: 0.834821
2026-05-06 15:56:58 INFO     MR   : 52.046875
2026-05-06 15:56:58 INFO     MRR  : 0.825766
2026-05-06 15:56:58 INFO     -------------------------
2026-05-06 15:56:58 INFO     | Iteration: 10/10
2026-05-06 15:56:58 INFO     -------------------------
2026-05-06 15:56:58 INFO     >>>>> Predictor: Training
2026-05-06 15:56:58 INFO     10 105 1.650945 7680.0
2026-05-06 15:56:58 INFO     20 105 1.117177 7680.0
2026-05-06 15:56:58 INFO     30 105 1.390215 7680.0
2026-05-06 15:56:58 INFO     40 105 1.233203 6384.0
2026-05-06 15:56:58 INFO     50 105 1.508640 6864.0
2026-05-06 15:56:58 INFO     60 105 1.295433 7248.0
2026-05-06 15:56:58 INFO     70 105 1.067045 6240.0
2026-05-06 15:56:58 INFO     80 105 1.568518 7584.0
2026-05-06 15:56:58 INFO     90 105 1.578523 7200.0
2026-05-06 15:56:58 INFO     100 105 1.351778 6864.0
2026-05-06 15:56:58 INFO     >>>>> Predictor: Evaluating on valid
2026-05-06 15:56:58 INFO     Data : 224
2026-05-06 15:56:58 INFO     Hit1 : 0.709821
2026-05-06 15:56:58 INFO     Hit3 : 0.799107
2026-05-06 15:56:58 INFO     Hit10: 0.816964
2026-05-06 15:56:58 INFO     MR   : 58.062500
2026-05-06 15:56:58 INFO     MRR  : 0.758419
2026-05-06 15:56:58 INFO     >>>>> Predictor: Evaluating on test
2026-05-06 15:56:58 INFO     Data : 448
2026-05-06 15:56:58 INFO     Hit1 : 0.816964
2026-05-06 15:56:58 INFO     Hit3 : 0.830357
2026-05-06 15:56:58 INFO     Hit10: 0.834821
2026-05-06 15:56:58 INFO     MR   : 51.816964
2026-05-06 15:56:58 INFO     MRR  : 0.824782
