2026-05-06 19:59:38 INFO     Predictor+: read 192 rules from file.
2026-05-06 19:59:38 INFO     Preprocess training set
2026-05-06 19:59:39 INFO     -------------------------
2026-05-06 19:59:39 INFO     | Iteration: 1/10
2026-05-06 19:59:39 INFO     -------------------------
2026-05-06 19:59:39 INFO     >>>>> Predictor: Training
2026-05-06 19:59:39 INFO     10 105 4.771090 6960.0
2026-05-06 19:59:39 INFO     20 105 1.848639 6864.0
2026-05-06 19:59:39 INFO     30 105 2.174477 7536.0
2026-05-06 19:59:39 INFO     40 105 1.233875 7680.0
2026-05-06 19:59:39 INFO     50 105 1.451759 7440.0
2026-05-06 19:59:39 INFO     60 105 2.638942 7680.0
2026-05-06 19:59:39 INFO     70 105 1.965424 7680.0
2026-05-06 19:59:39 INFO     80 105 1.684204 6960.0
2026-05-06 19:59:40 INFO     90 105 2.106584 6000.0
2026-05-06 19:59:40 INFO     100 105 1.745587 6624.0
2026-05-06 19:59:40 INFO     >>>>> Predictor: Evaluating on valid
2026-05-06 19:59:40 INFO     Data : 224
2026-05-06 19:59:40 INFO     Hit1 : 0.785714
2026-05-06 19:59:40 INFO     Hit3 : 0.843750
2026-05-06 19:59:40 INFO     Hit10: 0.857143
2026-05-06 19:59:40 INFO     MR   : 49.412946
2026-05-06 19:59:40 INFO     MRR  : 0.816062
2026-05-06 19:59:40 INFO     >>>>> Predictor: Evaluating on test
2026-05-06 19:59:40 INFO     Data : 448
2026-05-06 19:59:40 INFO     Hit1 : 0.819196
2026-05-06 19:59:40 INFO     Hit3 : 0.828125
2026-05-06 19:59:40 INFO     Hit10: 0.830357
2026-05-06 19:59:40 INFO     MR   : 58.630580
2026-05-06 19:59:40 INFO     MRR  : 0.824464
2026-05-06 19:59:40 INFO     Save checkpoint to KINSHIP_1990_EXTENDED_seed45/predictor.pt
2026-05-06 19:59:40 INFO     -------------------------
2026-05-06 19:59:40 INFO     | Iteration: 2/10
2026-05-06 19:59:40 INFO     -------------------------
2026-05-06 19:59:40 INFO     >>>>> Predictor: Training
2026-05-06 19:59:40 INFO     10 105 1.357425 7200.0
2026-05-06 19:59:40 INFO     20 105 1.165811 6144.0
2026-05-06 19:59:40 INFO     30 105 2.588623 7680.0
2026-05-06 19:59:40 INFO     40 105 1.703963 7680.0
2026-05-06 19:59:40 INFO     50 105 1.491885 6672.0
2026-05-06 19:59:40 INFO     60 105 1.835151 7584.0
2026-05-06 19:59:40 INFO     70 105 2.135362 6960.0
2026-05-06 19:59:40 INFO     80 105 1.698720 7584.0
2026-05-06 19:59:40 INFO     90 105 1.145264 7008.0
2026-05-06 19:59:40 INFO     100 105 1.521845 6912.0
2026-05-06 19:59:40 INFO     >>>>> Predictor: Evaluating on valid
2026-05-06 19:59:40 INFO     Data : 224
2026-05-06 19:59:40 INFO     Hit1 : 0.772321
2026-05-06 19:59:40 INFO     Hit3 : 0.843750
2026-05-06 19:59:40 INFO     Hit10: 0.857143
2026-05-06 19:59:40 INFO     MR   : 48.553571
2026-05-06 19:59:40 INFO     MRR  : 0.809207
2026-05-06 19:59:40 INFO     >>>>> Predictor: Evaluating on test
2026-05-06 19:59:41 INFO     Data : 448
2026-05-06 19:59:41 INFO     Hit1 : 0.821429
2026-05-06 19:59:41 INFO     Hit3 : 0.828125
2026-05-06 19:59:41 INFO     Hit10: 0.828125
2026-05-06 19:59:41 INFO     MR   : 56.781250
2026-05-06 19:59:41 INFO     MRR  : 0.825593
2026-05-06 19:59:41 INFO     -------------------------
2026-05-06 19:59:41 INFO     | Iteration: 3/10
2026-05-06 19:59:41 INFO     -------------------------
2026-05-06 19:59:41 INFO     >>>>> Predictor: Training
2026-05-06 19:59:41 INFO     10 105 1.658948 6912.0
2026-05-06 19:59:41 INFO     20 105 1.788664 7584.0
2026-05-06 19:59:41 INFO     30 105 1.381535 7200.0
2026-05-06 19:59:41 INFO     40 105 1.292606 6624.0
2026-05-06 19:59:41 INFO     50 105 2.195326 6624.0
2026-05-06 19:59:41 INFO     60 105 1.388610 7680.0
2026-05-06 19:59:41 INFO     70 105 1.512892 7152.0
2026-05-06 19:59:41 INFO     80 105 1.674873 7680.0
2026-05-06 19:59:41 INFO     90 105 1.549456 6528.0
2026-05-06 19:59:41 INFO     100 105 1.732461 7680.0
2026-05-06 19:59:41 INFO     >>>>> Predictor: Evaluating on valid
2026-05-06 19:59:41 INFO     Data : 224
2026-05-06 19:59:41 INFO     Hit1 : 0.767857
2026-05-06 19:59:41 INFO     Hit3 : 0.843750
2026-05-06 19:59:41 INFO     Hit10: 0.857143
2026-05-06 19:59:41 INFO     MR   : 47.732143
2026-05-06 19:59:41 INFO     MRR  : 0.807126
2026-05-06 19:59:41 INFO     >>>>> Predictor: Evaluating on test
2026-05-06 19:59:41 INFO     Data : 448
2026-05-06 19:59:41 INFO     Hit1 : 0.819196
2026-05-06 19:59:41 INFO     Hit3 : 0.828125
2026-05-06 19:59:41 INFO     Hit10: 0.828125
2026-05-06 19:59:41 INFO     MR   : 54.042411
2026-05-06 19:59:41 INFO     MRR  : 0.824575
2026-05-06 19:59:41 INFO     -------------------------
2026-05-06 19:59:41 INFO     | Iteration: 4/10
2026-05-06 19:59:41 INFO     -------------------------
2026-05-06 19:59:41 INFO     >>>>> Predictor: Training
2026-05-06 19:59:41 INFO     10 105 1.398368 7488.0
2026-05-06 19:59:41 INFO     20 105 1.967817 6384.0
2026-05-06 19:59:41 INFO     30 105 1.162513 7200.0
2026-05-06 19:59:41 INFO     40 105 1.770973 6528.0
2026-05-06 19:59:41 INFO     50 105 2.712108 6960.0
2026-05-06 19:59:41 INFO     60 105 1.712285 7104.0
2026-05-06 19:59:41 INFO     70 105 1.506289 7344.0
2026-05-06 19:59:41 INFO     80 105 1.455737 7152.0
2026-05-06 19:59:41 INFO     90 105 1.739280 7680.0
2026-05-06 19:59:41 INFO     100 105 1.462940 7680.0
2026-05-06 19:59:41 INFO     >>>>> Predictor: Evaluating on valid
2026-05-06 19:59:42 INFO     Data : 224
2026-05-06 19:59:42 INFO     Hit1 : 0.763393
2026-05-06 19:59:42 INFO     Hit3 : 0.843750
2026-05-06 19:59:42 INFO     Hit10: 0.857143
2026-05-06 19:59:42 INFO     MR   : 46.678571
2026-05-06 19:59:42 INFO     MRR  : 0.806481
2026-05-06 19:59:42 INFO     >>>>> Predictor: Evaluating on test
2026-05-06 19:59:42 INFO     Data : 448
2026-05-06 19:59:42 INFO     Hit1 : 0.819196
2026-05-06 19:59:42 INFO     Hit3 : 0.828125
2026-05-06 19:59:42 INFO     Hit10: 0.828125
2026-05-06 19:59:42 INFO     MR   : 52.330357
2026-05-06 19:59:42 INFO     MRR  : 0.824580
2026-05-06 19:59:42 INFO     -------------------------
2026-05-06 19:59:42 INFO     | Iteration: 5/10
2026-05-06 19:59:42 INFO     -------------------------
2026-05-06 19:59:42 INFO     >>>>> Predictor: Training
2026-05-06 19:59:42 INFO     10 105 1.215555 7248.0
2026-05-06 19:59:42 INFO     20 105 1.478178 7680.0
2026-05-06 19:59:42 INFO     30 105 1.105540 7488.0
2026-05-06 19:59:42 INFO     40 105 1.420570 7584.0
2026-05-06 19:59:42 INFO     50 105 2.133451 6528.0
2026-05-06 19:59:42 INFO     60 105 1.405336 7056.0
2026-05-06 19:59:42 INFO     70 105 1.818853 6336.0
2026-05-06 19:59:42 INFO     80 105 1.814483 6960.0
2026-05-06 19:59:42 INFO     90 105 1.356429 7344.0
2026-05-06 19:59:42 INFO     100 105 2.208009 7680.0
2026-05-06 19:59:42 INFO     >>>>> Predictor: Evaluating on valid
2026-05-06 19:59:42 INFO     Data : 224
2026-05-06 19:59:42 INFO     Hit1 : 0.776786
2026-05-06 19:59:42 INFO     Hit3 : 0.843750
2026-05-06 19:59:42 INFO     Hit10: 0.857143
2026-05-06 19:59:42 INFO     MR   : 46.267857
2026-05-06 19:59:42 INFO     MRR  : 0.811976
2026-05-06 19:59:42 INFO     >>>>> Predictor: Evaluating on test
2026-05-06 19:59:42 INFO     Data : 448
2026-05-06 19:59:42 INFO     Hit1 : 0.821429
2026-05-06 19:59:42 INFO     Hit3 : 0.828125
2026-05-06 19:59:42 INFO     Hit10: 0.828125
2026-05-06 19:59:42 INFO     MR   : 51.428571
2026-05-06 19:59:42 INFO     MRR  : 0.825736
2026-05-06 19:59:42 INFO     -------------------------
2026-05-06 19:59:42 INFO     | Iteration: 6/10
2026-05-06 19:59:42 INFO     -------------------------
2026-05-06 19:59:42 INFO     >>>>> Predictor: Training
2026-05-06 19:59:42 INFO     10 105 1.710422 7536.0
2026-05-06 19:59:42 INFO     20 105 1.215157 7344.0
2026-05-06 19:59:42 INFO     30 105 1.887391 7056.0
2026-05-06 19:59:42 INFO     40 105 1.566301 7680.0
2026-05-06 19:59:42 INFO     50 105 1.098795 7200.0
2026-05-06 19:59:42 INFO     60 105 1.644144 6480.0
2026-05-06 19:59:42 INFO     70 105 1.502867 6672.0
2026-05-06 19:59:43 INFO     80 105 1.844223 7680.0
2026-05-06 19:59:43 INFO     90 105 1.275176 7680.0
2026-05-06 19:59:43 INFO     100 105 2.035955 6528.0
2026-05-06 19:59:43 INFO     >>>>> Predictor: Evaluating on valid
2026-05-06 19:59:43 INFO     Data : 224
2026-05-06 19:59:43 INFO     Hit1 : 0.772321
2026-05-06 19:59:43 INFO     Hit3 : 0.843750
2026-05-06 19:59:43 INFO     Hit10: 0.861607
2026-05-06 19:59:43 INFO     MR   : 46.459821
2026-05-06 19:59:43 INFO     MRR  : 0.810307
2026-05-06 19:59:43 INFO     >>>>> Predictor: Evaluating on test
2026-05-06 19:59:43 INFO     Data : 448
2026-05-06 19:59:43 INFO     Hit1 : 0.821429
2026-05-06 19:59:43 INFO     Hit3 : 0.828125
2026-05-06 19:59:43 INFO     Hit10: 0.828125
2026-05-06 19:59:43 INFO     MR   : 50.814732
2026-05-06 19:59:43 INFO     MRR  : 0.825837
2026-05-06 19:59:43 INFO     -------------------------
2026-05-06 19:59:43 INFO     | Iteration: 7/10
2026-05-06 19:59:43 INFO     -------------------------
2026-05-06 19:59:43 INFO     >>>>> Predictor: Training
2026-05-06 19:59:43 INFO     10 105 1.957531 7056.0
2026-05-06 19:59:43 INFO     20 105 1.405284 7680.0
2026-05-06 19:59:43 INFO     30 105 2.223648 7680.0
2026-05-06 19:59:43 INFO     40 105 1.463183 6864.0
2026-05-06 19:59:43 INFO     50 105 1.532835 6768.0
2026-05-06 19:59:43 INFO     60 105 1.903420 7536.0
2026-05-06 19:59:43 INFO     70 105 1.434961 7680.0
2026-05-06 19:59:43 INFO     80 105 1.507063 7200.0
2026-05-06 19:59:43 INFO     90 105 1.415367 6192.0
2026-05-06 19:59:43 INFO     100 105 1.516552 6768.0
2026-05-06 19:59:43 INFO     >>>>> Predictor: Evaluating on valid
2026-05-06 19:59:43 INFO     Data : 224
2026-05-06 19:59:43 INFO     Hit1 : 0.767857
2026-05-06 19:59:43 INFO     Hit3 : 0.843750
2026-05-06 19:59:43 INFO     Hit10: 0.861607
2026-05-06 19:59:43 INFO     MR   : 46.040179
2026-05-06 19:59:43 INFO     MRR  : 0.809636
2026-05-06 19:59:43 INFO     >>>>> Predictor: Evaluating on test
2026-05-06 19:59:43 INFO     Data : 448
2026-05-06 19:59:43 INFO     Hit1 : 0.821429
2026-05-06 19:59:43 INFO     Hit3 : 0.828125
2026-05-06 19:59:43 INFO     Hit10: 0.828125
2026-05-06 19:59:43 INFO     MR   : 50.183036
2026-05-06 19:59:43 INFO     MRR  : 0.825846
2026-05-06 19:59:43 INFO     -------------------------
2026-05-06 19:59:43 INFO     | Iteration: 8/10
2026-05-06 19:59:43 INFO     -------------------------
2026-05-06 19:59:43 INFO     >>>>> Predictor: Training
2026-05-06 19:59:43 INFO     10 105 2.043128 6336.0
2026-05-06 19:59:43 INFO     20 105 1.233781 7680.0
2026-05-06 19:59:43 INFO     30 105 1.322603 7680.0
2026-05-06 19:59:43 INFO     40 105 1.302010 7200.0
2026-05-06 19:59:44 INFO     50 105 2.050233 7440.0
2026-05-06 19:59:44 INFO     60 105 1.724512 6528.0
2026-05-06 19:59:44 INFO     70 105 1.485368 6816.0
2026-05-06 19:59:44 INFO     80 105 1.699962 6864.0
2026-05-06 19:59:44 INFO     90 105 1.785089 7680.0
2026-05-06 19:59:44 INFO     100 105 1.390119 7200.0
2026-05-06 19:59:44 INFO     >>>>> Predictor: Evaluating on valid
2026-05-06 19:59:44 INFO     Data : 224
2026-05-06 19:59:44 INFO     Hit1 : 0.758929
2026-05-06 19:59:44 INFO     Hit3 : 0.839286
2026-05-06 19:59:44 INFO     Hit10: 0.857143
2026-05-06 19:59:44 INFO     MR   : 46.174107
2026-05-06 19:59:44 INFO     MRR  : 0.803374
2026-05-06 19:59:44 INFO     >>>>> Predictor: Evaluating on test
2026-05-06 19:59:44 INFO     Data : 448
2026-05-06 19:59:44 INFO     Hit1 : 0.823661
2026-05-06 19:59:44 INFO     Hit3 : 0.828125
2026-05-06 19:59:44 INFO     Hit10: 0.828125
2026-05-06 19:59:44 INFO     MR   : 50.066964
2026-05-06 19:59:44 INFO     MRR  : 0.826983
2026-05-06 19:59:44 INFO     -------------------------
2026-05-06 19:59:44 INFO     | Iteration: 9/10
2026-05-06 19:59:44 INFO     -------------------------
2026-05-06 19:59:44 INFO     >>>>> Predictor: Training
2026-05-06 19:59:44 INFO     10 105 0.952912 7680.0
2026-05-06 19:59:44 INFO     20 105 1.530311 6048.0
2026-05-06 19:59:44 INFO     30 105 2.112027 7152.0
2026-05-06 19:59:44 INFO     40 105 1.118206 7680.0
2026-05-06 19:59:44 INFO     50 105 1.494888 6912.0
2026-05-06 19:59:44 INFO     60 105 1.704980 7488.0
2026-05-06 19:59:44 INFO     70 105 1.383528 7680.0
2026-05-06 19:59:44 INFO     80 105 1.665875 6960.0
2026-05-06 19:59:44 INFO     90 105 1.568991 7056.0
2026-05-06 19:59:44 INFO     100 105 1.903693 6768.0
2026-05-06 19:59:44 INFO     >>>>> Predictor: Evaluating on valid
2026-05-06 19:59:44 INFO     Data : 224
2026-05-06 19:59:44 INFO     Hit1 : 0.767857
2026-05-06 19:59:44 INFO     Hit3 : 0.843750
2026-05-06 19:59:44 INFO     Hit10: 0.857143
2026-05-06 19:59:44 INFO     MR   : 46.308036
2026-05-06 19:59:44 INFO     MRR  : 0.807726
2026-05-06 19:59:44 INFO     >>>>> Predictor: Evaluating on test
2026-05-06 19:59:44 INFO     Data : 448
2026-05-06 19:59:44 INFO     Hit1 : 0.823661
2026-05-06 19:59:44 INFO     Hit3 : 0.828125
2026-05-06 19:59:44 INFO     Hit10: 0.828125
2026-05-06 19:59:44 INFO     MR   : 49.812500
2026-05-06 19:59:44 INFO     MRR  : 0.827109
2026-05-06 19:59:44 INFO     -------------------------
2026-05-06 19:59:44 INFO     | Iteration: 10/10
2026-05-06 19:59:44 INFO     -------------------------
2026-05-06 19:59:44 INFO     >>>>> Predictor: Training
2026-05-06 19:59:45 INFO     10 105 1.257409 7584.0
2026-05-06 19:59:45 INFO     20 105 1.137757 6528.0
2026-05-06 19:59:45 INFO     30 105 1.769151 7248.0
2026-05-06 19:59:45 INFO     40 105 2.528757 7536.0
2026-05-06 19:59:45 INFO     50 105 1.782622 7104.0
2026-05-06 19:59:45 INFO     60 105 1.653953 7056.0
2026-05-06 19:59:45 INFO     70 105 1.207631 7344.0
2026-05-06 19:59:45 INFO     80 105 1.191341 7680.0
2026-05-06 19:59:45 INFO     90 105 1.836382 6864.0
2026-05-06 19:59:45 INFO     100 105 1.329390 6480.0
2026-05-06 19:59:45 INFO     >>>>> Predictor: Evaluating on valid
2026-05-06 19:59:45 INFO     Data : 224
2026-05-06 19:59:45 INFO     Hit1 : 0.767857
2026-05-06 19:59:45 INFO     Hit3 : 0.843750
2026-05-06 19:59:45 INFO     Hit10: 0.857143
2026-05-06 19:59:45 INFO     MR   : 45.857143
2026-05-06 19:59:45 INFO     MRR  : 0.808722
2026-05-06 19:59:45 INFO     >>>>> Predictor: Evaluating on test
2026-05-06 19:59:45 INFO     Data : 448
2026-05-06 19:59:45 INFO     Hit1 : 0.821429
2026-05-06 19:59:45 INFO     Hit3 : 0.828125
2026-05-06 19:59:45 INFO     Hit10: 0.828125
2026-05-06 19:59:45 INFO     MR   : 48.991071
2026-05-06 19:59:45 INFO     MRR  : 0.825986
