2026-05-06 19:52:29 INFO     Predictor+: read 5500 rules from file.
2026-05-06 19:52:30 INFO     Preprocess training set
2026-05-06 19:52:30 INFO     -------------------------
2026-05-06 19:52:30 INFO     | Iteration: 1/10
2026-05-06 19:52:30 INFO     -------------------------
2026-05-06 19:52:30 INFO     >>>>> Predictor: Training
2026-05-06 19:52:30 INFO     10 127 2.625999 191.8
2026-05-06 19:52:31 INFO     20 127 2.672961 161.0
2026-05-06 19:52:31 INFO     30 127 2.613915 161.0
2026-05-06 19:52:31 INFO     40 127 2.606438 169.4
2026-05-06 19:52:31 INFO     50 127 2.549083 162.4
2026-05-06 19:52:32 INFO     60 127 2.560208 203.0
2026-05-06 19:52:32 INFO     70 127 2.470320 126.0
2026-05-06 19:52:32 INFO     80 127 2.484082 189.0
2026-05-06 19:52:32 INFO     90 127 2.553550 165.2
2026-05-06 19:52:32 INFO     100 127 2.541065 172.2
2026-05-06 19:52:32 INFO     >>>>> Predictor: Evaluating on valid
2026-05-06 19:52:33 INFO     Data : 199
2026-05-06 19:52:33 INFO     Hit1 : 0.266332
2026-05-06 19:52:33 INFO     Hit3 : 0.658291
2026-05-06 19:52:33 INFO     Hit10: 0.969849
2026-05-06 19:52:33 INFO     MR   : 3.366834
2026-05-06 19:52:33 INFO     MRR  : 0.498670
2026-05-06 19:52:33 INFO     >>>>> Predictor: Evaluating on test
2026-05-06 19:52:34 INFO     Data : 201
2026-05-06 19:52:34 INFO     Hit1 : 0.383085
2026-05-06 19:52:34 INFO     Hit3 : 0.706468
2026-05-06 19:52:34 INFO     Hit10: 0.975124
2026-05-06 19:52:34 INFO     MR   : 3.009950
2026-05-06 19:52:34 INFO     MRR  : 0.579545
2026-05-06 19:52:34 INFO     Save checkpoint to NATIONS_seed43/predictor.pt
2026-05-06 19:52:34 INFO     -------------------------
2026-05-06 19:52:34 INFO     | Iteration: 2/10
2026-05-06 19:52:34 INFO     -------------------------
2026-05-06 19:52:34 INFO     >>>>> Predictor: Training
2026-05-06 19:52:34 INFO     10 127 2.228632 126.0
2026-05-06 19:52:34 INFO     20 127 2.317025 168.0
2026-05-06 19:52:35 INFO     30 127 2.463834 149.8
2026-05-06 19:52:35 INFO     40 127 2.276919 197.4
2026-05-06 19:52:35 INFO     50 127 2.414003 197.4
2026-05-06 19:52:35 INFO     60 127 2.533871 183.4
2026-05-06 19:52:36 INFO     70 127 2.405427 200.2
2026-05-06 19:52:36 INFO     80 127 2.186402 158.2
2026-05-06 19:52:36 INFO     90 127 2.512440 221.2
2026-05-06 19:52:36 INFO     100 127 2.277855 177.8
2026-05-06 19:52:36 INFO     >>>>> Predictor: Evaluating on valid
2026-05-06 19:52:37 INFO     Data : 199
2026-05-06 19:52:37 INFO     Hit1 : 0.321608
2026-05-06 19:52:37 INFO     Hit3 : 0.688442
2026-05-06 19:52:37 INFO     Hit10: 0.974874
2026-05-06 19:52:37 INFO     MR   : 3.095477
2026-05-06 19:52:37 INFO     MRR  : 0.541731
2026-05-06 19:52:37 INFO     >>>>> Predictor: Evaluating on test
2026-05-06 19:52:38 INFO     Data : 201
2026-05-06 19:52:38 INFO     Hit1 : 0.368159
2026-05-06 19:52:38 INFO     Hit3 : 0.741294
2026-05-06 19:52:38 INFO     Hit10: 0.980100
2026-05-06 19:52:38 INFO     MR   : 2.900498
2026-05-06 19:52:38 INFO     MRR  : 0.585073
2026-05-06 19:52:38 INFO     Save checkpoint to NATIONS_seed43/predictor.pt
2026-05-06 19:52:38 INFO     -------------------------
2026-05-06 19:52:38 INFO     | Iteration: 3/10
2026-05-06 19:52:38 INFO     -------------------------
2026-05-06 19:52:38 INFO     >>>>> Predictor: Training
2026-05-06 19:52:38 INFO     10 127 2.380556 187.6
2026-05-06 19:52:38 INFO     20 127 2.311244 201.6
2026-05-06 19:52:39 INFO     30 127 2.434290 173.6
2026-05-06 19:52:39 INFO     40 127 1.843514 138.6
2026-05-06 19:52:39 INFO     50 127 2.321905 197.4
2026-05-06 19:52:39 INFO     60 127 2.376104 184.8
2026-05-06 19:52:39 INFO     70 127 2.285865 196.0
2026-05-06 19:52:39 INFO     80 127 2.313399 180.6
2026-05-06 19:52:40 INFO     90 127 2.293041 161.0
2026-05-06 19:52:40 INFO     100 127 2.274806 190.4
2026-05-06 19:52:40 INFO     >>>>> Predictor: Evaluating on valid
2026-05-06 19:52:40 INFO     Data : 199
2026-05-06 19:52:40 INFO     Hit1 : 0.291457
2026-05-06 19:52:40 INFO     Hit3 : 0.728643
2026-05-06 19:52:40 INFO     Hit10: 0.984925
2026-05-06 19:52:40 INFO     MR   : 3.010050
2026-05-06 19:52:40 INFO     MRR  : 0.529658
2026-05-06 19:52:40 INFO     >>>>> Predictor: Evaluating on test
2026-05-06 19:52:41 INFO     Data : 201
2026-05-06 19:52:41 INFO     Hit1 : 0.427861
2026-05-06 19:52:41 INFO     Hit3 : 0.756219
2026-05-06 19:52:41 INFO     Hit10: 0.985075
2026-05-06 19:52:41 INFO     MR   : 2.706468
2026-05-06 19:52:41 INFO     MRR  : 0.620210
2026-05-06 19:52:41 INFO     -------------------------
2026-05-06 19:52:41 INFO     | Iteration: 4/10
2026-05-06 19:52:41 INFO     -------------------------
2026-05-06 19:52:41 INFO     >>>>> Predictor: Training
2026-05-06 19:52:41 INFO     10 127 2.134810 176.4
2026-05-06 19:52:41 INFO     20 127 2.206115 190.4
2026-05-06 19:52:41 INFO     30 127 2.227608 179.2
2026-05-06 19:52:41 INFO     40 127 2.367127 170.8
2026-05-06 19:52:41 INFO     50 127 2.031644 189.0
2026-05-06 19:52:42 INFO     60 127 2.177902 182.0
2026-05-06 19:52:42 INFO     70 127 2.329122 148.4
2026-05-06 19:52:42 INFO     80 127 2.312500 152.6
2026-05-06 19:52:42 INFO     90 127 2.238816 175.0
2026-05-06 19:52:42 INFO     100 127 2.271742 168.0
2026-05-06 19:52:42 INFO     >>>>> Predictor: Evaluating on valid
2026-05-06 19:52:43 INFO     Data : 199
2026-05-06 19:52:43 INFO     Hit1 : 0.366834
2026-05-06 19:52:43 INFO     Hit3 : 0.713568
2026-05-06 19:52:43 INFO     Hit10: 0.979899
2026-05-06 19:52:43 INFO     MR   : 2.949749
2026-05-06 19:52:43 INFO     MRR  : 0.575438
2026-05-06 19:52:43 INFO     >>>>> Predictor: Evaluating on test
2026-05-06 19:52:43 INFO     Data : 201
2026-05-06 19:52:43 INFO     Hit1 : 0.328358
2026-05-06 19:52:43 INFO     Hit3 : 0.741294
2026-05-06 19:52:43 INFO     Hit10: 0.985075
2026-05-06 19:52:43 INFO     MR   : 2.900498
2026-05-06 19:52:43 INFO     MRR  : 0.564010
2026-05-06 19:52:43 INFO     Save checkpoint to NATIONS_seed43/predictor.pt
2026-05-06 19:52:43 INFO     -------------------------
2026-05-06 19:52:43 INFO     | Iteration: 5/10
2026-05-06 19:52:43 INFO     -------------------------
2026-05-06 19:52:43 INFO     >>>>> Predictor: Training
2026-05-06 19:52:43 INFO     10 127 1.968761 155.4
2026-05-06 19:52:43 INFO     20 127 2.184755 184.8
2026-05-06 19:52:43 INFO     30 127 1.875046 130.2
2026-05-06 19:52:44 INFO     40 127 2.345150 186.2
2026-05-06 19:52:44 INFO     50 127 1.930399 189.0
2026-05-06 19:52:44 INFO     60 127 2.229547 169.4
2026-05-06 19:52:44 INFO     70 127 2.123265 162.4
2026-05-06 19:52:44 INFO     80 127 2.294722 176.4
2026-05-06 19:52:44 INFO     90 127 2.046560 184.8
2026-05-06 19:52:44 INFO     100 127 2.374685 221.2
2026-05-06 19:52:44 INFO     >>>>> Predictor: Evaluating on valid
2026-05-06 19:52:45 INFO     Data : 199
2026-05-06 19:52:45 INFO     Hit1 : 0.346734
2026-05-06 19:52:45 INFO     Hit3 : 0.718593
2026-05-06 19:52:45 INFO     Hit10: 0.974874
2026-05-06 19:52:45 INFO     MR   : 2.824121
2026-05-06 19:52:45 INFO     MRR  : 0.569790
2026-05-06 19:52:45 INFO     >>>>> Predictor: Evaluating on test
2026-05-06 19:52:45 INFO     Data : 201
2026-05-06 19:52:45 INFO     Hit1 : 0.407960
2026-05-06 19:52:45 INFO     Hit3 : 0.796020
2026-05-06 19:52:45 INFO     Hit10: 0.995025
2026-05-06 19:52:45 INFO     MR   : 2.522388
2026-05-06 19:52:45 INFO     MRR  : 0.623437
2026-05-06 19:52:45 INFO     -------------------------
2026-05-06 19:52:45 INFO     | Iteration: 6/10
2026-05-06 19:52:45 INFO     -------------------------
2026-05-06 19:52:45 INFO     >>>>> Predictor: Training
2026-05-06 19:52:46 INFO     10 127 2.006443 151.2
2026-05-06 19:52:46 INFO     20 127 2.080738 204.4
2026-05-06 19:52:46 INFO     30 127 2.328272 159.6
2026-05-06 19:52:46 INFO     40 127 2.001669 183.4
2026-05-06 19:52:46 INFO     50 127 1.867255 168.0
2026-05-06 19:52:46 INFO     60 127 2.188372 183.4
2026-05-06 19:52:46 INFO     70 127 2.165198 179.2
2026-05-06 19:52:46 INFO     80 127 2.102158 179.2
2026-05-06 19:52:47 INFO     90 127 1.978030 152.6
2026-05-06 19:52:47 INFO     100 127 1.921149 147.0
2026-05-06 19:52:47 INFO     >>>>> Predictor: Evaluating on valid
2026-05-06 19:52:47 INFO     Data : 199
2026-05-06 19:52:47 INFO     Hit1 : 0.351759
2026-05-06 19:52:47 INFO     Hit3 : 0.753769
2026-05-06 19:52:47 INFO     Hit10: 0.989950
2026-05-06 19:52:47 INFO     MR   : 2.804020
2026-05-06 19:52:47 INFO     MRR  : 0.572573
2026-05-06 19:52:47 INFO     >>>>> Predictor: Evaluating on test
2026-05-06 19:52:48 INFO     Data : 201
2026-05-06 19:52:48 INFO     Hit1 : 0.398010
2026-05-06 19:52:48 INFO     Hit3 : 0.791045
2026-05-06 19:52:48 INFO     Hit10: 0.975124
2026-05-06 19:52:48 INFO     MR   : 2.666667
2026-05-06 19:52:48 INFO     MRR  : 0.614567
2026-05-06 19:52:48 INFO     -------------------------
2026-05-06 19:52:48 INFO     | Iteration: 7/10
2026-05-06 19:52:48 INFO     -------------------------
2026-05-06 19:52:48 INFO     >>>>> Predictor: Training
2026-05-06 19:52:48 INFO     10 127 2.310143 218.4
2026-05-06 19:52:48 INFO     20 127 2.091104 183.4
2026-05-06 19:52:48 INFO     30 127 2.038214 177.8
2026-05-06 19:52:48 INFO     40 127 2.146998 144.2
2026-05-06 19:52:48 INFO     50 127 2.121013 152.6
2026-05-06 19:52:48 INFO     60 127 1.996183 170.8
2026-05-06 19:52:49 INFO     70 127 2.333623 224.0
2026-05-06 19:52:49 INFO     80 127 2.027795 180.6
2026-05-06 19:52:49 INFO     90 127 2.107891 193.2
2026-05-06 19:52:49 INFO     100 127 2.148475 156.8
2026-05-06 19:52:49 INFO     >>>>> Predictor: Evaluating on valid
2026-05-06 19:52:49 INFO     Data : 199
2026-05-06 19:52:49 INFO     Hit1 : 0.351759
2026-05-06 19:52:49 INFO     Hit3 : 0.738693
2026-05-06 19:52:49 INFO     Hit10: 0.989950
2026-05-06 19:52:49 INFO     MR   : 2.688442
2026-05-06 19:52:49 INFO     MRR  : 0.574380
2026-05-06 19:52:49 INFO     >>>>> Predictor: Evaluating on test
2026-05-06 19:52:50 INFO     Data : 201
2026-05-06 19:52:50 INFO     Hit1 : 0.398010
2026-05-06 19:52:50 INFO     Hit3 : 0.810945
2026-05-06 19:52:50 INFO     Hit10: 0.980100
2026-05-06 19:52:50 INFO     MR   : 2.512438
2026-05-06 19:52:50 INFO     MRR  : 0.622156
2026-05-06 19:52:50 INFO     -------------------------
2026-05-06 19:52:50 INFO     | Iteration: 8/10
2026-05-06 19:52:50 INFO     -------------------------
2026-05-06 19:52:50 INFO     >>>>> Predictor: Training
2026-05-06 19:52:50 INFO     10 127 1.966214 156.8
2026-05-06 19:52:50 INFO     20 127 2.025412 190.4
2026-05-06 19:52:50 INFO     30 127 2.237759 149.8
2026-05-06 19:52:50 INFO     40 127 2.087664 201.6
2026-05-06 19:52:51 INFO     50 127 1.955300 158.2
2026-05-06 19:52:51 INFO     60 127 1.736719 187.6
2026-05-06 19:52:51 INFO     70 127 2.162187 187.6
2026-05-06 19:52:51 INFO     80 127 2.047590 179.2
2026-05-06 19:52:51 INFO     90 127 1.962663 145.6
2026-05-06 19:52:51 INFO     100 127 1.752598 154.0
2026-05-06 19:52:51 INFO     >>>>> Predictor: Evaluating on valid
2026-05-06 19:52:52 INFO     Data : 199
2026-05-06 19:52:52 INFO     Hit1 : 0.331658
2026-05-06 19:52:52 INFO     Hit3 : 0.708543
2026-05-06 19:52:52 INFO     Hit10: 0.984925
2026-05-06 19:52:52 INFO     MR   : 2.934673
2026-05-06 19:52:52 INFO     MRR  : 0.557147
2026-05-06 19:52:52 INFO     >>>>> Predictor: Evaluating on test
2026-05-06 19:52:52 INFO     Data : 201
2026-05-06 19:52:52 INFO     Hit1 : 0.368159
2026-05-06 19:52:52 INFO     Hit3 : 0.741294
2026-05-06 19:52:52 INFO     Hit10: 0.985075
2026-05-06 19:52:52 INFO     MR   : 2.825871
2026-05-06 19:52:52 INFO     MRR  : 0.585669
2026-05-06 19:52:52 INFO     -------------------------
2026-05-06 19:52:52 INFO     | Iteration: 9/10
2026-05-06 19:52:52 INFO     -------------------------
2026-05-06 19:52:52 INFO     >>>>> Predictor: Training
2026-05-06 19:52:52 INFO     10 127 1.996992 180.6
2026-05-06 19:52:53 INFO     20 127 2.130611 165.2
2026-05-06 19:52:53 INFO     30 127 1.800577 175.0
2026-05-06 19:52:53 INFO     40 127 2.227552 222.6
2026-05-06 19:52:53 INFO     50 127 1.911010 205.8
2026-05-06 19:52:53 INFO     60 127 2.167070 193.2
2026-05-06 19:52:53 INFO     70 127 1.884669 120.4
2026-05-06 19:52:53 INFO     80 127 1.964562 175.0
2026-05-06 19:52:53 INFO     90 127 1.800839 112.0
2026-05-06 19:52:54 INFO     100 127 1.874014 144.2
2026-05-06 19:52:54 INFO     >>>>> Predictor: Evaluating on valid
2026-05-06 19:52:54 INFO     Data : 199
2026-05-06 19:52:54 INFO     Hit1 : 0.351759
2026-05-06 19:52:54 INFO     Hit3 : 0.738693
2026-05-06 19:52:54 INFO     Hit10: 0.984925
2026-05-06 19:52:54 INFO     MR   : 2.708543
2026-05-06 19:52:54 INFO     MRR  : 0.581178
2026-05-06 19:52:54 INFO     >>>>> Predictor: Evaluating on test
2026-05-06 19:52:55 INFO     Data : 201
2026-05-06 19:52:55 INFO     Hit1 : 0.378109
2026-05-06 19:52:55 INFO     Hit3 : 0.815920
2026-05-06 19:52:55 INFO     Hit10: 0.990050
2026-05-06 19:52:55 INFO     MR   : 2.621891
2026-05-06 19:52:55 INFO     MRR  : 0.607163
2026-05-06 19:52:55 INFO     Save checkpoint to NATIONS_seed43/predictor.pt
2026-05-06 19:52:55 INFO     -------------------------
2026-05-06 19:52:55 INFO     | Iteration: 10/10
2026-05-06 19:52:55 INFO     -------------------------
2026-05-06 19:52:55 INFO     >>>>> Predictor: Training
2026-05-06 19:52:55 INFO     10 127 2.143002 166.6
2026-05-06 19:52:55 INFO     20 127 1.719075 166.6
2026-05-06 19:52:55 INFO     30 127 1.801557 142.8
2026-05-06 19:52:55 INFO     40 127 2.171515 190.4
2026-05-06 19:52:55 INFO     50 127 1.858408 180.6
2026-05-06 19:52:55 INFO     60 127 2.039028 204.4
2026-05-06 19:52:55 INFO     70 127 2.161581 182.0
2026-05-06 19:52:56 INFO     80 127 1.941486 187.6
2026-05-06 19:52:56 INFO     90 127 1.268616 142.8
2026-05-06 19:52:56 INFO     100 127 1.914912 177.8
2026-05-06 19:52:56 INFO     >>>>> Predictor: Evaluating on valid
2026-05-06 19:52:56 INFO     Data : 199
2026-05-06 19:52:56 INFO     Hit1 : 0.356784
2026-05-06 19:52:56 INFO     Hit3 : 0.693467
2026-05-06 19:52:56 INFO     Hit10: 0.974874
2026-05-06 19:52:56 INFO     MR   : 3.000000
2026-05-06 19:52:56 INFO     MRR  : 0.565197
2026-05-06 19:52:56 INFO     >>>>> Predictor: Evaluating on test
2026-05-06 19:52:57 INFO     Data : 201
2026-05-06 19:52:57 INFO     Hit1 : 0.422886
2026-05-06 19:52:57 INFO     Hit3 : 0.781095
2026-05-06 19:52:57 INFO     Hit10: 0.960199
2026-05-06 19:52:57 INFO     MR   : 2.731343
2026-05-06 19:52:57 INFO     MRR  : 0.621933
