2026-05-06 19:51:29 INFO     Predictor+: read 8 rules from file.
2026-05-06 19:51:30 INFO     Preprocess training set
2026-05-06 19:51:30 INFO     -------------------------
2026-05-06 19:51:30 INFO     | Iteration: 1/10
2026-05-06 19:51:30 INFO     -------------------------
2026-05-06 19:51:30 INFO     >>>>> Predictor: Training
2026-05-06 19:51:30 INFO     10 62 4.406969 4336.0
2026-05-06 19:51:30 INFO     20 62 3.241734 4119.2
2026-05-06 19:51:30 INFO     30 62 2.866100 4336.0
2026-05-06 19:51:30 INFO     40 62 3.017996 4336.0
2026-05-06 19:51:31 INFO     50 62 2.935411 4336.0
2026-05-06 19:51:31 INFO     60 62 2.481343 4336.0
2026-05-06 19:51:31 INFO     >>>>> Predictor: Evaluating on valid
2026-05-06 19:51:31 INFO     Data : 24
2026-05-06 19:51:31 INFO     Hit1 : 0.000000
2026-05-06 19:51:31 INFO     Hit3 : 0.833333
2026-05-06 19:51:31 INFO     Hit10: 1.000000
2026-05-06 19:51:31 INFO     MR   : 2.875000
2026-05-06 19:51:31 INFO     MRR  : 0.372917
2026-05-06 19:51:31 INFO     >>>>> Predictor: Evaluating on test
2026-05-06 19:51:31 INFO     Data : 24
2026-05-06 19:51:31 INFO     Hit1 : 0.000000
2026-05-06 19:51:31 INFO     Hit3 : 0.791667
2026-05-06 19:51:31 INFO     Hit10: 1.000000
2026-05-06 19:51:31 INFO     MR   : 3.000000
2026-05-06 19:51:31 INFO     MRR  : 0.387847
2026-05-06 19:51:31 INFO     Save checkpoint to COUNTRIES_S3_seed42/predictor.pt
2026-05-06 19:51:31 INFO     -------------------------
2026-05-06 19:51:31 INFO     | Iteration: 2/10
2026-05-06 19:51:31 INFO     -------------------------
2026-05-06 19:51:31 INFO     >>>>> Predictor: Training
2026-05-06 19:51:31 INFO     10 62 2.606515 4336.0
2026-05-06 19:51:31 INFO     20 62 2.657401 4336.0
2026-05-06 19:51:31 INFO     30 62 2.692169 4336.0
2026-05-06 19:51:31 INFO     40 62 2.576674 4119.2
2026-05-06 19:51:31 INFO     50 62 2.704883 4336.0
2026-05-06 19:51:31 INFO     60 62 2.528445 4336.0
2026-05-06 19:51:31 INFO     >>>>> Predictor: Evaluating on valid
2026-05-06 19:51:31 INFO     Data : 24
2026-05-06 19:51:31 INFO     Hit1 : 0.000000
2026-05-06 19:51:31 INFO     Hit3 : 0.708333
2026-05-06 19:51:31 INFO     Hit10: 1.000000
2026-05-06 19:51:31 INFO     MR   : 3.333333
2026-05-06 19:51:31 INFO     MRR  : 0.333333
2026-05-06 19:51:31 INFO     >>>>> Predictor: Evaluating on test
2026-05-06 19:51:31 INFO     Data : 24
2026-05-06 19:51:31 INFO     Hit1 : 0.000000
2026-05-06 19:51:31 INFO     Hit3 : 0.666667
2026-05-06 19:51:31 INFO     Hit10: 1.000000
2026-05-06 19:51:31 INFO     MR   : 3.541667
2026-05-06 19:51:31 INFO     MRR  : 0.337202
2026-05-06 19:51:31 INFO     -------------------------
2026-05-06 19:51:31 INFO     | Iteration: 3/10
2026-05-06 19:51:31 INFO     -------------------------
2026-05-06 19:51:31 INFO     >>>>> Predictor: Training
2026-05-06 19:51:31 INFO     10 62 2.708190 4336.0
2026-05-06 19:51:31 INFO     20 62 2.314692 4336.0
2026-05-06 19:51:31 INFO     30 62 2.657496 4119.2
2026-05-06 19:51:31 INFO     40 62 2.662480 4336.0
2026-05-06 19:51:31 INFO     50 62 2.548198 4336.0
2026-05-06 19:51:31 INFO     60 62 2.553856 4336.0
2026-05-06 19:51:31 INFO     >>>>> Predictor: Evaluating on valid
2026-05-06 19:51:31 INFO     Data : 24
2026-05-06 19:51:31 INFO     Hit1 : 0.000000
2026-05-06 19:51:31 INFO     Hit3 : 0.708333
2026-05-06 19:51:31 INFO     Hit10: 1.000000
2026-05-06 19:51:31 INFO     MR   : 3.333333
2026-05-06 19:51:31 INFO     MRR  : 0.332639
2026-05-06 19:51:31 INFO     >>>>> Predictor: Evaluating on test
2026-05-06 19:51:31 INFO     Data : 24
2026-05-06 19:51:31 INFO     Hit1 : 0.000000
2026-05-06 19:51:31 INFO     Hit3 : 0.666667
2026-05-06 19:51:31 INFO     Hit10: 1.000000
2026-05-06 19:51:31 INFO     MR   : 3.250000
2026-05-06 19:51:31 INFO     MRR  : 0.362963
2026-05-06 19:51:31 INFO     -------------------------
2026-05-06 19:51:31 INFO     | Iteration: 4/10
2026-05-06 19:51:31 INFO     -------------------------
2026-05-06 19:51:31 INFO     >>>>> Predictor: Training
2026-05-06 19:51:31 INFO     10 62 2.648523 4336.0
2026-05-06 19:51:31 INFO     20 62 2.398524 4336.0
2026-05-06 19:51:31 INFO     30 62 2.841068 4336.0
2026-05-06 19:51:31 INFO     40 62 2.329463 4119.2
2026-05-06 19:51:31 INFO     50 62 2.644446 4336.0
2026-05-06 19:51:31 INFO     60 62 2.388396 4336.0
2026-05-06 19:51:31 INFO     >>>>> Predictor: Evaluating on valid
2026-05-06 19:51:31 INFO     Data : 24
2026-05-06 19:51:31 INFO     Hit1 : 0.000000
2026-05-06 19:51:31 INFO     Hit3 : 0.750000
2026-05-06 19:51:31 INFO     Hit10: 1.000000
2026-05-06 19:51:31 INFO     MR   : 3.166667
2026-05-06 19:51:31 INFO     MRR  : 0.341667
2026-05-06 19:51:31 INFO     >>>>> Predictor: Evaluating on test
2026-05-06 19:51:31 INFO     Data : 24
2026-05-06 19:51:31 INFO     Hit1 : 0.000000
2026-05-06 19:51:31 INFO     Hit3 : 0.666667
2026-05-06 19:51:31 INFO     Hit10: 1.000000
2026-05-06 19:51:31 INFO     MR   : 3.250000
2026-05-06 19:51:31 INFO     MRR  : 0.356597
2026-05-06 19:51:31 INFO     -------------------------
2026-05-06 19:51:31 INFO     | Iteration: 5/10
2026-05-06 19:51:31 INFO     -------------------------
2026-05-06 19:51:31 INFO     >>>>> Predictor: Training
2026-05-06 19:51:32 INFO     10 62 2.394595 4119.2
2026-05-06 19:51:32 INFO     20 62 2.365847 4336.0
2026-05-06 19:51:32 INFO     30 62 2.553977 4336.0
2026-05-06 19:51:32 INFO     40 62 2.741759 4336.0
2026-05-06 19:51:32 INFO     50 62 2.452337 4336.0
2026-05-06 19:51:32 INFO     60 62 2.733846 4336.0
2026-05-06 19:51:32 INFO     >>>>> Predictor: Evaluating on valid
2026-05-06 19:51:32 INFO     Data : 24
2026-05-06 19:51:32 INFO     Hit1 : 0.000000
2026-05-06 19:51:32 INFO     Hit3 : 0.750000
2026-05-06 19:51:32 INFO     Hit10: 1.000000
2026-05-06 19:51:32 INFO     MR   : 3.250000
2026-05-06 19:51:32 INFO     MRR  : 0.339286
2026-05-06 19:51:32 INFO     >>>>> Predictor: Evaluating on test
2026-05-06 19:51:32 INFO     Data : 24
2026-05-06 19:51:32 INFO     Hit1 : 0.000000
2026-05-06 19:51:32 INFO     Hit3 : 0.666667
2026-05-06 19:51:32 INFO     Hit10: 1.000000
2026-05-06 19:51:32 INFO     MR   : 3.250000
2026-05-06 19:51:32 INFO     MRR  : 0.356597
2026-05-06 19:51:32 INFO     -------------------------
2026-05-06 19:51:32 INFO     | Iteration: 6/10
2026-05-06 19:51:32 INFO     -------------------------
2026-05-06 19:51:32 INFO     >>>>> Predictor: Training
2026-05-06 19:51:32 INFO     10 62 2.493433 4336.0
2026-05-06 19:51:32 INFO     20 62 2.550882 4336.0
2026-05-06 19:51:32 INFO     30 62 2.435363 4336.0
2026-05-06 19:51:32 INFO     40 62 2.468577 4336.0
2026-05-06 19:51:32 INFO     50 62 2.654258 4119.2
2026-05-06 19:51:32 INFO     60 62 2.301938 4336.0
2026-05-06 19:51:32 INFO     >>>>> Predictor: Evaluating on valid
2026-05-06 19:51:32 INFO     Data : 24
2026-05-06 19:51:32 INFO     Hit1 : 0.000000
2026-05-06 19:51:32 INFO     Hit3 : 0.750000
2026-05-06 19:51:32 INFO     Hit10: 1.000000
2026-05-06 19:51:32 INFO     MR   : 3.291667
2026-05-06 19:51:32 INFO     MRR  : 0.338542
2026-05-06 19:51:32 INFO     >>>>> Predictor: Evaluating on test
2026-05-06 19:51:32 INFO     Data : 24
2026-05-06 19:51:32 INFO     Hit1 : 0.000000
2026-05-06 19:51:32 INFO     Hit3 : 0.666667
2026-05-06 19:51:32 INFO     Hit10: 1.000000
2026-05-06 19:51:32 INFO     MR   : 3.208333
2026-05-06 19:51:32 INFO     MRR  : 0.369907
2026-05-06 19:51:32 INFO     -------------------------
2026-05-06 19:51:32 INFO     | Iteration: 7/10
2026-05-06 19:51:32 INFO     -------------------------
2026-05-06 19:51:32 INFO     >>>>> Predictor: Training
2026-05-06 19:51:32 INFO     10 62 2.455835 4336.0
2026-05-06 19:51:32 INFO     20 62 2.550199 4336.0
2026-05-06 19:51:32 INFO     30 62 2.525781 4336.0
2026-05-06 19:51:32 INFO     40 62 2.416962 4336.0
2026-05-06 19:51:32 INFO     50 62 2.370945 4119.2
2026-05-06 19:51:32 INFO     60 62 2.608063 4336.0
2026-05-06 19:51:32 INFO     >>>>> Predictor: Evaluating on valid
2026-05-06 19:51:32 INFO     Data : 24
2026-05-06 19:51:32 INFO     Hit1 : 0.000000
2026-05-06 19:51:32 INFO     Hit3 : 0.750000
2026-05-06 19:51:32 INFO     Hit10: 1.000000
2026-05-06 19:51:32 INFO     MR   : 3.291667
2026-05-06 19:51:32 INFO     MRR  : 0.338542
2026-05-06 19:51:32 INFO     >>>>> Predictor: Evaluating on test
2026-05-06 19:51:32 INFO     Data : 24
2026-05-06 19:51:32 INFO     Hit1 : 0.000000
2026-05-06 19:51:32 INFO     Hit3 : 0.666667
2026-05-06 19:51:32 INFO     Hit10: 1.000000
2026-05-06 19:51:32 INFO     MR   : 3.166667
2026-05-06 19:51:32 INFO     MRR  : 0.370486
2026-05-06 19:51:32 INFO     -------------------------
2026-05-06 19:51:32 INFO     | Iteration: 8/10
2026-05-06 19:51:32 INFO     -------------------------
2026-05-06 19:51:32 INFO     >>>>> Predictor: Training
2026-05-06 19:51:32 INFO     10 62 2.708821 4336.0
2026-05-06 19:51:32 INFO     20 62 2.795973 4336.0
2026-05-06 19:51:32 INFO     30 62 2.344943 4119.2
2026-05-06 19:51:33 INFO     40 62 2.477142 4336.0
2026-05-06 19:51:33 INFO     50 62 2.281368 4336.0
2026-05-06 19:51:33 INFO     60 62 2.146506 4336.0
2026-05-06 19:51:33 INFO     >>>>> Predictor: Evaluating on valid
2026-05-06 19:51:33 INFO     Data : 24
2026-05-06 19:51:33 INFO     Hit1 : 0.000000
2026-05-06 19:51:33 INFO     Hit3 : 0.750000
2026-05-06 19:51:33 INFO     Hit10: 1.000000
2026-05-06 19:51:33 INFO     MR   : 3.375000
2026-05-06 19:51:33 INFO     MRR  : 0.337500
2026-05-06 19:51:33 INFO     >>>>> Predictor: Evaluating on test
2026-05-06 19:51:33 INFO     Data : 24
2026-05-06 19:51:33 INFO     Hit1 : 0.000000
2026-05-06 19:51:33 INFO     Hit3 : 0.666667
2026-05-06 19:51:33 INFO     Hit10: 1.000000
2026-05-06 19:51:33 INFO     MR   : 3.291667
2026-05-06 19:51:33 INFO     MRR  : 0.356019
2026-05-06 19:51:33 INFO     -------------------------
2026-05-06 19:51:33 INFO     | Iteration: 9/10
2026-05-06 19:51:33 INFO     -------------------------
2026-05-06 19:51:33 INFO     >>>>> Predictor: Training
2026-05-06 19:51:33 INFO     10 62 2.038153 4336.0
2026-05-06 19:51:33 INFO     20 62 2.545832 4336.0
2026-05-06 19:51:33 INFO     30 62 2.501476 4336.0
2026-05-06 19:51:33 INFO     40 62 2.352478 4336.0
2026-05-06 19:51:33 INFO     50 62 2.566677 4336.0
2026-05-06 19:51:33 INFO     60 62 2.603947 4119.2
2026-05-06 19:51:33 INFO     >>>>> Predictor: Evaluating on valid
2026-05-06 19:51:33 INFO     Data : 24
2026-05-06 19:51:33 INFO     Hit1 : 0.000000
2026-05-06 19:51:33 INFO     Hit3 : 0.791667
2026-05-06 19:51:33 INFO     Hit10: 1.000000
2026-05-06 19:51:33 INFO     MR   : 3.291667
2026-05-06 19:51:33 INFO     MRR  : 0.341435
2026-05-06 19:51:33 INFO     >>>>> Predictor: Evaluating on test
2026-05-06 19:51:33 INFO     Data : 24
2026-05-06 19:51:33 INFO     Hit1 : 0.000000
2026-05-06 19:51:33 INFO     Hit3 : 0.708333
2026-05-06 19:51:33 INFO     Hit10: 1.000000
2026-05-06 19:51:33 INFO     MR   : 3.125000
2026-05-06 19:51:33 INFO     MRR  : 0.373958
2026-05-06 19:51:33 INFO     -------------------------
2026-05-06 19:51:33 INFO     | Iteration: 10/10
2026-05-06 19:51:33 INFO     -------------------------
2026-05-06 19:51:33 INFO     >>>>> Predictor: Training
2026-05-06 19:51:33 INFO     10 62 2.359584 4119.2
2026-05-06 19:51:33 INFO     20 62 2.619157 4336.0
2026-05-06 19:51:33 INFO     30 62 2.198822 4336.0
2026-05-06 19:51:33 INFO     40 62 2.255041 4336.0
2026-05-06 19:51:33 INFO     50 62 2.370190 4336.0
2026-05-06 19:51:33 INFO     60 62 2.565953 4336.0
2026-05-06 19:51:33 INFO     >>>>> Predictor: Evaluating on valid
2026-05-06 19:51:33 INFO     Data : 24
2026-05-06 19:51:33 INFO     Hit1 : 0.000000
2026-05-06 19:51:33 INFO     Hit3 : 0.791667
2026-05-06 19:51:33 INFO     Hit10: 1.000000
2026-05-06 19:51:33 INFO     MR   : 3.166667
2026-05-06 19:51:33 INFO     MRR  : 0.356713
2026-05-06 19:51:33 INFO     >>>>> Predictor: Evaluating on test
2026-05-06 19:51:33 INFO     Data : 24
2026-05-06 19:51:33 INFO     Hit1 : 0.000000
2026-05-06 19:51:33 INFO     Hit3 : 0.791667
2026-05-06 19:51:33 INFO     Hit10: 1.000000
2026-05-06 19:51:33 INFO     MR   : 2.916667
2026-05-06 19:51:33 INFO     MRR  : 0.385813
