2026-05-06 19:59:33 INFO     Predictor+: read 8 rules from file.
2026-05-06 19:59:33 INFO     Preprocess training set
2026-05-06 19:59:34 INFO     -------------------------
2026-05-06 19:59:34 INFO     | Iteration: 1/10
2026-05-06 19:59:34 INFO     -------------------------
2026-05-06 19:59:34 INFO     >>>>> Predictor: Training
2026-05-06 19:59:34 INFO     10 62 4.201656 4336.0
2026-05-06 19:59:34 INFO     20 62 3.429764 4336.0
2026-05-06 19:59:34 INFO     30 62 3.008007 4336.0
2026-05-06 19:59:34 INFO     40 62 3.036576 4336.0
2026-05-06 19:59:34 INFO     50 62 2.591254 4336.0
2026-05-06 19:59:34 INFO     60 62 2.383524 4119.2
2026-05-06 19:59:34 INFO     >>>>> Predictor: Evaluating on valid
2026-05-06 19:59:34 INFO     Data : 24
2026-05-06 19:59:34 INFO     Hit1 : 0.000000
2026-05-06 19:59:34 INFO     Hit3 : 0.833333
2026-05-06 19:59:34 INFO     Hit10: 1.000000
2026-05-06 19:59:34 INFO     MR   : 3.000000
2026-05-06 19:59:34 INFO     MRR  : 0.368452
2026-05-06 19:59:34 INFO     >>>>> Predictor: Evaluating on test
2026-05-06 19:59:34 INFO     Data : 24
2026-05-06 19:59:34 INFO     Hit1 : 0.000000
2026-05-06 19:59:34 INFO     Hit3 : 0.791667
2026-05-06 19:59:34 INFO     Hit10: 1.000000
2026-05-06 19:59:34 INFO     MR   : 2.875000
2026-05-06 19:59:34 INFO     MRR  : 0.398958
2026-05-06 19:59:34 INFO     Save checkpoint to COUNTRIES_S3_seed45/predictor.pt
2026-05-06 19:59:34 INFO     -------------------------
2026-05-06 19:59:34 INFO     | Iteration: 2/10
2026-05-06 19:59:34 INFO     -------------------------
2026-05-06 19:59:34 INFO     >>>>> Predictor: Training
2026-05-06 19:59:34 INFO     10 62 2.664690 4336.0
2026-05-06 19:59:34 INFO     20 62 2.749354 4336.0
2026-05-06 19:59:34 INFO     30 62 2.672525 4336.0
2026-05-06 19:59:34 INFO     40 62 2.607058 4336.0
2026-05-06 19:59:34 INFO     50 62 2.796641 4336.0
2026-05-06 19:59:34 INFO     60 62 2.549984 4119.2
2026-05-06 19:59:34 INFO     >>>>> Predictor: Evaluating on valid
2026-05-06 19:59:34 INFO     Data : 24
2026-05-06 19:59:34 INFO     Hit1 : 0.000000
2026-05-06 19:59:34 INFO     Hit3 : 0.708333
2026-05-06 19:59:34 INFO     Hit10: 1.000000
2026-05-06 19:59:34 INFO     MR   : 3.458333
2026-05-06 19:59:34 INFO     MRR  : 0.328869
2026-05-06 19:59:34 INFO     >>>>> Predictor: Evaluating on test
2026-05-06 19:59:34 INFO     Data : 24
2026-05-06 19:59:34 INFO     Hit1 : 0.000000
2026-05-06 19:59:34 INFO     Hit3 : 0.666667
2026-05-06 19:59:34 INFO     Hit10: 1.000000
2026-05-06 19:59:34 INFO     MR   : 3.416667
2026-05-06 19:59:34 INFO     MRR  : 0.347222
2026-05-06 19:59:34 INFO     -------------------------
2026-05-06 19:59:34 INFO     | Iteration: 3/10
2026-05-06 19:59:34 INFO     -------------------------
2026-05-06 19:59:34 INFO     >>>>> Predictor: Training
2026-05-06 19:59:34 INFO     10 62 2.627155 4336.0
2026-05-06 19:59:35 INFO     20 62 2.427625 4336.0
2026-05-06 19:59:35 INFO     30 62 2.721193 4336.0
2026-05-06 19:59:35 INFO     40 62 2.530465 4336.0
2026-05-06 19:59:35 INFO     50 62 2.606331 4119.2
2026-05-06 19:59:35 INFO     60 62 2.588359 4336.0
2026-05-06 19:59:35 INFO     >>>>> Predictor: Evaluating on valid
2026-05-06 19:59:35 INFO     Data : 24
2026-05-06 19:59:35 INFO     Hit1 : 0.000000
2026-05-06 19:59:35 INFO     Hit3 : 0.833333
2026-05-06 19:59:35 INFO     Hit10: 1.000000
2026-05-06 19:59:35 INFO     MR   : 3.000000
2026-05-06 19:59:35 INFO     MRR  : 0.368452
2026-05-06 19:59:35 INFO     >>>>> Predictor: Evaluating on test
2026-05-06 19:59:35 INFO     Data : 24
2026-05-06 19:59:35 INFO     Hit1 : 0.000000
2026-05-06 19:59:35 INFO     Hit3 : 0.791667
2026-05-06 19:59:35 INFO     Hit10: 1.000000
2026-05-06 19:59:35 INFO     MR   : 2.833333
2026-05-06 19:59:35 INFO     MRR  : 0.399702
2026-05-06 19:59:35 INFO     -------------------------
2026-05-06 19:59:35 INFO     | Iteration: 4/10
2026-05-06 19:59:35 INFO     -------------------------
2026-05-06 19:59:35 INFO     >>>>> Predictor: Training
2026-05-06 19:59:35 INFO     10 62 2.470689 4336.0
2026-05-06 19:59:35 INFO     20 62 2.622220 4336.0
2026-05-06 19:59:35 INFO     30 62 2.489400 4336.0
2026-05-06 19:59:35 INFO     40 62 2.577785 4336.0
2026-05-06 19:59:35 INFO     50 62 2.829617 4119.2
2026-05-06 19:59:35 INFO     60 62 2.301827 4336.0
2026-05-06 19:59:35 INFO     >>>>> Predictor: Evaluating on valid
2026-05-06 19:59:35 INFO     Data : 24
2026-05-06 19:59:35 INFO     Hit1 : 0.000000
2026-05-06 19:59:35 INFO     Hit3 : 0.750000
2026-05-06 19:59:35 INFO     Hit10: 1.000000
2026-05-06 19:59:35 INFO     MR   : 3.291667
2026-05-06 19:59:35 INFO     MRR  : 0.338542
2026-05-06 19:59:35 INFO     >>>>> Predictor: Evaluating on test
2026-05-06 19:59:35 INFO     Data : 24
2026-05-06 19:59:35 INFO     Hit1 : 0.000000
2026-05-06 19:59:35 INFO     Hit3 : 0.708333
2026-05-06 19:59:35 INFO     Hit10: 1.000000
2026-05-06 19:59:35 INFO     MR   : 3.166667
2026-05-06 19:59:35 INFO     MRR  : 0.373380
2026-05-06 19:59:35 INFO     -------------------------
2026-05-06 19:59:35 INFO     | Iteration: 5/10
2026-05-06 19:59:35 INFO     -------------------------
2026-05-06 19:59:35 INFO     >>>>> Predictor: Training
2026-05-06 19:59:35 INFO     10 62 2.319158 4119.2
2026-05-06 19:59:35 INFO     20 62 2.600907 4336.0
2026-05-06 19:59:35 INFO     30 62 2.408987 4336.0
2026-05-06 19:59:35 INFO     40 62 2.495934 4336.0
2026-05-06 19:59:35 INFO     50 62 2.562439 4336.0
2026-05-06 19:59:35 INFO     60 62 2.626435 4336.0
2026-05-06 19:59:35 INFO     >>>>> Predictor: Evaluating on valid
2026-05-06 19:59:35 INFO     Data : 24
2026-05-06 19:59:35 INFO     Hit1 : 0.000000
2026-05-06 19:59:35 INFO     Hit3 : 0.708333
2026-05-06 19:59:35 INFO     Hit10: 1.000000
2026-05-06 19:59:35 INFO     MR   : 3.583333
2026-05-06 19:59:35 INFO     MRR  : 0.327083
2026-05-06 19:59:35 INFO     >>>>> Predictor: Evaluating on test
2026-05-06 19:59:35 INFO     Data : 24
2026-05-06 19:59:35 INFO     Hit1 : 0.000000
2026-05-06 19:59:35 INFO     Hit3 : 0.625000
2026-05-06 19:59:35 INFO     Hit10: 0.958333
2026-05-06 19:59:35 INFO     MR   : 3.750000
2026-05-06 19:59:35 INFO     MRR  : 0.322935
2026-05-06 19:59:35 INFO     -------------------------
2026-05-06 19:59:35 INFO     | Iteration: 6/10
2026-05-06 19:59:35 INFO     -------------------------
2026-05-06 19:59:35 INFO     >>>>> Predictor: Training
2026-05-06 19:59:35 INFO     10 62 2.543325 4336.0
2026-05-06 19:59:35 INFO     20 62 2.587258 4119.2
2026-05-06 19:59:35 INFO     30 62 2.480545 4336.0
2026-05-06 19:59:36 INFO     40 62 2.523099 4336.0
2026-05-06 19:59:36 INFO     50 62 2.210161 4336.0
2026-05-06 19:59:36 INFO     60 62 2.622632 4336.0
2026-05-06 19:59:36 INFO     >>>>> Predictor: Evaluating on valid
2026-05-06 19:59:36 INFO     Data : 24
2026-05-06 19:59:36 INFO     Hit1 : 0.000000
2026-05-06 19:59:36 INFO     Hit3 : 0.708333
2026-05-06 19:59:36 INFO     Hit10: 1.000000
2026-05-06 19:59:36 INFO     MR   : 3.583333
2026-05-06 19:59:36 INFO     MRR  : 0.327083
2026-05-06 19:59:36 INFO     >>>>> Predictor: Evaluating on test
2026-05-06 19:59:36 INFO     Data : 24
2026-05-06 19:59:36 INFO     Hit1 : 0.000000
2026-05-06 19:59:36 INFO     Hit3 : 0.666667
2026-05-06 19:59:36 INFO     Hit10: 1.000000
2026-05-06 19:59:36 INFO     MR   : 3.458333
2026-05-06 19:59:36 INFO     MRR  : 0.333796
2026-05-06 19:59:36 INFO     -------------------------
2026-05-06 19:59:36 INFO     | Iteration: 7/10
2026-05-06 19:59:36 INFO     -------------------------
2026-05-06 19:59:36 INFO     >>>>> Predictor: Training
2026-05-06 19:59:36 INFO     10 62 2.261069 4336.0
2026-05-06 19:59:36 INFO     20 62 2.460076 4336.0
2026-05-06 19:59:36 INFO     30 62 2.618672 4336.0
2026-05-06 19:59:36 INFO     40 62 2.448378 4336.0
2026-05-06 19:59:36 INFO     50 62 2.619976 4119.2
2026-05-06 19:59:36 INFO     60 62 2.399880 4336.0
2026-05-06 19:59:36 INFO     >>>>> Predictor: Evaluating on valid
2026-05-06 19:59:36 INFO     Data : 24
2026-05-06 19:59:36 INFO     Hit1 : 0.000000
2026-05-06 19:59:36 INFO     Hit3 : 0.708333
2026-05-06 19:59:36 INFO     Hit10: 0.958333
2026-05-06 19:59:36 INFO     MR   : 3.625000
2026-05-06 19:59:36 INFO     MRR  : 0.326705
2026-05-06 19:59:36 INFO     >>>>> Predictor: Evaluating on test
2026-05-06 19:59:36 INFO     Data : 24
2026-05-06 19:59:36 INFO     Hit1 : 0.000000
2026-05-06 19:59:36 INFO     Hit3 : 0.541667
2026-05-06 19:59:36 INFO     Hit10: 1.000000
2026-05-06 19:59:36 INFO     MR   : 3.791667
2026-05-06 19:59:36 INFO     MRR  : 0.316369
2026-05-06 19:59:36 INFO     -------------------------
2026-05-06 19:59:36 INFO     | Iteration: 8/10
2026-05-06 19:59:36 INFO     -------------------------
2026-05-06 19:59:36 INFO     >>>>> Predictor: Training
2026-05-06 19:59:36 INFO     10 62 2.488208 4119.2
2026-05-06 19:59:36 INFO     20 62 2.364228 4336.0
2026-05-06 19:59:36 INFO     30 62 2.799877 4336.0
2026-05-06 19:59:36 INFO     40 62 2.301754 4336.0
2026-05-06 19:59:36 INFO     50 62 2.521486 4336.0
2026-05-06 19:59:36 INFO     60 62 2.226399 4336.0
2026-05-06 19:59:36 INFO     >>>>> Predictor: Evaluating on valid
2026-05-06 19:59:36 INFO     Data : 24
2026-05-06 19:59:36 INFO     Hit1 : 0.000000
2026-05-06 19:59:36 INFO     Hit3 : 0.708333
2026-05-06 19:59:36 INFO     Hit10: 0.958333
2026-05-06 19:59:36 INFO     MR   : 3.666667
2026-05-06 19:59:36 INFO     MRR  : 0.326389
2026-05-06 19:59:36 INFO     >>>>> Predictor: Evaluating on test
2026-05-06 19:59:36 INFO     Data : 24
2026-05-06 19:59:36 INFO     Hit1 : 0.000000
2026-05-06 19:59:36 INFO     Hit3 : 0.541667
2026-05-06 19:59:36 INFO     Hit10: 1.000000
2026-05-06 19:59:36 INFO     MR   : 3.791667
2026-05-06 19:59:36 INFO     MRR  : 0.316369
2026-05-06 19:59:36 INFO     -------------------------
2026-05-06 19:59:36 INFO     | Iteration: 9/10
2026-05-06 19:59:36 INFO     -------------------------
2026-05-06 19:59:36 INFO     >>>>> Predictor: Training
2026-05-06 19:59:36 INFO     10 62 2.358367 4336.0
2026-05-06 19:59:36 INFO     20 62 2.611228 4336.0
2026-05-06 19:59:36 INFO     30 62 2.438842 4336.0
2026-05-06 19:59:36 INFO     40 62 2.298965 4119.2
2026-05-06 19:59:36 INFO     50 62 2.604800 4336.0
2026-05-06 19:59:36 INFO     60 62 2.286303 4336.0
2026-05-06 19:59:37 INFO     >>>>> Predictor: Evaluating on valid
2026-05-06 19:59:37 INFO     Data : 24
2026-05-06 19:59:37 INFO     Hit1 : 0.000000
2026-05-06 19:59:37 INFO     Hit3 : 0.708333
2026-05-06 19:59:37 INFO     Hit10: 0.958333
2026-05-06 19:59:37 INFO     MR   : 3.666667
2026-05-06 19:59:37 INFO     MRR  : 0.326389
2026-05-06 19:59:37 INFO     >>>>> Predictor: Evaluating on test
2026-05-06 19:59:37 INFO     Data : 24
2026-05-06 19:59:37 INFO     Hit1 : 0.000000
2026-05-06 19:59:37 INFO     Hit3 : 0.541667
2026-05-06 19:59:37 INFO     Hit10: 1.000000
2026-05-06 19:59:37 INFO     MR   : 3.708333
2026-05-06 19:59:37 INFO     MRR  : 0.319841
2026-05-06 19:59:37 INFO     -------------------------
2026-05-06 19:59:37 INFO     | Iteration: 10/10
2026-05-06 19:59:37 INFO     -------------------------
2026-05-06 19:59:37 INFO     >>>>> Predictor: Training
2026-05-06 19:59:37 INFO     10 62 2.505648 4336.0
2026-05-06 19:59:37 INFO     20 62 2.403997 4336.0
2026-05-06 19:59:37 INFO     30 62 2.308033 4336.0
2026-05-06 19:59:37 INFO     40 62 2.483965 4336.0
2026-05-06 19:59:37 INFO     50 62 2.232580 4336.0
2026-05-06 19:59:37 INFO     60 62 2.531443 4119.2
2026-05-06 19:59:37 INFO     >>>>> Predictor: Evaluating on valid
2026-05-06 19:59:37 INFO     Data : 24
2026-05-06 19:59:37 INFO     Hit1 : 0.000000
2026-05-06 19:59:37 INFO     Hit3 : 0.708333
2026-05-06 19:59:37 INFO     Hit10: 0.958333
2026-05-06 19:59:37 INFO     MR   : 3.666667
2026-05-06 19:59:37 INFO     MRR  : 0.326389
2026-05-06 19:59:37 INFO     >>>>> Predictor: Evaluating on test
2026-05-06 19:59:37 INFO     Data : 24
2026-05-06 19:59:37 INFO     Hit1 : 0.000000
2026-05-06 19:59:37 INFO     Hit3 : 0.500000
2026-05-06 19:59:37 INFO     Hit10: 0.958333
2026-05-06 19:59:37 INFO     MR   : 4.000000
2026-05-06 19:59:37 INFO     MRR  : 0.307607
