2026-05-06 19:54:02 INFO     Predictor+: read 8 rules from file.
2026-05-06 19:54:03 INFO     Preprocess training set
2026-05-06 19:54:03 INFO     -------------------------
2026-05-06 19:54:03 INFO     | Iteration: 1/10
2026-05-06 19:54:03 INFO     -------------------------
2026-05-06 19:54:03 INFO     >>>>> Predictor: Training
2026-05-06 19:54:03 INFO     10 62 4.561557 4336.0
2026-05-06 19:54:03 INFO     20 62 3.558392 4336.0
2026-05-06 19:54:03 INFO     30 62 3.181920 4336.0
2026-05-06 19:54:03 INFO     40 62 2.867487 4336.0
2026-05-06 19:54:03 INFO     50 62 2.886485 4119.2
2026-05-06 19:54:04 INFO     60 62 2.530452 4336.0
2026-05-06 19:54:04 INFO     >>>>> Predictor: Evaluating on valid
2026-05-06 19:54:04 INFO     Data : 24
2026-05-06 19:54:04 INFO     Hit1 : 0.000000
2026-05-06 19:54:04 INFO     Hit3 : 0.791667
2026-05-06 19:54:04 INFO     Hit10: 1.000000
2026-05-06 19:54:04 INFO     MR   : 3.166667
2026-05-06 19:54:04 INFO     MRR  : 0.358333
2026-05-06 19:54:04 INFO     >>>>> Predictor: Evaluating on test
2026-05-06 19:54:04 INFO     Data : 24
2026-05-06 19:54:04 INFO     Hit1 : 0.000000
2026-05-06 19:54:04 INFO     Hit3 : 0.708333
2026-05-06 19:54:04 INFO     Hit10: 1.000000
2026-05-06 19:54:04 INFO     MR   : 3.125000
2026-05-06 19:54:04 INFO     MRR  : 0.369792
2026-05-06 19:54:04 INFO     Save checkpoint to COUNTRIES_S3_seed43/predictor.pt
2026-05-06 19:54:04 INFO     -------------------------
2026-05-06 19:54:04 INFO     | Iteration: 2/10
2026-05-06 19:54:04 INFO     -------------------------
2026-05-06 19:54:04 INFO     >>>>> Predictor: Training
2026-05-06 19:54:04 INFO     10 62 2.487882 4119.2
2026-05-06 19:54:04 INFO     20 62 2.460025 4336.0
2026-05-06 19:54:04 INFO     30 62 2.718384 4336.0
2026-05-06 19:54:04 INFO     40 62 2.627299 4336.0
2026-05-06 19:54:04 INFO     50 62 2.555134 4336.0
2026-05-06 19:54:04 INFO     60 62 2.873998 4336.0
2026-05-06 19:54:04 INFO     >>>>> Predictor: Evaluating on valid
2026-05-06 19:54:04 INFO     Data : 24
2026-05-06 19:54:04 INFO     Hit1 : 0.000000
2026-05-06 19:54:04 INFO     Hit3 : 0.875000
2026-05-06 19:54:04 INFO     Hit10: 1.000000
2026-05-06 19:54:04 INFO     MR   : 2.791667
2026-05-06 19:54:04 INFO     MRR  : 0.413889
2026-05-06 19:54:04 INFO     >>>>> Predictor: Evaluating on test
2026-05-06 19:54:04 INFO     Data : 24
2026-05-06 19:54:04 INFO     Hit1 : 0.000000
2026-05-06 19:54:04 INFO     Hit3 : 0.916667
2026-05-06 19:54:04 INFO     Hit10: 1.000000
2026-05-06 19:54:04 INFO     MR   : 2.458333
2026-05-06 19:54:04 INFO     MRR  : 0.430556
2026-05-06 19:54:04 INFO     Save checkpoint to COUNTRIES_S3_seed43/predictor.pt
2026-05-06 19:54:04 INFO     -------------------------
2026-05-06 19:54:04 INFO     | Iteration: 3/10
2026-05-06 19:54:04 INFO     -------------------------
2026-05-06 19:54:04 INFO     >>>>> Predictor: Training
2026-05-06 19:54:04 INFO     10 62 2.635554 4336.0
2026-05-06 19:54:04 INFO     20 62 2.541815 4336.0
2026-05-06 19:54:04 INFO     30 62 2.689771 4336.0
2026-05-06 19:54:04 INFO     40 62 2.554424 4336.0
2026-05-06 19:54:04 INFO     50 62 2.524243 4119.2
2026-05-06 19:54:04 INFO     60 62 2.478970 4336.0
2026-05-06 19:54:04 INFO     >>>>> Predictor: Evaluating on valid
2026-05-06 19:54:04 INFO     Data : 24
2026-05-06 19:54:04 INFO     Hit1 : 0.000000
2026-05-06 19:54:04 INFO     Hit3 : 0.708333
2026-05-06 19:54:04 INFO     Hit10: 0.958333
2026-05-06 19:54:04 INFO     MR   : 3.708333
2026-05-06 19:54:04 INFO     MRR  : 0.326122
2026-05-06 19:54:04 INFO     >>>>> Predictor: Evaluating on test
2026-05-06 19:54:04 INFO     Data : 24
2026-05-06 19:54:04 INFO     Hit1 : 0.000000
2026-05-06 19:54:04 INFO     Hit3 : 0.625000
2026-05-06 19:54:04 INFO     Hit10: 1.000000
2026-05-06 19:54:04 INFO     MR   : 3.500000
2026-05-06 19:54:04 INFO     MRR  : 0.336806
2026-05-06 19:54:04 INFO     -------------------------
2026-05-06 19:54:04 INFO     | Iteration: 4/10
2026-05-06 19:54:04 INFO     -------------------------
2026-05-06 19:54:04 INFO     >>>>> Predictor: Training
2026-05-06 19:54:04 INFO     10 62 2.497607 4119.2
2026-05-06 19:54:04 INFO     20 62 2.643003 4336.0
2026-05-06 19:54:04 INFO     30 62 2.524881 4336.0
2026-05-06 19:54:04 INFO     40 62 2.455699 4336.0
2026-05-06 19:54:04 INFO     50 62 2.516738 4336.0
2026-05-06 19:54:04 INFO     60 62 2.561801 4336.0
2026-05-06 19:54:04 INFO     >>>>> Predictor: Evaluating on valid
2026-05-06 19:54:04 INFO     Data : 24
2026-05-06 19:54:04 INFO     Hit1 : 0.041667
2026-05-06 19:54:04 INFO     Hit3 : 0.708333
2026-05-06 19:54:04 INFO     Hit10: 1.000000
2026-05-06 19:54:04 INFO     MR   : 3.500000
2026-05-06 19:54:04 INFO     MRR  : 0.348380
2026-05-06 19:54:04 INFO     >>>>> Predictor: Evaluating on test
2026-05-06 19:54:04 INFO     Data : 24
2026-05-06 19:54:04 INFO     Hit1 : 0.041667
2026-05-06 19:54:04 INFO     Hit3 : 0.666667
2026-05-06 19:54:04 INFO     Hit10: 1.000000
2026-05-06 19:54:04 INFO     MR   : 3.208333
2026-05-06 19:54:04 INFO     MRR  : 0.383796
2026-05-06 19:54:04 INFO     -------------------------
2026-05-06 19:54:04 INFO     | Iteration: 5/10
2026-05-06 19:54:04 INFO     -------------------------
2026-05-06 19:54:04 INFO     >>>>> Predictor: Training
2026-05-06 19:54:05 INFO     10 62 2.341624 4336.0
2026-05-06 19:54:05 INFO     20 62 2.468562 4336.0
2026-05-06 19:54:05 INFO     30 62 2.494903 4119.2
2026-05-06 19:54:05 INFO     40 62 2.509480 4336.0
2026-05-06 19:54:05 INFO     50 62 2.644087 4336.0
2026-05-06 19:54:05 INFO     60 62 2.459119 4336.0
2026-05-06 19:54:05 INFO     >>>>> Predictor: Evaluating on valid
2026-05-06 19:54:05 INFO     Data : 24
2026-05-06 19:54:05 INFO     Hit1 : 0.000000
2026-05-06 19:54:05 INFO     Hit3 : 0.708333
2026-05-06 19:54:05 INFO     Hit10: 0.958333
2026-05-06 19:54:05 INFO     MR   : 3.708333
2026-05-06 19:54:05 INFO     MRR  : 0.326122
2026-05-06 19:54:05 INFO     >>>>> Predictor: Evaluating on test
2026-05-06 19:54:05 INFO     Data : 24
2026-05-06 19:54:05 INFO     Hit1 : 0.000000
2026-05-06 19:54:05 INFO     Hit3 : 0.625000
2026-05-06 19:54:05 INFO     Hit10: 1.000000
2026-05-06 19:54:05 INFO     MR   : 3.375000
2026-05-06 19:54:05 INFO     MRR  : 0.345602
2026-05-06 19:54:05 INFO     -------------------------
2026-05-06 19:54:05 INFO     | Iteration: 6/10
2026-05-06 19:54:05 INFO     -------------------------
2026-05-06 19:54:05 INFO     >>>>> Predictor: Training
2026-05-06 19:54:05 INFO     10 62 2.705064 4336.0
2026-05-06 19:54:05 INFO     20 62 2.158002 4336.0
2026-05-06 19:54:05 INFO     30 62 2.592263 4336.0
2026-05-06 19:54:05 INFO     40 62 2.569086 4336.0
2026-05-06 19:54:05 INFO     50 62 2.130543 4336.0
2026-05-06 19:54:05 INFO     60 62 2.731917 4119.2
2026-05-06 19:54:05 INFO     >>>>> Predictor: Evaluating on valid
2026-05-06 19:54:05 INFO     Data : 24
2026-05-06 19:54:05 INFO     Hit1 : 0.041667
2026-05-06 19:54:05 INFO     Hit3 : 0.708333
2026-05-06 19:54:05 INFO     Hit10: 0.958333
2026-05-06 19:54:05 INFO     MR   : 3.625000
2026-05-06 19:54:05 INFO     MRR  : 0.347222
2026-05-06 19:54:05 INFO     >>>>> Predictor: Evaluating on test
2026-05-06 19:54:05 INFO     Data : 24
2026-05-06 19:54:05 INFO     Hit1 : 0.041667
2026-05-06 19:54:05 INFO     Hit3 : 0.625000
2026-05-06 19:54:05 INFO     Hit10: 1.000000
2026-05-06 19:54:05 INFO     MR   : 3.458333
2026-05-06 19:54:05 INFO     MRR  : 0.356019
2026-05-06 19:54:05 INFO     -------------------------
2026-05-06 19:54:05 INFO     | Iteration: 7/10
2026-05-06 19:54:05 INFO     -------------------------
2026-05-06 19:54:05 INFO     >>>>> Predictor: Training
2026-05-06 19:54:05 INFO     10 62 2.299809 4336.0
2026-05-06 19:54:05 INFO     20 62 2.366678 4336.0
2026-05-06 19:54:05 INFO     30 62 2.588067 4119.2
2026-05-06 19:54:05 INFO     40 62 2.520166 4336.0
2026-05-06 19:54:05 INFO     50 62 2.643055 4336.0
2026-05-06 19:54:05 INFO     60 62 2.269277 4336.0
2026-05-06 19:54:05 INFO     >>>>> Predictor: Evaluating on valid
2026-05-06 19:54:05 INFO     Data : 24
2026-05-06 19:54:05 INFO     Hit1 : 0.000000
2026-05-06 19:54:05 INFO     Hit3 : 0.708333
2026-05-06 19:54:05 INFO     Hit10: 0.958333
2026-05-06 19:54:05 INFO     MR   : 3.625000
2026-05-06 19:54:05 INFO     MRR  : 0.328900
2026-05-06 19:54:05 INFO     >>>>> Predictor: Evaluating on test
2026-05-06 19:54:05 INFO     Data : 24
2026-05-06 19:54:05 INFO     Hit1 : 0.000000
2026-05-06 19:54:05 INFO     Hit3 : 0.625000
2026-05-06 19:54:05 INFO     Hit10: 1.000000
2026-05-06 19:54:05 INFO     MR   : 3.458333
2026-05-06 19:54:05 INFO     MRR  : 0.337269
2026-05-06 19:54:05 INFO     -------------------------
2026-05-06 19:54:05 INFO     | Iteration: 8/10
2026-05-06 19:54:05 INFO     -------------------------
2026-05-06 19:54:05 INFO     >>>>> Predictor: Training
2026-05-06 19:54:05 INFO     10 62 2.368360 4119.2
2026-05-06 19:54:05 INFO     20 62 2.690426 4336.0
2026-05-06 19:54:05 INFO     30 62 2.313652 4336.0
2026-05-06 19:54:06 INFO     40 62 2.542693 4336.0
2026-05-06 19:54:06 INFO     50 62 2.385322 4336.0
2026-05-06 19:54:06 INFO     60 62 2.310868 4336.0
2026-05-06 19:54:06 INFO     >>>>> Predictor: Evaluating on valid
2026-05-06 19:54:06 INFO     Data : 24
2026-05-06 19:54:06 INFO     Hit1 : 0.041667
2026-05-06 19:54:06 INFO     Hit3 : 0.708333
2026-05-06 19:54:06 INFO     Hit10: 0.958333
2026-05-06 19:54:06 INFO     MR   : 3.541667
2026-05-06 19:54:06 INFO     MRR  : 0.351816
2026-05-06 19:54:06 INFO     >>>>> Predictor: Evaluating on test
2026-05-06 19:54:06 INFO     Data : 24
2026-05-06 19:54:06 INFO     Hit1 : 0.041667
2026-05-06 19:54:06 INFO     Hit3 : 0.625000
2026-05-06 19:54:06 INFO     Hit10: 1.000000
2026-05-06 19:54:06 INFO     MR   : 3.291667
2026-05-06 19:54:06 INFO     MRR  : 0.378935
2026-05-06 19:54:06 INFO     -------------------------
2026-05-06 19:54:06 INFO     | Iteration: 9/10
2026-05-06 19:54:06 INFO     -------------------------
2026-05-06 19:54:06 INFO     >>>>> Predictor: Training
2026-05-06 19:54:06 INFO     10 62 2.190208 4336.0
2026-05-06 19:54:06 INFO     20 62 2.485425 4336.0
2026-05-06 19:54:06 INFO     30 62 2.450601 4336.0
2026-05-06 19:54:06 INFO     40 62 2.301476 4336.0
2026-05-06 19:54:06 INFO     50 62 2.458463 4119.2
2026-05-06 19:54:06 INFO     60 62 2.641314 4336.0
2026-05-06 19:54:06 INFO     >>>>> Predictor: Evaluating on valid
2026-05-06 19:54:06 INFO     Data : 24
2026-05-06 19:54:06 INFO     Hit1 : 0.000000
2026-05-06 19:54:06 INFO     Hit3 : 0.750000
2026-05-06 19:54:06 INFO     Hit10: 0.958333
2026-05-06 19:54:06 INFO     MR   : 3.500000
2026-05-06 19:54:06 INFO     MRR  : 0.336538
2026-05-06 19:54:06 INFO     >>>>> Predictor: Evaluating on test
2026-05-06 19:54:06 INFO     Data : 24
2026-05-06 19:54:06 INFO     Hit1 : 0.000000
2026-05-06 19:54:06 INFO     Hit3 : 0.666667
2026-05-06 19:54:06 INFO     Hit10: 1.000000
2026-05-06 19:54:06 INFO     MR   : 3.208333
2026-05-06 19:54:06 INFO     MRR  : 0.363542
2026-05-06 19:54:06 INFO     -------------------------
2026-05-06 19:54:06 INFO     | Iteration: 10/10
2026-05-06 19:54:06 INFO     -------------------------
2026-05-06 19:54:06 INFO     >>>>> Predictor: Training
2026-05-06 19:54:06 INFO     10 62 2.587122 4336.0
2026-05-06 19:54:06 INFO     20 62 2.298994 4336.0
2026-05-06 19:54:06 INFO     30 62 2.320561 4336.0
2026-05-06 19:54:06 INFO     40 62 2.334559 4336.0
2026-05-06 19:54:06 INFO     50 62 2.225928 4119.2
2026-05-06 19:54:06 INFO     60 62 2.726117 4336.0
2026-05-06 19:54:06 INFO     >>>>> Predictor: Evaluating on valid
2026-05-06 19:54:06 INFO     Data : 24
2026-05-06 19:54:06 INFO     Hit1 : 0.000000
2026-05-06 19:54:06 INFO     Hit3 : 0.708333
2026-05-06 19:54:06 INFO     Hit10: 0.958333
2026-05-06 19:54:06 INFO     MR   : 3.666667
2026-05-06 19:54:06 INFO     MRR  : 0.326389
2026-05-06 19:54:06 INFO     >>>>> Predictor: Evaluating on test
2026-05-06 19:54:06 INFO     Data : 24
2026-05-06 19:54:06 INFO     Hit1 : 0.000000
2026-05-06 19:54:06 INFO     Hit3 : 0.583333
2026-05-06 19:54:06 INFO     Hit10: 1.000000
2026-05-06 19:54:06 INFO     MR   : 3.625000
2026-05-06 19:54:06 INFO     MRR  : 0.330258
