2026-05-06 20:02:06 INFO     Predictor+: read 192 rules from file.
2026-05-06 20:02:06 INFO     Preprocess training set
2026-05-06 20:02:07 INFO     -------------------------
2026-05-06 20:02:07 INFO     | Iteration: 1/10
2026-05-06 20:02:07 INFO     -------------------------
2026-05-06 20:02:07 INFO     >>>>> Predictor: Training
2026-05-06 20:02:07 INFO     10 105 4.861502 7296.0
2026-05-06 20:02:07 INFO     20 105 2.019747 7440.0
2026-05-06 20:02:07 INFO     30 105 2.465863 7104.0
2026-05-06 20:02:07 INFO     40 105 1.897684 6912.0
2026-05-06 20:02:07 INFO     50 105 2.008660 6960.0
2026-05-06 20:02:07 INFO     60 105 1.642601 7104.0
2026-05-06 20:02:07 INFO     70 105 2.250813 7680.0
2026-05-06 20:02:07 INFO     80 105 1.701656 6864.0
2026-05-06 20:02:07 INFO     90 105 1.821105 7104.0
2026-05-06 20:02:08 INFO     100 105 1.630560 7152.0
2026-05-06 20:02:08 INFO     >>>>> Predictor: Evaluating on valid
2026-05-06 20:02:08 INFO     Data : 224
2026-05-06 20:02:08 INFO     Hit1 : 0.776786
2026-05-06 20:02:08 INFO     Hit3 : 0.848214
2026-05-06 20:02:08 INFO     Hit10: 0.852679
2026-05-06 20:02:08 INFO     MR   : 51.504464
2026-05-06 20:02:08 INFO     MRR  : 0.811965
2026-05-06 20:02:08 INFO     >>>>> Predictor: Evaluating on test
2026-05-06 20:02:08 INFO     Data : 448
2026-05-06 20:02:08 INFO     Hit1 : 0.763393
2026-05-06 20:02:08 INFO     Hit3 : 0.787946
2026-05-06 20:02:08 INFO     Hit10: 0.790179
2026-05-06 20:02:08 INFO     MR   : 66.636161
2026-05-06 20:02:08 INFO     MRR  : 0.775642
2026-05-06 20:02:08 INFO     Save checkpoint to KINSHIP_1990_EXTENDED_seed46/predictor.pt
2026-05-06 20:02:08 INFO     -------------------------
2026-05-06 20:02:08 INFO     | Iteration: 2/10
2026-05-06 20:02:08 INFO     -------------------------
2026-05-06 20:02:08 INFO     >>>>> Predictor: Training
2026-05-06 20:02:08 INFO     10 105 1.832204 7488.0
2026-05-06 20:02:08 INFO     20 105 1.599693 7200.0
2026-05-06 20:02:08 INFO     30 105 1.837661 6048.0
2026-05-06 20:02:08 INFO     40 105 1.840540 7344.0
2026-05-06 20:02:08 INFO     50 105 1.596324 7104.0
2026-05-06 20:02:08 INFO     60 105 1.908059 7680.0
2026-05-06 20:02:08 INFO     70 105 1.543279 6720.0
2026-05-06 20:02:08 INFO     80 105 1.599310 7680.0
2026-05-06 20:02:08 INFO     90 105 1.230772 6576.0
2026-05-06 20:02:08 INFO     100 105 2.289659 7584.0
2026-05-06 20:02:08 INFO     >>>>> Predictor: Evaluating on valid
2026-05-06 20:02:08 INFO     Data : 224
2026-05-06 20:02:08 INFO     Hit1 : 0.767857
2026-05-06 20:02:08 INFO     Hit3 : 0.852679
2026-05-06 20:02:08 INFO     Hit10: 0.852679
2026-05-06 20:02:08 INFO     MR   : 50.116071
2026-05-06 20:02:08 INFO     MRR  : 0.808607
2026-05-06 20:02:08 INFO     >>>>> Predictor: Evaluating on test
2026-05-06 20:02:09 INFO     Data : 448
2026-05-06 20:02:09 INFO     Hit1 : 0.765625
2026-05-06 20:02:09 INFO     Hit3 : 0.787946
2026-05-06 20:02:09 INFO     Hit10: 0.787946
2026-05-06 20:02:09 INFO     MR   : 65.669643
2026-05-06 20:02:09 INFO     MRR  : 0.777634
2026-05-06 20:02:09 INFO     -------------------------
2026-05-06 20:02:09 INFO     | Iteration: 3/10
2026-05-06 20:02:09 INFO     -------------------------
2026-05-06 20:02:09 INFO     >>>>> Predictor: Training
2026-05-06 20:02:09 INFO     10 105 1.427100 7104.0
2026-05-06 20:02:09 INFO     20 105 1.321753 7680.0
2026-05-06 20:02:09 INFO     30 105 1.605142 6576.0
2026-05-06 20:02:09 INFO     40 105 1.483854 7200.0
2026-05-06 20:02:09 INFO     50 105 1.549898 6576.0
2026-05-06 20:02:09 INFO     60 105 1.800342 7680.0
2026-05-06 20:02:09 INFO     70 105 1.704154 7680.0
2026-05-06 20:02:09 INFO     80 105 1.943303 6192.0
2026-05-06 20:02:09 INFO     90 105 1.941385 7248.0
2026-05-06 20:02:09 INFO     100 105 1.818303 7488.0
2026-05-06 20:02:09 INFO     >>>>> Predictor: Evaluating on valid
2026-05-06 20:02:09 INFO     Data : 224
2026-05-06 20:02:09 INFO     Hit1 : 0.754464
2026-05-06 20:02:09 INFO     Hit3 : 0.848214
2026-05-06 20:02:09 INFO     Hit10: 0.852679
2026-05-06 20:02:09 INFO     MR   : 49.464286
2026-05-06 20:02:09 INFO     MRR  : 0.800958
2026-05-06 20:02:09 INFO     >>>>> Predictor: Evaluating on test
2026-05-06 20:02:09 INFO     Data : 448
2026-05-06 20:02:09 INFO     Hit1 : 0.774554
2026-05-06 20:02:09 INFO     Hit3 : 0.787946
2026-05-06 20:02:09 INFO     Hit10: 0.792411
2026-05-06 20:02:09 INFO     MR   : 64.511161
2026-05-06 20:02:09 INFO     MRR  : 0.782778
2026-05-06 20:02:09 INFO     -------------------------
2026-05-06 20:02:09 INFO     | Iteration: 4/10
2026-05-06 20:02:09 INFO     -------------------------
2026-05-06 20:02:09 INFO     >>>>> Predictor: Training
2026-05-06 20:02:09 INFO     10 105 2.030953 7104.0
2026-05-06 20:02:09 INFO     20 105 1.860153 7200.0
2026-05-06 20:02:10 INFO     30 105 0.983734 6768.0
2026-05-06 20:02:10 INFO     40 105 1.874532 7104.0
2026-05-06 20:02:10 INFO     50 105 1.219098 7680.0
2026-05-06 20:02:10 INFO     60 105 1.617996 7680.0
2026-05-06 20:02:10 INFO     70 105 1.734275 7392.0
2026-05-06 20:02:10 INFO     80 105 1.860180 7152.0
2026-05-06 20:02:10 INFO     90 105 1.636478 6576.0
2026-05-06 20:02:10 INFO     100 105 1.542675 7344.0
2026-05-06 20:02:10 INFO     >>>>> Predictor: Evaluating on valid
2026-05-06 20:02:10 INFO     Data : 224
2026-05-06 20:02:10 INFO     Hit1 : 0.772321
2026-05-06 20:02:10 INFO     Hit3 : 0.848214
2026-05-06 20:02:10 INFO     Hit10: 0.852679
2026-05-06 20:02:10 INFO     MR   : 48.120536
2026-05-06 20:02:10 INFO     MRR  : 0.808751
2026-05-06 20:02:10 INFO     >>>>> Predictor: Evaluating on test
2026-05-06 20:02:10 INFO     Data : 448
2026-05-06 20:02:10 INFO     Hit1 : 0.770089
2026-05-06 20:02:10 INFO     Hit3 : 0.787946
2026-05-06 20:02:10 INFO     Hit10: 0.792411
2026-05-06 20:02:10 INFO     MR   : 64.104911
2026-05-06 20:02:10 INFO     MRR  : 0.780504
2026-05-06 20:02:10 INFO     -------------------------
2026-05-06 20:02:10 INFO     | Iteration: 5/10
2026-05-06 20:02:10 INFO     -------------------------
2026-05-06 20:02:10 INFO     >>>>> Predictor: Training
2026-05-06 20:02:10 INFO     10 105 1.558480 6912.0
2026-05-06 20:02:10 INFO     20 105 1.446517 7680.0
2026-05-06 20:02:10 INFO     30 105 1.846768 7488.0
2026-05-06 20:02:10 INFO     40 105 1.332853 7152.0
2026-05-06 20:02:10 INFO     50 105 1.521080 6816.0
2026-05-06 20:02:10 INFO     60 105 1.483764 6192.0
2026-05-06 20:02:10 INFO     70 105 1.706953 7056.0
2026-05-06 20:02:11 INFO     80 105 2.037418 7440.0
2026-05-06 20:02:11 INFO     90 105 1.980702 7104.0
2026-05-06 20:02:11 INFO     100 105 1.551669 7584.0
2026-05-06 20:02:11 INFO     >>>>> Predictor: Evaluating on valid
2026-05-06 20:02:11 INFO     Data : 224
2026-05-06 20:02:11 INFO     Hit1 : 0.772321
2026-05-06 20:02:11 INFO     Hit3 : 0.848214
2026-05-06 20:02:11 INFO     Hit10: 0.852679
2026-05-06 20:02:11 INFO     MR   : 47.196429
2026-05-06 20:02:11 INFO     MRR  : 0.808743
2026-05-06 20:02:11 INFO     >>>>> Predictor: Evaluating on test
2026-05-06 20:02:11 INFO     Data : 448
2026-05-06 20:02:11 INFO     Hit1 : 0.774554
2026-05-06 20:02:11 INFO     Hit3 : 0.787946
2026-05-06 20:02:11 INFO     Hit10: 0.792411
2026-05-06 20:02:11 INFO     MR   : 64.136161
2026-05-06 20:02:11 INFO     MRR  : 0.782807
2026-05-06 20:02:11 INFO     -------------------------
2026-05-06 20:02:11 INFO     | Iteration: 6/10
2026-05-06 20:02:11 INFO     -------------------------
2026-05-06 20:02:11 INFO     >>>>> Predictor: Training
2026-05-06 20:02:11 INFO     10 105 1.398839 5904.0
2026-05-06 20:02:11 INFO     20 105 2.027042 6960.0
2026-05-06 20:02:11 INFO     30 105 2.040568 7680.0
2026-05-06 20:02:11 INFO     40 105 1.356912 7584.0
2026-05-06 20:02:11 INFO     50 105 1.677150 7680.0
2026-05-06 20:02:11 INFO     60 105 1.286116 7680.0
2026-05-06 20:02:11 INFO     70 105 1.320729 7680.0
2026-05-06 20:02:11 INFO     80 105 1.516251 6912.0
2026-05-06 20:02:11 INFO     90 105 1.425895 7344.0
2026-05-06 20:02:11 INFO     100 105 1.876277 7584.0
2026-05-06 20:02:11 INFO     >>>>> Predictor: Evaluating on valid
2026-05-06 20:02:12 INFO     Data : 224
2026-05-06 20:02:12 INFO     Hit1 : 0.767857
2026-05-06 20:02:12 INFO     Hit3 : 0.848214
2026-05-06 20:02:12 INFO     Hit10: 0.852679
2026-05-06 20:02:12 INFO     MR   : 45.964286
2026-05-06 20:02:12 INFO     MRR  : 0.807719
2026-05-06 20:02:12 INFO     >>>>> Predictor: Evaluating on test
2026-05-06 20:02:12 INFO     Data : 448
2026-05-06 20:02:12 INFO     Hit1 : 0.772321
2026-05-06 20:02:12 INFO     Hit3 : 0.787946
2026-05-06 20:02:12 INFO     Hit10: 0.792411
2026-05-06 20:02:12 INFO     MR   : 64.256696
2026-05-06 20:02:12 INFO     MRR  : 0.781214
2026-05-06 20:02:12 INFO     -------------------------
2026-05-06 20:02:12 INFO     | Iteration: 7/10
2026-05-06 20:02:12 INFO     -------------------------
2026-05-06 20:02:12 INFO     >>>>> Predictor: Training
2026-05-06 20:02:12 INFO     10 105 1.694696 7680.0
2026-05-06 20:02:12 INFO     20 105 1.927835 6576.0
2026-05-06 20:02:12 INFO     30 105 2.128586 7104.0
2026-05-06 20:02:12 INFO     40 105 2.002758 7152.0
2026-05-06 20:02:12 INFO     50 105 1.590174 7008.0
2026-05-06 20:02:12 INFO     60 105 1.208860 6864.0
2026-05-06 20:02:12 INFO     70 105 1.283025 6912.0
2026-05-06 20:02:12 INFO     80 105 1.304758 7680.0
2026-05-06 20:02:12 INFO     90 105 1.734242 7296.0
2026-05-06 20:02:12 INFO     100 105 1.325360 7248.0
2026-05-06 20:02:12 INFO     >>>>> Predictor: Evaluating on valid
2026-05-06 20:02:12 INFO     Data : 224
2026-05-06 20:02:12 INFO     Hit1 : 0.767857
2026-05-06 20:02:12 INFO     Hit3 : 0.848214
2026-05-06 20:02:12 INFO     Hit10: 0.848214
2026-05-06 20:02:12 INFO     MR   : 46.705357
2026-05-06 20:02:12 INFO     MRR  : 0.807551
2026-05-06 20:02:12 INFO     >>>>> Predictor: Evaluating on test
2026-05-06 20:02:13 INFO     Data : 448
2026-05-06 20:02:13 INFO     Hit1 : 0.772321
2026-05-06 20:02:13 INFO     Hit3 : 0.787946
2026-05-06 20:02:13 INFO     Hit10: 0.792411
2026-05-06 20:02:13 INFO     MR   : 64.379464
2026-05-06 20:02:13 INFO     MRR  : 0.781270
2026-05-06 20:02:13 INFO     -------------------------
2026-05-06 20:02:13 INFO     | Iteration: 8/10
2026-05-06 20:02:13 INFO     -------------------------
2026-05-06 20:02:13 INFO     >>>>> Predictor: Training
2026-05-06 20:02:13 INFO     10 105 1.901618 7488.0
2026-05-06 20:02:13 INFO     20 105 1.502339 7296.0
2026-05-06 20:02:13 INFO     30 105 1.994927 6480.0
2026-05-06 20:02:13 INFO     40 105 1.750125 6672.0
2026-05-06 20:02:13 INFO     50 105 1.701260 7680.0
2026-05-06 20:02:13 INFO     60 105 1.480707 7680.0
2026-05-06 20:02:13 INFO     70 105 1.943559 7200.0
2026-05-06 20:02:13 INFO     80 105 1.551310 6432.0
2026-05-06 20:02:13 INFO     90 105 1.573881 7008.0
2026-05-06 20:02:13 INFO     100 105 1.014146 7488.0
2026-05-06 20:02:13 INFO     >>>>> Predictor: Evaluating on valid
2026-05-06 20:02:13 INFO     Data : 224
2026-05-06 20:02:13 INFO     Hit1 : 0.767857
2026-05-06 20:02:13 INFO     Hit3 : 0.848214
2026-05-06 20:02:13 INFO     Hit10: 0.848214
2026-05-06 20:02:13 INFO     MR   : 46.151786
2026-05-06 20:02:13 INFO     MRR  : 0.808323
2026-05-06 20:02:13 INFO     >>>>> Predictor: Evaluating on test
2026-05-06 20:02:13 INFO     Data : 448
2026-05-06 20:02:13 INFO     Hit1 : 0.772321
2026-05-06 20:02:13 INFO     Hit3 : 0.787946
2026-05-06 20:02:13 INFO     Hit10: 0.792411
2026-05-06 20:02:13 INFO     MR   : 64.216518
2026-05-06 20:02:13 INFO     MRR  : 0.781286
2026-05-06 20:02:13 INFO     -------------------------
2026-05-06 20:02:13 INFO     | Iteration: 9/10
2026-05-06 20:02:13 INFO     -------------------------
2026-05-06 20:02:13 INFO     >>>>> Predictor: Training
2026-05-06 20:02:13 INFO     10 105 2.080508 7248.0
2026-05-06 20:02:13 INFO     20 105 2.001251 7680.0
2026-05-06 20:02:13 INFO     30 105 1.253988 7680.0
2026-05-06 20:02:14 INFO     40 105 1.569230 7200.0
2026-05-06 20:02:14 INFO     50 105 1.087085 7488.0
2026-05-06 20:02:14 INFO     60 105 2.330363 6432.0
2026-05-06 20:02:14 INFO     70 105 1.340849 7056.0
2026-05-06 20:02:14 INFO     80 105 1.917628 7104.0
2026-05-06 20:02:14 INFO     90 105 1.269854 7008.0
2026-05-06 20:02:14 INFO     100 105 1.169858 6528.0
2026-05-06 20:02:14 INFO     >>>>> Predictor: Evaluating on valid
2026-05-06 20:02:14 INFO     Data : 224
2026-05-06 20:02:14 INFO     Hit1 : 0.763393
2026-05-06 20:02:14 INFO     Hit3 : 0.843750
2026-05-06 20:02:14 INFO     Hit10: 0.848214
2026-05-06 20:02:14 INFO     MR   : 46.075893
2026-05-06 20:02:14 INFO     MRR  : 0.804962
2026-05-06 20:02:14 INFO     >>>>> Predictor: Evaluating on test
2026-05-06 20:02:14 INFO     Data : 448
2026-05-06 20:02:14 INFO     Hit1 : 0.767857
2026-05-06 20:02:14 INFO     Hit3 : 0.787946
2026-05-06 20:02:14 INFO     Hit10: 0.792411
2026-05-06 20:02:14 INFO     MR   : 64.040179
2026-05-06 20:02:14 INFO     MRR  : 0.779252
2026-05-06 20:02:14 INFO     -------------------------
2026-05-06 20:02:14 INFO     | Iteration: 10/10
2026-05-06 20:02:14 INFO     -------------------------
2026-05-06 20:02:14 INFO     >>>>> Predictor: Training
2026-05-06 20:02:14 INFO     10 105 1.695200 7200.0
2026-05-06 20:02:14 INFO     20 105 2.174275 7584.0
2026-05-06 20:02:14 INFO     30 105 1.832055 7248.0
2026-05-06 20:02:14 INFO     40 105 1.136960 7056.0
2026-05-06 20:02:14 INFO     50 105 1.646024 5808.0
2026-05-06 20:02:14 INFO     60 105 1.468101 7056.0
2026-05-06 20:02:14 INFO     70 105 1.222925 6864.0
2026-05-06 20:02:15 INFO     80 105 1.200990 7680.0
2026-05-06 20:02:15 INFO     90 105 1.806465 7248.0
2026-05-06 20:02:15 INFO     100 105 1.584659 7680.0
2026-05-06 20:02:15 INFO     >>>>> Predictor: Evaluating on valid
2026-05-06 20:02:15 INFO     Data : 224
2026-05-06 20:02:15 INFO     Hit1 : 0.763393
2026-05-06 20:02:15 INFO     Hit3 : 0.848214
2026-05-06 20:02:15 INFO     Hit10: 0.852679
2026-05-06 20:02:15 INFO     MR   : 45.366071
2026-05-06 20:02:15 INFO     MRR  : 0.805542
2026-05-06 20:02:15 INFO     >>>>> Predictor: Evaluating on test
2026-05-06 20:02:15 INFO     Data : 448
2026-05-06 20:02:15 INFO     Hit1 : 0.776786
2026-05-06 20:02:15 INFO     Hit3 : 0.787946
2026-05-06 20:02:15 INFO     Hit10: 0.792411
2026-05-06 20:02:15 INFO     MR   : 64.151786
2026-05-06 20:02:15 INFO     MRR  : 0.784374
