2026-05-06 19:54:07 INFO     Predictor+: read 192 rules from file.
2026-05-06 19:54:08 INFO     Preprocess training set
2026-05-06 19:54:08 INFO     -------------------------
2026-05-06 19:54:08 INFO     | Iteration: 1/10
2026-05-06 19:54:08 INFO     -------------------------
2026-05-06 19:54:08 INFO     >>>>> Predictor: Training
2026-05-06 19:54:08 INFO     10 106 5.113228 6528.0
2026-05-06 19:54:08 INFO     20 106 2.232500 7056.0
2026-05-06 19:54:08 INFO     30 106 1.291552 7008.0
2026-05-06 19:54:09 INFO     40 106 2.214791 6480.0
2026-05-06 19:54:09 INFO     50 106 1.747157 7680.0
2026-05-06 19:54:09 INFO     60 106 1.971672 7200.0
2026-05-06 19:54:09 INFO     70 106 1.447969 7056.0
2026-05-06 19:54:09 INFO     80 106 2.112760 6960.0
2026-05-06 19:54:09 INFO     90 106 1.687857 7680.0
2026-05-06 19:54:09 INFO     100 106 1.309838 7008.0
2026-05-06 19:54:09 INFO     >>>>> Predictor: Evaluating on valid
2026-05-06 19:54:09 INFO     Data : 224
2026-05-06 19:54:09 INFO     Hit1 : 0.683036
2026-05-06 19:54:09 INFO     Hit3 : 0.772321
2026-05-06 19:54:09 INFO     Hit10: 0.776786
2026-05-06 19:54:09 INFO     MR   : 73.468750
2026-05-06 19:54:09 INFO     MRR  : 0.728298
2026-05-06 19:54:09 INFO     >>>>> Predictor: Evaluating on test
2026-05-06 19:54:09 INFO     Data : 448
2026-05-06 19:54:09 INFO     Hit1 : 0.814732
2026-05-06 19:54:09 INFO     Hit3 : 0.823661
2026-05-06 19:54:09 INFO     Hit10: 0.828125
2026-05-06 19:54:09 INFO     MR   : 54.001116
2026-05-06 19:54:09 INFO     MRR  : 0.820354
2026-05-06 19:54:09 INFO     Save checkpoint to KINSHIP_1990_EXTENDED_seed43/predictor.pt
2026-05-06 19:54:09 INFO     -------------------------
2026-05-06 19:54:09 INFO     | Iteration: 2/10
2026-05-06 19:54:09 INFO     -------------------------
2026-05-06 19:54:09 INFO     >>>>> Predictor: Training
2026-05-06 19:54:09 INFO     10 106 1.752909 7344.0
2026-05-06 19:54:09 INFO     20 106 1.620647 7680.0
2026-05-06 19:54:09 INFO     30 106 1.505314 7056.0
2026-05-06 19:54:09 INFO     40 106 1.600420 5808.0
2026-05-06 19:54:10 INFO     50 106 1.534195 7488.0
2026-05-06 19:54:10 INFO     60 106 1.593807 7344.0
2026-05-06 19:54:10 INFO     70 106 1.488292 6000.0
2026-05-06 19:54:10 INFO     80 106 1.488152 7680.0
2026-05-06 19:54:10 INFO     90 106 2.208446 7248.0
2026-05-06 19:54:10 INFO     100 106 2.049427 7680.0
2026-05-06 19:54:10 INFO     >>>>> Predictor: Evaluating on valid
2026-05-06 19:54:10 INFO     Data : 224
2026-05-06 19:54:10 INFO     Hit1 : 0.674107
2026-05-06 19:54:10 INFO     Hit3 : 0.772321
2026-05-06 19:54:10 INFO     Hit10: 0.772321
2026-05-06 19:54:10 INFO     MR   : 70.236607
2026-05-06 19:54:10 INFO     MRR  : 0.724740
2026-05-06 19:54:10 INFO     >>>>> Predictor: Evaluating on test
2026-05-06 19:54:10 INFO     Data : 448
2026-05-06 19:54:10 INFO     Hit1 : 0.819196
2026-05-06 19:54:10 INFO     Hit3 : 0.825893
2026-05-06 19:54:10 INFO     Hit10: 0.828125
2026-05-06 19:54:10 INFO     MR   : 52.340402
2026-05-06 19:54:10 INFO     MRR  : 0.824114
2026-05-06 19:54:10 INFO     -------------------------
2026-05-06 19:54:10 INFO     | Iteration: 3/10
2026-05-06 19:54:10 INFO     -------------------------
2026-05-06 19:54:10 INFO     >>>>> Predictor: Training
2026-05-06 19:54:10 INFO     10 106 1.626572 7680.0
2026-05-06 19:54:10 INFO     20 106 1.633858 6480.0
2026-05-06 19:54:10 INFO     30 106 2.117616 7680.0
2026-05-06 19:54:10 INFO     40 106 1.714617 7056.0
2026-05-06 19:54:10 INFO     50 106 1.312676 6912.0
2026-05-06 19:54:11 INFO     60 106 1.775873 6528.0
2026-05-06 19:54:11 INFO     70 106 1.559785 7008.0
2026-05-06 19:54:11 INFO     80 106 1.493823 7200.0
2026-05-06 19:54:11 INFO     90 106 1.840430 7680.0
2026-05-06 19:54:11 INFO     100 106 1.160907 6432.0
2026-05-06 19:54:11 INFO     >>>>> Predictor: Evaluating on valid
2026-05-06 19:54:11 INFO     Data : 224
2026-05-06 19:54:11 INFO     Hit1 : 0.678571
2026-05-06 19:54:11 INFO     Hit3 : 0.772321
2026-05-06 19:54:11 INFO     Hit10: 0.772321
2026-05-06 19:54:11 INFO     MR   : 68.475446
2026-05-06 19:54:11 INFO     MRR  : 0.726325
2026-05-06 19:54:11 INFO     >>>>> Predictor: Evaluating on test
2026-05-06 19:54:11 INFO     Data : 448
2026-05-06 19:54:11 INFO     Hit1 : 0.816964
2026-05-06 19:54:11 INFO     Hit3 : 0.828125
2026-05-06 19:54:11 INFO     Hit10: 0.830357
2026-05-06 19:54:11 INFO     MR   : 51.907366
2026-05-06 19:54:11 INFO     MRR  : 0.823766
2026-05-06 19:54:11 INFO     -------------------------
2026-05-06 19:54:11 INFO     | Iteration: 4/10
2026-05-06 19:54:11 INFO     -------------------------
2026-05-06 19:54:11 INFO     >>>>> Predictor: Training
2026-05-06 19:54:11 INFO     10 106 1.839992 6864.0
2026-05-06 19:54:11 INFO     20 106 1.649511 7680.0
2026-05-06 19:54:11 INFO     30 106 1.539040 7488.0
2026-05-06 19:54:11 INFO     40 106 1.067827 7392.0
2026-05-06 19:54:11 INFO     50 106 1.484374 7248.0
2026-05-06 19:54:11 INFO     60 106 1.718262 7392.0
2026-05-06 19:54:12 INFO     70 106 1.081270 7056.0
2026-05-06 19:54:12 INFO     80 106 2.064585 7296.0
2026-05-06 19:54:12 INFO     90 106 1.989889 6816.0
2026-05-06 19:54:12 INFO     100 106 2.058065 6384.0
2026-05-06 19:54:12 INFO     >>>>> Predictor: Evaluating on valid
2026-05-06 19:54:12 INFO     Data : 224
2026-05-06 19:54:12 INFO     Hit1 : 0.696429
2026-05-06 19:54:12 INFO     Hit3 : 0.772321
2026-05-06 19:54:12 INFO     Hit10: 0.772321
2026-05-06 19:54:12 INFO     MR   : 66.671875
2026-05-06 19:54:12 INFO     MRR  : 0.733547
2026-05-06 19:54:12 INFO     >>>>> Predictor: Evaluating on test
2026-05-06 19:54:12 INFO     Data : 448
2026-05-06 19:54:12 INFO     Hit1 : 0.816964
2026-05-06 19:54:12 INFO     Hit3 : 0.823661
2026-05-06 19:54:12 INFO     Hit10: 0.830357
2026-05-06 19:54:12 INFO     MR   : 51.760045
2026-05-06 19:54:12 INFO     MRR  : 0.822243
2026-05-06 19:54:12 INFO     Save checkpoint to KINSHIP_1990_EXTENDED_seed43/predictor.pt
2026-05-06 19:54:12 INFO     -------------------------
2026-05-06 19:54:12 INFO     | Iteration: 5/10
2026-05-06 19:54:12 INFO     -------------------------
2026-05-06 19:54:12 INFO     >>>>> Predictor: Training
2026-05-06 19:54:12 INFO     10 106 2.376243 6960.0
2026-05-06 19:54:12 INFO     20 106 2.233022 7680.0
2026-05-06 19:54:12 INFO     30 106 1.493618 7680.0
2026-05-06 19:54:12 INFO     40 106 1.264046 6912.0
2026-05-06 19:54:12 INFO     50 106 1.140529 7056.0
2026-05-06 19:54:12 INFO     60 106 1.734956 7056.0
2026-05-06 19:54:12 INFO     70 106 1.387817 7008.0
2026-05-06 19:54:13 INFO     80 106 1.418790 6576.0
2026-05-06 19:54:13 INFO     90 106 1.353696 6480.0
2026-05-06 19:54:13 INFO     100 106 0.997294 7680.0
2026-05-06 19:54:13 INFO     >>>>> Predictor: Evaluating on valid
2026-05-06 19:54:13 INFO     Data : 224
2026-05-06 19:54:13 INFO     Hit1 : 0.687500
2026-05-06 19:54:13 INFO     Hit3 : 0.772321
2026-05-06 19:54:13 INFO     Hit10: 0.772321
2026-05-06 19:54:13 INFO     MR   : 65.238839
2026-05-06 19:54:13 INFO     MRR  : 0.730609
2026-05-06 19:54:13 INFO     >>>>> Predictor: Evaluating on test
2026-05-06 19:54:13 INFO     Data : 448
2026-05-06 19:54:13 INFO     Hit1 : 0.814732
2026-05-06 19:54:13 INFO     Hit3 : 0.825893
2026-05-06 19:54:13 INFO     Hit10: 0.830357
2026-05-06 19:54:13 INFO     MR   : 51.186384
2026-05-06 19:54:13 INFO     MRR  : 0.821805
2026-05-06 19:54:13 INFO     -------------------------
2026-05-06 19:54:13 INFO     | Iteration: 6/10
2026-05-06 19:54:13 INFO     -------------------------
2026-05-06 19:54:13 INFO     >>>>> Predictor: Training
2026-05-06 19:54:13 INFO     10 106 1.684033 7680.0
2026-05-06 19:54:13 INFO     20 106 1.289641 7392.0
2026-05-06 19:54:13 INFO     30 106 1.717573 6576.0
2026-05-06 19:54:13 INFO     40 106 1.742158 7056.0
2026-05-06 19:54:13 INFO     50 106 1.303970 7248.0
2026-05-06 19:54:13 INFO     60 106 1.583008 7392.0
2026-05-06 19:54:13 INFO     70 106 1.111383 6144.0
2026-05-06 19:54:13 INFO     80 106 1.771795 6864.0
2026-05-06 19:54:13 INFO     90 106 1.579942 7680.0
2026-05-06 19:54:13 INFO     100 106 1.908467 7488.0
2026-05-06 19:54:13 INFO     >>>>> Predictor: Evaluating on valid
2026-05-06 19:54:13 INFO     Data : 224
2026-05-06 19:54:13 INFO     Hit1 : 0.683036
2026-05-06 19:54:13 INFO     Hit3 : 0.772321
2026-05-06 19:54:13 INFO     Hit10: 0.772321
2026-05-06 19:54:13 INFO     MR   : 64.203125
2026-05-06 19:54:13 INFO     MRR  : 0.728436
2026-05-06 19:54:13 INFO     >>>>> Predictor: Evaluating on test
2026-05-06 19:54:13 INFO     Data : 448
2026-05-06 19:54:13 INFO     Hit1 : 0.819196
2026-05-06 19:54:13 INFO     Hit3 : 0.825893
2026-05-06 19:54:13 INFO     Hit10: 0.830357
2026-05-06 19:54:13 INFO     MR   : 50.556920
2026-05-06 19:54:13 INFO     MRR  : 0.824123
2026-05-06 19:54:13 INFO     -------------------------
2026-05-06 19:54:13 INFO     | Iteration: 7/10
2026-05-06 19:54:13 INFO     -------------------------
2026-05-06 19:54:13 INFO     >>>>> Predictor: Training
2026-05-06 19:54:13 INFO     10 106 2.078806 6816.0
2026-05-06 19:54:13 INFO     20 106 1.086407 6768.0
2026-05-06 19:54:13 INFO     30 106 1.488888 7056.0
2026-05-06 19:54:14 INFO     40 106 1.663961 6912.0
2026-05-06 19:54:14 INFO     50 106 1.488962 6624.0
2026-05-06 19:54:14 INFO     60 106 1.441624 7680.0
2026-05-06 19:54:14 INFO     70 106 1.091379 7680.0
2026-05-06 19:54:14 INFO     80 106 1.243630 7008.0
2026-05-06 19:54:14 INFO     90 106 1.462630 6864.0
2026-05-06 19:54:14 INFO     100 106 2.164111 7248.0
2026-05-06 19:54:14 INFO     >>>>> Predictor: Evaluating on valid
2026-05-06 19:54:14 INFO     Data : 224
2026-05-06 19:54:14 INFO     Hit1 : 0.687500
2026-05-06 19:54:14 INFO     Hit3 : 0.772321
2026-05-06 19:54:14 INFO     Hit10: 0.772321
2026-05-06 19:54:14 INFO     MR   : 63.225446
2026-05-06 19:54:14 INFO     MRR  : 0.730834
2026-05-06 19:54:14 INFO     >>>>> Predictor: Evaluating on test
2026-05-06 19:54:14 INFO     Data : 448
2026-05-06 19:54:14 INFO     Hit1 : 0.816964
2026-05-06 19:54:14 INFO     Hit3 : 0.825893
2026-05-06 19:54:14 INFO     Hit10: 0.830357
2026-05-06 19:54:14 INFO     MR   : 49.936384
2026-05-06 19:54:14 INFO     MRR  : 0.823157
2026-05-06 19:54:14 INFO     -------------------------
2026-05-06 19:54:14 INFO     | Iteration: 8/10
2026-05-06 19:54:14 INFO     -------------------------
2026-05-06 19:54:14 INFO     >>>>> Predictor: Training
2026-05-06 19:54:14 INFO     10 106 1.917143 7008.0
2026-05-06 19:54:14 INFO     20 106 1.236908 7680.0
2026-05-06 19:54:14 INFO     30 106 1.673312 6768.0
2026-05-06 19:54:14 INFO     40 106 2.043997 7152.0
2026-05-06 19:54:14 INFO     50 106 1.401695 5952.0
2026-05-06 19:54:14 INFO     60 106 1.500134 7392.0
2026-05-06 19:54:14 INFO     70 106 2.028454 7056.0
2026-05-06 19:54:14 INFO     80 106 1.627716 7488.0
2026-05-06 19:54:14 INFO     90 106 1.150952 7680.0
2026-05-06 19:54:14 INFO     100 106 1.150208 7200.0
2026-05-06 19:54:14 INFO     >>>>> Predictor: Evaluating on valid
2026-05-06 19:54:14 INFO     Data : 224
2026-05-06 19:54:14 INFO     Hit1 : 0.665179
2026-05-06 19:54:14 INFO     Hit3 : 0.772321
2026-05-06 19:54:14 INFO     Hit10: 0.772321
2026-05-06 19:54:14 INFO     MR   : 63.198661
2026-05-06 19:54:14 INFO     MRR  : 0.720363
2026-05-06 19:54:14 INFO     >>>>> Predictor: Evaluating on test
2026-05-06 19:54:14 INFO     Data : 448
2026-05-06 19:54:14 INFO     Hit1 : 0.814732
2026-05-06 19:54:14 INFO     Hit3 : 0.825893
2026-05-06 19:54:14 INFO     Hit10: 0.830357
2026-05-06 19:54:14 INFO     MR   : 49.972098
2026-05-06 19:54:14 INFO     MRR  : 0.821756
2026-05-06 19:54:14 INFO     -------------------------
2026-05-06 19:54:14 INFO     | Iteration: 9/10
2026-05-06 19:54:14 INFO     -------------------------
2026-05-06 19:54:14 INFO     >>>>> Predictor: Training
2026-05-06 19:54:14 INFO     10 106 1.757382 7680.0
2026-05-06 19:54:14 INFO     20 106 1.472357 5232.0
2026-05-06 19:54:15 INFO     30 106 1.923888 7200.0
2026-05-06 19:54:15 INFO     40 106 1.403155 7680.0
2026-05-06 19:54:15 INFO     50 106 1.664118 7056.0
2026-05-06 19:54:15 INFO     60 106 1.294123 7392.0
2026-05-06 19:54:15 INFO     70 106 1.341292 7680.0
2026-05-06 19:54:15 INFO     80 106 1.060389 7680.0
2026-05-06 19:54:15 INFO     90 106 1.402979 7056.0
2026-05-06 19:54:15 INFO     100 106 1.818814 6672.0
2026-05-06 19:54:15 INFO     >>>>> Predictor: Evaluating on valid
2026-05-06 19:54:15 INFO     Data : 224
2026-05-06 19:54:15 INFO     Hit1 : 0.683036
2026-05-06 19:54:15 INFO     Hit3 : 0.772321
2026-05-06 19:54:15 INFO     Hit10: 0.772321
2026-05-06 19:54:15 INFO     MR   : 62.595982
2026-05-06 19:54:15 INFO     MRR  : 0.728511
2026-05-06 19:54:15 INFO     >>>>> Predictor: Evaluating on test
2026-05-06 19:54:15 INFO     Data : 448
2026-05-06 19:54:15 INFO     Hit1 : 0.810268
2026-05-06 19:54:15 INFO     Hit3 : 0.825893
2026-05-06 19:54:15 INFO     Hit10: 0.830357
2026-05-06 19:54:15 INFO     MR   : 49.429688
2026-05-06 19:54:15 INFO     MRR  : 0.819828
2026-05-06 19:54:15 INFO     -------------------------
2026-05-06 19:54:15 INFO     | Iteration: 10/10
2026-05-06 19:54:15 INFO     -------------------------
2026-05-06 19:54:15 INFO     >>>>> Predictor: Training
2026-05-06 19:54:15 INFO     10 106 1.921627 7104.0
2026-05-06 19:54:15 INFO     20 106 1.911477 7296.0
2026-05-06 19:54:15 INFO     30 106 1.130277 7680.0
2026-05-06 19:54:15 INFO     40 106 1.781810 6096.0
2026-05-06 19:54:15 INFO     50 106 1.825211 7680.0
2026-05-06 19:54:15 INFO     60 106 2.353907 6624.0
2026-05-06 19:54:15 INFO     70 106 1.115806 7680.0
2026-05-06 19:54:15 INFO     80 106 1.666370 7680.0
2026-05-06 19:54:15 INFO     90 106 1.060562 7056.0
2026-05-06 19:54:15 INFO     100 106 1.102138 6576.0
2026-05-06 19:54:15 INFO     >>>>> Predictor: Evaluating on valid
2026-05-06 19:54:15 INFO     Data : 224
2026-05-06 19:54:15 INFO     Hit1 : 0.674107
2026-05-06 19:54:15 INFO     Hit3 : 0.772321
2026-05-06 19:54:15 INFO     Hit10: 0.772321
2026-05-06 19:54:15 INFO     MR   : 62.680804
2026-05-06 19:54:15 INFO     MRR  : 0.724815
2026-05-06 19:54:15 INFO     >>>>> Predictor: Evaluating on test
2026-05-06 19:54:15 INFO     Data : 448
2026-05-06 19:54:15 INFO     Hit1 : 0.816964
2026-05-06 19:54:15 INFO     Hit3 : 0.825893
2026-05-06 19:54:15 INFO     Hit10: 0.832589
2026-05-06 19:54:15 INFO     MR   : 49.422991
2026-05-06 19:54:15 INFO     MRR  : 0.823430
