2026-05-06 20:00:33 INFO     Predictor+: read 5500 rules from file.
2026-05-06 20:00:33 INFO     Preprocess training set
2026-05-06 20:00:34 INFO     -------------------------
2026-05-06 20:00:34 INFO     | Iteration: 1/10
2026-05-06 20:00:34 INFO     -------------------------
2026-05-06 20:00:34 INFO     >>>>> Predictor: Training
2026-05-06 20:00:34 INFO     10 127 2.646089 187.6
2026-05-06 20:00:34 INFO     20 127 2.645303 127.4
2026-05-06 20:00:34 INFO     30 127 2.529018 177.8
2026-05-06 20:00:35 INFO     40 127 2.628790 194.6
2026-05-06 20:00:35 INFO     50 127 2.610416 218.4
2026-05-06 20:00:35 INFO     60 127 2.541608 162.4
2026-05-06 20:00:35 INFO     70 127 2.528261 180.6
2026-05-06 20:00:36 INFO     80 127 2.559610 190.4
2026-05-06 20:00:36 INFO     90 127 2.562706 142.8
2026-05-06 20:00:36 INFO     100 127 2.495259 175.0
2026-05-06 20:00:36 INFO     >>>>> Predictor: Evaluating on valid
2026-05-06 20:00:37 INFO     Data : 199
2026-05-06 20:00:37 INFO     Hit1 : 0.306533
2026-05-06 20:00:37 INFO     Hit3 : 0.698492
2026-05-06 20:00:37 INFO     Hit10: 0.969849
2026-05-06 20:00:37 INFO     MR   : 3.070352
2026-05-06 20:00:37 INFO     MRR  : 0.532245
2026-05-06 20:00:37 INFO     >>>>> Predictor: Evaluating on test
2026-05-06 20:00:38 INFO     Data : 201
2026-05-06 20:00:38 INFO     Hit1 : 0.383085
2026-05-06 20:00:38 INFO     Hit3 : 0.746269
2026-05-06 20:00:38 INFO     Hit10: 0.970149
2026-05-06 20:00:38 INFO     MR   : 2.915423
2026-05-06 20:00:38 INFO     MRR  : 0.587878
2026-05-06 20:00:38 INFO     Save checkpoint to NATIONS_seed46/predictor.pt
2026-05-06 20:00:38 INFO     -------------------------
2026-05-06 20:00:38 INFO     | Iteration: 2/10
2026-05-06 20:00:38 INFO     -------------------------
2026-05-06 20:00:38 INFO     >>>>> Predictor: Training
2026-05-06 20:00:38 INFO     10 127 2.383994 177.8
2026-05-06 20:00:38 INFO     20 127 2.437768 191.8
2026-05-06 20:00:38 INFO     30 127 2.387032 194.6
2026-05-06 20:00:39 INFO     40 127 2.424300 172.2
2026-05-06 20:00:39 INFO     50 127 2.418887 163.8
2026-05-06 20:00:39 INFO     60 127 2.336168 169.4
2026-05-06 20:00:39 INFO     70 127 2.189163 134.4
2026-05-06 20:00:39 INFO     80 127 2.300346 204.4
2026-05-06 20:00:40 INFO     90 127 2.511840 210.0
2026-05-06 20:00:40 INFO     100 127 2.218827 147.0
2026-05-06 20:00:40 INFO     >>>>> Predictor: Evaluating on valid
2026-05-06 20:00:41 INFO     Data : 199
2026-05-06 20:00:41 INFO     Hit1 : 0.336683
2026-05-06 20:00:41 INFO     Hit3 : 0.733668
2026-05-06 20:00:41 INFO     Hit10: 0.959799
2026-05-06 20:00:41 INFO     MR   : 3.090452
2026-05-06 20:00:41 INFO     MRR  : 0.555181
2026-05-06 20:00:41 INFO     >>>>> Predictor: Evaluating on test
2026-05-06 20:00:42 INFO     Data : 201
2026-05-06 20:00:42 INFO     Hit1 : 0.373134
2026-05-06 20:00:42 INFO     Hit3 : 0.771144
2026-05-06 20:00:42 INFO     Hit10: 0.975124
2026-05-06 20:00:42 INFO     MR   : 2.721393
2026-05-06 20:00:42 INFO     MRR  : 0.594481
2026-05-06 20:00:42 INFO     Save checkpoint to NATIONS_seed46/predictor.pt
2026-05-06 20:00:42 INFO     -------------------------
2026-05-06 20:00:42 INFO     | Iteration: 3/10
2026-05-06 20:00:42 INFO     -------------------------
2026-05-06 20:00:42 INFO     >>>>> Predictor: Training
2026-05-06 20:00:42 INFO     10 127 2.080101 144.2
2026-05-06 20:00:42 INFO     20 127 2.463192 184.8
2026-05-06 20:00:42 INFO     30 127 2.266843 183.4
2026-05-06 20:00:42 INFO     40 127 2.375361 186.2
2026-05-06 20:00:43 INFO     50 127 2.432941 184.8
2026-05-06 20:00:43 INFO     60 127 2.471764 203.0
2026-05-06 20:00:43 INFO     70 127 2.196671 147.0
2026-05-06 20:00:43 INFO     80 127 1.978127 165.2
2026-05-06 20:00:44 INFO     90 127 2.366416 179.2
2026-05-06 20:00:44 INFO     100 127 2.272621 190.4
2026-05-06 20:00:44 INFO     >>>>> Predictor: Evaluating on valid
2026-05-06 20:00:45 INFO     Data : 199
2026-05-06 20:00:45 INFO     Hit1 : 0.346734
2026-05-06 20:00:45 INFO     Hit3 : 0.683417
2026-05-06 20:00:45 INFO     Hit10: 0.959799
2026-05-06 20:00:45 INFO     MR   : 3.155779
2026-05-06 20:00:45 INFO     MRR  : 0.550222
2026-05-06 20:00:45 INFO     >>>>> Predictor: Evaluating on test
2026-05-06 20:00:45 INFO     Data : 201
2026-05-06 20:00:45 INFO     Hit1 : 0.383085
2026-05-06 20:00:45 INFO     Hit3 : 0.781095
2026-05-06 20:00:45 INFO     Hit10: 0.990050
2026-05-06 20:00:45 INFO     MR   : 2.681592
2026-05-06 20:00:45 INFO     MRR  : 0.603836
2026-05-06 20:00:45 INFO     -------------------------
2026-05-06 20:00:45 INFO     | Iteration: 4/10
2026-05-06 20:00:45 INFO     -------------------------
2026-05-06 20:00:45 INFO     >>>>> Predictor: Training
2026-05-06 20:00:46 INFO     10 127 2.401591 155.4
2026-05-06 20:00:46 INFO     20 127 2.161349 162.4
2026-05-06 20:00:46 INFO     30 127 2.184472 196.0
2026-05-06 20:00:46 INFO     40 127 2.283489 180.6
2026-05-06 20:00:46 INFO     50 127 2.298999 224.0
2026-05-06 20:00:47 INFO     60 127 2.422308 159.6
2026-05-06 20:00:47 INFO     70 127 2.006060 156.8
2026-05-06 20:00:47 INFO     80 127 1.890672 161.0
2026-05-06 20:00:47 INFO     90 127 2.282607 194.6
2026-05-06 20:00:48 INFO     100 127 2.065181 172.2
2026-05-06 20:00:48 INFO     >>>>> Predictor: Evaluating on valid
2026-05-06 20:00:48 INFO     Data : 199
2026-05-06 20:00:48 INFO     Hit1 : 0.296482
2026-05-06 20:00:48 INFO     Hit3 : 0.718593
2026-05-06 20:00:48 INFO     Hit10: 0.979899
2026-05-06 20:00:48 INFO     MR   : 3.075377
2026-05-06 20:00:48 INFO     MRR  : 0.534622
2026-05-06 20:00:48 INFO     >>>>> Predictor: Evaluating on test
2026-05-06 20:00:49 INFO     Data : 201
2026-05-06 20:00:49 INFO     Hit1 : 0.388060
2026-05-06 20:00:49 INFO     Hit3 : 0.781095
2026-05-06 20:00:49 INFO     Hit10: 0.960199
2026-05-06 20:00:49 INFO     MR   : 2.800995
2026-05-06 20:00:49 INFO     MRR  : 0.603565
2026-05-06 20:00:49 INFO     -------------------------
2026-05-06 20:00:49 INFO     | Iteration: 5/10
2026-05-06 20:00:49 INFO     -------------------------
2026-05-06 20:00:49 INFO     >>>>> Predictor: Training
2026-05-06 20:00:49 INFO     10 127 2.136605 180.6
2026-05-06 20:00:50 INFO     20 127 2.266047 175.0
2026-05-06 20:00:50 INFO     30 127 2.179622 201.6
2026-05-06 20:00:50 INFO     40 127 2.205071 172.2
2026-05-06 20:00:50 INFO     50 127 2.544941 168.0
2026-05-06 20:00:51 INFO     60 127 2.504925 166.6
2026-05-06 20:00:51 INFO     70 127 2.024774 149.8
2026-05-06 20:00:51 INFO     80 127 2.237925 179.2
2026-05-06 20:00:51 INFO     90 127 2.049708 151.2
2026-05-06 20:00:51 INFO     100 127 2.243590 200.2
2026-05-06 20:00:51 INFO     >>>>> Predictor: Evaluating on valid
2026-05-06 20:00:52 INFO     Data : 199
2026-05-06 20:00:52 INFO     Hit1 : 0.396985
2026-05-06 20:00:52 INFO     Hit3 : 0.718593
2026-05-06 20:00:52 INFO     Hit10: 0.979899
2026-05-06 20:00:52 INFO     MR   : 2.924623
2026-05-06 20:00:52 INFO     MRR  : 0.585550
2026-05-06 20:00:52 INFO     >>>>> Predictor: Evaluating on test
2026-05-06 20:00:53 INFO     Data : 201
2026-05-06 20:00:53 INFO     Hit1 : 0.417910
2026-05-06 20:00:53 INFO     Hit3 : 0.791045
2026-05-06 20:00:53 INFO     Hit10: 0.970149
2026-05-06 20:00:53 INFO     MR   : 2.761194
2026-05-06 20:00:53 INFO     MRR  : 0.617897
2026-05-06 20:00:53 INFO     Save checkpoint to NATIONS_seed46/predictor.pt
2026-05-06 20:00:53 INFO     -------------------------
2026-05-06 20:00:53 INFO     | Iteration: 6/10
2026-05-06 20:00:53 INFO     -------------------------
2026-05-06 20:00:53 INFO     >>>>> Predictor: Training
2026-05-06 20:00:53 INFO     10 127 2.092860 194.6
2026-05-06 20:00:54 INFO     20 127 2.084468 186.2
2026-05-06 20:00:54 INFO     30 127 2.249877 198.8
2026-05-06 20:00:54 INFO     40 127 2.302913 187.6
2026-05-06 20:00:54 INFO     50 127 2.055981 190.4
2026-05-06 20:00:54 INFO     60 127 1.864268 172.2
2026-05-06 20:00:55 INFO     70 127 2.023585 137.2
2026-05-06 20:00:55 INFO     80 127 2.189235 182.0
2026-05-06 20:00:55 INFO     90 127 2.054203 175.0
2026-05-06 20:00:55 INFO     100 127 2.332190 197.4
2026-05-06 20:00:55 INFO     >>>>> Predictor: Evaluating on valid
2026-05-06 20:00:56 INFO     Data : 199
2026-05-06 20:00:56 INFO     Hit1 : 0.321608
2026-05-06 20:00:56 INFO     Hit3 : 0.738693
2026-05-06 20:00:56 INFO     Hit10: 0.984925
2026-05-06 20:00:56 INFO     MR   : 2.914573
2026-05-06 20:00:56 INFO     MRR  : 0.551256
2026-05-06 20:00:56 INFO     >>>>> Predictor: Evaluating on test
2026-05-06 20:00:57 INFO     Data : 201
2026-05-06 20:00:57 INFO     Hit1 : 0.398010
2026-05-06 20:00:57 INFO     Hit3 : 0.741294
2026-05-06 20:00:57 INFO     Hit10: 0.970149
2026-05-06 20:00:57 INFO     MR   : 2.840796
2026-05-06 20:00:57 INFO     MRR  : 0.599457
2026-05-06 20:00:57 INFO     -------------------------
2026-05-06 20:00:57 INFO     | Iteration: 7/10
2026-05-06 20:00:57 INFO     -------------------------
2026-05-06 20:00:57 INFO     >>>>> Predictor: Training
2026-05-06 20:00:57 INFO     10 127 2.266351 166.6
2026-05-06 20:00:57 INFO     20 127 1.897368 169.4
2026-05-06 20:00:58 INFO     30 127 2.148186 162.4
2026-05-06 20:00:58 INFO     40 127 1.769370 130.2
2026-05-06 20:00:58 INFO     50 127 1.834000 142.8
2026-05-06 20:00:58 INFO     60 127 2.343806 175.0
2026-05-06 20:00:58 INFO     70 127 1.964984 187.6
2026-05-06 20:00:59 INFO     80 127 2.176758 200.2
2026-05-06 20:00:59 INFO     90 127 2.330589 190.4
2026-05-06 20:00:59 INFO     100 127 2.085110 170.8
2026-05-06 20:00:59 INFO     >>>>> Predictor: Evaluating on valid
2026-05-06 20:01:00 INFO     Data : 199
2026-05-06 20:01:00 INFO     Hit1 : 0.376884
2026-05-06 20:01:00 INFO     Hit3 : 0.748744
2026-05-06 20:01:00 INFO     Hit10: 0.979899
2026-05-06 20:01:00 INFO     MR   : 2.879397
2026-05-06 20:01:00 INFO     MRR  : 0.586849
2026-05-06 20:01:00 INFO     >>>>> Predictor: Evaluating on test
2026-05-06 20:01:01 INFO     Data : 201
2026-05-06 20:01:01 INFO     Hit1 : 0.393035
2026-05-06 20:01:01 INFO     Hit3 : 0.766169
2026-05-06 20:01:01 INFO     Hit10: 0.970149
2026-05-06 20:01:01 INFO     MR   : 2.835821
2026-05-06 20:01:01 INFO     MRR  : 0.600229
2026-05-06 20:01:01 INFO     Save checkpoint to NATIONS_seed46/predictor.pt
2026-05-06 20:01:01 INFO     -------------------------
2026-05-06 20:01:01 INFO     | Iteration: 8/10
2026-05-06 20:01:01 INFO     -------------------------
2026-05-06 20:01:01 INFO     >>>>> Predictor: Training
2026-05-06 20:01:01 INFO     10 127 2.258679 184.8
2026-05-06 20:01:01 INFO     20 127 2.141959 172.2
2026-05-06 20:01:01 INFO     30 127 1.956706 191.8
2026-05-06 20:01:02 INFO     40 127 1.911559 170.8
2026-05-06 20:01:02 INFO     50 127 2.074773 182.0
2026-05-06 20:01:02 INFO     60 127 2.099811 200.2
2026-05-06 20:01:02 INFO     70 127 1.739918 182.0
2026-05-06 20:01:03 INFO     80 127 2.209321 162.4
2026-05-06 20:01:03 INFO     90 127 2.121470 170.8
2026-05-06 20:01:03 INFO     100 127 1.945028 175.0
2026-05-06 20:01:03 INFO     >>>>> Predictor: Evaluating on valid
2026-05-06 20:01:04 INFO     Data : 199
2026-05-06 20:01:04 INFO     Hit1 : 0.391960
2026-05-06 20:01:04 INFO     Hit3 : 0.743719
2026-05-06 20:01:04 INFO     Hit10: 0.984925
2026-05-06 20:01:04 INFO     MR   : 2.763819
2026-05-06 20:01:04 INFO     MRR  : 0.597210
2026-05-06 20:01:04 INFO     >>>>> Predictor: Evaluating on test
2026-05-06 20:01:05 INFO     Data : 201
2026-05-06 20:01:05 INFO     Hit1 : 0.447761
2026-05-06 20:01:05 INFO     Hit3 : 0.786070
2026-05-06 20:01:05 INFO     Hit10: 0.975124
2026-05-06 20:01:05 INFO     MR   : 2.696517
2026-05-06 20:01:05 INFO     MRR  : 0.639621
2026-05-06 20:01:05 INFO     Save checkpoint to NATIONS_seed46/predictor.pt
2026-05-06 20:01:05 INFO     -------------------------
2026-05-06 20:01:05 INFO     | Iteration: 9/10
2026-05-06 20:01:05 INFO     -------------------------
2026-05-06 20:01:05 INFO     >>>>> Predictor: Training
2026-05-06 20:01:05 INFO     10 127 2.247129 140.0
2026-05-06 20:01:05 INFO     20 127 2.182692 190.4
2026-05-06 20:01:05 INFO     30 127 1.654515 168.0
2026-05-06 20:01:05 INFO     40 127 2.026637 187.6
2026-05-06 20:01:06 INFO     50 127 1.866265 189.0
2026-05-06 20:01:06 INFO     60 127 2.062472 154.0
2026-05-06 20:01:06 INFO     70 127 2.009539 196.0
2026-05-06 20:01:06 INFO     80 127 2.262328 215.6
2026-05-06 20:01:07 INFO     90 127 1.717826 155.4
2026-05-06 20:01:07 INFO     100 127 2.360691 151.2
2026-05-06 20:01:07 INFO     >>>>> Predictor: Evaluating on valid
2026-05-06 20:01:08 INFO     Data : 199
2026-05-06 20:01:08 INFO     Hit1 : 0.331658
2026-05-06 20:01:08 INFO     Hit3 : 0.723618
2026-05-06 20:01:08 INFO     Hit10: 0.979899
2026-05-06 20:01:08 INFO     MR   : 2.924623
2026-05-06 20:01:08 INFO     MRR  : 0.562445
2026-05-06 20:01:08 INFO     >>>>> Predictor: Evaluating on test
2026-05-06 20:01:08 INFO     Data : 201
2026-05-06 20:01:08 INFO     Hit1 : 0.442786
2026-05-06 20:01:08 INFO     Hit3 : 0.786070
2026-05-06 20:01:08 INFO     Hit10: 0.965174
2026-05-06 20:01:08 INFO     MR   : 2.761194
2026-05-06 20:01:08 INFO     MRR  : 0.629928
2026-05-06 20:01:08 INFO     -------------------------
2026-05-06 20:01:08 INFO     | Iteration: 10/10
2026-05-06 20:01:08 INFO     -------------------------
2026-05-06 20:01:08 INFO     >>>>> Predictor: Training
2026-05-06 20:01:09 INFO     10 127 1.797778 203.0
2026-05-06 20:01:09 INFO     20 127 1.861632 162.4
2026-05-06 20:01:09 INFO     30 127 1.748913 168.0
2026-05-06 20:01:09 INFO     40 127 1.949646 179.2
2026-05-06 20:01:09 INFO     50 127 1.879343 168.0
2026-05-06 20:01:09 INFO     60 127 2.462064 176.4
2026-05-06 20:01:10 INFO     70 127 2.022171 168.0
2026-05-06 20:01:10 INFO     80 127 2.082521 147.0
2026-05-06 20:01:10 INFO     90 127 1.701023 154.0
2026-05-06 20:01:10 INFO     100 127 2.153658 215.6
2026-05-06 20:01:10 INFO     >>>>> Predictor: Evaluating on valid
2026-05-06 20:01:10 INFO     Data : 199
2026-05-06 20:01:10 INFO     Hit1 : 0.306533
2026-05-06 20:01:10 INFO     Hit3 : 0.723618
2026-05-06 20:01:10 INFO     Hit10: 0.974874
2026-05-06 20:01:10 INFO     MR   : 3.010050
2026-05-06 20:01:10 INFO     MRR  : 0.537970
2026-05-06 20:01:10 INFO     >>>>> Predictor: Evaluating on test
2026-05-06 20:01:11 INFO     Data : 201
2026-05-06 20:01:11 INFO     Hit1 : 0.417910
2026-05-06 20:01:11 INFO     Hit3 : 0.791045
2026-05-06 20:01:11 INFO     Hit10: 0.955224
2026-05-06 20:01:11 INFO     MR   : 2.711443
2026-05-06 20:01:11 INFO     MRR  : 0.619378
