2026-05-06 19:49:44 INFO     Predictor+: read 5500 rules from file.
2026-05-06 19:49:44 INFO     Preprocess training set
2026-05-06 19:49:45 INFO     -------------------------
2026-05-06 19:49:45 INFO     | Iteration: 1/10
2026-05-06 19:49:45 INFO     -------------------------
2026-05-06 19:49:45 INFO     >>>>> Predictor: Training
2026-05-06 19:49:45 INFO     10 127 2.659228 155.4
2026-05-06 19:49:45 INFO     20 127 2.607513 200.2
2026-05-06 19:49:46 INFO     30 127 2.620741 155.4
2026-05-06 19:49:46 INFO     40 127 2.581352 151.2
2026-05-06 19:49:46 INFO     50 127 2.582002 191.8
2026-05-06 19:49:46 INFO     60 127 2.666933 161.0
2026-05-06 19:49:47 INFO     70 127 2.573273 196.0
2026-05-06 19:49:47 INFO     80 127 2.572487 149.8
2026-05-06 19:49:47 INFO     90 127 2.507215 203.0
2026-05-06 19:49:47 INFO     100 127 2.539671 154.0
2026-05-06 19:49:47 INFO     >>>>> Predictor: Evaluating on valid
2026-05-06 19:49:48 INFO     Data : 199
2026-05-06 19:49:48 INFO     Hit1 : 0.281407
2026-05-06 19:49:48 INFO     Hit3 : 0.688442
2026-05-06 19:49:48 INFO     Hit10: 0.944724
2026-05-06 19:49:48 INFO     MR   : 3.487437
2026-05-06 19:49:48 INFO     MRR  : 0.512517
2026-05-06 19:49:48 INFO     >>>>> Predictor: Evaluating on test
2026-05-06 19:49:49 INFO     Data : 201
2026-05-06 19:49:49 INFO     Hit1 : 0.378109
2026-05-06 19:49:49 INFO     Hit3 : 0.741294
2026-05-06 19:49:49 INFO     Hit10: 0.970149
2026-05-06 19:49:49 INFO     MR   : 2.970149
2026-05-06 19:49:49 INFO     MRR  : 0.580701
2026-05-06 19:49:49 INFO     Save checkpoint to NATIONS_seed42/predictor.pt
2026-05-06 19:49:49 INFO     -------------------------
2026-05-06 19:49:49 INFO     | Iteration: 2/10
2026-05-06 19:49:49 INFO     -------------------------
2026-05-06 19:49:49 INFO     >>>>> Predictor: Training
2026-05-06 19:49:49 INFO     10 127 2.453334 166.6
2026-05-06 19:49:49 INFO     20 127 2.296503 197.4
2026-05-06 19:49:49 INFO     30 127 2.488301 172.2
2026-05-06 19:49:50 INFO     40 127 2.453351 184.8
2026-05-06 19:49:50 INFO     50 127 2.372721 172.2
2026-05-06 19:49:50 INFO     60 127 2.170194 142.8
2026-05-06 19:49:50 INFO     70 127 2.532896 168.0
2026-05-06 19:49:50 INFO     80 127 2.214812 165.2
2026-05-06 19:49:51 INFO     90 127 2.425819 191.8
2026-05-06 19:49:51 INFO     100 127 2.428478 168.0
2026-05-06 19:49:51 INFO     >>>>> Predictor: Evaluating on valid
2026-05-06 19:49:52 INFO     Data : 199
2026-05-06 19:49:52 INFO     Hit1 : 0.306533
2026-05-06 19:49:52 INFO     Hit3 : 0.673367
2026-05-06 19:49:52 INFO     Hit10: 0.974874
2026-05-06 19:49:52 INFO     MR   : 3.120603
2026-05-06 19:49:52 INFO     MRR  : 0.532973
2026-05-06 19:49:52 INFO     >>>>> Predictor: Evaluating on test
2026-05-06 19:49:53 INFO     Data : 201
2026-05-06 19:49:53 INFO     Hit1 : 0.422886
2026-05-06 19:49:53 INFO     Hit3 : 0.741294
2026-05-06 19:49:53 INFO     Hit10: 0.960199
2026-05-06 19:49:53 INFO     MR   : 2.930348
2026-05-06 19:49:53 INFO     MRR  : 0.611794
2026-05-06 19:49:53 INFO     Save checkpoint to NATIONS_seed42/predictor.pt
2026-05-06 19:49:53 INFO     -------------------------
2026-05-06 19:49:53 INFO     | Iteration: 3/10
2026-05-06 19:49:53 INFO     -------------------------
2026-05-06 19:49:53 INFO     >>>>> Predictor: Training
2026-05-06 19:49:53 INFO     10 127 2.381942 169.4
2026-05-06 19:49:53 INFO     20 127 2.318819 211.4
2026-05-06 19:49:53 INFO     30 127 2.123374 170.8
2026-05-06 19:49:53 INFO     40 127 2.254460 184.8
2026-05-06 19:49:54 INFO     50 127 2.373007 142.8
2026-05-06 19:49:54 INFO     60 127 2.387550 212.8
2026-05-06 19:49:54 INFO     70 127 2.146864 140.0
2026-05-06 19:49:54 INFO     80 127 2.341431 204.4
2026-05-06 19:49:54 INFO     90 127 2.079674 159.6
2026-05-06 19:49:55 INFO     100 127 2.374010 186.2
2026-05-06 19:49:55 INFO     >>>>> Predictor: Evaluating on valid
2026-05-06 19:49:55 INFO     Data : 199
2026-05-06 19:49:55 INFO     Hit1 : 0.321608
2026-05-06 19:49:55 INFO     Hit3 : 0.718593
2026-05-06 19:49:55 INFO     Hit10: 0.984925
2026-05-06 19:49:55 INFO     MR   : 2.984925
2026-05-06 19:49:55 INFO     MRR  : 0.546024
2026-05-06 19:49:55 INFO     >>>>> Predictor: Evaluating on test
2026-05-06 19:49:56 INFO     Data : 201
2026-05-06 19:49:56 INFO     Hit1 : 0.407960
2026-05-06 19:49:56 INFO     Hit3 : 0.796020
2026-05-06 19:49:56 INFO     Hit10: 0.980100
2026-05-06 19:49:56 INFO     MR   : 2.706468
2026-05-06 19:49:56 INFO     MRR  : 0.618552
2026-05-06 19:49:56 INFO     Save checkpoint to NATIONS_seed42/predictor.pt
2026-05-06 19:49:56 INFO     -------------------------
2026-05-06 19:49:56 INFO     | Iteration: 4/10
2026-05-06 19:49:56 INFO     -------------------------
2026-05-06 19:49:56 INFO     >>>>> Predictor: Training
2026-05-06 19:49:56 INFO     10 127 2.401469 166.6
2026-05-06 19:49:57 INFO     20 127 2.290960 217.0
2026-05-06 19:49:57 INFO     30 127 2.143219 135.8
2026-05-06 19:49:57 INFO     40 127 2.132460 207.2
2026-05-06 19:49:57 INFO     50 127 2.219599 196.0
2026-05-06 19:49:57 INFO     60 127 2.369716 173.6
2026-05-06 19:49:58 INFO     70 127 2.390842 161.0
2026-05-06 19:49:58 INFO     80 127 1.910245 155.4
2026-05-06 19:49:58 INFO     90 127 2.006465 191.8
2026-05-06 19:49:58 INFO     100 127 2.021667 166.6
2026-05-06 19:49:58 INFO     >>>>> Predictor: Evaluating on valid
2026-05-06 19:49:59 INFO     Data : 199
2026-05-06 19:49:59 INFO     Hit1 : 0.311558
2026-05-06 19:49:59 INFO     Hit3 : 0.743719
2026-05-06 19:49:59 INFO     Hit10: 0.979899
2026-05-06 19:49:59 INFO     MR   : 3.000000
2026-05-06 19:49:59 INFO     MRR  : 0.543590
2026-05-06 19:49:59 INFO     >>>>> Predictor: Evaluating on test
2026-05-06 19:50:00 INFO     Data : 201
2026-05-06 19:50:00 INFO     Hit1 : 0.427861
2026-05-06 19:50:00 INFO     Hit3 : 0.800995
2026-05-06 19:50:00 INFO     Hit10: 0.960199
2026-05-06 19:50:00 INFO     MR   : 2.791045
2026-05-06 19:50:00 INFO     MRR  : 0.629066
2026-05-06 19:50:00 INFO     -------------------------
2026-05-06 19:50:00 INFO     | Iteration: 5/10
2026-05-06 19:50:00 INFO     -------------------------
2026-05-06 19:50:00 INFO     >>>>> Predictor: Training
2026-05-06 19:50:00 INFO     10 127 2.238771 175.0
2026-05-06 19:50:00 INFO     20 127 1.974228 175.0
2026-05-06 19:50:00 INFO     30 127 2.215346 191.8
2026-05-06 19:50:01 INFO     40 127 1.731331 124.6
2026-05-06 19:50:01 INFO     50 127 2.252010 173.6
2026-05-06 19:50:01 INFO     60 127 2.349963 201.6
2026-05-06 19:50:01 INFO     70 127 2.187702 156.8
2026-05-06 19:50:01 INFO     80 127 2.122697 196.0
2026-05-06 19:50:02 INFO     90 127 2.083212 158.2
2026-05-06 19:50:02 INFO     100 127 2.151717 194.6
2026-05-06 19:50:02 INFO     >>>>> Predictor: Evaluating on valid
2026-05-06 19:50:03 INFO     Data : 199
2026-05-06 19:50:03 INFO     Hit1 : 0.301508
2026-05-06 19:50:03 INFO     Hit3 : 0.713568
2026-05-06 19:50:03 INFO     Hit10: 0.979899
2026-05-06 19:50:03 INFO     MR   : 3.090452
2026-05-06 19:50:03 INFO     MRR  : 0.535351
2026-05-06 19:50:03 INFO     >>>>> Predictor: Evaluating on test
2026-05-06 19:50:04 INFO     Data : 201
2026-05-06 19:50:04 INFO     Hit1 : 0.373134
2026-05-06 19:50:04 INFO     Hit3 : 0.771144
2026-05-06 19:50:04 INFO     Hit10: 0.990050
2026-05-06 19:50:04 INFO     MR   : 2.701493
2026-05-06 19:50:04 INFO     MRR  : 0.597055
2026-05-06 19:50:04 INFO     -------------------------
2026-05-06 19:50:04 INFO     | Iteration: 6/10
2026-05-06 19:50:04 INFO     -------------------------
2026-05-06 19:50:04 INFO     >>>>> Predictor: Training
2026-05-06 19:50:04 INFO     10 127 2.099925 201.6
2026-05-06 19:50:04 INFO     20 127 2.145904 159.6
2026-05-06 19:50:04 INFO     30 127 2.299554 147.0
2026-05-06 19:50:04 INFO     40 127 2.372551 210.0
2026-05-06 19:50:05 INFO     50 127 2.449937 207.2
2026-05-06 19:50:05 INFO     60 127 2.070881 163.8
2026-05-06 19:50:05 INFO     70 127 1.826753 190.4
2026-05-06 19:50:05 INFO     80 127 2.356339 197.4
2026-05-06 19:50:05 INFO     90 127 2.111511 204.4
2026-05-06 19:50:06 INFO     100 127 2.125750 127.4
2026-05-06 19:50:06 INFO     >>>>> Predictor: Evaluating on valid
2026-05-06 19:50:06 INFO     Data : 199
2026-05-06 19:50:06 INFO     Hit1 : 0.331658
2026-05-06 19:50:06 INFO     Hit3 : 0.723618
2026-05-06 19:50:06 INFO     Hit10: 0.974874
2026-05-06 19:50:06 INFO     MR   : 2.989950
2026-05-06 19:50:06 INFO     MRR  : 0.553278
2026-05-06 19:50:06 INFO     >>>>> Predictor: Evaluating on test
2026-05-06 19:50:07 INFO     Data : 201
2026-05-06 19:50:07 INFO     Hit1 : 0.363184
2026-05-06 19:50:07 INFO     Hit3 : 0.746269
2026-05-06 19:50:07 INFO     Hit10: 0.975124
2026-05-06 19:50:07 INFO     MR   : 2.895522
2026-05-06 19:50:07 INFO     MRR  : 0.579557
2026-05-06 19:50:07 INFO     Save checkpoint to NATIONS_seed42/predictor.pt
2026-05-06 19:50:07 INFO     -------------------------
2026-05-06 19:50:07 INFO     | Iteration: 7/10
2026-05-06 19:50:07 INFO     -------------------------
2026-05-06 19:50:07 INFO     >>>>> Predictor: Training
2026-05-06 19:50:07 INFO     10 127 2.206423 198.8
2026-05-06 19:50:08 INFO     20 127 2.094703 159.6
2026-05-06 19:50:08 INFO     30 127 2.283668 183.4
2026-05-06 19:50:08 INFO     40 127 2.317327 165.2
2026-05-06 19:50:08 INFO     50 127 2.228902 173.6
2026-05-06 19:50:08 INFO     60 127 2.024292 200.2
2026-05-06 19:50:09 INFO     70 127 2.243604 162.4
2026-05-06 19:50:09 INFO     80 127 1.798431 173.6
2026-05-06 19:50:09 INFO     90 127 2.073675 159.6
2026-05-06 19:50:09 INFO     100 127 2.206597 162.4
2026-05-06 19:50:09 INFO     >>>>> Predictor: Evaluating on valid
2026-05-06 19:50:10 INFO     Data : 199
2026-05-06 19:50:10 INFO     Hit1 : 0.341709
2026-05-06 19:50:10 INFO     Hit3 : 0.738693
2026-05-06 19:50:10 INFO     Hit10: 0.974874
2026-05-06 19:50:10 INFO     MR   : 2.944724
2026-05-06 19:50:10 INFO     MRR  : 0.562738
2026-05-06 19:50:10 INFO     >>>>> Predictor: Evaluating on test
2026-05-06 19:50:11 INFO     Data : 201
2026-05-06 19:50:11 INFO     Hit1 : 0.432836
2026-05-06 19:50:11 INFO     Hit3 : 0.796020
2026-05-06 19:50:11 INFO     Hit10: 0.985075
2026-05-06 19:50:11 INFO     MR   : 2.626866
2026-05-06 19:50:11 INFO     MRR  : 0.631957
2026-05-06 19:50:11 INFO     Save checkpoint to NATIONS_seed42/predictor.pt
2026-05-06 19:50:11 INFO     -------------------------
2026-05-06 19:50:11 INFO     | Iteration: 8/10
2026-05-06 19:50:11 INFO     -------------------------
2026-05-06 19:50:11 INFO     >>>>> Predictor: Training
2026-05-06 19:50:11 INFO     10 127 2.193844 198.8
2026-05-06 19:50:11 INFO     20 127 2.112559 207.2
2026-05-06 19:50:12 INFO     30 127 2.101639 142.8
2026-05-06 19:50:12 INFO     40 127 2.243535 193.2
2026-05-06 19:50:12 INFO     50 127 2.330295 196.0
2026-05-06 19:50:12 INFO     60 127 2.269709 186.2
2026-05-06 19:50:12 INFO     70 127 2.035117 149.8
2026-05-06 19:50:13 INFO     80 127 1.479578 141.4
2026-05-06 19:50:13 INFO     90 127 2.036233 175.0
2026-05-06 19:50:13 INFO     100 127 2.060392 205.8
2026-05-06 19:50:13 INFO     >>>>> Predictor: Evaluating on valid
2026-05-06 19:50:14 INFO     Data : 199
2026-05-06 19:50:14 INFO     Hit1 : 0.341709
2026-05-06 19:50:14 INFO     Hit3 : 0.703518
2026-05-06 19:50:14 INFO     Hit10: 0.979899
2026-05-06 19:50:14 INFO     MR   : 3.045226
2026-05-06 19:50:14 INFO     MRR  : 0.555326
2026-05-06 19:50:14 INFO     >>>>> Predictor: Evaluating on test
2026-05-06 19:50:15 INFO     Data : 201
2026-05-06 19:50:15 INFO     Hit1 : 0.373134
2026-05-06 19:50:15 INFO     Hit3 : 0.696517
2026-05-06 19:50:15 INFO     Hit10: 0.985075
2026-05-06 19:50:15 INFO     MR   : 3.014925
2026-05-06 19:50:15 INFO     MRR  : 0.575108
2026-05-06 19:50:15 INFO     -------------------------
2026-05-06 19:50:15 INFO     | Iteration: 9/10
2026-05-06 19:50:15 INFO     -------------------------
2026-05-06 19:50:15 INFO     >>>>> Predictor: Training
2026-05-06 19:50:15 INFO     10 127 2.003244 156.8
2026-05-06 19:50:15 INFO     20 127 1.993821 180.6
2026-05-06 19:50:15 INFO     30 127 2.156227 205.8
2026-05-06 19:50:15 INFO     40 127 2.092628 194.6
2026-05-06 19:50:16 INFO     50 127 1.589834 140.0
2026-05-06 19:50:16 INFO     60 127 2.197361 142.8
2026-05-06 19:50:16 INFO     70 127 1.717347 172.2
2026-05-06 19:50:16 INFO     80 127 1.901789 163.8
2026-05-06 19:50:16 INFO     90 127 2.139204 154.0
2026-05-06 19:50:17 INFO     100 127 2.203136 189.0
2026-05-06 19:50:17 INFO     >>>>> Predictor: Evaluating on valid
2026-05-06 19:50:17 INFO     Data : 199
2026-05-06 19:50:17 INFO     Hit1 : 0.351759
2026-05-06 19:50:17 INFO     Hit3 : 0.728643
2026-05-06 19:50:17 INFO     Hit10: 0.984925
2026-05-06 19:50:17 INFO     MR   : 2.869347
2026-05-06 19:50:17 INFO     MRR  : 0.565151
2026-05-06 19:50:17 INFO     >>>>> Predictor: Evaluating on test
2026-05-06 19:50:18 INFO     Data : 201
2026-05-06 19:50:18 INFO     Hit1 : 0.437811
2026-05-06 19:50:18 INFO     Hit3 : 0.741294
2026-05-06 19:50:18 INFO     Hit10: 0.995025
2026-05-06 19:50:18 INFO     MR   : 2.731343
2026-05-06 19:50:18 INFO     MRR  : 0.623474
2026-05-06 19:50:18 INFO     Save checkpoint to NATIONS_seed42/predictor.pt
2026-05-06 19:50:18 INFO     -------------------------
2026-05-06 19:50:18 INFO     | Iteration: 10/10
2026-05-06 19:50:18 INFO     -------------------------
2026-05-06 19:50:18 INFO     >>>>> Predictor: Training
2026-05-06 19:50:18 INFO     10 127 1.949485 144.2
2026-05-06 19:50:19 INFO     20 127 2.325729 186.2
2026-05-06 19:50:19 INFO     30 127 1.707156 154.0
2026-05-06 19:50:19 INFO     40 127 1.686137 144.2
2026-05-06 19:50:19 INFO     50 127 1.996848 145.6
2026-05-06 19:50:19 INFO     60 127 1.823497 196.0
2026-05-06 19:50:20 INFO     70 127 2.346217 175.0
2026-05-06 19:50:20 INFO     80 127 2.026525 186.2
2026-05-06 19:50:20 INFO     90 127 1.906104 159.6
2026-05-06 19:50:20 INFO     100 127 2.195661 210.0
2026-05-06 19:50:20 INFO     >>>>> Predictor: Evaluating on valid
2026-05-06 19:50:21 INFO     Data : 199
2026-05-06 19:50:21 INFO     Hit1 : 0.381910
2026-05-06 19:50:21 INFO     Hit3 : 0.743719
2026-05-06 19:50:21 INFO     Hit10: 0.984925
2026-05-06 19:50:21 INFO     MR   : 2.708543
2026-05-06 19:50:21 INFO     MRR  : 0.589675
2026-05-06 19:50:21 INFO     >>>>> Predictor: Evaluating on test
2026-05-06 19:50:22 INFO     Data : 201
2026-05-06 19:50:22 INFO     Hit1 : 0.422886
2026-05-06 19:50:22 INFO     Hit3 : 0.776119
2026-05-06 19:50:22 INFO     Hit10: 0.985075
2026-05-06 19:50:22 INFO     MR   : 2.626866
2026-05-06 19:50:22 INFO     MRR  : 0.621721
2026-05-06 19:50:22 INFO     Save checkpoint to NATIONS_seed42/predictor.pt
