2026-05-06 19:55:02 INFO     Predictor+: read 5500 rules from file.
2026-05-06 19:55:03 INFO     Preprocess training set
2026-05-06 19:55:03 INFO     -------------------------
2026-05-06 19:55:03 INFO     | Iteration: 1/10
2026-05-06 19:55:03 INFO     -------------------------
2026-05-06 19:55:03 INFO     >>>>> Predictor: Training
2026-05-06 19:55:04 INFO     10 127 2.587674 191.8
2026-05-06 19:55:04 INFO     20 127 2.702607 170.8
2026-05-06 19:55:04 INFO     30 127 2.634617 162.4
2026-05-06 19:55:04 INFO     40 127 2.535144 207.2
2026-05-06 19:55:05 INFO     50 127 2.626081 201.6
2026-05-06 19:55:05 INFO     60 127 2.620609 173.6
2026-05-06 19:55:05 INFO     70 127 2.570514 168.0
2026-05-06 19:55:05 INFO     80 127 2.419005 163.8
2026-05-06 19:55:06 INFO     90 127 2.520780 187.6
2026-05-06 19:55:06 INFO     100 127 2.472536 170.8
2026-05-06 19:55:06 INFO     >>>>> Predictor: Evaluating on valid
2026-05-06 19:55:07 INFO     Data : 199
2026-05-06 19:55:07 INFO     Hit1 : 0.316583
2026-05-06 19:55:07 INFO     Hit3 : 0.678392
2026-05-06 19:55:07 INFO     Hit10: 0.969849
2026-05-06 19:55:07 INFO     MR   : 3.286432
2026-05-06 19:55:07 INFO     MRR  : 0.533052
2026-05-06 19:55:07 INFO     >>>>> Predictor: Evaluating on test
2026-05-06 19:55:07 INFO     Data : 201
2026-05-06 19:55:07 INFO     Hit1 : 0.358209
2026-05-06 19:55:07 INFO     Hit3 : 0.736318
2026-05-06 19:55:07 INFO     Hit10: 0.985075
2026-05-06 19:55:07 INFO     MR   : 2.915423
2026-05-06 19:55:07 INFO     MRR  : 0.572178
2026-05-06 19:55:07 INFO     Save checkpoint to NATIONS_seed44/predictor.pt
2026-05-06 19:55:07 INFO     -------------------------
2026-05-06 19:55:07 INFO     | Iteration: 2/10
2026-05-06 19:55:07 INFO     -------------------------
2026-05-06 19:55:07 INFO     >>>>> Predictor: Training
2026-05-06 19:55:08 INFO     10 127 2.371015 176.4
2026-05-06 19:55:08 INFO     20 127 2.432528 149.8
2026-05-06 19:55:08 INFO     30 127 2.467860 113.4
2026-05-06 19:55:08 INFO     40 127 2.493994 155.4
2026-05-06 19:55:09 INFO     50 127 2.420492 179.2
2026-05-06 19:55:09 INFO     60 127 2.366820 189.0
2026-05-06 19:55:09 INFO     70 127 2.441183 207.2
2026-05-06 19:55:09 INFO     80 127 2.066341 179.2
2026-05-06 19:55:09 INFO     90 127 2.261501 156.8
2026-05-06 19:55:10 INFO     100 127 2.406767 170.8
2026-05-06 19:55:10 INFO     >>>>> Predictor: Evaluating on valid
2026-05-06 19:55:11 INFO     Data : 199
2026-05-06 19:55:11 INFO     Hit1 : 0.321608
2026-05-06 19:55:11 INFO     Hit3 : 0.683417
2026-05-06 19:55:11 INFO     Hit10: 0.959799
2026-05-06 19:55:11 INFO     MR   : 3.160804
2026-05-06 19:55:11 INFO     MRR  : 0.540861
2026-05-06 19:55:11 INFO     >>>>> Predictor: Evaluating on test
2026-05-06 19:55:11 INFO     Data : 201
2026-05-06 19:55:11 INFO     Hit1 : 0.398010
2026-05-06 19:55:11 INFO     Hit3 : 0.766169
2026-05-06 19:55:11 INFO     Hit10: 0.970149
2026-05-06 19:55:11 INFO     MR   : 2.860697
2026-05-06 19:55:11 INFO     MRR  : 0.603067
2026-05-06 19:55:11 INFO     Save checkpoint to NATIONS_seed44/predictor.pt
2026-05-06 19:55:11 INFO     -------------------------
2026-05-06 19:55:11 INFO     | Iteration: 3/10
2026-05-06 19:55:11 INFO     -------------------------
2026-05-06 19:55:11 INFO     >>>>> Predictor: Training
2026-05-06 19:55:12 INFO     10 127 2.487632 197.4
2026-05-06 19:55:12 INFO     20 127 1.995477 133.0
2026-05-06 19:55:12 INFO     30 127 2.480886 224.0
2026-05-06 19:55:12 INFO     40 127 2.254950 140.0
2026-05-06 19:55:12 INFO     50 127 2.303138 191.8
2026-05-06 19:55:12 INFO     60 127 2.307829 141.4
2026-05-06 19:55:12 INFO     70 127 2.124496 134.4
2026-05-06 19:55:13 INFO     80 127 2.420246 201.6
2026-05-06 19:55:13 INFO     90 127 2.389001 196.0
2026-05-06 19:55:13 INFO     100 127 2.080871 152.6
2026-05-06 19:55:13 INFO     >>>>> Predictor: Evaluating on valid
2026-05-06 19:55:14 INFO     Data : 199
2026-05-06 19:55:14 INFO     Hit1 : 0.331658
2026-05-06 19:55:14 INFO     Hit3 : 0.703518
2026-05-06 19:55:14 INFO     Hit10: 0.974874
2026-05-06 19:55:14 INFO     MR   : 2.929648
2026-05-06 19:55:14 INFO     MRR  : 0.552619
2026-05-06 19:55:14 INFO     >>>>> Predictor: Evaluating on test
2026-05-06 19:55:15 INFO     Data : 201
2026-05-06 19:55:15 INFO     Hit1 : 0.368159
2026-05-06 19:55:15 INFO     Hit3 : 0.736318
2026-05-06 19:55:15 INFO     Hit10: 0.980100
2026-05-06 19:55:15 INFO     MR   : 2.880597
2026-05-06 19:55:15 INFO     MRR  : 0.580605
2026-05-06 19:55:15 INFO     Save checkpoint to NATIONS_seed44/predictor.pt
2026-05-06 19:55:15 INFO     -------------------------
2026-05-06 19:55:15 INFO     | Iteration: 4/10
2026-05-06 19:55:15 INFO     -------------------------
2026-05-06 19:55:15 INFO     >>>>> Predictor: Training
2026-05-06 19:55:15 INFO     10 127 2.277610 205.8
2026-05-06 19:55:15 INFO     20 127 2.343240 131.6
2026-05-06 19:55:15 INFO     30 127 2.326349 176.4
2026-05-06 19:55:16 INFO     40 127 2.287644 189.0
2026-05-06 19:55:16 INFO     50 127 2.213441 151.2
2026-05-06 19:55:16 INFO     60 127 2.387586 151.2
2026-05-06 19:55:16 INFO     70 127 2.333109 190.4
2026-05-06 19:55:16 INFO     80 127 2.315536 142.8
2026-05-06 19:55:17 INFO     90 127 2.473720 215.6
2026-05-06 19:55:17 INFO     100 127 2.278055 187.6
2026-05-06 19:55:17 INFO     >>>>> Predictor: Evaluating on valid
2026-05-06 19:55:18 INFO     Data : 199
2026-05-06 19:55:18 INFO     Hit1 : 0.326633
2026-05-06 19:55:18 INFO     Hit3 : 0.733668
2026-05-06 19:55:18 INFO     Hit10: 0.979899
2026-05-06 19:55:18 INFO     MR   : 2.884422
2026-05-06 19:55:18 INFO     MRR  : 0.552698
2026-05-06 19:55:18 INFO     >>>>> Predictor: Evaluating on test
2026-05-06 19:55:19 INFO     Data : 201
2026-05-06 19:55:19 INFO     Hit1 : 0.407960
2026-05-06 19:55:19 INFO     Hit3 : 0.746269
2026-05-06 19:55:19 INFO     Hit10: 0.985075
2026-05-06 19:55:19 INFO     MR   : 2.810945
2026-05-06 19:55:19 INFO     MRR  : 0.605425
2026-05-06 19:55:19 INFO     Save checkpoint to NATIONS_seed44/predictor.pt
2026-05-06 19:55:19 INFO     -------------------------
2026-05-06 19:55:19 INFO     | Iteration: 5/10
2026-05-06 19:55:19 INFO     -------------------------
2026-05-06 19:55:19 INFO     >>>>> Predictor: Training
2026-05-06 19:55:19 INFO     10 127 2.137541 158.2
2026-05-06 19:55:19 INFO     20 127 2.289975 196.0
2026-05-06 19:55:19 INFO     30 127 2.223561 177.8
2026-05-06 19:55:19 INFO     40 127 2.304638 200.2
2026-05-06 19:55:20 INFO     50 127 2.265297 204.4
2026-05-06 19:55:20 INFO     60 127 2.103084 131.6
2026-05-06 19:55:20 INFO     70 127 2.317671 168.0
2026-05-06 19:55:20 INFO     80 127 2.216940 211.4
2026-05-06 19:55:20 INFO     90 127 2.122194 183.4
2026-05-06 19:55:21 INFO     100 127 2.038516 119.0
2026-05-06 19:55:21 INFO     >>>>> Predictor: Evaluating on valid
2026-05-06 19:55:22 INFO     Data : 199
2026-05-06 19:55:22 INFO     Hit1 : 0.351759
2026-05-06 19:55:22 INFO     Hit3 : 0.743719
2026-05-06 19:55:22 INFO     Hit10: 0.979899
2026-05-06 19:55:22 INFO     MR   : 2.864322
2026-05-06 19:55:22 INFO     MRR  : 0.572573
2026-05-06 19:55:22 INFO     >>>>> Predictor: Evaluating on test
2026-05-06 19:55:22 INFO     Data : 201
2026-05-06 19:55:22 INFO     Hit1 : 0.402985
2026-05-06 19:55:22 INFO     Hit3 : 0.741294
2026-05-06 19:55:22 INFO     Hit10: 0.970149
2026-05-06 19:55:22 INFO     MR   : 2.900498
2026-05-06 19:55:22 INFO     MRR  : 0.599553
2026-05-06 19:55:22 INFO     Save checkpoint to NATIONS_seed44/predictor.pt
2026-05-06 19:55:22 INFO     -------------------------
2026-05-06 19:55:22 INFO     | Iteration: 6/10
2026-05-06 19:55:22 INFO     -------------------------
2026-05-06 19:55:22 INFO     >>>>> Predictor: Training
2026-05-06 19:55:23 INFO     10 127 1.954220 161.0
2026-05-06 19:55:23 INFO     20 127 2.091616 145.6
2026-05-06 19:55:23 INFO     30 127 2.066395 183.4
2026-05-06 19:55:23 INFO     40 127 2.131484 155.4
2026-05-06 19:55:23 INFO     50 127 1.908514 189.0
2026-05-06 19:55:24 INFO     60 127 2.352433 205.8
2026-05-06 19:55:24 INFO     70 127 2.238155 193.2
2026-05-06 19:55:24 INFO     80 127 1.985256 169.4
2026-05-06 19:55:24 INFO     90 127 2.290368 166.6
2026-05-06 19:55:24 INFO     100 127 2.117712 179.2
2026-05-06 19:55:24 INFO     >>>>> Predictor: Evaluating on valid
2026-05-06 19:55:25 INFO     Data : 199
2026-05-06 19:55:25 INFO     Hit1 : 0.336683
2026-05-06 19:55:25 INFO     Hit3 : 0.733668
2026-05-06 19:55:25 INFO     Hit10: 0.984925
2026-05-06 19:55:25 INFO     MR   : 2.984925
2026-05-06 19:55:25 INFO     MRR  : 0.564182
2026-05-06 19:55:25 INFO     >>>>> Predictor: Evaluating on test
2026-05-06 19:55:26 INFO     Data : 201
2026-05-06 19:55:26 INFO     Hit1 : 0.383085
2026-05-06 19:55:26 INFO     Hit3 : 0.771144
2026-05-06 19:55:26 INFO     Hit10: 0.980100
2026-05-06 19:55:26 INFO     MR   : 2.815920
2026-05-06 19:55:26 INFO     MRR  : 0.599523
2026-05-06 19:55:26 INFO     -------------------------
2026-05-06 19:55:26 INFO     | Iteration: 7/10
2026-05-06 19:55:26 INFO     -------------------------
2026-05-06 19:55:26 INFO     >>>>> Predictor: Training
2026-05-06 19:55:26 INFO     10 127 2.193448 190.4
2026-05-06 19:55:26 INFO     20 127 1.895511 170.8
2026-05-06 19:55:27 INFO     30 127 2.000063 163.8
2026-05-06 19:55:27 INFO     40 127 2.052117 172.2
2026-05-06 19:55:27 INFO     50 127 2.468708 177.8
2026-05-06 19:55:27 INFO     60 127 1.990687 175.0
2026-05-06 19:55:27 INFO     70 127 2.232461 179.2
2026-05-06 19:55:28 INFO     80 127 2.064626 190.4
2026-05-06 19:55:28 INFO     90 127 2.012763 175.0
2026-05-06 19:55:28 INFO     100 127 2.065262 177.8
2026-05-06 19:55:28 INFO     >>>>> Predictor: Evaluating on valid
2026-05-06 19:55:29 INFO     Data : 199
2026-05-06 19:55:29 INFO     Hit1 : 0.356784
2026-05-06 19:55:29 INFO     Hit3 : 0.728643
2026-05-06 19:55:29 INFO     Hit10: 0.974874
2026-05-06 19:55:29 INFO     MR   : 2.944724
2026-05-06 19:55:29 INFO     MRR  : 0.573164
2026-05-06 19:55:29 INFO     >>>>> Predictor: Evaluating on test
2026-05-06 19:55:30 INFO     Data : 201
2026-05-06 19:55:30 INFO     Hit1 : 0.412935
2026-05-06 19:55:30 INFO     Hit3 : 0.781095
2026-05-06 19:55:30 INFO     Hit10: 0.975124
2026-05-06 19:55:30 INFO     MR   : 2.711443
2026-05-06 19:55:30 INFO     MRR  : 0.619387
2026-05-06 19:55:30 INFO     Save checkpoint to NATIONS_seed44/predictor.pt
2026-05-06 19:55:30 INFO     -------------------------
2026-05-06 19:55:30 INFO     | Iteration: 8/10
2026-05-06 19:55:30 INFO     -------------------------
2026-05-06 19:55:30 INFO     >>>>> Predictor: Training
2026-05-06 19:55:30 INFO     10 127 1.964841 183.4
2026-05-06 19:55:30 INFO     20 127 2.112871 207.2
2026-05-06 19:55:30 INFO     30 127 1.830144 141.4
2026-05-06 19:55:31 INFO     40 127 2.347768 189.0
2026-05-06 19:55:31 INFO     50 127 2.164728 168.0
2026-05-06 19:55:31 INFO     60 127 1.930931 156.8
2026-05-06 19:55:31 INFO     70 127 2.083403 180.6
2026-05-06 19:55:32 INFO     80 127 2.176306 200.2
2026-05-06 19:55:32 INFO     90 127 1.865729 180.6
2026-05-06 19:55:32 INFO     100 127 1.929091 168.0
2026-05-06 19:55:32 INFO     >>>>> Predictor: Evaluating on valid
2026-05-06 19:55:33 INFO     Data : 199
2026-05-06 19:55:33 INFO     Hit1 : 0.331658
2026-05-06 19:55:33 INFO     Hit3 : 0.733668
2026-05-06 19:55:33 INFO     Hit10: 0.974874
2026-05-06 19:55:33 INFO     MR   : 2.994975
2026-05-06 19:55:33 INFO     MRR  : 0.554423
2026-05-06 19:55:33 INFO     >>>>> Predictor: Evaluating on test
2026-05-06 19:55:34 INFO     Data : 201
2026-05-06 19:55:34 INFO     Hit1 : 0.437811
2026-05-06 19:55:34 INFO     Hit3 : 0.766169
2026-05-06 19:55:34 INFO     Hit10: 0.975124
2026-05-06 19:55:34 INFO     MR   : 2.686567
2026-05-06 19:55:34 INFO     MRR  : 0.628866
2026-05-06 19:55:34 INFO     -------------------------
2026-05-06 19:55:34 INFO     | Iteration: 9/10
2026-05-06 19:55:34 INFO     -------------------------
2026-05-06 19:55:34 INFO     >>>>> Predictor: Training
2026-05-06 19:55:34 INFO     10 127 1.915941 169.4
2026-05-06 19:55:34 INFO     20 127 1.822078 156.8
2026-05-06 19:55:34 INFO     30 127 1.727852 147.0
2026-05-06 19:55:34 INFO     40 127 1.886311 184.8
2026-05-06 19:55:35 INFO     50 127 2.262673 224.0
2026-05-06 19:55:35 INFO     60 127 2.085391 191.8
2026-05-06 19:55:35 INFO     70 127 2.005429 184.8
2026-05-06 19:55:35 INFO     80 127 2.263754 190.4
2026-05-06 19:55:35 INFO     90 127 1.769292 165.2
2026-05-06 19:55:36 INFO     100 127 2.091885 165.2
2026-05-06 19:55:36 INFO     >>>>> Predictor: Evaluating on valid
2026-05-06 19:55:37 INFO     Data : 199
2026-05-06 19:55:37 INFO     Hit1 : 0.366834
2026-05-06 19:55:37 INFO     Hit3 : 0.718593
2026-05-06 19:55:37 INFO     Hit10: 0.984925
2026-05-06 19:55:37 INFO     MR   : 2.919598
2026-05-06 19:55:37 INFO     MRR  : 0.567592
2026-05-06 19:55:37 INFO     >>>>> Predictor: Evaluating on test
2026-05-06 19:55:37 INFO     Data : 201
2026-05-06 19:55:37 INFO     Hit1 : 0.422886
2026-05-06 19:55:37 INFO     Hit3 : 0.776119
2026-05-06 19:55:37 INFO     Hit10: 0.985075
2026-05-06 19:55:37 INFO     MR   : 2.641791
2026-05-06 19:55:37 INFO     MRR  : 0.621901
2026-05-06 19:55:37 INFO     -------------------------
2026-05-06 19:55:37 INFO     | Iteration: 10/10
2026-05-06 19:55:37 INFO     -------------------------
2026-05-06 19:55:37 INFO     >>>>> Predictor: Training
2026-05-06 19:55:38 INFO     10 127 2.062146 194.6
2026-05-06 19:55:38 INFO     20 127 1.900246 183.4
2026-05-06 19:55:38 INFO     30 127 2.039620 201.6
2026-05-06 19:55:38 INFO     40 127 1.735157 173.6
2026-05-06 19:55:38 INFO     50 127 1.986303 197.4
2026-05-06 19:55:39 INFO     60 127 2.039757 168.0
2026-05-06 19:55:39 INFO     70 127 1.983335 166.6
2026-05-06 19:55:39 INFO     80 127 1.934486 168.0
2026-05-06 19:55:39 INFO     90 127 2.007676 147.0
2026-05-06 19:55:39 INFO     100 127 2.221359 184.8
2026-05-06 19:55:39 INFO     >>>>> Predictor: Evaluating on valid
2026-05-06 19:55:40 INFO     Data : 199
2026-05-06 19:55:40 INFO     Hit1 : 0.391960
2026-05-06 19:55:40 INFO     Hit3 : 0.738693
2026-05-06 19:55:40 INFO     Hit10: 0.984925
2026-05-06 19:55:40 INFO     MR   : 2.748744
2026-05-06 19:55:40 INFO     MRR  : 0.595623
2026-05-06 19:55:40 INFO     >>>>> Predictor: Evaluating on test
2026-05-06 19:55:41 INFO     Data : 201
2026-05-06 19:55:41 INFO     Hit1 : 0.422886
2026-05-06 19:55:41 INFO     Hit3 : 0.736318
2026-05-06 19:55:41 INFO     Hit10: 0.975124
2026-05-06 19:55:41 INFO     MR   : 2.935323
2026-05-06 19:55:41 INFO     MRR  : 0.602478
2026-05-06 19:55:41 INFO     Save checkpoint to NATIONS_seed44/predictor.pt
