2026-05-06 19:50:31 INFO     Predictor+: read 2500 rules from file.
2026-05-06 19:50:32 INFO     Preprocess training set
2026-05-06 19:50:32 INFO     -------------------------
2026-05-06 19:50:32 INFO     | Iteration: 1/10
2026-05-06 19:50:32 INFO     -------------------------
2026-05-06 19:50:32 INFO     >>>>> Predictor: Training
2026-05-06 19:50:33 INFO     10 546 4.522440 1664.0
2026-05-06 19:50:33 INFO     20 546 4.341553 1539.2
2026-05-06 19:50:33 INFO     30 546 3.848781 1664.0
2026-05-06 19:50:33 INFO     40 546 3.179400 1664.0
2026-05-06 19:50:34 INFO     50 546 3.103173 1664.0
2026-05-06 19:50:34 INFO     60 546 2.972938 1518.4
2026-05-06 19:50:34 INFO     70 546 3.579851 1560.0
2026-05-06 19:50:34 INFO     80 546 3.003461 1664.0
2026-05-06 19:50:35 INFO     90 546 2.897957 1653.6
2026-05-06 19:50:35 INFO     100 546 2.994869 1476.8
2026-05-06 19:50:35 INFO     >>>>> Predictor: Evaluating on valid
2026-05-06 19:50:36 INFO     Data : 1068
2026-05-06 19:50:36 INFO     Hit1 : 0.343633
2026-05-06 19:50:36 INFO     Hit3 : 0.621723
2026-05-06 19:50:36 INFO     Hit10: 0.865169
2026-05-06 19:50:36 INFO     MR   : 6.865169
2026-05-06 19:50:36 INFO     MRR  : 0.518646
2026-05-06 19:50:36 INFO     >>>>> Predictor: Evaluating on test
2026-05-06 19:50:38 INFO     Data : 1074
2026-05-06 19:50:38 INFO     Hit1 : 0.477654
2026-05-06 19:50:38 INFO     Hit3 : 0.684358
2026-05-06 19:50:38 INFO     Hit10: 0.868715
2026-05-06 19:50:38 INFO     MR   : 6.256983
2026-05-06 19:50:38 INFO     MRR  : 0.608668
2026-05-06 19:50:38 INFO     Save checkpoint to KINSHIP_seed42/predictor.pt
2026-05-06 19:50:38 INFO     -------------------------
2026-05-06 19:50:38 INFO     | Iteration: 2/10
2026-05-06 19:50:38 INFO     -------------------------
2026-05-06 19:50:38 INFO     >>>>> Predictor: Training
2026-05-06 19:50:38 INFO     10 546 2.889562 1664.0
2026-05-06 19:50:39 INFO     20 546 3.069776 1622.4
2026-05-06 19:50:39 INFO     30 546 2.830580 1445.6
2026-05-06 19:50:39 INFO     40 546 2.899138 1570.4
2026-05-06 19:50:39 INFO     50 546 2.914261 1664.0
2026-05-06 19:50:40 INFO     60 546 2.809999 1664.0
2026-05-06 19:50:40 INFO     70 546 2.807267 1664.0
2026-05-06 19:50:40 INFO     80 546 2.872441 1664.0
2026-05-06 19:50:40 INFO     90 546 2.822917 1622.4
2026-05-06 19:50:40 INFO     100 546 2.832588 1664.0
2026-05-06 19:50:40 INFO     >>>>> Predictor: Evaluating on valid
2026-05-06 19:50:42 INFO     Data : 1068
2026-05-06 19:50:42 INFO     Hit1 : 0.393258
2026-05-06 19:50:42 INFO     Hit3 : 0.695693
2026-05-06 19:50:42 INFO     Hit10: 0.929775
2026-05-06 19:50:42 INFO     MR   : 4.474719
2026-05-06 19:50:42 INFO     MRR  : 0.573868
2026-05-06 19:50:42 INFO     >>>>> Predictor: Evaluating on test
2026-05-06 19:50:44 INFO     Data : 1074
2026-05-06 19:50:44 INFO     Hit1 : 0.533520
2026-05-06 19:50:44 INFO     Hit3 : 0.776536
2026-05-06 19:50:44 INFO     Hit10: 0.936685
2026-05-06 19:50:44 INFO     MR   : 3.770019
2026-05-06 19:50:44 INFO     MRR  : 0.675284
2026-05-06 19:50:44 INFO     Save checkpoint to KINSHIP_seed42/predictor.pt
2026-05-06 19:50:44 INFO     -------------------------
2026-05-06 19:50:44 INFO     | Iteration: 3/10
2026-05-06 19:50:44 INFO     -------------------------
2026-05-06 19:50:44 INFO     >>>>> Predictor: Training
2026-05-06 19:50:44 INFO     10 546 2.891611 1664.0
2026-05-06 19:50:44 INFO     20 546 2.677942 1664.0
2026-05-06 19:50:44 INFO     30 546 2.841620 1518.4
2026-05-06 19:50:45 INFO     40 546 2.760998 1664.0
2026-05-06 19:50:45 INFO     50 546 2.867670 1664.0
2026-05-06 19:50:45 INFO     60 546 2.538745 1591.2
2026-05-06 19:50:45 INFO     70 546 2.808983 1664.0
2026-05-06 19:50:46 INFO     80 546 2.975707 1664.0
2026-05-06 19:50:46 INFO     90 546 2.678556 1664.0
2026-05-06 19:50:46 INFO     100 546 2.678994 1508.0
2026-05-06 19:50:46 INFO     >>>>> Predictor: Evaluating on valid
2026-05-06 19:50:48 INFO     Data : 1068
2026-05-06 19:50:48 INFO     Hit1 : 0.412921
2026-05-06 19:50:48 INFO     Hit3 : 0.750936
2026-05-06 19:50:48 INFO     Hit10: 0.937266
2026-05-06 19:50:48 INFO     MR   : 4.190075
2026-05-06 19:50:48 INFO     MRR  : 0.599664
2026-05-06 19:50:48 INFO     >>>>> Predictor: Evaluating on test
2026-05-06 19:50:49 INFO     Data : 1074
2026-05-06 19:50:49 INFO     Hit1 : 0.554935
2026-05-06 19:50:49 INFO     Hit3 : 0.794227
2026-05-06 19:50:49 INFO     Hit10: 0.930168
2026-05-06 19:50:49 INFO     MR   : 3.787709
2026-05-06 19:50:49 INFO     MRR  : 0.690178
2026-05-06 19:50:49 INFO     Save checkpoint to KINSHIP_seed42/predictor.pt
2026-05-06 19:50:49 INFO     -------------------------
2026-05-06 19:50:49 INFO     | Iteration: 4/10
2026-05-06 19:50:49 INFO     -------------------------
2026-05-06 19:50:49 INFO     >>>>> Predictor: Training
2026-05-06 19:50:49 INFO     10 546 2.732798 1664.0
2026-05-06 19:50:50 INFO     20 546 2.763481 1664.0
2026-05-06 19:50:50 INFO     30 546 2.645012 1664.0
2026-05-06 19:50:50 INFO     40 546 3.065852 1601.6
2026-05-06 19:50:50 INFO     50 546 2.830976 1518.4
2026-05-06 19:50:51 INFO     60 546 2.806172 1664.0
2026-05-06 19:50:51 INFO     70 546 2.801432 1664.0
2026-05-06 19:50:51 INFO     80 546 2.582683 1518.4
2026-05-06 19:50:51 INFO     90 546 2.756437 1653.6
2026-05-06 19:50:52 INFO     100 546 2.905282 1664.0
2026-05-06 19:50:52 INFO     >>>>> Predictor: Evaluating on valid
2026-05-06 19:50:53 INFO     Data : 1068
2026-05-06 19:50:53 INFO     Hit1 : 0.399813
2026-05-06 19:50:53 INFO     Hit3 : 0.714419
2026-05-06 19:50:53 INFO     Hit10: 0.939139
2026-05-06 19:50:53 INFO     MR   : 4.400749
2026-05-06 19:50:53 INFO     MRR  : 0.583705
2026-05-06 19:50:53 INFO     >>>>> Predictor: Evaluating on test
2026-05-06 19:50:55 INFO     Data : 1074
2026-05-06 19:50:55 INFO     Hit1 : 0.543762
2026-05-06 19:50:55 INFO     Hit3 : 0.767225
2026-05-06 19:50:55 INFO     Hit10: 0.942272
2026-05-06 19:50:55 INFO     MR   : 3.625698
2026-05-06 19:50:55 INFO     MRR  : 0.677703
2026-05-06 19:50:55 INFO     -------------------------
2026-05-06 19:50:55 INFO     | Iteration: 5/10
2026-05-06 19:50:55 INFO     -------------------------
2026-05-06 19:50:55 INFO     >>>>> Predictor: Training
2026-05-06 19:50:55 INFO     10 546 2.642640 1664.0
2026-05-06 19:50:55 INFO     20 546 2.606570 1664.0
2026-05-06 19:50:55 INFO     30 546 2.837673 1664.0
2026-05-06 19:50:56 INFO     40 546 2.662301 1664.0
2026-05-06 19:50:56 INFO     50 546 2.762867 1664.0
2026-05-06 19:50:56 INFO     60 546 2.599119 1622.4
2026-05-06 19:50:56 INFO     70 546 2.681923 1664.0
2026-05-06 19:50:57 INFO     80 546 2.499558 1664.0
2026-05-06 19:50:57 INFO     90 546 2.712830 1664.0
2026-05-06 19:50:57 INFO     100 546 2.630728 1622.4
2026-05-06 19:50:57 INFO     >>>>> Predictor: Evaluating on valid
2026-05-06 19:50:59 INFO     Data : 1068
2026-05-06 19:50:59 INFO     Hit1 : 0.453184
2026-05-06 19:50:59 INFO     Hit3 : 0.757491
2026-05-06 19:50:59 INFO     Hit10: 0.940075
2026-05-06 19:50:59 INFO     MR   : 4.164794
2026-05-06 19:50:59 INFO     MRR  : 0.626891
2026-05-06 19:50:59 INFO     >>>>> Predictor: Evaluating on test
2026-05-06 19:51:00 INFO     Data : 1074
2026-05-06 19:51:00 INFO     Hit1 : 0.603352
2026-05-06 19:51:00 INFO     Hit3 : 0.820298
2026-05-06 19:51:00 INFO     Hit10: 0.946927
2026-05-06 19:51:00 INFO     MR   : 3.381750
2026-05-06 19:51:00 INFO     MRR  : 0.727885
2026-05-06 19:51:00 INFO     Save checkpoint to KINSHIP_seed42/predictor.pt
2026-05-06 19:51:00 INFO     -------------------------
2026-05-06 19:51:00 INFO     | Iteration: 6/10
2026-05-06 19:51:00 INFO     -------------------------
2026-05-06 19:51:00 INFO     >>>>> Predictor: Training
2026-05-06 19:51:01 INFO     10 546 2.674497 1591.2
2026-05-06 19:51:01 INFO     20 546 2.878435 1653.6
2026-05-06 19:51:01 INFO     30 546 2.657070 1518.4
2026-05-06 19:51:01 INFO     40 546 2.665702 1664.0
2026-05-06 19:51:02 INFO     50 546 2.777512 1622.4
2026-05-06 19:51:02 INFO     60 546 2.746316 1414.4
2026-05-06 19:51:02 INFO     70 546 2.706971 1664.0
2026-05-06 19:51:02 INFO     80 546 2.846690 1664.0
2026-05-06 19:51:02 INFO     90 546 2.630138 1664.0
2026-05-06 19:51:03 INFO     100 546 2.624998 1664.0
2026-05-06 19:51:03 INFO     >>>>> Predictor: Evaluating on valid
2026-05-06 19:51:04 INFO     Data : 1068
2026-05-06 19:51:04 INFO     Hit1 : 0.413858
2026-05-06 19:51:04 INFO     Hit3 : 0.752809
2026-05-06 19:51:04 INFO     Hit10: 0.947566
2026-05-06 19:51:04 INFO     MR   : 3.625468
2026-05-06 19:51:04 INFO     MRR  : 0.604743
2026-05-06 19:51:04 INFO     >>>>> Predictor: Evaluating on test
2026-05-06 19:51:06 INFO     Data : 1074
2026-05-06 19:51:06 INFO     Hit1 : 0.581937
2026-05-06 19:51:06 INFO     Hit3 : 0.818436
2026-05-06 19:51:06 INFO     Hit10: 0.955307
2026-05-06 19:51:06 INFO     MR   : 2.765363
2026-05-06 19:51:06 INFO     MRR  : 0.716169
2026-05-06 19:51:06 INFO     -------------------------
2026-05-06 19:51:06 INFO     | Iteration: 7/10
2026-05-06 19:51:06 INFO     -------------------------
2026-05-06 19:51:06 INFO     >>>>> Predictor: Training
2026-05-06 19:51:06 INFO     10 546 2.613738 1664.0
2026-05-06 19:51:06 INFO     20 546 2.728230 1664.0
2026-05-06 19:51:07 INFO     30 546 2.696271 1549.6
2026-05-06 19:51:07 INFO     40 546 2.628104 1664.0
2026-05-06 19:51:07 INFO     50 546 2.710135 1664.0
2026-05-06 19:51:07 INFO     60 546 2.530930 1622.4
2026-05-06 19:51:08 INFO     70 546 2.625519 1664.0
2026-05-06 19:51:08 INFO     80 546 2.762179 1664.0
2026-05-06 19:51:08 INFO     90 546 2.638094 1664.0
2026-05-06 19:51:08 INFO     100 546 2.716843 1664.0
2026-05-06 19:51:08 INFO     >>>>> Predictor: Evaluating on valid
2026-05-06 19:51:10 INFO     Data : 1068
2026-05-06 19:51:10 INFO     Hit1 : 0.452247
2026-05-06 19:51:10 INFO     Hit3 : 0.768727
2026-05-06 19:51:10 INFO     Hit10: 0.954120
2026-05-06 19:51:10 INFO     MR   : 3.365169
2026-05-06 19:51:10 INFO     MRR  : 0.632103
2026-05-06 19:51:10 INFO     >>>>> Predictor: Evaluating on test
2026-05-06 19:51:11 INFO     Data : 1074
2026-05-06 19:51:11 INFO     Hit1 : 0.615456
2026-05-06 19:51:11 INFO     Hit3 : 0.827747
2026-05-06 19:51:11 INFO     Hit10: 0.967412
2026-05-06 19:51:11 INFO     MR   : 2.522346
2026-05-06 19:51:11 INFO     MRR  : 0.738958
2026-05-06 19:51:11 INFO     Save checkpoint to KINSHIP_seed42/predictor.pt
2026-05-06 19:51:11 INFO     -------------------------
2026-05-06 19:51:11 INFO     | Iteration: 8/10
2026-05-06 19:51:11 INFO     -------------------------
2026-05-06 19:51:11 INFO     >>>>> Predictor: Training
2026-05-06 19:51:12 INFO     10 546 2.705082 1664.0
2026-05-06 19:51:12 INFO     20 546 2.646304 1580.8
2026-05-06 19:51:12 INFO     30 546 2.485513 1632.8
2026-05-06 19:51:12 INFO     40 546 2.574965 1508.0
2026-05-06 19:51:13 INFO     50 546 2.654610 1664.0
2026-05-06 19:51:13 INFO     60 546 2.658736 1664.0
2026-05-06 19:51:13 INFO     70 546 2.847066 1664.0
2026-05-06 19:51:13 INFO     80 546 2.599105 1664.0
2026-05-06 19:51:14 INFO     90 546 2.664488 1653.6
2026-05-06 19:51:14 INFO     100 546 2.794611 1664.0
2026-05-06 19:51:14 INFO     >>>>> Predictor: Evaluating on valid
2026-05-06 19:51:15 INFO     Data : 1068
2026-05-06 19:51:15 INFO     Hit1 : 0.442884
2026-05-06 19:51:15 INFO     Hit3 : 0.779963
2026-05-06 19:51:15 INFO     Hit10: 0.949438
2026-05-06 19:51:15 INFO     MR   : 3.414794
2026-05-06 19:51:15 INFO     MRR  : 0.628402
2026-05-06 19:51:15 INFO     >>>>> Predictor: Evaluating on test
2026-05-06 19:51:17 INFO     Data : 1074
2026-05-06 19:51:17 INFO     Hit1 : 0.609870
2026-05-06 19:51:17 INFO     Hit3 : 0.825885
2026-05-06 19:51:17 INFO     Hit10: 0.959963
2026-05-06 19:51:17 INFO     MR   : 2.604283
2026-05-06 19:51:17 INFO     MRR  : 0.733944
2026-05-06 19:51:17 INFO     -------------------------
2026-05-06 19:51:17 INFO     | Iteration: 9/10
2026-05-06 19:51:17 INFO     -------------------------
2026-05-06 19:51:17 INFO     >>>>> Predictor: Training
2026-05-06 19:51:17 INFO     10 546 2.626752 1518.4
2026-05-06 19:51:17 INFO     20 546 2.717129 1664.0
2026-05-06 19:51:18 INFO     30 546 2.792067 1664.0
2026-05-06 19:51:18 INFO     40 546 2.713963 1664.0
2026-05-06 19:51:18 INFO     50 546 2.703502 1664.0
2026-05-06 19:51:18 INFO     60 546 2.492876 1664.0
2026-05-06 19:51:19 INFO     70 546 2.703257 1664.0
2026-05-06 19:51:19 INFO     80 546 2.857950 1664.0
2026-05-06 19:51:19 INFO     90 546 2.831463 1570.4
2026-05-06 19:51:19 INFO     100 546 2.685638 1664.0
2026-05-06 19:51:19 INFO     >>>>> Predictor: Evaluating on valid
2026-05-06 19:51:21 INFO     Data : 1068
2026-05-06 19:51:21 INFO     Hit1 : 0.434457
2026-05-06 19:51:21 INFO     Hit3 : 0.782772
2026-05-06 19:51:21 INFO     Hit10: 0.959738
2026-05-06 19:51:21 INFO     MR   : 3.333333
2026-05-06 19:51:21 INFO     MRR  : 0.627596
2026-05-06 19:51:21 INFO     >>>>> Predictor: Evaluating on test
2026-05-06 19:51:23 INFO     Data : 1074
2026-05-06 19:51:23 INFO     Hit1 : 0.599628
2026-05-06 19:51:23 INFO     Hit3 : 0.836127
2026-05-06 19:51:23 INFO     Hit10: 0.964618
2026-05-06 19:51:23 INFO     MR   : 2.535382
2026-05-06 19:51:23 INFO     MRR  : 0.732720
2026-05-06 19:51:23 INFO     -------------------------
2026-05-06 19:51:23 INFO     | Iteration: 10/10
2026-05-06 19:51:23 INFO     -------------------------
2026-05-06 19:51:23 INFO     >>>>> Predictor: Training
2026-05-06 19:51:23 INFO     10 546 2.557302 1591.2
2026-05-06 19:51:23 INFO     20 546 2.528422 1664.0
2026-05-06 19:51:23 INFO     30 546 2.431274 1664.0
2026-05-06 19:51:23 INFO     40 546 2.697226 1664.0
2026-05-06 19:51:24 INFO     50 546 2.670774 1664.0
2026-05-06 19:51:24 INFO     60 546 2.646032 1664.0
2026-05-06 19:51:24 INFO     70 546 2.642779 1601.6
2026-05-06 19:51:24 INFO     80 546 2.533080 1664.0
2026-05-06 19:51:25 INFO     90 546 2.617691 1653.6
2026-05-06 19:51:25 INFO     100 546 2.572022 1664.0
2026-05-06 19:51:25 INFO     >>>>> Predictor: Evaluating on valid
2026-05-06 19:51:26 INFO     Data : 1068
2026-05-06 19:51:26 INFO     Hit1 : 0.455993
2026-05-06 19:51:26 INFO     Hit3 : 0.797753
2026-05-06 19:51:26 INFO     Hit10: 0.949438
2026-05-06 19:51:26 INFO     MR   : 3.425094
2026-05-06 19:51:26 INFO     MRR  : 0.637120
2026-05-06 19:51:26 INFO     >>>>> Predictor: Evaluating on test
2026-05-06 19:51:28 INFO     Data : 1074
2026-05-06 19:51:28 INFO     Hit1 : 0.585661
2026-05-06 19:51:28 INFO     Hit3 : 0.823091
2026-05-06 19:51:28 INFO     Hit10: 0.959032
2026-05-06 19:51:28 INFO     MR   : 2.732775
2026-05-06 19:51:28 INFO     MRR  : 0.721719
2026-05-06 19:51:28 INFO     Save checkpoint to KINSHIP_seed42/predictor.pt
