2026-05-06 19:56:43 INFO     Predictor+: read 8 rules from file.
2026-05-06 19:56:43 INFO     Preprocess training set
2026-05-06 19:56:43 INFO     -------------------------
2026-05-06 19:56:43 INFO     | Iteration: 1/10
2026-05-06 19:56:43 INFO     -------------------------
2026-05-06 19:56:43 INFO     >>>>> Predictor: Training
2026-05-06 19:56:44 INFO     10 62 4.262308 4336.0
2026-05-06 19:56:44 INFO     20 62 3.157173 4119.2
2026-05-06 19:56:44 INFO     30 62 3.038055 4336.0
2026-05-06 19:56:44 INFO     40 62 2.685223 4336.0
2026-05-06 19:56:44 INFO     50 62 2.765205 4336.0
2026-05-06 19:56:44 INFO     60 62 2.749079 4336.0
2026-05-06 19:56:44 INFO     >>>>> Predictor: Evaluating on valid
2026-05-06 19:56:44 INFO     Data : 24
2026-05-06 19:56:44 INFO     Hit1 : 0.000000
2026-05-06 19:56:44 INFO     Hit3 : 0.750000
2026-05-06 19:56:44 INFO     Hit10: 1.000000
2026-05-06 19:56:44 INFO     MR   : 3.166667
2026-05-06 19:56:44 INFO     MRR  : 0.347619
2026-05-06 19:56:44 INFO     >>>>> Predictor: Evaluating on test
2026-05-06 19:56:44 INFO     Data : 24
2026-05-06 19:56:44 INFO     Hit1 : 0.000000
2026-05-06 19:56:44 INFO     Hit3 : 0.708333
2026-05-06 19:56:44 INFO     Hit10: 1.000000
2026-05-06 19:56:44 INFO     MR   : 3.208333
2026-05-06 19:56:44 INFO     MRR  : 0.366435
2026-05-06 19:56:44 INFO     Save checkpoint to COUNTRIES_S3_seed44/predictor.pt
2026-05-06 19:56:44 INFO     -------------------------
2026-05-06 19:56:44 INFO     | Iteration: 2/10
2026-05-06 19:56:44 INFO     -------------------------
2026-05-06 19:56:44 INFO     >>>>> Predictor: Training
2026-05-06 19:56:44 INFO     10 62 2.556611 4336.0
2026-05-06 19:56:44 INFO     20 62 2.713359 4119.2
2026-05-06 19:56:44 INFO     30 62 2.493087 4336.0
2026-05-06 19:56:44 INFO     40 62 2.720010 4336.0
2026-05-06 19:56:44 INFO     50 62 2.645034 4336.0
2026-05-06 19:56:44 INFO     60 62 2.629409 4336.0
2026-05-06 19:56:44 INFO     >>>>> Predictor: Evaluating on valid
2026-05-06 19:56:44 INFO     Data : 24
2026-05-06 19:56:44 INFO     Hit1 : 0.000000
2026-05-06 19:56:44 INFO     Hit3 : 0.750000
2026-05-06 19:56:44 INFO     Hit10: 1.000000
2026-05-06 19:56:44 INFO     MR   : 3.291667
2026-05-06 19:56:44 INFO     MRR  : 0.349769
2026-05-06 19:56:44 INFO     >>>>> Predictor: Evaluating on test
2026-05-06 19:56:44 INFO     Data : 24
2026-05-06 19:56:44 INFO     Hit1 : 0.000000
2026-05-06 19:56:44 INFO     Hit3 : 0.708333
2026-05-06 19:56:44 INFO     Hit10: 1.000000
2026-05-06 19:56:44 INFO     MR   : 3.250000
2026-05-06 19:56:44 INFO     MRR  : 0.371528
2026-05-06 19:56:44 INFO     Save checkpoint to COUNTRIES_S3_seed44/predictor.pt
2026-05-06 19:56:44 INFO     -------------------------
2026-05-06 19:56:44 INFO     | Iteration: 3/10
2026-05-06 19:56:44 INFO     -------------------------
2026-05-06 19:56:44 INFO     >>>>> Predictor: Training
2026-05-06 19:56:44 INFO     10 62 2.599789 4336.0
2026-05-06 19:56:44 INFO     20 62 2.639275 4336.0
2026-05-06 19:56:44 INFO     30 62 2.595192 4336.0
2026-05-06 19:56:44 INFO     40 62 2.475428 4119.2
2026-05-06 19:56:44 INFO     50 62 2.371414 4336.0
2026-05-06 19:56:44 INFO     60 62 2.702379 4336.0
2026-05-06 19:56:44 INFO     >>>>> Predictor: Evaluating on valid
2026-05-06 19:56:44 INFO     Data : 24
2026-05-06 19:56:44 INFO     Hit1 : 0.000000
2026-05-06 19:56:44 INFO     Hit3 : 0.750000
2026-05-06 19:56:44 INFO     Hit10: 1.000000
2026-05-06 19:56:44 INFO     MR   : 3.375000
2026-05-06 19:56:44 INFO     MRR  : 0.337500
2026-05-06 19:56:44 INFO     >>>>> Predictor: Evaluating on test
2026-05-06 19:56:44 INFO     Data : 24
2026-05-06 19:56:44 INFO     Hit1 : 0.000000
2026-05-06 19:56:44 INFO     Hit3 : 0.708333
2026-05-06 19:56:44 INFO     Hit10: 1.000000
2026-05-06 19:56:44 INFO     MR   : 3.083333
2026-05-06 19:56:44 INFO     MRR  : 0.380903
2026-05-06 19:56:44 INFO     -------------------------
2026-05-06 19:56:44 INFO     | Iteration: 4/10
2026-05-06 19:56:44 INFO     -------------------------
2026-05-06 19:56:44 INFO     >>>>> Predictor: Training
2026-05-06 19:56:44 INFO     10 62 2.574366 4336.0
2026-05-06 19:56:44 INFO     20 62 2.297688 4336.0
2026-05-06 19:56:45 INFO     30 62 2.606310 4336.0
2026-05-06 19:56:45 INFO     40 62 2.425929 4119.2
2026-05-06 19:56:45 INFO     50 62 2.478138 4336.0
2026-05-06 19:56:45 INFO     60 62 2.908328 4336.0
2026-05-06 19:56:45 INFO     >>>>> Predictor: Evaluating on valid
2026-05-06 19:56:45 INFO     Data : 24
2026-05-06 19:56:45 INFO     Hit1 : 0.000000
2026-05-06 19:56:45 INFO     Hit3 : 0.708333
2026-05-06 19:56:45 INFO     Hit10: 0.958333
2026-05-06 19:56:45 INFO     MR   : 3.666667
2026-05-06 19:56:45 INFO     MRR  : 0.326389
2026-05-06 19:56:45 INFO     >>>>> Predictor: Evaluating on test
2026-05-06 19:56:45 INFO     Data : 24
2026-05-06 19:56:45 INFO     Hit1 : 0.000000
2026-05-06 19:56:45 INFO     Hit3 : 0.541667
2026-05-06 19:56:45 INFO     Hit10: 0.958333
2026-05-06 19:56:45 INFO     MR   : 3.958333
2026-05-06 19:56:45 INFO     MRR  : 0.311080
2026-05-06 19:56:45 INFO     -------------------------
2026-05-06 19:56:45 INFO     | Iteration: 5/10
2026-05-06 19:56:45 INFO     -------------------------
2026-05-06 19:56:45 INFO     >>>>> Predictor: Training
2026-05-06 19:56:45 INFO     10 62 2.525297 4336.0
2026-05-06 19:56:45 INFO     20 62 2.439105 4336.0
2026-05-06 19:56:45 INFO     30 62 2.383402 4336.0
2026-05-06 19:56:45 INFO     40 62 2.669393 4336.0
2026-05-06 19:56:45 INFO     50 62 2.647732 4119.2
2026-05-06 19:56:45 INFO     60 62 2.395362 4336.0
2026-05-06 19:56:45 INFO     >>>>> Predictor: Evaluating on valid
2026-05-06 19:56:45 INFO     Data : 24
2026-05-06 19:56:45 INFO     Hit1 : 0.000000
2026-05-06 19:56:45 INFO     Hit3 : 0.708333
2026-05-06 19:56:45 INFO     Hit10: 0.958333
2026-05-06 19:56:45 INFO     MR   : 3.708333
2026-05-06 19:56:45 INFO     MRR  : 0.326122
2026-05-06 19:56:45 INFO     >>>>> Predictor: Evaluating on test
2026-05-06 19:56:45 INFO     Data : 24
2026-05-06 19:56:45 INFO     Hit1 : 0.000000
2026-05-06 19:56:45 INFO     Hit3 : 0.666667
2026-05-06 19:56:45 INFO     Hit10: 1.000000
2026-05-06 19:56:45 INFO     MR   : 3.333333
2026-05-06 19:56:45 INFO     MRR  : 0.361111
2026-05-06 19:56:45 INFO     -------------------------
2026-05-06 19:56:45 INFO     | Iteration: 6/10
2026-05-06 19:56:45 INFO     -------------------------
2026-05-06 19:56:45 INFO     >>>>> Predictor: Training
2026-05-06 19:56:45 INFO     10 62 2.731915 4336.0
2026-05-06 19:56:45 INFO     20 62 2.393254 4336.0
2026-05-06 19:56:45 INFO     30 62 2.738828 4336.0
2026-05-06 19:56:45 INFO     40 62 2.502820 4336.0
2026-05-06 19:56:45 INFO     50 62 2.180353 4336.0
2026-05-06 19:56:45 INFO     60 62 2.487878 4336.0
2026-05-06 19:56:45 INFO     >>>>> Predictor: Evaluating on valid
2026-05-06 19:56:45 INFO     Data : 24
2026-05-06 19:56:45 INFO     Hit1 : 0.000000
2026-05-06 19:56:45 INFO     Hit3 : 0.750000
2026-05-06 19:56:45 INFO     Hit10: 0.958333
2026-05-06 19:56:45 INFO     MR   : 3.416667
2026-05-06 19:56:45 INFO     MRR  : 0.343750
2026-05-06 19:56:45 INFO     >>>>> Predictor: Evaluating on test
2026-05-06 19:56:45 INFO     Data : 24
2026-05-06 19:56:45 INFO     Hit1 : 0.000000
2026-05-06 19:56:45 INFO     Hit3 : 0.708333
2026-05-06 19:56:45 INFO     Hit10: 1.000000
2026-05-06 19:56:45 INFO     MR   : 3.125000
2026-05-06 19:56:45 INFO     MRR  : 0.380324
2026-05-06 19:56:45 INFO     -------------------------
2026-05-06 19:56:45 INFO     | Iteration: 7/10
2026-05-06 19:56:45 INFO     -------------------------
2026-05-06 19:56:45 INFO     >>>>> Predictor: Training
2026-05-06 19:56:45 INFO     10 62 2.384955 4336.0
2026-05-06 19:56:45 INFO     20 62 2.214712 4119.2
2026-05-06 19:56:45 INFO     30 62 2.506908 4336.0
2026-05-06 19:56:45 INFO     40 62 2.302329 4336.0
2026-05-06 19:56:46 INFO     50 62 2.579537 4336.0
2026-05-06 19:56:46 INFO     60 62 2.692538 4336.0
2026-05-06 19:56:46 INFO     >>>>> Predictor: Evaluating on valid
2026-05-06 19:56:46 INFO     Data : 24
2026-05-06 19:56:46 INFO     Hit1 : 0.000000
2026-05-06 19:56:46 INFO     Hit3 : 0.708333
2026-05-06 19:56:46 INFO     Hit10: 0.958333
2026-05-06 19:56:46 INFO     MR   : 3.666667
2026-05-06 19:56:46 INFO     MRR  : 0.326389
2026-05-06 19:56:46 INFO     >>>>> Predictor: Evaluating on test
2026-05-06 19:56:46 INFO     Data : 24
2026-05-06 19:56:46 INFO     Hit1 : 0.000000
2026-05-06 19:56:46 INFO     Hit3 : 0.541667
2026-05-06 19:56:46 INFO     Hit10: 1.000000
2026-05-06 19:56:46 INFO     MR   : 3.708333
2026-05-06 19:56:46 INFO     MRR  : 0.324702
2026-05-06 19:56:46 INFO     -------------------------
2026-05-06 19:56:46 INFO     | Iteration: 8/10
2026-05-06 19:56:46 INFO     -------------------------
2026-05-06 19:56:46 INFO     >>>>> Predictor: Training
2026-05-06 19:56:46 INFO     10 62 2.580715 4336.0
2026-05-06 19:56:46 INFO     20 62 2.711956 4119.2
2026-05-06 19:56:46 INFO     30 62 2.267453 4336.0
2026-05-06 19:56:46 INFO     40 62 2.302554 4336.0
2026-05-06 19:56:46 INFO     50 62 2.507885 4336.0
2026-05-06 19:56:46 INFO     60 62 2.368986 4336.0
2026-05-06 19:56:46 INFO     >>>>> Predictor: Evaluating on valid
2026-05-06 19:56:46 INFO     Data : 24
2026-05-06 19:56:46 INFO     Hit1 : 0.000000
2026-05-06 19:56:46 INFO     Hit3 : 0.708333
2026-05-06 19:56:46 INFO     Hit10: 0.958333
2026-05-06 19:56:46 INFO     MR   : 3.666667
2026-05-06 19:56:46 INFO     MRR  : 0.326389
2026-05-06 19:56:46 INFO     >>>>> Predictor: Evaluating on test
2026-05-06 19:56:46 INFO     Data : 24
2026-05-06 19:56:46 INFO     Hit1 : 0.000000
2026-05-06 19:56:46 INFO     Hit3 : 0.583333
2026-05-06 19:56:46 INFO     Hit10: 0.958333
2026-05-06 19:56:46 INFO     MR   : 3.750000
2026-05-06 19:56:46 INFO     MRR  : 0.326407
2026-05-06 19:56:46 INFO     -------------------------
2026-05-06 19:56:46 INFO     | Iteration: 9/10
2026-05-06 19:56:46 INFO     -------------------------
2026-05-06 19:56:46 INFO     >>>>> Predictor: Training
2026-05-06 19:56:46 INFO     10 62 2.196747 4336.0
2026-05-06 19:56:46 INFO     20 62 2.520371 4336.0
2026-05-06 19:56:46 INFO     30 62 2.461829 4336.0
2026-05-06 19:56:46 INFO     40 62 2.545204 4336.0
2026-05-06 19:56:46 INFO     50 62 2.579535 4336.0
2026-05-06 19:56:46 INFO     60 62 2.256709 4119.2
2026-05-06 19:56:46 INFO     >>>>> Predictor: Evaluating on valid
2026-05-06 19:56:46 INFO     Data : 24
2026-05-06 19:56:46 INFO     Hit1 : 0.000000
2026-05-06 19:56:46 INFO     Hit3 : 0.708333
2026-05-06 19:56:46 INFO     Hit10: 0.958333
2026-05-06 19:56:46 INFO     MR   : 3.750000
2026-05-06 19:56:46 INFO     MRR  : 0.325893
2026-05-06 19:56:46 INFO     >>>>> Predictor: Evaluating on test
2026-05-06 19:56:46 INFO     Data : 24
2026-05-06 19:56:46 INFO     Hit1 : 0.000000
2026-05-06 19:56:46 INFO     Hit3 : 0.500000
2026-05-06 19:56:46 INFO     Hit10: 1.000000
2026-05-06 19:56:46 INFO     MR   : 3.750000
2026-05-06 19:56:46 INFO     MRR  : 0.316369
2026-05-06 19:56:46 INFO     -------------------------
2026-05-06 19:56:46 INFO     | Iteration: 10/10
2026-05-06 19:56:46 INFO     -------------------------
2026-05-06 19:56:46 INFO     >>>>> Predictor: Training
2026-05-06 19:56:46 INFO     10 62 2.513916 4336.0
2026-05-06 19:56:46 INFO     20 62 2.516169 4336.0
2026-05-06 19:56:46 INFO     30 62 2.502255 4336.0
2026-05-06 19:56:46 INFO     40 62 2.499055 4336.0
2026-05-06 19:56:46 INFO     50 62 2.238682 4336.0
2026-05-06 19:56:46 INFO     60 62 2.416967 4119.2
2026-05-06 19:56:46 INFO     >>>>> Predictor: Evaluating on valid
2026-05-06 19:56:46 INFO     Data : 24
2026-05-06 19:56:46 INFO     Hit1 : 0.000000
2026-05-06 19:56:46 INFO     Hit3 : 0.708333
2026-05-06 19:56:46 INFO     Hit10: 0.958333
2026-05-06 19:56:46 INFO     MR   : 3.750000
2026-05-06 19:56:46 INFO     MRR  : 0.325893
2026-05-06 19:56:46 INFO     >>>>> Predictor: Evaluating on test
2026-05-06 19:56:46 INFO     Data : 24
2026-05-06 19:56:46 INFO     Hit1 : 0.000000
2026-05-06 19:56:46 INFO     Hit3 : 0.500000
2026-05-06 19:56:46 INFO     Hit10: 0.958333
2026-05-06 19:56:46 INFO     MR   : 4.000000
2026-05-06 19:56:46 INFO     MRR  : 0.307607
