2026-05-06 19:53:06 INFO     Predictor+: read 2500 rules from file.
2026-05-06 19:53:06 INFO     Preprocess training set
2026-05-06 19:53:07 INFO     -------------------------
2026-05-06 19:53:07 INFO     | Iteration: 1/10
2026-05-06 19:53:07 INFO     -------------------------
2026-05-06 19:53:07 INFO     >>>>> Predictor: Training
2026-05-06 19:53:07 INFO     10 546 4.522173 1664.0
2026-05-06 19:53:08 INFO     20 546 4.248111 1664.0
2026-05-06 19:53:08 INFO     30 546 3.523279 1664.0
2026-05-06 19:53:08 INFO     40 546 3.526977 1664.0
2026-05-06 19:53:08 INFO     50 546 3.208982 1664.0
2026-05-06 19:53:08 INFO     60 546 3.321705 1664.0
2026-05-06 19:53:09 INFO     70 546 3.401631 1664.0
2026-05-06 19:53:09 INFO     80 546 3.349847 1664.0
2026-05-06 19:53:09 INFO     90 546 2.959103 1622.4
2026-05-06 19:53:09 INFO     100 546 2.831327 1664.0
2026-05-06 19:53:09 INFO     >>>>> Predictor: Evaluating on valid
2026-05-06 19:53:11 INFO     Data : 1068
2026-05-06 19:53:11 INFO     Hit1 : 0.355805
2026-05-06 19:53:11 INFO     Hit3 : 0.677903
2026-05-06 19:53:11 INFO     Hit10: 0.903558
2026-05-06 19:53:11 INFO     MR   : 4.490637
2026-05-06 19:53:11 INFO     MRR  : 0.543910
2026-05-06 19:53:11 INFO     >>>>> Predictor: Evaluating on test
2026-05-06 19:53:13 INFO     Data : 1074
2026-05-06 19:53:13 INFO     Hit1 : 0.468343
2026-05-06 19:53:13 INFO     Hit3 : 0.694600
2026-05-06 19:53:13 INFO     Hit10: 0.918063
2026-05-06 19:53:13 INFO     MR   : 3.993482
2026-05-06 19:53:13 INFO     MRR  : 0.614065
2026-05-06 19:53:13 INFO     Save checkpoint to KINSHIP_seed43/predictor.pt
2026-05-06 19:53:13 INFO     -------------------------
2026-05-06 19:53:13 INFO     | Iteration: 2/10
2026-05-06 19:53:13 INFO     -------------------------
2026-05-06 19:53:13 INFO     >>>>> Predictor: Training
2026-05-06 19:53:13 INFO     10 546 3.082796 1664.0
2026-05-06 19:53:13 INFO     20 546 2.641611 1664.0
2026-05-06 19:53:13 INFO     30 546 2.894549 1580.8
2026-05-06 19:53:14 INFO     40 546 2.838029 1539.2
2026-05-06 19:53:14 INFO     50 546 2.709457 1664.0
2026-05-06 19:53:14 INFO     60 546 2.881970 1664.0
2026-05-06 19:53:14 INFO     70 546 3.062852 1664.0
2026-05-06 19:53:15 INFO     80 546 2.909022 1518.4
2026-05-06 19:53:15 INFO     90 546 2.997366 1664.0
2026-05-06 19:53:15 INFO     100 546 2.927673 1664.0
2026-05-06 19:53:15 INFO     >>>>> Predictor: Evaluating on valid
2026-05-06 19:53:17 INFO     Data : 1068
2026-05-06 19:53:17 INFO     Hit1 : 0.385768
2026-05-06 19:53:17 INFO     Hit3 : 0.691011
2026-05-06 19:53:17 INFO     Hit10: 0.927903
2026-05-06 19:53:17 INFO     MR   : 4.058052
2026-05-06 19:53:17 INFO     MRR  : 0.570639
2026-05-06 19:53:17 INFO     >>>>> Predictor: Evaluating on test
2026-05-06 19:53:18 INFO     Data : 1074
2026-05-06 19:53:18 INFO     Hit1 : 0.500931
2026-05-06 19:53:18 INFO     Hit3 : 0.745810
2026-05-06 19:53:18 INFO     Hit10: 0.933892
2026-05-06 19:53:18 INFO     MR   : 3.642458
2026-05-06 19:53:18 INFO     MRR  : 0.646301
2026-05-06 19:53:18 INFO     Save checkpoint to KINSHIP_seed43/predictor.pt
2026-05-06 19:53:18 INFO     -------------------------
2026-05-06 19:53:18 INFO     | Iteration: 3/10
2026-05-06 19:53:18 INFO     -------------------------
2026-05-06 19:53:18 INFO     >>>>> Predictor: Training
2026-05-06 19:53:18 INFO     10 546 2.839785 1664.0
2026-05-06 19:53:19 INFO     20 546 2.975815 1622.4
2026-05-06 19:53:19 INFO     30 546 2.691694 1570.4
2026-05-06 19:53:19 INFO     40 546 2.835769 1612.0
2026-05-06 19:53:19 INFO     50 546 2.860235 1664.0
2026-05-06 19:53:19 INFO     60 546 2.803726 1591.2
2026-05-06 19:53:20 INFO     70 546 2.762251 1570.4
2026-05-06 19:53:20 INFO     80 546 2.818823 1664.0
2026-05-06 19:53:20 INFO     90 546 2.744733 1664.0
2026-05-06 19:53:20 INFO     100 546 2.986551 1518.4
2026-05-06 19:53:20 INFO     >>>>> Predictor: Evaluating on valid
2026-05-06 19:53:22 INFO     Data : 1068
2026-05-06 19:53:22 INFO     Hit1 : 0.417603
2026-05-06 19:53:22 INFO     Hit3 : 0.722846
2026-05-06 19:53:22 INFO     Hit10: 0.944757
2026-05-06 19:53:22 INFO     MR   : 3.679775
2026-05-06 19:53:22 INFO     MRR  : 0.597336
2026-05-06 19:53:22 INFO     >>>>> Predictor: Evaluating on test
2026-05-06 19:53:24 INFO     Data : 1074
2026-05-06 19:53:24 INFO     Hit1 : 0.576350
2026-05-06 19:53:24 INFO     Hit3 : 0.792365
2026-05-06 19:53:24 INFO     Hit10: 0.946927
2026-05-06 19:53:24 INFO     MR   : 3.181564
2026-05-06 19:53:24 INFO     MRR  : 0.705871
2026-05-06 19:53:24 INFO     Save checkpoint to KINSHIP_seed43/predictor.pt
2026-05-06 19:53:24 INFO     -------------------------
2026-05-06 19:53:24 INFO     | Iteration: 4/10
2026-05-06 19:53:24 INFO     -------------------------
2026-05-06 19:53:24 INFO     >>>>> Predictor: Training
2026-05-06 19:53:24 INFO     10 546 2.981129 1664.0
2026-05-06 19:53:24 INFO     20 546 2.791774 1664.0
2026-05-06 19:53:24 INFO     30 546 2.762237 1632.8
2026-05-06 19:53:24 INFO     40 546 2.552527 1591.2
2026-05-06 19:53:25 INFO     50 546 2.636245 1664.0
2026-05-06 19:53:25 INFO     60 546 2.845182 1664.0
2026-05-06 19:53:25 INFO     70 546 2.904293 1664.0
2026-05-06 19:53:25 INFO     80 546 2.689578 1664.0
2026-05-06 19:53:25 INFO     90 546 2.700524 1622.4
2026-05-06 19:53:26 INFO     100 546 2.757955 1664.0
2026-05-06 19:53:26 INFO     >>>>> Predictor: Evaluating on valid
2026-05-06 19:53:27 INFO     Data : 1068
2026-05-06 19:53:27 INFO     Hit1 : 0.420412
2026-05-06 19:53:27 INFO     Hit3 : 0.758427
2026-05-06 19:53:27 INFO     Hit10: 0.950375
2026-05-06 19:53:27 INFO     MR   : 3.589888
2026-05-06 19:53:27 INFO     MRR  : 0.608336
2026-05-06 19:53:27 INFO     >>>>> Predictor: Evaluating on test
2026-05-06 19:53:29 INFO     Data : 1074
2026-05-06 19:53:29 INFO     Hit1 : 0.560521
2026-05-06 19:53:29 INFO     Hit3 : 0.805400
2026-05-06 19:53:29 INFO     Hit10: 0.959032
2026-05-06 19:53:29 INFO     MR   : 3.191806
2026-05-06 19:53:29 INFO     MRR  : 0.700457
2026-05-06 19:53:29 INFO     Save checkpoint to KINSHIP_seed43/predictor.pt
2026-05-06 19:53:29 INFO     -------------------------
2026-05-06 19:53:29 INFO     | Iteration: 5/10
2026-05-06 19:53:29 INFO     -------------------------
2026-05-06 19:53:29 INFO     >>>>> Predictor: Training
2026-05-06 19:53:29 INFO     10 546 2.771090 1560.0
2026-05-06 19:53:29 INFO     20 546 2.604438 1664.0
2026-05-06 19:53:30 INFO     30 546 2.719119 1664.0
2026-05-06 19:53:30 INFO     40 546 2.917959 1664.0
2026-05-06 19:53:30 INFO     50 546 2.635168 1539.2
2026-05-06 19:53:30 INFO     60 546 2.772764 1664.0
2026-05-06 19:53:30 INFO     70 546 2.756015 1632.8
2026-05-06 19:53:31 INFO     80 546 2.746538 1664.0
2026-05-06 19:53:31 INFO     90 546 2.717918 1664.0
2026-05-06 19:53:31 INFO     100 546 2.734131 1664.0
2026-05-06 19:53:31 INFO     >>>>> Predictor: Evaluating on valid
2026-05-06 19:53:33 INFO     Data : 1068
2026-05-06 19:53:33 INFO     Hit1 : 0.413858
2026-05-06 19:53:33 INFO     Hit3 : 0.758427
2026-05-06 19:53:33 INFO     Hit10: 0.953184
2026-05-06 19:53:33 INFO     MR   : 3.578652
2026-05-06 19:53:33 INFO     MRR  : 0.606823
2026-05-06 19:53:33 INFO     >>>>> Predictor: Evaluating on test
2026-05-06 19:53:34 INFO     Data : 1074
2026-05-06 19:53:34 INFO     Hit1 : 0.578212
2026-05-06 19:53:34 INFO     Hit3 : 0.824953
2026-05-06 19:53:34 INFO     Hit10: 0.954376
2026-05-06 19:53:34 INFO     MR   : 3.140596
2026-05-06 19:53:34 INFO     MRR  : 0.716708
2026-05-06 19:53:34 INFO     -------------------------
2026-05-06 19:53:34 INFO     | Iteration: 6/10
2026-05-06 19:53:34 INFO     -------------------------
2026-05-06 19:53:34 INFO     >>>>> Predictor: Training
2026-05-06 19:53:35 INFO     10 546 2.700175 1664.0
2026-05-06 19:53:35 INFO     20 546 3.017518 1518.4
2026-05-06 19:53:35 INFO     30 546 2.883539 1456.0
2026-05-06 19:53:35 INFO     40 546 2.739359 1664.0
2026-05-06 19:53:35 INFO     50 546 2.710019 1664.0
2026-05-06 19:53:36 INFO     60 546 2.650543 1435.2
2026-05-06 19:53:36 INFO     70 546 2.729548 1591.2
2026-05-06 19:53:36 INFO     80 546 2.680554 1664.0
2026-05-06 19:53:36 INFO     90 546 2.876584 1664.0
2026-05-06 19:53:36 INFO     100 546 2.703508 1612.0
2026-05-06 19:53:36 INFO     >>>>> Predictor: Evaluating on valid
2026-05-06 19:53:38 INFO     Data : 1068
2026-05-06 19:53:38 INFO     Hit1 : 0.436330
2026-05-06 19:53:38 INFO     Hit3 : 0.765918
2026-05-06 19:53:38 INFO     Hit10: 0.950375
2026-05-06 19:53:38 INFO     MR   : 3.615169
2026-05-06 19:53:38 INFO     MRR  : 0.620250
2026-05-06 19:53:38 INFO     >>>>> Predictor: Evaluating on test
2026-05-06 19:53:40 INFO     Data : 1074
2026-05-06 19:53:40 INFO     Hit1 : 0.575419
2026-05-06 19:53:40 INFO     Hit3 : 0.813780
2026-05-06 19:53:40 INFO     Hit10: 0.953445
2026-05-06 19:53:40 INFO     MR   : 3.232775
2026-05-06 19:53:40 INFO     MRR  : 0.709564
2026-05-06 19:53:40 INFO     Save checkpoint to KINSHIP_seed43/predictor.pt
2026-05-06 19:53:40 INFO     -------------------------
2026-05-06 19:53:40 INFO     | Iteration: 7/10
2026-05-06 19:53:40 INFO     -------------------------
2026-05-06 19:53:40 INFO     >>>>> Predictor: Training
2026-05-06 19:53:40 INFO     10 546 2.526023 1435.2
2026-05-06 19:53:40 INFO     20 546 2.756872 1664.0
2026-05-06 19:53:40 INFO     30 546 2.583951 1653.6
2026-05-06 19:53:41 INFO     40 546 2.685826 1580.8
2026-05-06 19:53:41 INFO     50 546 2.724657 1622.4
2026-05-06 19:53:41 INFO     60 546 2.744817 1664.0
2026-05-06 19:53:41 INFO     70 546 2.670372 1664.0
2026-05-06 19:53:41 INFO     80 546 2.768481 1664.0
2026-05-06 19:53:42 INFO     90 546 2.617822 1518.4
2026-05-06 19:53:42 INFO     100 546 2.689651 1487.2
2026-05-06 19:53:42 INFO     >>>>> Predictor: Evaluating on valid
2026-05-06 19:53:43 INFO     Data : 1068
2026-05-06 19:53:43 INFO     Hit1 : 0.421348
2026-05-06 19:53:43 INFO     Hit3 : 0.743446
2026-05-06 19:53:43 INFO     Hit10: 0.953184
2026-05-06 19:53:43 INFO     MR   : 3.693820
2026-05-06 19:53:43 INFO     MRR  : 0.604565
2026-05-06 19:53:43 INFO     >>>>> Predictor: Evaluating on test
2026-05-06 19:53:45 INFO     Data : 1074
2026-05-06 19:53:45 INFO     Hit1 : 0.527002
2026-05-06 19:53:45 INFO     Hit3 : 0.803538
2026-05-06 19:53:45 INFO     Hit10: 0.960894
2026-05-06 19:53:45 INFO     MR   : 3.173184
2026-05-06 19:53:45 INFO     MRR  : 0.683142
2026-05-06 19:53:45 INFO     -------------------------
2026-05-06 19:53:45 INFO     | Iteration: 8/10
2026-05-06 19:53:45 INFO     -------------------------
2026-05-06 19:53:45 INFO     >>>>> Predictor: Training
2026-05-06 19:53:45 INFO     10 546 2.789151 1664.0
2026-05-06 19:53:45 INFO     20 546 2.531228 1622.4
2026-05-06 19:53:46 INFO     30 546 2.705461 1549.6
2026-05-06 19:53:46 INFO     40 546 2.726809 1414.4
2026-05-06 19:53:46 INFO     50 546 2.545339 1664.0
2026-05-06 19:53:46 INFO     60 546 2.710692 1664.0
2026-05-06 19:53:47 INFO     70 546 2.670622 1664.0
2026-05-06 19:53:47 INFO     80 546 2.725871 1664.0
2026-05-06 19:53:47 INFO     90 546 2.690285 1580.8
2026-05-06 19:53:47 INFO     100 546 2.696393 1612.0
2026-05-06 19:53:47 INFO     >>>>> Predictor: Evaluating on valid
2026-05-06 19:53:49 INFO     Data : 1068
2026-05-06 19:53:49 INFO     Hit1 : 0.417603
2026-05-06 19:53:49 INFO     Hit3 : 0.760300
2026-05-06 19:53:49 INFO     Hit10: 0.948502
2026-05-06 19:53:49 INFO     MR   : 3.647940
2026-05-06 19:53:49 INFO     MRR  : 0.609490
2026-05-06 19:53:49 INFO     >>>>> Predictor: Evaluating on test
2026-05-06 19:53:50 INFO     Data : 1074
2026-05-06 19:53:50 INFO     Hit1 : 0.560521
2026-05-06 19:53:50 INFO     Hit3 : 0.807263
2026-05-06 19:53:50 INFO     Hit10: 0.952514
2026-05-06 19:53:50 INFO     MR   : 3.143389
2026-05-06 19:53:50 INFO     MRR  : 0.700186
2026-05-06 19:53:50 INFO     -------------------------
2026-05-06 19:53:50 INFO     | Iteration: 9/10
2026-05-06 19:53:50 INFO     -------------------------
2026-05-06 19:53:50 INFO     >>>>> Predictor: Training
2026-05-06 19:53:51 INFO     10 546 2.775458 1664.0
2026-05-06 19:53:51 INFO     20 546 2.660506 1664.0
2026-05-06 19:53:51 INFO     30 546 2.528040 1664.0
2026-05-06 19:53:51 INFO     40 546 2.731600 1664.0
2026-05-06 19:53:52 INFO     50 546 2.709533 1664.0
2026-05-06 19:53:52 INFO     60 546 2.638486 1664.0
2026-05-06 19:53:52 INFO     70 546 2.692179 1664.0
2026-05-06 19:53:52 INFO     80 546 2.739911 1664.0
2026-05-06 19:53:52 INFO     90 546 2.578764 1508.0
2026-05-06 19:53:53 INFO     100 546 2.668996 1664.0
2026-05-06 19:53:53 INFO     >>>>> Predictor: Evaluating on valid
2026-05-06 19:53:54 INFO     Data : 1068
2026-05-06 19:53:54 INFO     Hit1 : 0.453184
2026-05-06 19:53:54 INFO     Hit3 : 0.768727
2026-05-06 19:53:54 INFO     Hit10: 0.944757
2026-05-06 19:53:54 INFO     MR   : 3.650749
2026-05-06 19:53:54 INFO     MRR  : 0.625371
2026-05-06 19:53:54 INFO     >>>>> Predictor: Evaluating on test
2026-05-06 19:53:56 INFO     Data : 1074
2026-05-06 19:53:56 INFO     Hit1 : 0.556797
2026-05-06 19:53:56 INFO     Hit3 : 0.797020
2026-05-06 19:53:56 INFO     Hit10: 0.955307
2026-05-06 19:53:56 INFO     MR   : 3.156425
2026-05-06 19:53:56 INFO     MRR  : 0.696887
2026-05-06 19:53:56 INFO     Save checkpoint to KINSHIP_seed43/predictor.pt
2026-05-06 19:53:56 INFO     -------------------------
2026-05-06 19:53:56 INFO     | Iteration: 10/10
2026-05-06 19:53:56 INFO     -------------------------
2026-05-06 19:53:56 INFO     >>>>> Predictor: Training
2026-05-06 19:53:56 INFO     10 546 2.691376 1580.8
2026-05-06 19:53:56 INFO     20 546 2.736715 1518.4
2026-05-06 19:53:56 INFO     30 546 2.760603 1518.4
2026-05-06 19:53:57 INFO     40 546 2.697620 1560.0
2026-05-06 19:53:57 INFO     50 546 2.604151 1664.0
2026-05-06 19:53:57 INFO     60 546 2.588917 1664.0
2026-05-06 19:53:57 INFO     70 546 2.682793 1591.2
2026-05-06 19:53:58 INFO     80 546 2.600016 1570.4
2026-05-06 19:53:58 INFO     90 546 2.739910 1622.4
2026-05-06 19:53:58 INFO     100 546 2.633045 1664.0
2026-05-06 19:53:58 INFO     >>>>> Predictor: Evaluating on valid
2026-05-06 19:54:00 INFO     Data : 1068
2026-05-06 19:54:00 INFO     Hit1 : 0.460674
2026-05-06 19:54:00 INFO     Hit3 : 0.777154
2026-05-06 19:54:00 INFO     Hit10: 0.958801
2026-05-06 19:54:00 INFO     MR   : 3.555243
2026-05-06 19:54:00 INFO     MRR  : 0.638425
2026-05-06 19:54:00 INFO     >>>>> Predictor: Evaluating on test
2026-05-06 19:54:01 INFO     Data : 1074
2026-05-06 19:54:01 INFO     Hit1 : 0.583799
2026-05-06 19:54:01 INFO     Hit3 : 0.837058
2026-05-06 19:54:01 INFO     Hit10: 0.964618
2026-05-06 19:54:01 INFO     MR   : 2.930168
2026-05-06 19:54:01 INFO     MRR  : 0.723445
2026-05-06 19:54:01 INFO     Save checkpoint to KINSHIP_seed43/predictor.pt
