2026-05-06 20:02:01 INFO     Predictor+: read 8 rules from file.
2026-05-06 20:02:01 INFO     Preprocess training set
2026-05-06 20:02:02 INFO     -------------------------
2026-05-06 20:02:02 INFO     | Iteration: 1/10
2026-05-06 20:02:02 INFO     -------------------------
2026-05-06 20:02:02 INFO     >>>>> Predictor: Training
2026-05-06 20:02:02 INFO     10 62 4.428818 4119.2
2026-05-06 20:02:02 INFO     20 62 3.282202 4336.0
2026-05-06 20:02:02 INFO     30 62 3.016024 4336.0
2026-05-06 20:02:02 INFO     40 62 2.683343 4336.0
2026-05-06 20:02:02 INFO     50 62 2.849815 4336.0
2026-05-06 20:02:02 INFO     60 62 2.500908 4336.0
2026-05-06 20:02:02 INFO     >>>>> Predictor: Evaluating on valid
2026-05-06 20:02:02 INFO     Data : 24
2026-05-06 20:02:02 INFO     Hit1 : 0.000000
2026-05-06 20:02:02 INFO     Hit3 : 0.708333
2026-05-06 20:02:02 INFO     Hit10: 1.000000
2026-05-06 20:02:02 INFO     MR   : 3.375000
2026-05-06 20:02:02 INFO     MRR  : 0.331250
2026-05-06 20:02:02 INFO     >>>>> Predictor: Evaluating on test
2026-05-06 20:02:02 INFO     Data : 24
2026-05-06 20:02:02 INFO     Hit1 : 0.000000
2026-05-06 20:02:02 INFO     Hit3 : 0.666667
2026-05-06 20:02:02 INFO     Hit10: 1.000000
2026-05-06 20:02:02 INFO     MR   : 3.458333
2026-05-06 20:02:02 INFO     MRR  : 0.338657
2026-05-06 20:02:02 INFO     Save checkpoint to COUNTRIES_S3_seed46/predictor.pt
2026-05-06 20:02:02 INFO     -------------------------
2026-05-06 20:02:02 INFO     | Iteration: 2/10
2026-05-06 20:02:02 INFO     -------------------------
2026-05-06 20:02:02 INFO     >>>>> Predictor: Training
2026-05-06 20:02:02 INFO     10 62 2.904674 4336.0
2026-05-06 20:02:02 INFO     20 62 2.733235 4336.0
2026-05-06 20:02:02 INFO     30 62 2.509761 4336.0
2026-05-06 20:02:02 INFO     40 62 2.569694 4119.2
2026-05-06 20:02:02 INFO     50 62 2.527143 4336.0
2026-05-06 20:02:02 INFO     60 62 2.421368 4336.0
2026-05-06 20:02:02 INFO     >>>>> Predictor: Evaluating on valid
2026-05-06 20:02:02 INFO     Data : 24
2026-05-06 20:02:02 INFO     Hit1 : 0.000000
2026-05-06 20:02:02 INFO     Hit3 : 0.791667
2026-05-06 20:02:02 INFO     Hit10: 1.000000
2026-05-06 20:02:02 INFO     MR   : 3.208333
2026-05-06 20:02:02 INFO     MRR  : 0.343403
2026-05-06 20:02:02 INFO     >>>>> Predictor: Evaluating on test
2026-05-06 20:02:02 INFO     Data : 24
2026-05-06 20:02:02 INFO     Hit1 : 0.000000
2026-05-06 20:02:02 INFO     Hit3 : 0.750000
2026-05-06 20:02:02 INFO     Hit10: 1.000000
2026-05-06 20:02:02 INFO     MR   : 3.125000
2026-05-06 20:02:02 INFO     MRR  : 0.358333
2026-05-06 20:02:02 INFO     Save checkpoint to COUNTRIES_S3_seed46/predictor.pt
2026-05-06 20:02:02 INFO     -------------------------
2026-05-06 20:02:02 INFO     | Iteration: 3/10
2026-05-06 20:02:02 INFO     -------------------------
2026-05-06 20:02:02 INFO     >>>>> Predictor: Training
2026-05-06 20:02:03 INFO     10 62 2.498702 4336.0
2026-05-06 20:02:03 INFO     20 62 2.844563 4336.0
2026-05-06 20:02:03 INFO     30 62 2.468335 4119.2
2026-05-06 20:02:03 INFO     40 62 2.521302 4336.0
2026-05-06 20:02:03 INFO     50 62 2.427557 4336.0
2026-05-06 20:02:03 INFO     60 62 2.587422 4336.0
2026-05-06 20:02:03 INFO     >>>>> Predictor: Evaluating on valid
2026-05-06 20:02:03 INFO     Data : 24
2026-05-06 20:02:03 INFO     Hit1 : 0.000000
2026-05-06 20:02:03 INFO     Hit3 : 0.708333
2026-05-06 20:02:03 INFO     Hit10: 0.958333
2026-05-06 20:02:03 INFO     MR   : 3.625000
2026-05-06 20:02:03 INFO     MRR  : 0.326705
2026-05-06 20:02:03 INFO     >>>>> Predictor: Evaluating on test
2026-05-06 20:02:03 INFO     Data : 24
2026-05-06 20:02:03 INFO     Hit1 : 0.000000
2026-05-06 20:02:03 INFO     Hit3 : 0.541667
2026-05-06 20:02:03 INFO     Hit10: 1.000000
2026-05-06 20:02:03 INFO     MR   : 3.916667
2026-05-06 20:02:03 INFO     MRR  : 0.311458
2026-05-06 20:02:03 INFO     -------------------------
2026-05-06 20:02:03 INFO     | Iteration: 4/10
2026-05-06 20:02:03 INFO     -------------------------
2026-05-06 20:02:03 INFO     >>>>> Predictor: Training
2026-05-06 20:02:03 INFO     10 62 2.286049 4119.2
2026-05-06 20:02:03 INFO     20 62 2.617072 4336.0
2026-05-06 20:02:03 INFO     30 62 2.672967 4336.0
2026-05-06 20:02:03 INFO     40 62 2.644364 4336.0
2026-05-06 20:02:03 INFO     50 62 2.191359 4336.0
2026-05-06 20:02:03 INFO     60 62 2.791127 4336.0
2026-05-06 20:02:03 INFO     >>>>> Predictor: Evaluating on valid
2026-05-06 20:02:03 INFO     Data : 24
2026-05-06 20:02:03 INFO     Hit1 : 0.000000
2026-05-06 20:02:03 INFO     Hit3 : 0.708333
2026-05-06 20:02:03 INFO     Hit10: 0.958333
2026-05-06 20:02:03 INFO     MR   : 3.625000
2026-05-06 20:02:03 INFO     MRR  : 0.326705
2026-05-06 20:02:03 INFO     >>>>> Predictor: Evaluating on test
2026-05-06 20:02:03 INFO     Data : 24
2026-05-06 20:02:03 INFO     Hit1 : 0.000000
2026-05-06 20:02:03 INFO     Hit3 : 0.541667
2026-05-06 20:02:03 INFO     Hit10: 1.000000
2026-05-06 20:02:03 INFO     MR   : 3.750000
2026-05-06 20:02:03 INFO     MRR  : 0.316138
2026-05-06 20:02:03 INFO     -------------------------
2026-05-06 20:02:03 INFO     | Iteration: 5/10
2026-05-06 20:02:03 INFO     -------------------------
2026-05-06 20:02:03 INFO     >>>>> Predictor: Training
2026-05-06 20:02:03 INFO     10 62 2.509597 4336.0
2026-05-06 20:02:03 INFO     20 62 2.442697 4336.0
2026-05-06 20:02:03 INFO     30 62 2.432441 4336.0
2026-05-06 20:02:03 INFO     40 62 2.544077 4336.0
2026-05-06 20:02:03 INFO     50 62 2.856162 4119.2
2026-05-06 20:02:03 INFO     60 62 2.248240 4336.0
2026-05-06 20:02:03 INFO     >>>>> Predictor: Evaluating on valid
2026-05-06 20:02:03 INFO     Data : 24
2026-05-06 20:02:03 INFO     Hit1 : 0.000000
2026-05-06 20:02:03 INFO     Hit3 : 0.750000
2026-05-06 20:02:03 INFO     Hit10: 0.958333
2026-05-06 20:02:03 INFO     MR   : 3.416667
2026-05-06 20:02:03 INFO     MRR  : 0.338194
2026-05-06 20:02:03 INFO     >>>>> Predictor: Evaluating on test
2026-05-06 20:02:03 INFO     Data : 24
2026-05-06 20:02:03 INFO     Hit1 : 0.000000
2026-05-06 20:02:03 INFO     Hit3 : 0.583333
2026-05-06 20:02:03 INFO     Hit10: 1.000000
2026-05-06 20:02:03 INFO     MR   : 3.541667
2026-05-06 20:02:03 INFO     MRR  : 0.336161
2026-05-06 20:02:03 INFO     -------------------------
2026-05-06 20:02:03 INFO     | Iteration: 6/10
2026-05-06 20:02:03 INFO     -------------------------
2026-05-06 20:02:03 INFO     >>>>> Predictor: Training
2026-05-06 20:02:03 INFO     10 62 2.720779 4336.0
2026-05-06 20:02:03 INFO     20 62 2.461340 4119.2
2026-05-06 20:02:04 INFO     30 62 2.347562 4336.0
2026-05-06 20:02:04 INFO     40 62 2.359041 4336.0
2026-05-06 20:02:04 INFO     50 62 2.398792 4336.0
2026-05-06 20:02:04 INFO     60 62 2.587039 4336.0
2026-05-06 20:02:04 INFO     >>>>> Predictor: Evaluating on valid
2026-05-06 20:02:04 INFO     Data : 24
2026-05-06 20:02:04 INFO     Hit1 : 0.000000
2026-05-06 20:02:04 INFO     Hit3 : 0.791667
2026-05-06 20:02:04 INFO     Hit10: 0.958333
2026-05-06 20:02:04 INFO     MR   : 3.291667
2026-05-06 20:02:04 INFO     MRR  : 0.350694
2026-05-06 20:02:04 INFO     >>>>> Predictor: Evaluating on test
2026-05-06 20:02:04 INFO     Data : 24
2026-05-06 20:02:04 INFO     Hit1 : 0.000000
2026-05-06 20:02:04 INFO     Hit3 : 0.708333
2026-05-06 20:02:04 INFO     Hit10: 1.000000
2026-05-06 20:02:04 INFO     MR   : 3.125000
2026-05-06 20:02:04 INFO     MRR  : 0.369097
2026-05-06 20:02:04 INFO     Save checkpoint to COUNTRIES_S3_seed46/predictor.pt
2026-05-06 20:02:04 INFO     -------------------------
2026-05-06 20:02:04 INFO     | Iteration: 7/10
2026-05-06 20:02:04 INFO     -------------------------
2026-05-06 20:02:04 INFO     >>>>> Predictor: Training
2026-05-06 20:02:04 INFO     10 62 2.827803 4336.0
2026-05-06 20:02:04 INFO     20 62 2.170475 4336.0
2026-05-06 20:02:04 INFO     30 62 2.538864 4119.2
2026-05-06 20:02:04 INFO     40 62 2.319188 4336.0
2026-05-06 20:02:04 INFO     50 62 2.669738 4336.0
2026-05-06 20:02:04 INFO     60 62 2.364472 4336.0
2026-05-06 20:02:04 INFO     >>>>> Predictor: Evaluating on valid
2026-05-06 20:02:04 INFO     Data : 24
2026-05-06 20:02:04 INFO     Hit1 : 0.000000
2026-05-06 20:02:04 INFO     Hit3 : 0.750000
2026-05-06 20:02:04 INFO     Hit10: 0.958333
2026-05-06 20:02:04 INFO     MR   : 3.458333
2026-05-06 20:02:04 INFO     MRR  : 0.337927
2026-05-06 20:02:04 INFO     >>>>> Predictor: Evaluating on test
2026-05-06 20:02:04 INFO     Data : 24
2026-05-06 20:02:04 INFO     Hit1 : 0.000000
2026-05-06 20:02:04 INFO     Hit3 : 0.708333
2026-05-06 20:02:04 INFO     Hit10: 1.000000
2026-05-06 20:02:04 INFO     MR   : 3.208333
2026-05-06 20:02:04 INFO     MRR  : 0.360764
2026-05-06 20:02:04 INFO     -------------------------
2026-05-06 20:02:04 INFO     | Iteration: 8/10
2026-05-06 20:02:04 INFO     -------------------------
2026-05-06 20:02:04 INFO     >>>>> Predictor: Training
2026-05-06 20:02:04 INFO     10 62 2.467343 4336.0
2026-05-06 20:02:04 INFO     20 62 2.285428 4336.0
2026-05-06 20:02:04 INFO     30 62 2.209331 4336.0
2026-05-06 20:02:04 INFO     40 62 2.382432 4336.0
2026-05-06 20:02:04 INFO     50 62 2.557067 4336.0
2026-05-06 20:02:04 INFO     60 62 2.613907 4119.2
2026-05-06 20:02:04 INFO     >>>>> Predictor: Evaluating on valid
2026-05-06 20:02:04 INFO     Data : 24
2026-05-06 20:02:04 INFO     Hit1 : 0.000000
2026-05-06 20:02:04 INFO     Hit3 : 0.833333
2026-05-06 20:02:04 INFO     Hit10: 0.958333
2026-05-06 20:02:04 INFO     MR   : 3.166667
2026-05-06 20:02:04 INFO     MRR  : 0.368056
2026-05-06 20:02:04 INFO     >>>>> Predictor: Evaluating on test
2026-05-06 20:02:04 INFO     Data : 24
2026-05-06 20:02:04 INFO     Hit1 : 0.000000
2026-05-06 20:02:04 INFO     Hit3 : 0.791667
2026-05-06 20:02:04 INFO     Hit10: 1.000000
2026-05-06 20:02:04 INFO     MR   : 2.916667
2026-05-06 20:02:04 INFO     MRR  : 0.380952
2026-05-06 20:02:04 INFO     Save checkpoint to COUNTRIES_S3_seed46/predictor.pt
2026-05-06 20:02:04 INFO     -------------------------
2026-05-06 20:02:04 INFO     | Iteration: 9/10
2026-05-06 20:02:04 INFO     -------------------------
2026-05-06 20:02:04 INFO     >>>>> Predictor: Training
2026-05-06 20:02:04 INFO     10 62 2.327178 4336.0
2026-05-06 20:02:04 INFO     20 62 2.254376 4336.0
2026-05-06 20:02:04 INFO     30 62 2.615531 4119.2
2026-05-06 20:02:04 INFO     40 62 2.258646 4336.0
2026-05-06 20:02:05 INFO     50 62 2.456960 4336.0
2026-05-06 20:02:05 INFO     60 62 2.575329 4336.0
2026-05-06 20:02:05 INFO     >>>>> Predictor: Evaluating on valid
2026-05-06 20:02:05 INFO     Data : 24
2026-05-06 20:02:05 INFO     Hit1 : 0.000000
2026-05-06 20:02:05 INFO     Hit3 : 0.791667
2026-05-06 20:02:05 INFO     Hit10: 0.958333
2026-05-06 20:02:05 INFO     MR   : 3.250000
2026-05-06 20:02:05 INFO     MRR  : 0.351010
2026-05-06 20:02:05 INFO     >>>>> Predictor: Evaluating on test
2026-05-06 20:02:05 INFO     Data : 24
2026-05-06 20:02:05 INFO     Hit1 : 0.000000
2026-05-06 20:02:05 INFO     Hit3 : 0.791667
2026-05-06 20:02:05 INFO     Hit10: 1.000000
2026-05-06 20:02:05 INFO     MR   : 3.000000
2026-05-06 20:02:05 INFO     MRR  : 0.370833
2026-05-06 20:02:05 INFO     -------------------------
2026-05-06 20:02:05 INFO     | Iteration: 10/10
2026-05-06 20:02:05 INFO     -------------------------
2026-05-06 20:02:05 INFO     >>>>> Predictor: Training
2026-05-06 20:02:05 INFO     10 62 2.509923 4119.2
2026-05-06 20:02:05 INFO     20 62 2.059662 4336.0
2026-05-06 20:02:05 INFO     30 62 2.525037 4336.0
2026-05-06 20:02:05 INFO     40 62 2.536214 4336.0
2026-05-06 20:02:05 INFO     50 62 2.268752 4336.0
2026-05-06 20:02:05 INFO     60 62 2.378213 4336.0
2026-05-06 20:02:05 INFO     >>>>> Predictor: Evaluating on valid
2026-05-06 20:02:05 INFO     Data : 24
2026-05-06 20:02:05 INFO     Hit1 : 0.000000
2026-05-06 20:02:05 INFO     Hit3 : 0.791667
2026-05-06 20:02:05 INFO     Hit10: 0.958333
2026-05-06 20:02:05 INFO     MR   : 3.291667
2026-05-06 20:02:05 INFO     MRR  : 0.350694
2026-05-06 20:02:05 INFO     >>>>> Predictor: Evaluating on test
2026-05-06 20:02:05 INFO     Data : 24
2026-05-06 20:02:05 INFO     Hit1 : 0.000000
2026-05-06 20:02:05 INFO     Hit3 : 0.750000
2026-05-06 20:02:05 INFO     Hit10: 1.000000
2026-05-06 20:02:05 INFO     MR   : 3.041667
2026-05-06 20:02:05 INFO     MRR  : 0.373313
