2026-05-06 15:56:46 INFO     Predictor+: read 8 rules from file.
2026-05-06 15:56:46 INFO     Preprocess training set
2026-05-06 15:56:46 INFO     -------------------------
2026-05-06 15:56:46 INFO     | Iteration: 1/10
2026-05-06 15:56:46 INFO     -------------------------
2026-05-06 15:56:46 INFO     >>>>> Predictor: Training
2026-05-06 15:56:47 INFO     10 62 4.409216 4336.0
2026-05-06 15:56:47 INFO     20 62 3.220851 4119.2
2026-05-06 15:56:47 INFO     30 62 2.853156 4336.0
2026-05-06 15:56:47 INFO     40 62 2.996572 4336.0
2026-05-06 15:56:47 INFO     50 62 2.928850 4336.0
2026-05-06 15:56:47 INFO     60 62 2.498472 4336.0
2026-05-06 15:56:47 INFO     >>>>> Predictor: Evaluating on valid
2026-05-06 15:56:47 INFO     Data : 24
2026-05-06 15:56:47 INFO     Hit1 : 0.000000
2026-05-06 15:56:47 INFO     Hit3 : 0.791667
2026-05-06 15:56:47 INFO     Hit10: 1.000000
2026-05-06 15:56:47 INFO     MR   : 3.000000
2026-05-06 15:56:47 INFO     MRR  : 0.361111
2026-05-06 15:56:47 INFO     >>>>> Predictor: Evaluating on test
2026-05-06 15:56:47 INFO     Data : 24
2026-05-06 15:56:47 INFO     Hit1 : 0.000000
2026-05-06 15:56:47 INFO     Hit3 : 0.750000
2026-05-06 15:56:47 INFO     Hit10: 1.000000
2026-05-06 15:56:47 INFO     MR   : 3.083333
2026-05-06 15:56:47 INFO     MRR  : 0.383796
2026-05-06 15:56:47 INFO     Save checkpoint to COUNTRIES_S3/predictor.pt
2026-05-06 15:56:47 INFO     -------------------------
2026-05-06 15:56:47 INFO     | Iteration: 2/10
2026-05-06 15:56:47 INFO     -------------------------
2026-05-06 15:56:47 INFO     >>>>> Predictor: Training
2026-05-06 15:56:47 INFO     10 62 2.606222 4336.0
2026-05-06 15:56:47 INFO     20 62 2.659696 4336.0
2026-05-06 15:56:47 INFO     30 62 2.655350 4336.0
2026-05-06 15:56:47 INFO     40 62 2.573247 4119.2
2026-05-06 15:56:47 INFO     50 62 2.676594 4336.0
2026-05-06 15:56:47 INFO     60 62 2.492764 4336.0
2026-05-06 15:56:47 INFO     >>>>> Predictor: Evaluating on valid
2026-05-06 15:56:47 INFO     Data : 24
2026-05-06 15:56:47 INFO     Hit1 : 0.000000
2026-05-06 15:56:47 INFO     Hit3 : 0.708333
2026-05-06 15:56:47 INFO     Hit10: 1.000000
2026-05-06 15:56:47 INFO     MR   : 3.416667
2026-05-06 15:56:47 INFO     MRR  : 0.329861
2026-05-06 15:56:47 INFO     >>>>> Predictor: Evaluating on test
2026-05-06 15:56:47 INFO     Data : 24
2026-05-06 15:56:47 INFO     Hit1 : 0.000000
2026-05-06 15:56:47 INFO     Hit3 : 0.541667
2026-05-06 15:56:47 INFO     Hit10: 0.958333
2026-05-06 15:56:47 INFO     MR   : 3.958333
2026-05-06 15:56:47 INFO     MRR  : 0.311080
2026-05-06 15:56:47 INFO     -------------------------
2026-05-06 15:56:47 INFO     | Iteration: 3/10
2026-05-06 15:56:47 INFO     -------------------------
2026-05-06 15:56:47 INFO     >>>>> Predictor: Training
2026-05-06 15:56:47 INFO     10 62 2.721720 4336.0
2026-05-06 15:56:47 INFO     20 62 2.301738 4336.0
2026-05-06 15:56:47 INFO     30 62 2.652050 4119.2
2026-05-06 15:56:47 INFO     40 62 2.660754 4336.0
2026-05-06 15:56:47 INFO     50 62 2.520150 4336.0
2026-05-06 15:56:47 INFO     60 62 2.509485 4336.0
2026-05-06 15:56:47 INFO     >>>>> Predictor: Evaluating on valid
2026-05-06 15:56:47 INFO     Data : 24
2026-05-06 15:56:47 INFO     Hit1 : 0.000000
2026-05-06 15:56:47 INFO     Hit3 : 0.708333
2026-05-06 15:56:47 INFO     Hit10: 1.000000
2026-05-06 15:56:47 INFO     MR   : 3.416667
2026-05-06 15:56:47 INFO     MRR  : 0.329861
2026-05-06 15:56:47 INFO     >>>>> Predictor: Evaluating on test
2026-05-06 15:56:47 INFO     Data : 24
2026-05-06 15:56:47 INFO     Hit1 : 0.000000
2026-05-06 15:56:47 INFO     Hit3 : 0.666667
2026-05-06 15:56:47 INFO     Hit10: 1.000000
2026-05-06 15:56:47 INFO     MR   : 3.250000
2026-05-06 15:56:47 INFO     MRR  : 0.362963
2026-05-06 15:56:47 INFO     -------------------------
2026-05-06 15:56:47 INFO     | Iteration: 4/10
2026-05-06 15:56:47 INFO     -------------------------
2026-05-06 15:56:47 INFO     >>>>> Predictor: Training
2026-05-06 15:56:47 INFO     10 62 2.603524 4336.0
2026-05-06 15:56:47 INFO     20 62 2.408301 4336.0
2026-05-06 15:56:48 INFO     30 62 2.823196 4336.0
2026-05-06 15:56:48 INFO     40 62 2.361071 4119.2
2026-05-06 15:56:48 INFO     50 62 2.630545 4336.0
2026-05-06 15:56:48 INFO     60 62 2.398555 4336.0
2026-05-06 15:56:48 INFO     >>>>> Predictor: Evaluating on valid
2026-05-06 15:56:48 INFO     Data : 24
2026-05-06 15:56:48 INFO     Hit1 : 0.000000
2026-05-06 15:56:48 INFO     Hit3 : 0.708333
2026-05-06 15:56:48 INFO     Hit10: 1.000000
2026-05-06 15:56:48 INFO     MR   : 3.375000
2026-05-06 15:56:48 INFO     MRR  : 0.332986
2026-05-06 15:56:48 INFO     >>>>> Predictor: Evaluating on test
2026-05-06 15:56:48 INFO     Data : 24
2026-05-06 15:56:48 INFO     Hit1 : 0.000000
2026-05-06 15:56:48 INFO     Hit3 : 0.666667
2026-05-06 15:56:48 INFO     Hit10: 1.000000
2026-05-06 15:56:48 INFO     MR   : 3.250000
2026-05-06 15:56:48 INFO     MRR  : 0.356597
2026-05-06 15:56:48 INFO     -------------------------
2026-05-06 15:56:48 INFO     | Iteration: 5/10
2026-05-06 15:56:48 INFO     -------------------------
2026-05-06 15:56:48 INFO     >>>>> Predictor: Training
2026-05-06 15:56:48 INFO     10 62 2.349953 4119.2
2026-05-06 15:56:48 INFO     20 62 2.321662 4336.0
2026-05-06 15:56:48 INFO     30 62 2.587403 4336.0
2026-05-06 15:56:48 INFO     40 62 2.748675 4336.0
2026-05-06 15:56:48 INFO     50 62 2.439191 4336.0
2026-05-06 15:56:48 INFO     60 62 2.710961 4336.0
2026-05-06 15:56:48 INFO     >>>>> Predictor: Evaluating on valid
2026-05-06 15:56:48 INFO     Data : 24
2026-05-06 15:56:48 INFO     Hit1 : 0.000000
2026-05-06 15:56:48 INFO     Hit3 : 0.708333
2026-05-06 15:56:48 INFO     Hit10: 1.000000
2026-05-06 15:56:48 INFO     MR   : 3.541667
2026-05-06 15:56:48 INFO     MRR  : 0.327546
2026-05-06 15:56:48 INFO     >>>>> Predictor: Evaluating on test
2026-05-06 15:56:48 INFO     Data : 24
2026-05-06 15:56:48 INFO     Hit1 : 0.000000
2026-05-06 15:56:48 INFO     Hit3 : 0.666667
2026-05-06 15:56:48 INFO     Hit10: 1.000000
2026-05-06 15:56:48 INFO     MR   : 3.458333
2026-05-06 15:56:48 INFO     MRR  : 0.333796
2026-05-06 15:56:48 INFO     -------------------------
2026-05-06 15:56:48 INFO     | Iteration: 6/10
2026-05-06 15:56:48 INFO     -------------------------
2026-05-06 15:56:48 INFO     >>>>> Predictor: Training
2026-05-06 15:56:48 INFO     10 62 2.488138 4336.0
2026-05-06 15:56:48 INFO     20 62 2.536120 4336.0
2026-05-06 15:56:48 INFO     30 62 2.402952 4336.0
2026-05-06 15:56:48 INFO     40 62 2.450673 4336.0
2026-05-06 15:56:48 INFO     50 62 2.627122 4119.2
2026-05-06 15:56:48 INFO     60 62 2.310215 4336.0
2026-05-06 15:56:48 INFO     >>>>> Predictor: Evaluating on valid
2026-05-06 15:56:48 INFO     Data : 24
2026-05-06 15:56:48 INFO     Hit1 : 0.000000
2026-05-06 15:56:48 INFO     Hit3 : 0.708333
2026-05-06 15:56:48 INFO     Hit10: 0.958333
2026-05-06 15:56:48 INFO     MR   : 3.625000
2026-05-06 15:56:48 INFO     MRR  : 0.326705
2026-05-06 15:56:48 INFO     >>>>> Predictor: Evaluating on test
2026-05-06 15:56:48 INFO     Data : 24
2026-05-06 15:56:48 INFO     Hit1 : 0.000000
2026-05-06 15:56:48 INFO     Hit3 : 0.666667
2026-05-06 15:56:48 INFO     Hit10: 1.000000
2026-05-06 15:56:48 INFO     MR   : 3.458333
2026-05-06 15:56:48 INFO     MRR  : 0.340278
2026-05-06 15:56:48 INFO     -------------------------
2026-05-06 15:56:48 INFO     | Iteration: 7/10
2026-05-06 15:56:48 INFO     -------------------------
2026-05-06 15:56:48 INFO     >>>>> Predictor: Training
2026-05-06 15:56:48 INFO     10 62 2.439239 4336.0
2026-05-06 15:56:48 INFO     20 62 2.524768 4336.0
2026-05-06 15:56:48 INFO     30 62 2.529778 4336.0
2026-05-06 15:56:48 INFO     40 62 2.406184 4336.0
2026-05-06 15:56:48 INFO     50 62 2.359347 4119.2
2026-05-06 15:56:48 INFO     60 62 2.623864 4336.0
2026-05-06 15:56:48 INFO     >>>>> Predictor: Evaluating on valid
2026-05-06 15:56:48 INFO     Data : 24
2026-05-06 15:56:48 INFO     Hit1 : 0.000000
2026-05-06 15:56:48 INFO     Hit3 : 0.708333
2026-05-06 15:56:48 INFO     Hit10: 0.958333
2026-05-06 15:56:48 INFO     MR   : 3.541667
2026-05-06 15:56:48 INFO     MRR  : 0.331250
2026-05-06 15:56:48 INFO     >>>>> Predictor: Evaluating on test
2026-05-06 15:56:48 INFO     Data : 24
2026-05-06 15:56:48 INFO     Hit1 : 0.000000
2026-05-06 15:56:48 INFO     Hit3 : 0.625000
2026-05-06 15:56:48 INFO     Hit10: 1.000000
2026-05-06 15:56:48 INFO     MR   : 3.291667
2026-05-06 15:56:48 INFO     MRR  : 0.359491
2026-05-06 15:56:48 INFO     -------------------------
2026-05-06 15:56:48 INFO     | Iteration: 8/10
2026-05-06 15:56:48 INFO     -------------------------
2026-05-06 15:56:48 INFO     >>>>> Predictor: Training
2026-05-06 15:56:48 INFO     10 62 2.688210 4336.0
2026-05-06 15:56:48 INFO     20 62 2.778594 4336.0
2026-05-06 15:56:48 INFO     30 62 2.333887 4119.2
2026-05-06 15:56:48 INFO     40 62 2.456990 4336.0
2026-05-06 15:56:48 INFO     50 62 2.290285 4336.0
2026-05-06 15:56:48 INFO     60 62 2.124400 4336.0
2026-05-06 15:56:48 INFO     >>>>> Predictor: Evaluating on valid
2026-05-06 15:56:48 INFO     Data : 24
2026-05-06 15:56:48 INFO     Hit1 : 0.041667
2026-05-06 15:56:48 INFO     Hit3 : 0.708333
2026-05-06 15:56:48 INFO     Hit10: 0.958333
2026-05-06 15:56:48 INFO     MR   : 3.666667
2026-05-06 15:56:48 INFO     MRR  : 0.346955
2026-05-06 15:56:48 INFO     >>>>> Predictor: Evaluating on test
2026-05-06 15:56:48 INFO     Data : 24
2026-05-06 15:56:48 INFO     Hit1 : 0.041667
2026-05-06 15:56:48 INFO     Hit3 : 0.583333
2026-05-06 15:56:48 INFO     Hit10: 1.000000
2026-05-06 15:56:48 INFO     MR   : 3.583333
2026-05-06 15:56:48 INFO     MRR  : 0.346230
2026-05-06 15:56:48 INFO     -------------------------
2026-05-06 15:56:48 INFO     | Iteration: 9/10
2026-05-06 15:56:48 INFO     -------------------------
2026-05-06 15:56:48 INFO     >>>>> Predictor: Training
2026-05-06 15:56:48 INFO     10 62 2.040764 4336.0
2026-05-06 15:56:48 INFO     20 62 2.517433 4336.0
2026-05-06 15:56:48 INFO     30 62 2.490284 4336.0
2026-05-06 15:56:48 INFO     40 62 2.362227 4336.0
2026-05-06 15:56:48 INFO     50 62 2.550920 4336.0
2026-05-06 15:56:49 INFO     60 62 2.591745 4119.2
2026-05-06 15:56:49 INFO     >>>>> Predictor: Evaluating on valid
2026-05-06 15:56:49 INFO     Data : 24
2026-05-06 15:56:49 INFO     Hit1 : 0.000000
2026-05-06 15:56:49 INFO     Hit3 : 0.708333
2026-05-06 15:56:49 INFO     Hit10: 0.958333
2026-05-06 15:56:49 INFO     MR   : 3.541667
2026-05-06 15:56:49 INFO     MRR  : 0.331250
2026-05-06 15:56:49 INFO     >>>>> Predictor: Evaluating on test
2026-05-06 15:56:49 INFO     Data : 24
2026-05-06 15:56:49 INFO     Hit1 : 0.000000
2026-05-06 15:56:49 INFO     Hit3 : 0.666667
2026-05-06 15:56:49 INFO     Hit10: 1.000000
2026-05-06 15:56:49 INFO     MR   : 3.208333
2026-05-06 15:56:49 INFO     MRR  : 0.369907
2026-05-06 15:56:49 INFO     -------------------------
2026-05-06 15:56:49 INFO     | Iteration: 10/10
2026-05-06 15:56:49 INFO     -------------------------
2026-05-06 15:56:49 INFO     >>>>> Predictor: Training
2026-05-06 15:56:49 INFO     10 62 2.357663 4119.2
2026-05-06 15:56:49 INFO     20 62 2.609650 4336.0
2026-05-06 15:56:49 INFO     30 62 2.188511 4336.0
2026-05-06 15:56:49 INFO     40 62 2.245853 4336.0
2026-05-06 15:56:49 INFO     50 62 2.362195 4336.0
2026-05-06 15:56:49 INFO     60 62 2.551320 4336.0
2026-05-06 15:56:49 INFO     >>>>> Predictor: Evaluating on valid
2026-05-06 15:56:49 INFO     Data : 24
2026-05-06 15:56:49 INFO     Hit1 : 0.000000
2026-05-06 15:56:49 INFO     Hit3 : 0.708333
2026-05-06 15:56:49 INFO     Hit10: 0.958333
2026-05-06 15:56:49 INFO     MR   : 3.583333
2026-05-06 15:56:49 INFO     MRR  : 0.330983
2026-05-06 15:56:49 INFO     >>>>> Predictor: Evaluating on test
2026-05-06 15:56:49 INFO     Data : 24
2026-05-06 15:56:49 INFO     Hit1 : 0.000000
2026-05-06 15:56:49 INFO     Hit3 : 0.625000
2026-05-06 15:56:49 INFO     Hit10: 1.000000
2026-05-06 15:56:49 INFO     MR   : 3.416667
2026-05-06 15:56:49 INFO     MRR  : 0.344213
