2026-05-06 19:51:34 INFO     Predictor+: read 192 rules from file.
2026-05-06 19:51:35 INFO     Preprocess training set
2026-05-06 19:51:35 INFO     -------------------------
2026-05-06 19:51:35 INFO     | Iteration: 1/10
2026-05-06 19:51:35 INFO     -------------------------
2026-05-06 19:51:35 INFO     >>>>> Predictor: Training
2026-05-06 19:51:35 INFO     10 105 5.180943 7632.0
2026-05-06 19:51:35 INFO     20 105 2.708132 7440.0
2026-05-06 19:51:35 INFO     30 105 1.651612 7200.0
2026-05-06 19:51:35 INFO     40 105 1.411649 6960.0
2026-05-06 19:51:35 INFO     50 105 1.474410 7344.0
2026-05-06 19:51:36 INFO     60 105 1.562273 7152.0
2026-05-06 19:51:36 INFO     70 105 1.979014 6672.0
2026-05-06 19:51:36 INFO     80 105 1.577976 7680.0
2026-05-06 19:51:36 INFO     90 105 1.362743 6864.0
2026-05-06 19:51:36 INFO     100 105 1.828972 7680.0
2026-05-06 19:51:36 INFO     >>>>> Predictor: Evaluating on valid
2026-05-06 19:51:36 INFO     Data : 224
2026-05-06 19:51:36 INFO     Hit1 : 0.727679
2026-05-06 19:51:36 INFO     Hit3 : 0.803571
2026-05-06 19:51:36 INFO     Hit10: 0.812500
2026-05-06 19:51:36 INFO     MR   : 66.383929
2026-05-06 19:51:36 INFO     MRR  : 0.766410
2026-05-06 19:51:36 INFO     >>>>> Predictor: Evaluating on test
2026-05-06 19:51:36 INFO     Data : 448
2026-05-06 19:51:36 INFO     Hit1 : 0.812500
2026-05-06 19:51:36 INFO     Hit3 : 0.830357
2026-05-06 19:51:36 INFO     Hit10: 0.832589
2026-05-06 19:51:36 INFO     MR   : 58.157366
2026-05-06 19:51:36 INFO     MRR  : 0.820652
2026-05-06 19:51:36 INFO     Save checkpoint to KINSHIP_1990_EXTENDED_seed42/predictor.pt
2026-05-06 19:51:36 INFO     -------------------------
2026-05-06 19:51:36 INFO     | Iteration: 2/10
2026-05-06 19:51:36 INFO     -------------------------
2026-05-06 19:51:36 INFO     >>>>> Predictor: Training
2026-05-06 19:51:36 INFO     10 105 1.581537 6624.0
2026-05-06 19:51:36 INFO     20 105 1.298597 6912.0
2026-05-06 19:51:36 INFO     30 105 1.616789 7680.0
2026-05-06 19:51:36 INFO     40 105 2.281706 6624.0
2026-05-06 19:51:36 INFO     50 105 1.412320 7680.0
2026-05-06 19:51:36 INFO     60 105 1.765804 6480.0
2026-05-06 19:51:36 INFO     70 105 1.615427 7440.0
2026-05-06 19:51:36 INFO     80 105 1.680576 7296.0
2026-05-06 19:51:36 INFO     90 105 0.944470 7344.0
2026-05-06 19:51:36 INFO     100 105 1.437893 7680.0
2026-05-06 19:51:36 INFO     >>>>> Predictor: Evaluating on valid
2026-05-06 19:51:36 INFO     Data : 224
2026-05-06 19:51:36 INFO     Hit1 : 0.723214
2026-05-06 19:51:36 INFO     Hit3 : 0.803571
2026-05-06 19:51:36 INFO     Hit10: 0.816964
2026-05-06 19:51:36 INFO     MR   : 64.915179
2026-05-06 19:51:36 INFO     MRR  : 0.765563
2026-05-06 19:51:36 INFO     >>>>> Predictor: Evaluating on test
2026-05-06 19:51:36 INFO     Data : 448
2026-05-06 19:51:36 INFO     Hit1 : 0.819196
2026-05-06 19:51:36 INFO     Hit3 : 0.830357
2026-05-06 19:51:36 INFO     Hit10: 0.830357
2026-05-06 19:51:36 INFO     MR   : 56.700893
2026-05-06 19:51:36 INFO     MRR  : 0.824901
2026-05-06 19:51:36 INFO     -------------------------
2026-05-06 19:51:36 INFO     | Iteration: 3/10
2026-05-06 19:51:36 INFO     -------------------------
2026-05-06 19:51:36 INFO     >>>>> Predictor: Training
2026-05-06 19:51:36 INFO     10 105 1.027271 7680.0
2026-05-06 19:51:36 INFO     20 105 0.967500 7104.0
2026-05-06 19:51:37 INFO     30 105 2.194297 5616.0
2026-05-06 19:51:37 INFO     40 105 1.524955 7104.0
2026-05-06 19:51:37 INFO     50 105 1.863086 7344.0
2026-05-06 19:51:37 INFO     60 105 1.356013 6816.0
2026-05-06 19:51:37 INFO     70 105 1.860913 7680.0
2026-05-06 19:51:37 INFO     80 105 1.617616 6960.0
2026-05-06 19:51:37 INFO     90 105 1.622451 7680.0
2026-05-06 19:51:37 INFO     100 105 1.432950 7680.0
2026-05-06 19:51:37 INFO     >>>>> Predictor: Evaluating on valid
2026-05-06 19:51:37 INFO     Data : 224
2026-05-06 19:51:37 INFO     Hit1 : 0.727679
2026-05-06 19:51:37 INFO     Hit3 : 0.803571
2026-05-06 19:51:37 INFO     Hit10: 0.816964
2026-05-06 19:51:37 INFO     MR   : 62.245536
2026-05-06 19:51:37 INFO     MRR  : 0.768061
2026-05-06 19:51:37 INFO     >>>>> Predictor: Evaluating on test
2026-05-06 19:51:37 INFO     Data : 448
2026-05-06 19:51:37 INFO     Hit1 : 0.816964
2026-05-06 19:51:37 INFO     Hit3 : 0.830357
2026-05-06 19:51:37 INFO     Hit10: 0.830357
2026-05-06 19:51:37 INFO     MR   : 55.484375
2026-05-06 19:51:37 INFO     MRR  : 0.823803
2026-05-06 19:51:37 INFO     Save checkpoint to KINSHIP_1990_EXTENDED_seed42/predictor.pt
2026-05-06 19:51:37 INFO     -------------------------
2026-05-06 19:51:37 INFO     | Iteration: 4/10
2026-05-06 19:51:37 INFO     -------------------------
2026-05-06 19:51:37 INFO     >>>>> Predictor: Training
2026-05-06 19:51:37 INFO     10 105 1.368929 6480.0
2026-05-06 19:51:37 INFO     20 105 1.266583 6624.0
2026-05-06 19:51:37 INFO     30 105 1.706039 7680.0
2026-05-06 19:51:37 INFO     40 105 1.249962 6864.0
2026-05-06 19:51:37 INFO     50 105 2.037316 7200.0
2026-05-06 19:51:37 INFO     60 105 1.611236 6864.0
2026-05-06 19:51:37 INFO     70 105 1.543470 7680.0
2026-05-06 19:51:37 INFO     80 105 1.614609 7056.0
2026-05-06 19:51:37 INFO     90 105 1.316484 7632.0
2026-05-06 19:51:37 INFO     100 105 1.276302 7344.0
2026-05-06 19:51:37 INFO     >>>>> Predictor: Evaluating on valid
2026-05-06 19:51:37 INFO     Data : 224
2026-05-06 19:51:37 INFO     Hit1 : 0.718750
2026-05-06 19:51:37 INFO     Hit3 : 0.803571
2026-05-06 19:51:37 INFO     Hit10: 0.816964
2026-05-06 19:51:37 INFO     MR   : 60.642857
2026-05-06 19:51:37 INFO     MRR  : 0.762877
2026-05-06 19:51:37 INFO     >>>>> Predictor: Evaluating on test
2026-05-06 19:51:38 INFO     Data : 448
2026-05-06 19:51:38 INFO     Hit1 : 0.823661
2026-05-06 19:51:38 INFO     Hit3 : 0.830357
2026-05-06 19:51:38 INFO     Hit10: 0.830357
2026-05-06 19:51:38 INFO     MR   : 54.332589
2026-05-06 19:51:38 INFO     MRR  : 0.827570
2026-05-06 19:51:38 INFO     -------------------------
2026-05-06 19:51:38 INFO     | Iteration: 5/10
2026-05-06 19:51:38 INFO     -------------------------
2026-05-06 19:51:38 INFO     >>>>> Predictor: Training
2026-05-06 19:51:38 INFO     10 105 1.593070 7104.0
2026-05-06 19:51:38 INFO     20 105 1.143893 7680.0
2026-05-06 19:51:38 INFO     30 105 1.393898 7248.0
2026-05-06 19:51:38 INFO     40 105 1.484853 7056.0
2026-05-06 19:51:38 INFO     50 105 1.660030 7680.0
2026-05-06 19:51:38 INFO     60 105 1.475554 6816.0
2026-05-06 19:51:38 INFO     70 105 1.459882 7440.0
2026-05-06 19:51:38 INFO     80 105 1.635023 6384.0
2026-05-06 19:51:38 INFO     90 105 1.335731 7008.0
2026-05-06 19:51:38 INFO     100 105 1.372076 7008.0
2026-05-06 19:51:38 INFO     >>>>> Predictor: Evaluating on valid
2026-05-06 19:51:38 INFO     Data : 224
2026-05-06 19:51:38 INFO     Hit1 : 0.727679
2026-05-06 19:51:38 INFO     Hit3 : 0.808036
2026-05-06 19:51:38 INFO     Hit10: 0.816964
2026-05-06 19:51:38 INFO     MR   : 59.544643
2026-05-06 19:51:38 INFO     MRR  : 0.768792
2026-05-06 19:51:38 INFO     >>>>> Predictor: Evaluating on test
2026-05-06 19:51:38 INFO     Data : 448
2026-05-06 19:51:38 INFO     Hit1 : 0.819196
2026-05-06 19:51:38 INFO     Hit3 : 0.830357
2026-05-06 19:51:38 INFO     Hit10: 0.830357
2026-05-06 19:51:38 INFO     MR   : 53.245536
2026-05-06 19:51:38 INFO     MRR  : 0.825043
2026-05-06 19:51:38 INFO     Save checkpoint to KINSHIP_1990_EXTENDED_seed42/predictor.pt
2026-05-06 19:51:38 INFO     -------------------------
2026-05-06 19:51:38 INFO     | Iteration: 6/10
2026-05-06 19:51:38 INFO     -------------------------
2026-05-06 19:51:38 INFO     >>>>> Predictor: Training
2026-05-06 19:51:38 INFO     10 105 1.032120 7680.0
2026-05-06 19:51:38 INFO     20 105 1.333570 6720.0
2026-05-06 19:51:38 INFO     30 105 1.261337 6864.0
2026-05-06 19:51:38 INFO     40 105 1.927124 6672.0
2026-05-06 19:51:38 INFO     50 105 1.834165 7680.0
2026-05-06 19:51:38 INFO     60 105 1.731410 7440.0
2026-05-06 19:51:38 INFO     70 105 0.920220 6864.0
2026-05-06 19:51:38 INFO     80 105 1.577350 7200.0
2026-05-06 19:51:38 INFO     90 105 1.337734 7200.0
2026-05-06 19:51:38 INFO     100 105 1.807871 7488.0
2026-05-06 19:51:38 INFO     >>>>> Predictor: Evaluating on valid
2026-05-06 19:51:39 INFO     Data : 224
2026-05-06 19:51:39 INFO     Hit1 : 0.709821
2026-05-06 19:51:39 INFO     Hit3 : 0.808036
2026-05-06 19:51:39 INFO     Hit10: 0.821429
2026-05-06 19:51:39 INFO     MR   : 59.584821
2026-05-06 19:51:39 INFO     MRR  : 0.760199
2026-05-06 19:51:39 INFO     >>>>> Predictor: Evaluating on test
2026-05-06 19:51:39 INFO     Data : 448
2026-05-06 19:51:39 INFO     Hit1 : 0.816964
2026-05-06 19:51:39 INFO     Hit3 : 0.830357
2026-05-06 19:51:39 INFO     Hit10: 0.832589
2026-05-06 19:51:39 INFO     MR   : 52.781250
2026-05-06 19:51:39 INFO     MRR  : 0.823338
2026-05-06 19:51:39 INFO     -------------------------
2026-05-06 19:51:39 INFO     | Iteration: 7/10
2026-05-06 19:51:39 INFO     -------------------------
2026-05-06 19:51:39 INFO     >>>>> Predictor: Training
2026-05-06 19:51:39 INFO     10 105 1.017453 6528.0
2026-05-06 19:51:39 INFO     20 105 1.350130 7536.0
2026-05-06 19:51:39 INFO     30 105 1.389748 6960.0
2026-05-06 19:51:39 INFO     40 105 1.185044 7632.0
2026-05-06 19:51:39 INFO     50 105 1.243045 6624.0
2026-05-06 19:51:39 INFO     60 105 1.354465 6240.0
2026-05-06 19:51:39 INFO     70 105 1.647464 7680.0
2026-05-06 19:51:39 INFO     80 105 1.726557 7584.0
2026-05-06 19:51:39 INFO     90 105 1.445055 7680.0
2026-05-06 19:51:39 INFO     100 105 1.551168 7440.0
2026-05-06 19:51:39 INFO     >>>>> Predictor: Evaluating on valid
2026-05-06 19:51:39 INFO     Data : 224
2026-05-06 19:51:39 INFO     Hit1 : 0.718750
2026-05-06 19:51:39 INFO     Hit3 : 0.808036
2026-05-06 19:51:39 INFO     Hit10: 0.825893
2026-05-06 19:51:39 INFO     MR   : 59.066964
2026-05-06 19:51:39 INFO     MRR  : 0.765249
2026-05-06 19:51:39 INFO     >>>>> Predictor: Evaluating on test
2026-05-06 19:51:39 INFO     Data : 448
2026-05-06 19:51:39 INFO     Hit1 : 0.821429
2026-05-06 19:51:39 INFO     Hit3 : 0.830357
2026-05-06 19:51:39 INFO     Hit10: 0.832589
2026-05-06 19:51:39 INFO     MR   : 52.316964
2026-05-06 19:51:39 INFO     MRR  : 0.826363
2026-05-06 19:51:39 INFO     -------------------------
2026-05-06 19:51:39 INFO     | Iteration: 8/10
2026-05-06 19:51:39 INFO     -------------------------
2026-05-06 19:51:39 INFO     >>>>> Predictor: Training
2026-05-06 19:51:39 INFO     10 105 1.290765 7056.0
2026-05-06 19:51:39 INFO     20 105 1.472984 7056.0
2026-05-06 19:51:39 INFO     30 105 1.139633 7680.0
2026-05-06 19:51:39 INFO     40 105 1.789456 7104.0
2026-05-06 19:51:39 INFO     50 105 1.470850 6960.0
2026-05-06 19:51:39 INFO     60 105 1.586186 7680.0
2026-05-06 19:51:39 INFO     70 105 1.996299 6144.0
2026-05-06 19:51:39 INFO     80 105 1.226738 7680.0
2026-05-06 19:51:40 INFO     90 105 1.282771 7344.0
2026-05-06 19:51:40 INFO     100 105 0.934599 7104.0
2026-05-06 19:51:40 INFO     >>>>> Predictor: Evaluating on valid
2026-05-06 19:51:40 INFO     Data : 224
2026-05-06 19:51:40 INFO     Hit1 : 0.705357
2026-05-06 19:51:40 INFO     Hit3 : 0.803571
2026-05-06 19:51:40 INFO     Hit10: 0.825893
2026-05-06 19:51:40 INFO     MR   : 58.098214
2026-05-06 19:51:40 INFO     MRR  : 0.757802
2026-05-06 19:51:40 INFO     >>>>> Predictor: Evaluating on test
2026-05-06 19:51:40 INFO     Data : 448
2026-05-06 19:51:40 INFO     Hit1 : 0.821429
2026-05-06 19:51:40 INFO     Hit3 : 0.830357
2026-05-06 19:51:40 INFO     Hit10: 0.832589
2026-05-06 19:51:40 INFO     MR   : 51.991071
2026-05-06 19:51:40 INFO     MRR  : 0.826457
2026-05-06 19:51:40 INFO     -------------------------
2026-05-06 19:51:40 INFO     | Iteration: 9/10
2026-05-06 19:51:40 INFO     -------------------------
2026-05-06 19:51:40 INFO     >>>>> Predictor: Training
2026-05-06 19:51:40 INFO     10 105 1.721262 7680.0
2026-05-06 19:51:40 INFO     20 105 1.799325 6432.0
2026-05-06 19:51:40 INFO     30 105 0.997045 7104.0
2026-05-06 19:51:40 INFO     40 105 1.403282 7248.0
2026-05-06 19:51:40 INFO     50 105 1.392217 6960.0
2026-05-06 19:51:40 INFO     60 105 1.432519 7680.0
2026-05-06 19:51:40 INFO     70 105 1.913882 7296.0
2026-05-06 19:51:40 INFO     80 105 1.333931 7104.0
2026-05-06 19:51:40 INFO     90 105 0.957798 7344.0
2026-05-06 19:51:40 INFO     100 105 1.429274 6576.0
2026-05-06 19:51:40 INFO     >>>>> Predictor: Evaluating on valid
2026-05-06 19:51:40 INFO     Data : 224
2026-05-06 19:51:40 INFO     Hit1 : 0.714286
2026-05-06 19:51:40 INFO     Hit3 : 0.803571
2026-05-06 19:51:40 INFO     Hit10: 0.821429
2026-05-06 19:51:40 INFO     MR   : 58.250000
2026-05-06 19:51:40 INFO     MRR  : 0.762986
2026-05-06 19:51:40 INFO     >>>>> Predictor: Evaluating on test
2026-05-06 19:51:40 INFO     Data : 448
2026-05-06 19:51:40 INFO     Hit1 : 0.821429
2026-05-06 19:51:40 INFO     Hit3 : 0.830357
2026-05-06 19:51:40 INFO     Hit10: 0.834821
2026-05-06 19:51:40 INFO     MR   : 52.098214
2026-05-06 19:51:40 INFO     MRR  : 0.826495
2026-05-06 19:51:40 INFO     -------------------------
2026-05-06 19:51:40 INFO     | Iteration: 10/10
2026-05-06 19:51:40 INFO     -------------------------
2026-05-06 19:51:40 INFO     >>>>> Predictor: Training
2026-05-06 19:51:40 INFO     10 105 1.658120 7680.0
2026-05-06 19:51:40 INFO     20 105 1.119468 7680.0
2026-05-06 19:51:40 INFO     30 105 1.362618 7680.0
2026-05-06 19:51:40 INFO     40 105 1.244969 6384.0
2026-05-06 19:51:40 INFO     50 105 1.503436 6864.0
2026-05-06 19:51:41 INFO     60 105 1.301575 7248.0
2026-05-06 19:51:41 INFO     70 105 1.064190 6240.0
2026-05-06 19:51:41 INFO     80 105 1.588695 7584.0
2026-05-06 19:51:41 INFO     90 105 1.578992 7200.0
2026-05-06 19:51:41 INFO     100 105 1.335418 6864.0
2026-05-06 19:51:41 INFO     >>>>> Predictor: Evaluating on valid
2026-05-06 19:51:41 INFO     Data : 224
2026-05-06 19:51:41 INFO     Hit1 : 0.718750
2026-05-06 19:51:41 INFO     Hit3 : 0.803571
2026-05-06 19:51:41 INFO     Hit10: 0.816964
2026-05-06 19:51:41 INFO     MR   : 58.098214
2026-05-06 19:51:41 INFO     MRR  : 0.764422
2026-05-06 19:51:41 INFO     >>>>> Predictor: Evaluating on test
2026-05-06 19:51:41 INFO     Data : 448
2026-05-06 19:51:41 INFO     Hit1 : 0.821429
2026-05-06 19:51:41 INFO     Hit3 : 0.830357
2026-05-06 19:51:41 INFO     Hit10: 0.834821
2026-05-06 19:51:41 INFO     MR   : 51.854911
2026-05-06 19:51:41 INFO     MRR  : 0.826717
