2026-05-06 19:57:46 INFO     Predictor+: read 5500 rules from file.
2026-05-06 19:57:46 INFO     Preprocess training set
2026-05-06 19:57:46 INFO     -------------------------
2026-05-06 19:57:46 INFO     | Iteration: 1/10
2026-05-06 19:57:46 INFO     -------------------------
2026-05-06 19:57:46 INFO     >>>>> Predictor: Training
2026-05-06 19:57:47 INFO     10 127 2.624106 110.6
2026-05-06 19:57:47 INFO     20 127 2.604927 158.2
2026-05-06 19:57:47 INFO     30 127 2.613301 194.6
2026-05-06 19:57:48 INFO     40 127 2.613991 211.4
2026-05-06 19:57:48 INFO     50 127 2.588963 201.6
2026-05-06 19:57:48 INFO     60 127 2.546506 196.0
2026-05-06 19:57:48 INFO     70 127 2.494042 175.0
2026-05-06 19:57:48 INFO     80 127 2.592627 172.2
2026-05-06 19:57:49 INFO     90 127 2.582951 163.8
2026-05-06 19:57:49 INFO     100 127 2.479986 159.6
2026-05-06 19:57:49 INFO     >>>>> Predictor: Evaluating on valid
2026-05-06 19:57:50 INFO     Data : 199
2026-05-06 19:57:50 INFO     Hit1 : 0.316583
2026-05-06 19:57:50 INFO     Hit3 : 0.653266
2026-05-06 19:57:50 INFO     Hit10: 0.979899
2026-05-06 19:57:50 INFO     MR   : 3.216080
2026-05-06 19:57:50 INFO     MRR  : 0.528585
2026-05-06 19:57:50 INFO     >>>>> Predictor: Evaluating on test
2026-05-06 19:57:51 INFO     Data : 201
2026-05-06 19:57:51 INFO     Hit1 : 0.402985
2026-05-06 19:57:51 INFO     Hit3 : 0.711443
2026-05-06 19:57:51 INFO     Hit10: 0.975124
2026-05-06 19:57:51 INFO     MR   : 2.880597
2026-05-06 19:57:51 INFO     MRR  : 0.596751
2026-05-06 19:57:51 INFO     Save checkpoint to NATIONS_seed45/predictor.pt
2026-05-06 19:57:51 INFO     -------------------------
2026-05-06 19:57:51 INFO     | Iteration: 2/10
2026-05-06 19:57:51 INFO     -------------------------
2026-05-06 19:57:51 INFO     >>>>> Predictor: Training
2026-05-06 19:57:51 INFO     10 127 2.264434 152.6
2026-05-06 19:57:51 INFO     20 127 2.338278 184.8
2026-05-06 19:57:51 INFO     30 127 2.564005 172.2
2026-05-06 19:57:51 INFO     40 127 2.342487 175.0
2026-05-06 19:57:52 INFO     50 127 2.358001 187.6
2026-05-06 19:57:52 INFO     60 127 2.456816 169.4
2026-05-06 19:57:52 INFO     70 127 2.455496 169.4
2026-05-06 19:57:52 INFO     80 127 2.360570 207.2
2026-05-06 19:57:53 INFO     90 127 2.481750 197.4
2026-05-06 19:57:53 INFO     100 127 2.331255 138.6
2026-05-06 19:57:53 INFO     >>>>> Predictor: Evaluating on valid
2026-05-06 19:57:54 INFO     Data : 199
2026-05-06 19:57:54 INFO     Hit1 : 0.321608
2026-05-06 19:57:54 INFO     Hit3 : 0.688442
2026-05-06 19:57:54 INFO     Hit10: 0.984925
2026-05-06 19:57:54 INFO     MR   : 3.060302
2026-05-06 19:57:54 INFO     MRR  : 0.542145
2026-05-06 19:57:54 INFO     >>>>> Predictor: Evaluating on test
2026-05-06 19:57:54 INFO     Data : 201
2026-05-06 19:57:54 INFO     Hit1 : 0.368159
2026-05-06 19:57:54 INFO     Hit3 : 0.771144
2026-05-06 19:57:54 INFO     Hit10: 0.965174
2026-05-06 19:57:54 INFO     MR   : 2.726368
2026-05-06 19:57:54 INFO     MRR  : 0.595569
2026-05-06 19:57:54 INFO     Save checkpoint to NATIONS_seed45/predictor.pt
2026-05-06 19:57:54 INFO     -------------------------
2026-05-06 19:57:54 INFO     | Iteration: 3/10
2026-05-06 19:57:54 INFO     -------------------------
2026-05-06 19:57:54 INFO     >>>>> Predictor: Training
2026-05-06 19:57:55 INFO     10 127 2.327172 208.6
2026-05-06 19:57:55 INFO     20 127 2.291407 193.2
2026-05-06 19:57:55 INFO     30 127 2.319115 142.8
2026-05-06 19:57:55 INFO     40 127 2.499184 147.0
2026-05-06 19:57:56 INFO     50 127 2.368645 224.0
2026-05-06 19:57:56 INFO     60 127 2.309011 201.6
2026-05-06 19:57:56 INFO     70 127 2.361607 172.2
2026-05-06 19:57:56 INFO     80 127 2.195412 140.0
2026-05-06 19:57:56 INFO     90 127 2.289221 187.6
2026-05-06 19:57:57 INFO     100 127 2.265998 169.4
2026-05-06 19:57:57 INFO     >>>>> Predictor: Evaluating on valid
2026-05-06 19:57:58 INFO     Data : 199
2026-05-06 19:57:58 INFO     Hit1 : 0.316583
2026-05-06 19:57:58 INFO     Hit3 : 0.698492
2026-05-06 19:57:58 INFO     Hit10: 0.984925
2026-05-06 19:57:58 INFO     MR   : 3.025126
2026-05-06 19:57:58 INFO     MRR  : 0.544058
2026-05-06 19:57:58 INFO     >>>>> Predictor: Evaluating on test
2026-05-06 19:57:58 INFO     Data : 201
2026-05-06 19:57:58 INFO     Hit1 : 0.417910
2026-05-06 19:57:58 INFO     Hit3 : 0.751244
2026-05-06 19:57:58 INFO     Hit10: 0.960199
2026-05-06 19:57:58 INFO     MR   : 2.781095
2026-05-06 19:57:58 INFO     MRR  : 0.613742
2026-05-06 19:57:58 INFO     Save checkpoint to NATIONS_seed45/predictor.pt
2026-05-06 19:57:58 INFO     -------------------------
2026-05-06 19:57:58 INFO     | Iteration: 4/10
2026-05-06 19:57:58 INFO     -------------------------
2026-05-06 19:57:58 INFO     >>>>> Predictor: Training
2026-05-06 19:57:59 INFO     10 127 2.277664 165.2
2026-05-06 19:57:59 INFO     20 127 2.395100 210.0
2026-05-06 19:57:59 INFO     30 127 2.341053 224.0
2026-05-06 19:57:59 INFO     40 127 2.323536 166.6
2026-05-06 19:57:59 INFO     50 127 2.005778 166.6
2026-05-06 19:58:00 INFO     60 127 2.318206 203.0
2026-05-06 19:58:00 INFO     70 127 2.214451 179.2
2026-05-06 19:58:00 INFO     80 127 2.177846 169.4
2026-05-06 19:58:00 INFO     90 127 2.286510 177.8
2026-05-06 19:58:01 INFO     100 127 2.191041 172.2
2026-05-06 19:58:01 INFO     >>>>> Predictor: Evaluating on valid
2026-05-06 19:58:01 INFO     Data : 199
2026-05-06 19:58:01 INFO     Hit1 : 0.316583
2026-05-06 19:58:01 INFO     Hit3 : 0.718593
2026-05-06 19:58:01 INFO     Hit10: 0.974874
2026-05-06 19:58:01 INFO     MR   : 3.060302
2026-05-06 19:58:01 INFO     MRR  : 0.546430
2026-05-06 19:58:01 INFO     >>>>> Predictor: Evaluating on test
2026-05-06 19:58:02 INFO     Data : 201
2026-05-06 19:58:02 INFO     Hit1 : 0.422886
2026-05-06 19:58:02 INFO     Hit3 : 0.746269
2026-05-06 19:58:02 INFO     Hit10: 0.955224
2026-05-06 19:58:02 INFO     MR   : 2.830846
2026-05-06 19:58:02 INFO     MRR  : 0.615098
2026-05-06 19:58:02 INFO     Save checkpoint to NATIONS_seed45/predictor.pt
2026-05-06 19:58:02 INFO     -------------------------
2026-05-06 19:58:02 INFO     | Iteration: 5/10
2026-05-06 19:58:02 INFO     -------------------------
2026-05-06 19:58:02 INFO     >>>>> Predictor: Training
2026-05-06 19:58:02 INFO     10 127 2.077291 186.2
2026-05-06 19:58:03 INFO     20 127 2.169944 138.6
2026-05-06 19:58:03 INFO     30 127 2.101958 196.0
2026-05-06 19:58:03 INFO     40 127 2.395108 176.4
2026-05-06 19:58:03 INFO     50 127 2.092808 172.2
2026-05-06 19:58:04 INFO     60 127 2.163846 169.4
2026-05-06 19:58:04 INFO     70 127 2.060670 191.8
2026-05-06 19:58:04 INFO     80 127 2.259063 182.0
2026-05-06 19:58:04 INFO     90 127 2.194577 198.8
2026-05-06 19:58:04 INFO     100 127 2.272894 183.4
2026-05-06 19:58:04 INFO     >>>>> Predictor: Evaluating on valid
2026-05-06 19:58:05 INFO     Data : 199
2026-05-06 19:58:05 INFO     Hit1 : 0.356784
2026-05-06 19:58:05 INFO     Hit3 : 0.718593
2026-05-06 19:58:05 INFO     Hit10: 0.974874
2026-05-06 19:58:05 INFO     MR   : 3.010050
2026-05-06 19:58:05 INFO     MRR  : 0.566418
2026-05-06 19:58:05 INFO     >>>>> Predictor: Evaluating on test
2026-05-06 19:58:06 INFO     Data : 201
2026-05-06 19:58:06 INFO     Hit1 : 0.373134
2026-05-06 19:58:06 INFO     Hit3 : 0.776119
2026-05-06 19:58:06 INFO     Hit10: 0.985075
2026-05-06 19:58:06 INFO     MR   : 2.761194
2026-05-06 19:58:06 INFO     MRR  : 0.595406
2026-05-06 19:58:06 INFO     Save checkpoint to NATIONS_seed45/predictor.pt
2026-05-06 19:58:06 INFO     -------------------------
2026-05-06 19:58:06 INFO     | Iteration: 6/10
2026-05-06 19:58:06 INFO     -------------------------
2026-05-06 19:58:06 INFO     >>>>> Predictor: Training
2026-05-06 19:58:06 INFO     10 127 1.968791 134.4
2026-05-06 19:58:07 INFO     20 127 2.272003 218.4
2026-05-06 19:58:07 INFO     30 127 2.251223 215.6
2026-05-06 19:58:07 INFO     40 127 2.138131 180.6
2026-05-06 19:58:07 INFO     50 127 2.229047 196.0
2026-05-06 19:58:07 INFO     60 127 2.169158 191.8
2026-05-06 19:58:08 INFO     70 127 2.050456 124.6
2026-05-06 19:58:08 INFO     80 127 2.050557 133.0
2026-05-06 19:58:08 INFO     90 127 2.132046 144.2
2026-05-06 19:58:08 INFO     100 127 2.086606 186.2
2026-05-06 19:58:08 INFO     >>>>> Predictor: Evaluating on valid
2026-05-06 19:58:09 INFO     Data : 199
2026-05-06 19:58:09 INFO     Hit1 : 0.321608
2026-05-06 19:58:09 INFO     Hit3 : 0.693467
2026-05-06 19:58:09 INFO     Hit10: 0.984925
2026-05-06 19:58:09 INFO     MR   : 3.015075
2026-05-06 19:58:09 INFO     MRR  : 0.539368
2026-05-06 19:58:09 INFO     >>>>> Predictor: Evaluating on test
2026-05-06 19:58:10 INFO     Data : 201
2026-05-06 19:58:10 INFO     Hit1 : 0.383085
2026-05-06 19:58:10 INFO     Hit3 : 0.776119
2026-05-06 19:58:10 INFO     Hit10: 0.985075
2026-05-06 19:58:10 INFO     MR   : 2.646766
2026-05-06 19:58:10 INFO     MRR  : 0.603732
2026-05-06 19:58:10 INFO     -------------------------
2026-05-06 19:58:10 INFO     | Iteration: 7/10
2026-05-06 19:58:10 INFO     -------------------------
2026-05-06 19:58:10 INFO     >>>>> Predictor: Training
2026-05-06 19:58:10 INFO     10 127 2.244577 193.2
2026-05-06 19:58:10 INFO     20 127 1.979003 176.4
2026-05-06 19:58:11 INFO     30 127 2.307790 197.4
2026-05-06 19:58:11 INFO     40 127 2.181015 168.0
2026-05-06 19:58:11 INFO     50 127 2.166472 189.0
2026-05-06 19:58:11 INFO     60 127 2.030277 198.8
2026-05-06 19:58:12 INFO     70 127 1.880975 152.6
2026-05-06 19:58:12 INFO     80 127 2.179487 156.8
2026-05-06 19:58:12 INFO     90 127 1.986864 142.8
2026-05-06 19:58:12 INFO     100 127 2.231904 183.4
2026-05-06 19:58:12 INFO     >>>>> Predictor: Evaluating on valid
2026-05-06 19:58:13 INFO     Data : 199
2026-05-06 19:58:13 INFO     Hit1 : 0.386935
2026-05-06 19:58:13 INFO     Hit3 : 0.753769
2026-05-06 19:58:13 INFO     Hit10: 0.974874
2026-05-06 19:58:13 INFO     MR   : 2.773869
2026-05-06 19:58:13 INFO     MRR  : 0.588965
2026-05-06 19:58:13 INFO     >>>>> Predictor: Evaluating on test
2026-05-06 19:58:14 INFO     Data : 201
2026-05-06 19:58:14 INFO     Hit1 : 0.383085
2026-05-06 19:58:14 INFO     Hit3 : 0.776119
2026-05-06 19:58:14 INFO     Hit10: 0.980100
2026-05-06 19:58:14 INFO     MR   : 2.766169
2026-05-06 19:58:14 INFO     MRR  : 0.596946
2026-05-06 19:58:14 INFO     Save checkpoint to NATIONS_seed45/predictor.pt
2026-05-06 19:58:14 INFO     -------------------------
2026-05-06 19:58:14 INFO     | Iteration: 8/10
2026-05-06 19:58:14 INFO     -------------------------
2026-05-06 19:58:14 INFO     >>>>> Predictor: Training
2026-05-06 19:58:14 INFO     10 127 2.113230 169.4
2026-05-06 19:58:14 INFO     20 127 1.893341 186.2
2026-05-06 19:58:15 INFO     30 127 1.999947 162.4
2026-05-06 19:58:15 INFO     40 127 2.373670 183.4
2026-05-06 19:58:15 INFO     50 127 1.989352 154.0
2026-05-06 19:58:15 INFO     60 127 2.171989 162.4
2026-05-06 19:58:15 INFO     70 127 2.088383 162.4
2026-05-06 19:58:16 INFO     80 127 1.871404 177.8
2026-05-06 19:58:16 INFO     90 127 2.047994 198.8
2026-05-06 19:58:16 INFO     100 127 2.192588 170.8
2026-05-06 19:58:16 INFO     >>>>> Predictor: Evaluating on valid
2026-05-06 19:58:17 INFO     Data : 199
2026-05-06 19:58:17 INFO     Hit1 : 0.417085
2026-05-06 19:58:17 INFO     Hit3 : 0.718593
2026-05-06 19:58:17 INFO     Hit10: 0.969849
2026-05-06 19:58:17 INFO     MR   : 2.974874
2026-05-06 19:58:17 INFO     MRR  : 0.595964
2026-05-06 19:58:17 INFO     >>>>> Predictor: Evaluating on test
2026-05-06 19:58:18 INFO     Data : 201
2026-05-06 19:58:18 INFO     Hit1 : 0.398010
2026-05-06 19:58:18 INFO     Hit3 : 0.776119
2026-05-06 19:58:18 INFO     Hit10: 0.975124
2026-05-06 19:58:18 INFO     MR   : 2.721393
2026-05-06 19:58:18 INFO     MRR  : 0.606151
2026-05-06 19:58:18 INFO     Save checkpoint to NATIONS_seed45/predictor.pt
2026-05-06 19:58:18 INFO     -------------------------
2026-05-06 19:58:18 INFO     | Iteration: 9/10
2026-05-06 19:58:18 INFO     -------------------------
2026-05-06 19:58:18 INFO     >>>>> Predictor: Training
2026-05-06 19:58:18 INFO     10 127 1.944364 170.8
2026-05-06 19:58:18 INFO     20 127 2.002373 186.2
2026-05-06 19:58:18 INFO     30 127 1.608735 159.6
2026-05-06 19:58:19 INFO     40 127 2.152811 189.0
2026-05-06 19:58:19 INFO     50 127 2.141277 184.8
2026-05-06 19:58:19 INFO     60 127 1.850372 163.8
2026-05-06 19:58:19 INFO     70 127 2.021452 113.4
2026-05-06 19:58:20 INFO     80 127 2.125470 154.0
2026-05-06 19:58:20 INFO     90 127 1.914053 166.6
2026-05-06 19:58:20 INFO     100 127 2.355628 193.2
2026-05-06 19:58:20 INFO     >>>>> Predictor: Evaluating on valid
2026-05-06 19:58:21 INFO     Data : 199
2026-05-06 19:58:21 INFO     Hit1 : 0.331658
2026-05-06 19:58:21 INFO     Hit3 : 0.713568
2026-05-06 19:58:21 INFO     Hit10: 0.984925
2026-05-06 19:58:21 INFO     MR   : 2.914573
2026-05-06 19:58:21 INFO     MRR  : 0.551109
2026-05-06 19:58:21 INFO     >>>>> Predictor: Evaluating on test
2026-05-06 19:58:22 INFO     Data : 201
2026-05-06 19:58:22 INFO     Hit1 : 0.422886
2026-05-06 19:58:22 INFO     Hit3 : 0.796020
2026-05-06 19:58:22 INFO     Hit10: 0.970149
2026-05-06 19:58:22 INFO     MR   : 2.641791
2026-05-06 19:58:22 INFO     MRR  : 0.625840
2026-05-06 19:58:22 INFO     -------------------------
2026-05-06 19:58:22 INFO     | Iteration: 10/10
2026-05-06 19:58:22 INFO     -------------------------
2026-05-06 19:58:22 INFO     >>>>> Predictor: Training
2026-05-06 19:58:22 INFO     10 127 2.145851 207.2
2026-05-06 19:58:22 INFO     20 127 1.655200 169.4
2026-05-06 19:58:22 INFO     30 127 2.005826 189.0
2026-05-06 19:58:23 INFO     40 127 1.803460 133.0
2026-05-06 19:58:23 INFO     50 127 2.179022 175.0
2026-05-06 19:58:23 INFO     60 127 1.752574 196.0
2026-05-06 19:58:23 INFO     70 127 2.215250 193.2
2026-05-06 19:58:23 INFO     80 127 2.117122 201.6
2026-05-06 19:58:24 INFO     90 127 2.093469 187.6
2026-05-06 19:58:24 INFO     100 127 1.645224 168.0
2026-05-06 19:58:24 INFO     >>>>> Predictor: Evaluating on valid
2026-05-06 19:58:25 INFO     Data : 199
2026-05-06 19:58:25 INFO     Hit1 : 0.396985
2026-05-06 19:58:25 INFO     Hit3 : 0.743719
2026-05-06 19:58:25 INFO     Hit10: 0.984925
2026-05-06 19:58:25 INFO     MR   : 2.758794
2026-05-06 19:58:25 INFO     MRR  : 0.598000
2026-05-06 19:58:25 INFO     >>>>> Predictor: Evaluating on test
2026-05-06 19:58:26 INFO     Data : 201
2026-05-06 19:58:26 INFO     Hit1 : 0.412935
2026-05-06 19:58:26 INFO     Hit3 : 0.800995
2026-05-06 19:58:26 INFO     Hit10: 0.985075
2026-05-06 19:58:26 INFO     MR   : 2.606965
2026-05-06 19:58:26 INFO     MRR  : 0.618610
2026-05-06 19:58:26 INFO     Save checkpoint to NATIONS_seed45/predictor.pt
