2026-05-06 19:58:35 INFO     Predictor+: read 2500 rules from file.
2026-05-06 19:58:35 INFO     Preprocess training set
2026-05-06 19:58:36 INFO     -------------------------
2026-05-06 19:58:36 INFO     | Iteration: 1/10
2026-05-06 19:58:36 INFO     -------------------------
2026-05-06 19:58:36 INFO     >>>>> Predictor: Training
2026-05-06 19:58:36 INFO     10 546 4.654658 1664.0
2026-05-06 19:58:37 INFO     20 546 4.260292 1601.6
2026-05-06 19:58:37 INFO     30 546 3.660984 1664.0
2026-05-06 19:58:37 INFO     40 546 3.441119 1518.4
2026-05-06 19:58:37 INFO     50 546 3.447256 1664.0
2026-05-06 19:58:37 INFO     60 546 2.991540 1664.0
2026-05-06 19:58:38 INFO     70 546 3.002364 1664.0
2026-05-06 19:58:38 INFO     80 546 3.297028 1664.0
2026-05-06 19:58:38 INFO     90 546 3.095582 1664.0
2026-05-06 19:58:38 INFO     100 546 3.053603 1518.4
2026-05-06 19:58:38 INFO     >>>>> Predictor: Evaluating on valid
2026-05-06 19:58:40 INFO     Data : 1068
2026-05-06 19:58:40 INFO     Hit1 : 0.308989
2026-05-06 19:58:40 INFO     Hit3 : 0.603933
2026-05-06 19:58:40 INFO     Hit10: 0.856742
2026-05-06 19:58:40 INFO     MR   : 5.755618
2026-05-06 19:58:40 INFO     MRR  : 0.488729
2026-05-06 19:58:40 INFO     >>>>> Predictor: Evaluating on test
2026-05-06 19:58:42 INFO     Data : 1074
2026-05-06 19:58:42 INFO     Hit1 : 0.379888
2026-05-06 19:58:42 INFO     Hit3 : 0.621043
2026-05-06 19:58:42 INFO     Hit10: 0.859404
2026-05-06 19:58:42 INFO     MR   : 5.246741
2026-05-06 19:58:42 INFO     MRR  : 0.534853
2026-05-06 19:58:42 INFO     Save checkpoint to KINSHIP_seed45/predictor.pt
2026-05-06 19:58:42 INFO     -------------------------
2026-05-06 19:58:42 INFO     | Iteration: 2/10
2026-05-06 19:58:42 INFO     -------------------------
2026-05-06 19:58:42 INFO     >>>>> Predictor: Training
2026-05-06 19:58:42 INFO     10 546 3.149167 1664.0
2026-05-06 19:58:42 INFO     20 546 3.205729 1570.4
2026-05-06 19:58:42 INFO     30 546 2.818140 1664.0
2026-05-06 19:58:43 INFO     40 546 3.023074 1664.0
2026-05-06 19:58:43 INFO     50 546 2.745451 1664.0
2026-05-06 19:58:43 INFO     60 546 2.988149 1580.8
2026-05-06 19:58:43 INFO     70 546 2.808355 1664.0
2026-05-06 19:58:44 INFO     80 546 3.332537 1560.0
2026-05-06 19:58:44 INFO     90 546 3.050007 1664.0
2026-05-06 19:58:44 INFO     100 546 2.866234 1664.0
2026-05-06 19:58:44 INFO     >>>>> Predictor: Evaluating on valid
2026-05-06 19:58:46 INFO     Data : 1068
2026-05-06 19:58:46 INFO     Hit1 : 0.382022
2026-05-06 19:58:46 INFO     Hit3 : 0.694757
2026-05-06 19:58:46 INFO     Hit10: 0.933521
2026-05-06 19:58:46 INFO     MR   : 4.122659
2026-05-06 19:58:46 INFO     MRR  : 0.567408
2026-05-06 19:58:46 INFO     >>>>> Predictor: Evaluating on test
2026-05-06 19:58:47 INFO     Data : 1074
2026-05-06 19:58:47 INFO     Hit1 : 0.520484
2026-05-06 19:58:47 INFO     Hit3 : 0.749534
2026-05-06 19:58:47 INFO     Hit10: 0.935754
2026-05-06 19:58:47 INFO     MR   : 3.417132
2026-05-06 19:58:47 INFO     MRR  : 0.662101
2026-05-06 19:58:47 INFO     Save checkpoint to KINSHIP_seed45/predictor.pt
2026-05-06 19:58:47 INFO     -------------------------
2026-05-06 19:58:47 INFO     | Iteration: 3/10
2026-05-06 19:58:47 INFO     -------------------------
2026-05-06 19:58:47 INFO     >>>>> Predictor: Training
2026-05-06 19:58:47 INFO     10 546 2.927786 1664.0
2026-05-06 19:58:48 INFO     20 546 2.883732 1664.0
2026-05-06 19:58:48 INFO     30 546 2.823947 1664.0
2026-05-06 19:58:48 INFO     40 546 2.936559 1664.0
2026-05-06 19:58:48 INFO     50 546 2.723056 1664.0
2026-05-06 19:58:49 INFO     60 546 2.827734 1664.0
2026-05-06 19:58:49 INFO     70 546 2.778270 1664.0
2026-05-06 19:58:49 INFO     80 546 2.758190 1518.4
2026-05-06 19:58:49 INFO     90 546 2.817152 1539.2
2026-05-06 19:58:50 INFO     100 546 2.828829 1664.0
2026-05-06 19:58:50 INFO     >>>>> Predictor: Evaluating on valid
2026-05-06 19:58:51 INFO     Data : 1068
2026-05-06 19:58:51 INFO     Hit1 : 0.421348
2026-05-06 19:58:51 INFO     Hit3 : 0.746255
2026-05-06 19:58:51 INFO     Hit10: 0.943820
2026-05-06 19:58:51 INFO     MR   : 3.717228
2026-05-06 19:58:51 INFO     MRR  : 0.604394
2026-05-06 19:58:51 INFO     >>>>> Predictor: Evaluating on test
2026-05-06 19:58:53 INFO     Data : 1074
2026-05-06 19:58:53 INFO     Hit1 : 0.558659
2026-05-06 19:58:53 INFO     Hit3 : 0.793296
2026-05-06 19:58:53 INFO     Hit10: 0.951583
2026-05-06 19:58:53 INFO     MR   : 2.974860
2026-05-06 19:58:53 INFO     MRR  : 0.694586
2026-05-06 19:58:53 INFO     Save checkpoint to KINSHIP_seed45/predictor.pt
2026-05-06 19:58:53 INFO     -------------------------
2026-05-06 19:58:53 INFO     | Iteration: 4/10
2026-05-06 19:58:53 INFO     -------------------------
2026-05-06 19:58:53 INFO     >>>>> Predictor: Training
2026-05-06 19:58:53 INFO     10 546 2.856680 1664.0
2026-05-06 19:58:53 INFO     20 546 2.633283 1591.2
2026-05-06 19:58:53 INFO     30 546 2.878670 1664.0
2026-05-06 19:58:54 INFO     40 546 2.698210 1664.0
2026-05-06 19:58:54 INFO     50 546 2.730627 1518.4
2026-05-06 19:58:54 INFO     60 546 2.674704 1664.0
2026-05-06 19:58:54 INFO     70 546 2.665868 1560.0
2026-05-06 19:58:55 INFO     80 546 3.018553 1664.0
2026-05-06 19:58:55 INFO     90 546 2.816562 1664.0
2026-05-06 19:58:55 INFO     100 546 2.685197 1549.6
2026-05-06 19:58:55 INFO     >>>>> Predictor: Evaluating on valid
2026-05-06 19:58:57 INFO     Data : 1068
2026-05-06 19:58:57 INFO     Hit1 : 0.423221
2026-05-06 19:58:57 INFO     Hit3 : 0.738764
2026-05-06 19:58:57 INFO     Hit10: 0.946629
2026-05-06 19:58:57 INFO     MR   : 3.718165
2026-05-06 19:58:57 INFO     MRR  : 0.602794
2026-05-06 19:58:57 INFO     >>>>> Predictor: Evaluating on test
2026-05-06 19:58:58 INFO     Data : 1074
2026-05-06 19:58:58 INFO     Hit1 : 0.567970
2026-05-06 19:58:58 INFO     Hit3 : 0.789572
2026-05-06 19:58:58 INFO     Hit10: 0.950652
2026-05-06 19:58:58 INFO     MR   : 3.041899
2026-05-06 19:58:58 INFO     MRR  : 0.698853
2026-05-06 19:58:58 INFO     -------------------------
2026-05-06 19:58:58 INFO     | Iteration: 5/10
2026-05-06 19:58:58 INFO     -------------------------
2026-05-06 19:58:58 INFO     >>>>> Predictor: Training
2026-05-06 19:58:59 INFO     10 546 2.613649 1591.2
2026-05-06 19:58:59 INFO     20 546 2.842631 1664.0
2026-05-06 19:58:59 INFO     30 546 2.878103 1664.0
2026-05-06 19:58:59 INFO     40 546 2.684784 1664.0
2026-05-06 19:59:00 INFO     50 546 2.732073 1664.0
2026-05-06 19:59:00 INFO     60 546 2.747115 1518.4
2026-05-06 19:59:00 INFO     70 546 2.791703 1580.8
2026-05-06 19:59:00 INFO     80 546 2.548318 1664.0
2026-05-06 19:59:00 INFO     90 546 2.683136 1664.0
2026-05-06 19:59:01 INFO     100 546 2.726790 1664.0
2026-05-06 19:59:01 INFO     >>>>> Predictor: Evaluating on valid
2026-05-06 19:59:02 INFO     Data : 1068
2026-05-06 19:59:02 INFO     Hit1 : 0.454120
2026-05-06 19:59:02 INFO     Hit3 : 0.758427
2026-05-06 19:59:02 INFO     Hit10: 0.957865
2026-05-06 19:59:02 INFO     MR   : 3.415730
2026-05-06 19:59:02 INFO     MRR  : 0.628923
2026-05-06 19:59:02 INFO     >>>>> Predictor: Evaluating on test
2026-05-06 19:59:04 INFO     Data : 1074
2026-05-06 19:59:04 INFO     Hit1 : 0.578212
2026-05-06 19:59:04 INFO     Hit3 : 0.808194
2026-05-06 19:59:04 INFO     Hit10: 0.950652
2026-05-06 19:59:04 INFO     MR   : 2.844507
2026-05-06 19:59:04 INFO     MRR  : 0.711278
2026-05-06 19:59:04 INFO     Save checkpoint to KINSHIP_seed45/predictor.pt
2026-05-06 19:59:04 INFO     -------------------------
2026-05-06 19:59:04 INFO     | Iteration: 6/10
2026-05-06 19:59:04 INFO     -------------------------
2026-05-06 19:59:04 INFO     >>>>> Predictor: Training
2026-05-06 19:59:04 INFO     10 546 2.713962 1664.0
2026-05-06 19:59:04 INFO     20 546 2.649559 1664.0
2026-05-06 19:59:05 INFO     30 546 2.684606 1570.4
2026-05-06 19:59:05 INFO     40 546 2.563298 1518.4
2026-05-06 19:59:05 INFO     50 546 2.895141 1664.0
2026-05-06 19:59:05 INFO     60 546 2.719945 1664.0
2026-05-06 19:59:06 INFO     70 546 2.596132 1476.8
2026-05-06 19:59:06 INFO     80 546 2.541281 1664.0
2026-05-06 19:59:06 INFO     90 546 2.641917 1664.0
2026-05-06 19:59:06 INFO     100 546 2.612015 1560.0
2026-05-06 19:59:06 INFO     >>>>> Predictor: Evaluating on valid
2026-05-06 19:59:08 INFO     Data : 1068
2026-05-06 19:59:08 INFO     Hit1 : 0.441948
2026-05-06 19:59:08 INFO     Hit3 : 0.759363
2026-05-06 19:59:08 INFO     Hit10: 0.953184
2026-05-06 19:59:08 INFO     MR   : 3.467228
2026-05-06 19:59:08 INFO     MRR  : 0.618498
2026-05-06 19:59:08 INFO     >>>>> Predictor: Evaluating on test
2026-05-06 19:59:09 INFO     Data : 1074
2026-05-06 19:59:09 INFO     Hit1 : 0.565177
2026-05-06 19:59:09 INFO     Hit3 : 0.805400
2026-05-06 19:59:09 INFO     Hit10: 0.952514
2026-05-06 19:59:09 INFO     MR   : 2.872439
2026-05-06 19:59:09 INFO     MRR  : 0.703647
2026-05-06 19:59:09 INFO     -------------------------
2026-05-06 19:59:09 INFO     | Iteration: 7/10
2026-05-06 19:59:09 INFO     -------------------------
2026-05-06 19:59:09 INFO     >>>>> Predictor: Training
2026-05-06 19:59:10 INFO     10 546 2.664077 1580.8
2026-05-06 19:59:10 INFO     20 546 2.749965 1664.0
2026-05-06 19:59:10 INFO     30 546 2.530555 1664.0
2026-05-06 19:59:10 INFO     40 546 2.693958 1622.4
2026-05-06 19:59:11 INFO     50 546 2.670143 1664.0
2026-05-06 19:59:11 INFO     60 546 2.636797 1664.0
2026-05-06 19:59:11 INFO     70 546 2.723420 1570.4
2026-05-06 19:59:11 INFO     80 546 2.697352 1664.0
2026-05-06 19:59:12 INFO     90 546 2.576739 1664.0
2026-05-06 19:59:12 INFO     100 546 2.640251 1664.0
2026-05-06 19:59:12 INFO     >>>>> Predictor: Evaluating on valid
2026-05-06 19:59:13 INFO     Data : 1068
2026-05-06 19:59:13 INFO     Hit1 : 0.458801
2026-05-06 19:59:13 INFO     Hit3 : 0.779963
2026-05-06 19:59:13 INFO     Hit10: 0.955056
2026-05-06 19:59:13 INFO     MR   : 3.375468
2026-05-06 19:59:13 INFO     MRR  : 0.635979
2026-05-06 19:59:13 INFO     >>>>> Predictor: Evaluating on test
2026-05-06 19:59:15 INFO     Data : 1074
2026-05-06 19:59:15 INFO     Hit1 : 0.614525
2026-05-06 19:59:15 INFO     Hit3 : 0.817505
2026-05-06 19:59:15 INFO     Hit10: 0.962756
2026-05-06 19:59:15 INFO     MR   : 2.716015
2026-05-06 19:59:15 INFO     MRR  : 0.734941
2026-05-06 19:59:15 INFO     Save checkpoint to KINSHIP_seed45/predictor.pt
2026-05-06 19:59:15 INFO     -------------------------
2026-05-06 19:59:15 INFO     | Iteration: 8/10
2026-05-06 19:59:15 INFO     -------------------------
2026-05-06 19:59:15 INFO     >>>>> Predictor: Training
2026-05-06 19:59:15 INFO     10 546 2.573803 1518.4
2026-05-06 19:59:16 INFO     20 546 2.657771 1580.8
2026-05-06 19:59:16 INFO     30 546 2.714360 1664.0
2026-05-06 19:59:16 INFO     40 546 2.735625 1664.0
2026-05-06 19:59:16 INFO     50 546 2.760745 1664.0
2026-05-06 19:59:16 INFO     60 546 2.860874 1622.4
2026-05-06 19:59:17 INFO     70 546 2.635364 1664.0
2026-05-06 19:59:17 INFO     80 546 2.593169 1664.0
2026-05-06 19:59:17 INFO     90 546 2.675655 1664.0
2026-05-06 19:59:17 INFO     100 546 2.682906 1518.4
2026-05-06 19:59:17 INFO     >>>>> Predictor: Evaluating on valid
2026-05-06 19:59:19 INFO     Data : 1068
2026-05-06 19:59:19 INFO     Hit1 : 0.466292
2026-05-06 19:59:19 INFO     Hit3 : 0.775281
2026-05-06 19:59:19 INFO     Hit10: 0.946629
2026-05-06 19:59:19 INFO     MR   : 3.475655
2026-05-06 19:59:19 INFO     MRR  : 0.638804
2026-05-06 19:59:19 INFO     >>>>> Predictor: Evaluating on test
2026-05-06 19:59:21 INFO     Data : 1074
2026-05-06 19:59:21 INFO     Hit1 : 0.603352
2026-05-06 19:59:21 INFO     Hit3 : 0.829609
2026-05-06 19:59:21 INFO     Hit10: 0.959032
2026-05-06 19:59:21 INFO     MR   : 2.743017
2026-05-06 19:59:21 INFO     MRR  : 0.729473
2026-05-06 19:59:21 INFO     Save checkpoint to KINSHIP_seed45/predictor.pt
2026-05-06 19:59:21 INFO     -------------------------
2026-05-06 19:59:21 INFO     | Iteration: 9/10
2026-05-06 19:59:21 INFO     -------------------------
2026-05-06 19:59:21 INFO     >>>>> Predictor: Training
2026-05-06 19:59:21 INFO     10 546 2.666072 1664.0
2026-05-06 19:59:21 INFO     20 546 2.678281 1664.0
2026-05-06 19:59:21 INFO     30 546 2.665149 1664.0
2026-05-06 19:59:22 INFO     40 546 2.866431 1279.2
2026-05-06 19:59:22 INFO     50 546 2.728137 1664.0
2026-05-06 19:59:22 INFO     60 546 2.510044 1664.0
2026-05-06 19:59:22 INFO     70 546 2.692978 1508.0
2026-05-06 19:59:22 INFO     80 546 2.670985 1424.8
2026-05-06 19:59:23 INFO     90 546 2.768652 1622.4
2026-05-06 19:59:23 INFO     100 546 2.653140 1518.4
2026-05-06 19:59:23 INFO     >>>>> Predictor: Evaluating on valid
2026-05-06 19:59:25 INFO     Data : 1068
2026-05-06 19:59:25 INFO     Hit1 : 0.490637
2026-05-06 19:59:25 INFO     Hit3 : 0.770599
2026-05-06 19:59:25 INFO     Hit10: 0.961610
2026-05-06 19:59:25 INFO     MR   : 3.304307
2026-05-06 19:59:25 INFO     MRR  : 0.652316
2026-05-06 19:59:25 INFO     >>>>> Predictor: Evaluating on test
2026-05-06 19:59:26 INFO     Data : 1074
2026-05-06 19:59:26 INFO     Hit1 : 0.585661
2026-05-06 19:59:26 INFO     Hit3 : 0.830540
2026-05-06 19:59:26 INFO     Hit10: 0.963687
2026-05-06 19:59:26 INFO     MR   : 2.592179
2026-05-06 19:59:26 INFO     MRR  : 0.723436
2026-05-06 19:59:26 INFO     Save checkpoint to KINSHIP_seed45/predictor.pt
2026-05-06 19:59:26 INFO     -------------------------
2026-05-06 19:59:26 INFO     | Iteration: 10/10
2026-05-06 19:59:26 INFO     -------------------------
2026-05-06 19:59:26 INFO     >>>>> Predictor: Training
2026-05-06 19:59:26 INFO     10 546 2.612872 1664.0
2026-05-06 19:59:27 INFO     20 546 2.645909 1580.8
2026-05-06 19:59:27 INFO     30 546 2.589939 1508.0
2026-05-06 19:59:27 INFO     40 546 2.541164 1664.0
2026-05-06 19:59:27 INFO     50 546 2.640130 1664.0
2026-05-06 19:59:28 INFO     60 546 2.712715 1664.0
2026-05-06 19:59:28 INFO     70 546 2.573243 1664.0
2026-05-06 19:59:28 INFO     80 546 2.622809 1664.0
2026-05-06 19:59:28 INFO     90 546 2.716988 1664.0
2026-05-06 19:59:28 INFO     100 546 2.663841 1664.0
2026-05-06 19:59:28 INFO     >>>>> Predictor: Evaluating on valid
2026-05-06 19:59:30 INFO     Data : 1068
2026-05-06 19:59:30 INFO     Hit1 : 0.474719
2026-05-06 19:59:30 INFO     Hit3 : 0.796816
2026-05-06 19:59:30 INFO     Hit10: 0.959738
2026-05-06 19:59:30 INFO     MR   : 3.296816
2026-05-06 19:59:30 INFO     MRR  : 0.654313
2026-05-06 19:59:30 INFO     >>>>> Predictor: Evaluating on test
2026-05-06 19:59:32 INFO     Data : 1074
2026-05-06 19:59:32 INFO     Hit1 : 0.618250
2026-05-06 19:59:32 INFO     Hit3 : 0.826816
2026-05-06 19:59:32 INFO     Hit10: 0.958101
2026-05-06 19:59:32 INFO     MR   : 2.681564
2026-05-06 19:59:32 INFO     MRR  : 0.739925
2026-05-06 19:59:32 INFO     Save checkpoint to KINSHIP_seed45/predictor.pt
