2026-05-06 19:56:48 INFO     Predictor+: read 192 rules from file.
2026-05-06 19:56:48 INFO     Preprocess training set
2026-05-06 19:56:48 INFO     -------------------------
2026-05-06 19:56:48 INFO     | Iteration: 1/10
2026-05-06 19:56:48 INFO     -------------------------
2026-05-06 19:56:48 INFO     >>>>> Predictor: Training
2026-05-06 19:56:49 INFO     10 104 4.779890 7056.0
2026-05-06 19:56:49 INFO     20 104 2.227456 7152.0
2026-05-06 19:56:49 INFO     30 104 1.776939 7152.0
2026-05-06 19:56:49 INFO     40 104 2.386571 7200.0
2026-05-06 19:56:49 INFO     50 104 1.423508 7680.0
2026-05-06 19:56:49 INFO     60 104 2.232475 7680.0
2026-05-06 19:56:49 INFO     70 104 2.036794 7680.0
2026-05-06 19:56:49 INFO     80 104 1.240476 6192.0
2026-05-06 19:56:49 INFO     90 104 2.413352 7680.0
2026-05-06 19:56:49 INFO     100 104 1.429097 7056.0
2026-05-06 19:56:49 INFO     >>>>> Predictor: Evaluating on valid
2026-05-06 19:56:49 INFO     Data : 224
2026-05-06 19:56:49 INFO     Hit1 : 0.705357
2026-05-06 19:56:49 INFO     Hit3 : 0.767857
2026-05-06 19:56:49 INFO     Hit10: 0.767857
2026-05-06 19:56:49 INFO     MR   : 69.165179
2026-05-06 19:56:49 INFO     MRR  : 0.735666
2026-05-06 19:56:49 INFO     >>>>> Predictor: Evaluating on test
2026-05-06 19:56:49 INFO     Data : 448
2026-05-06 19:56:49 INFO     Hit1 : 0.783482
2026-05-06 19:56:49 INFO     Hit3 : 0.796875
2026-05-06 19:56:49 INFO     Hit10: 0.801339
2026-05-06 19:56:49 INFO     MR   : 67.628348
2026-05-06 19:56:49 INFO     MRR  : 0.791765
2026-05-06 19:56:49 INFO     Save checkpoint to KINSHIP_1990_EXTENDED_seed44/predictor.pt
2026-05-06 19:56:49 INFO     -------------------------
2026-05-06 19:56:49 INFO     | Iteration: 2/10
2026-05-06 19:56:49 INFO     -------------------------
2026-05-06 19:56:49 INFO     >>>>> Predictor: Training
2026-05-06 19:56:50 INFO     10 104 2.234334 7200.0
2026-05-06 19:56:50 INFO     20 104 2.203959 6528.0
2026-05-06 19:56:50 INFO     30 104 1.709414 7680.0
2026-05-06 19:56:50 INFO     40 104 1.592705 7056.0
2026-05-06 19:56:50 INFO     50 104 1.046490 6816.0
2026-05-06 19:56:50 INFO     60 104 1.947994 7248.0
2026-05-06 19:56:50 INFO     70 104 1.831351 7152.0
2026-05-06 19:56:50 INFO     80 104 2.325348 7584.0
2026-05-06 19:56:50 INFO     90 104 1.528000 7584.0
2026-05-06 19:56:50 INFO     100 104 1.412172 7344.0
2026-05-06 19:56:50 INFO     >>>>> Predictor: Evaluating on valid
2026-05-06 19:56:50 INFO     Data : 224
2026-05-06 19:56:50 INFO     Hit1 : 0.718750
2026-05-06 19:56:50 INFO     Hit3 : 0.767857
2026-05-06 19:56:50 INFO     Hit10: 0.767857
2026-05-06 19:56:50 INFO     MR   : 69.908482
2026-05-06 19:56:50 INFO     MRR  : 0.742555
2026-05-06 19:56:50 INFO     >>>>> Predictor: Evaluating on test
2026-05-06 19:56:50 INFO     Data : 448
2026-05-06 19:56:50 INFO     Hit1 : 0.787946
2026-05-06 19:56:50 INFO     Hit3 : 0.801339
2026-05-06 19:56:50 INFO     Hit10: 0.801339
2026-05-06 19:56:50 INFO     MR   : 67.254464
2026-05-06 19:56:50 INFO     MRR  : 0.795567
2026-05-06 19:56:50 INFO     Save checkpoint to KINSHIP_1990_EXTENDED_seed44/predictor.pt
2026-05-06 19:56:50 INFO     -------------------------
2026-05-06 19:56:50 INFO     | Iteration: 3/10
2026-05-06 19:56:50 INFO     -------------------------
2026-05-06 19:56:50 INFO     >>>>> Predictor: Training
2026-05-06 19:56:50 INFO     10 104 1.674897 7008.0
2026-05-06 19:56:51 INFO     20 104 1.341578 7680.0
2026-05-06 19:56:51 INFO     30 104 1.185660 6000.0
2026-05-06 19:56:51 INFO     40 104 2.097672 7248.0
2026-05-06 19:56:51 INFO     50 104 2.438549 7680.0
2026-05-06 19:56:51 INFO     60 104 1.466147 7248.0
2026-05-06 19:56:51 INFO     70 104 2.186753 7200.0
2026-05-06 19:56:51 INFO     80 104 1.530453 7056.0
2026-05-06 19:56:51 INFO     90 104 1.693253 7584.0
2026-05-06 19:56:51 INFO     100 104 1.387621 7680.0
2026-05-06 19:56:51 INFO     >>>>> Predictor: Evaluating on valid
2026-05-06 19:56:51 INFO     Data : 224
2026-05-06 19:56:51 INFO     Hit1 : 0.718750
2026-05-06 19:56:51 INFO     Hit3 : 0.763393
2026-05-06 19:56:51 INFO     Hit10: 0.772321
2026-05-06 19:56:51 INFO     MR   : 71.093750
2026-05-06 19:56:51 INFO     MRR  : 0.743252
2026-05-06 19:56:51 INFO     >>>>> Predictor: Evaluating on test
2026-05-06 19:56:51 INFO     Data : 448
2026-05-06 19:56:51 INFO     Hit1 : 0.787946
2026-05-06 19:56:51 INFO     Hit3 : 0.796875
2026-05-06 19:56:51 INFO     Hit10: 0.801339
2026-05-06 19:56:51 INFO     MR   : 65.611607
2026-05-06 19:56:51 INFO     MRR  : 0.794247
2026-05-06 19:56:51 INFO     Save checkpoint to KINSHIP_1990_EXTENDED_seed44/predictor.pt
2026-05-06 19:56:51 INFO     -------------------------
2026-05-06 19:56:51 INFO     | Iteration: 4/10
2026-05-06 19:56:51 INFO     -------------------------
2026-05-06 19:56:51 INFO     >>>>> Predictor: Training
2026-05-06 19:56:51 INFO     10 104 1.826978 6912.0
2026-05-06 19:56:51 INFO     20 104 1.854946 7584.0
2026-05-06 19:56:52 INFO     30 104 1.355073 6672.0
2026-05-06 19:56:52 INFO     40 104 2.329422 7680.0
2026-05-06 19:56:52 INFO     50 104 1.744992 6672.0
2026-05-06 19:56:52 INFO     60 104 1.955587 7200.0
2026-05-06 19:56:52 INFO     70 104 1.627157 7680.0
2026-05-06 19:56:52 INFO     80 104 1.360792 7584.0
2026-05-06 19:56:52 INFO     90 104 1.704647 7200.0
2026-05-06 19:56:52 INFO     100 104 1.724178 7680.0
2026-05-06 19:56:52 INFO     >>>>> Predictor: Evaluating on valid
2026-05-06 19:56:52 INFO     Data : 224
2026-05-06 19:56:52 INFO     Hit1 : 0.714286
2026-05-06 19:56:52 INFO     Hit3 : 0.763393
2026-05-06 19:56:52 INFO     Hit10: 0.772321
2026-05-06 19:56:52 INFO     MR   : 70.745536
2026-05-06 19:56:52 INFO     MRR  : 0.741043
2026-05-06 19:56:52 INFO     >>>>> Predictor: Evaluating on test
2026-05-06 19:56:52 INFO     Data : 448
2026-05-06 19:56:52 INFO     Hit1 : 0.785714
2026-05-06 19:56:52 INFO     Hit3 : 0.796875
2026-05-06 19:56:52 INFO     Hit10: 0.796875
2026-05-06 19:56:52 INFO     MR   : 64.111607
2026-05-06 19:56:52 INFO     MRR  : 0.792742
2026-05-06 19:56:52 INFO     -------------------------
2026-05-06 19:56:52 INFO     | Iteration: 5/10
2026-05-06 19:56:52 INFO     -------------------------
2026-05-06 19:56:52 INFO     >>>>> Predictor: Training
2026-05-06 19:56:52 INFO     10 104 2.070135 7152.0
2026-05-06 19:56:52 INFO     20 104 1.729389 6912.0
2026-05-06 19:56:53 INFO     30 104 1.883991 6768.0
2026-05-06 19:56:53 INFO     40 104 1.969328 7584.0
2026-05-06 19:56:53 INFO     50 104 2.128741 7680.0
2026-05-06 19:56:53 INFO     60 104 1.769914 6576.0
2026-05-06 19:56:53 INFO     70 104 1.255958 7632.0
2026-05-06 19:56:53 INFO     80 104 1.705004 7536.0
2026-05-06 19:56:53 INFO     90 104 1.608810 7680.0
2026-05-06 19:56:53 INFO     100 104 0.980225 7104.0
2026-05-06 19:56:53 INFO     >>>>> Predictor: Evaluating on valid
2026-05-06 19:56:53 INFO     Data : 224
2026-05-06 19:56:53 INFO     Hit1 : 0.718750
2026-05-06 19:56:53 INFO     Hit3 : 0.758929
2026-05-06 19:56:53 INFO     Hit10: 0.772321
2026-05-06 19:56:53 INFO     MR   : 70.901786
2026-05-06 19:56:53 INFO     MRR  : 0.742519
2026-05-06 19:56:53 INFO     >>>>> Predictor: Evaluating on test
2026-05-06 19:56:53 INFO     Data : 448
2026-05-06 19:56:53 INFO     Hit1 : 0.783482
2026-05-06 19:56:53 INFO     Hit3 : 0.796875
2026-05-06 19:56:53 INFO     Hit10: 0.796875
2026-05-06 19:56:53 INFO     MR   : 64.042411
2026-05-06 19:56:53 INFO     MRR  : 0.791205
2026-05-06 19:56:53 INFO     -------------------------
2026-05-06 19:56:53 INFO     | Iteration: 6/10
2026-05-06 19:56:53 INFO     -------------------------
2026-05-06 19:56:53 INFO     >>>>> Predictor: Training
2026-05-06 19:56:53 INFO     10 104 1.906537 6912.0
2026-05-06 19:56:53 INFO     20 104 1.846621 6432.0
2026-05-06 19:56:53 INFO     30 104 1.380200 7152.0
2026-05-06 19:56:54 INFO     40 104 1.362565 7536.0
2026-05-06 19:56:54 INFO     50 104 1.685011 7248.0
2026-05-06 19:56:54 INFO     60 104 1.552377 7344.0
2026-05-06 19:56:54 INFO     70 104 2.421102 7200.0
2026-05-06 19:56:54 INFO     80 104 1.724575 7680.0
2026-05-06 19:56:54 INFO     90 104 1.808749 7008.0
2026-05-06 19:56:54 INFO     100 104 1.292379 7680.0
2026-05-06 19:56:54 INFO     >>>>> Predictor: Evaluating on valid
2026-05-06 19:56:54 INFO     Data : 224
2026-05-06 19:56:54 INFO     Hit1 : 0.723214
2026-05-06 19:56:54 INFO     Hit3 : 0.763393
2026-05-06 19:56:54 INFO     Hit10: 0.772321
2026-05-06 19:56:54 INFO     MR   : 71.455357
2026-05-06 19:56:54 INFO     MRR  : 0.746286
2026-05-06 19:56:54 INFO     >>>>> Predictor: Evaluating on test
2026-05-06 19:56:54 INFO     Data : 448
2026-05-06 19:56:54 INFO     Hit1 : 0.794643
2026-05-06 19:56:54 INFO     Hit3 : 0.796875
2026-05-06 19:56:54 INFO     Hit10: 0.796875
2026-05-06 19:56:54 INFO     MR   : 62.785714
2026-05-06 19:56:54 INFO     MRR  : 0.797145
2026-05-06 19:56:54 INFO     Save checkpoint to KINSHIP_1990_EXTENDED_seed44/predictor.pt
2026-05-06 19:56:54 INFO     -------------------------
2026-05-06 19:56:54 INFO     | Iteration: 7/10
2026-05-06 19:56:54 INFO     -------------------------
2026-05-06 19:56:54 INFO     >>>>> Predictor: Training
2026-05-06 19:56:54 INFO     10 104 1.847031 7008.0
2026-05-06 19:56:54 INFO     20 104 1.487497 6720.0
2026-05-06 19:56:54 INFO     30 104 2.118538 7680.0
2026-05-06 19:56:54 INFO     40 104 1.309806 7680.0
2026-05-06 19:56:54 INFO     50 104 1.516626 7680.0
2026-05-06 19:56:55 INFO     60 104 1.352210 7680.0
2026-05-06 19:56:55 INFO     70 104 1.340468 7584.0
2026-05-06 19:56:55 INFO     80 104 2.194286 6288.0
2026-05-06 19:56:55 INFO     90 104 2.033949 6864.0
2026-05-06 19:56:55 INFO     100 104 2.029302 7008.0
2026-05-06 19:56:55 INFO     >>>>> Predictor: Evaluating on valid
2026-05-06 19:56:55 INFO     Data : 224
2026-05-06 19:56:55 INFO     Hit1 : 0.723214
2026-05-06 19:56:55 INFO     Hit3 : 0.763393
2026-05-06 19:56:55 INFO     Hit10: 0.776786
2026-05-06 19:56:55 INFO     MR   : 71.991071
2026-05-06 19:56:55 INFO     MRR  : 0.747051
2026-05-06 19:56:55 INFO     >>>>> Predictor: Evaluating on test
2026-05-06 19:56:55 INFO     Data : 448
2026-05-06 19:56:55 INFO     Hit1 : 0.790179
2026-05-06 19:56:55 INFO     Hit3 : 0.796875
2026-05-06 19:56:55 INFO     Hit10: 0.796875
2026-05-06 19:56:55 INFO     MR   : 61.825893
2026-05-06 19:56:55 INFO     MRR  : 0.795118
2026-05-06 19:56:55 INFO     Save checkpoint to KINSHIP_1990_EXTENDED_seed44/predictor.pt
2026-05-06 19:56:55 INFO     -------------------------
2026-05-06 19:56:55 INFO     | Iteration: 8/10
2026-05-06 19:56:55 INFO     -------------------------
2026-05-06 19:56:55 INFO     >>>>> Predictor: Training
2026-05-06 19:56:55 INFO     10 104 1.343242 7440.0
2026-05-06 19:56:55 INFO     20 104 1.877509 7680.0
2026-05-06 19:56:55 INFO     30 104 1.489707 6576.0
2026-05-06 19:56:55 INFO     40 104 1.341442 6864.0
2026-05-06 19:56:55 INFO     50 104 2.169194 7680.0
2026-05-06 19:56:56 INFO     60 104 1.430168 7680.0
2026-05-06 19:56:56 INFO     70 104 2.326897 7248.0
2026-05-06 19:56:56 INFO     80 104 1.639332 7488.0
2026-05-06 19:56:56 INFO     90 104 1.669903 6960.0
2026-05-06 19:56:56 INFO     100 104 1.028813 7056.0
2026-05-06 19:56:56 INFO     >>>>> Predictor: Evaluating on valid
2026-05-06 19:56:56 INFO     Data : 224
2026-05-06 19:56:56 INFO     Hit1 : 0.732143
2026-05-06 19:56:56 INFO     Hit3 : 0.763393
2026-05-06 19:56:56 INFO     Hit10: 0.781250
2026-05-06 19:56:56 INFO     MR   : 71.933036
2026-05-06 19:56:56 INFO     MRR  : 0.751875
2026-05-06 19:56:56 INFO     >>>>> Predictor: Evaluating on test
2026-05-06 19:56:56 INFO     Data : 448
2026-05-06 19:56:56 INFO     Hit1 : 0.787946
2026-05-06 19:56:56 INFO     Hit3 : 0.796875
2026-05-06 19:56:56 INFO     Hit10: 0.796875
2026-05-06 19:56:56 INFO     MR   : 62.131696
2026-05-06 19:56:56 INFO     MRR  : 0.793934
2026-05-06 19:56:56 INFO     Save checkpoint to KINSHIP_1990_EXTENDED_seed44/predictor.pt
2026-05-06 19:56:56 INFO     -------------------------
2026-05-06 19:56:56 INFO     | Iteration: 9/10
2026-05-06 19:56:56 INFO     -------------------------
2026-05-06 19:56:56 INFO     >>>>> Predictor: Training
2026-05-06 19:56:56 INFO     10 104 1.697713 7584.0
2026-05-06 19:56:56 INFO     20 104 1.518592 7152.0
2026-05-06 19:56:56 INFO     30 104 1.475626 7680.0
2026-05-06 19:56:56 INFO     40 104 1.621057 7248.0
2026-05-06 19:56:56 INFO     50 104 1.331124 7008.0
2026-05-06 19:56:56 INFO     60 104 2.072009 6576.0
2026-05-06 19:56:57 INFO     70 104 2.263305 7680.0
2026-05-06 19:56:57 INFO     80 104 2.341638 6816.0
2026-05-06 19:56:57 INFO     90 104 1.309424 6768.0
2026-05-06 19:56:57 INFO     100 104 1.406897 7680.0
2026-05-06 19:56:57 INFO     >>>>> Predictor: Evaluating on valid
2026-05-06 19:56:57 INFO     Data : 224
2026-05-06 19:56:57 INFO     Hit1 : 0.723214
2026-05-06 19:56:57 INFO     Hit3 : 0.763393
2026-05-06 19:56:57 INFO     Hit10: 0.781250
2026-05-06 19:56:57 INFO     MR   : 71.482143
2026-05-06 19:56:57 INFO     MRR  : 0.746982
2026-05-06 19:56:57 INFO     >>>>> Predictor: Evaluating on test
2026-05-06 19:56:57 INFO     Data : 448
2026-05-06 19:56:57 INFO     Hit1 : 0.787946
2026-05-06 19:56:57 INFO     Hit3 : 0.796875
2026-05-06 19:56:57 INFO     Hit10: 0.796875
2026-05-06 19:56:57 INFO     MR   : 61.848214
2026-05-06 19:56:57 INFO     MRR  : 0.794071
2026-05-06 19:56:57 INFO     -------------------------
2026-05-06 19:56:57 INFO     | Iteration: 10/10
2026-05-06 19:56:57 INFO     -------------------------
2026-05-06 19:56:57 INFO     >>>>> Predictor: Training
2026-05-06 19:56:57 INFO     10 104 1.412717 7680.0
2026-05-06 19:56:57 INFO     20 104 1.463997 7056.0
2026-05-06 19:56:57 INFO     30 104 1.780174 7248.0
2026-05-06 19:56:57 INFO     40 104 1.312516 7008.0
2026-05-06 19:56:57 INFO     50 104 2.178898 7488.0
2026-05-06 19:56:57 INFO     60 104 1.745986 7008.0
2026-05-06 19:56:57 INFO     70 104 1.548540 7680.0
2026-05-06 19:56:58 INFO     80 104 1.110682 6720.0
2026-05-06 19:56:58 INFO     90 104 1.873360 7680.0
2026-05-06 19:56:58 INFO     100 104 1.991554 6720.0
2026-05-06 19:56:58 INFO     >>>>> Predictor: Evaluating on valid
2026-05-06 19:56:58 INFO     Data : 224
2026-05-06 19:56:58 INFO     Hit1 : 0.718750
2026-05-06 19:56:58 INFO     Hit3 : 0.758929
2026-05-06 19:56:58 INFO     Hit10: 0.776786
2026-05-06 19:56:58 INFO     MR   : 71.026786
2026-05-06 19:56:58 INFO     MRR  : 0.744272
2026-05-06 19:56:58 INFO     >>>>> Predictor: Evaluating on test
2026-05-06 19:56:58 INFO     Data : 448
2026-05-06 19:56:58 INFO     Hit1 : 0.785714
2026-05-06 19:56:58 INFO     Hit3 : 0.796875
2026-05-06 19:56:58 INFO     Hit10: 0.796875
2026-05-06 19:56:58 INFO     MR   : 61.006696
2026-05-06 19:56:58 INFO     MRR  : 0.792955
