2026-05-06 19:55:50 INFO     Predictor+: read 2500 rules from file.
2026-05-06 19:55:51 INFO     Preprocess training set
2026-05-06 19:55:51 INFO     -------------------------
2026-05-06 19:55:51 INFO     | Iteration: 1/10
2026-05-06 19:55:51 INFO     -------------------------
2026-05-06 19:55:51 INFO     >>>>> Predictor: Training
2026-05-06 19:55:52 INFO     10 546 4.538223 1664.0
2026-05-06 19:55:52 INFO     20 546 4.226483 1664.0
2026-05-06 19:55:52 INFO     30 546 3.643384 1664.0
2026-05-06 19:55:52 INFO     40 546 3.527550 1664.0
2026-05-06 19:55:53 INFO     50 546 3.278464 1664.0
2026-05-06 19:55:53 INFO     60 546 3.048526 1664.0
2026-05-06 19:55:53 INFO     70 546 3.607352 1664.0
2026-05-06 19:55:53 INFO     80 546 2.947462 1664.0
2026-05-06 19:55:53 INFO     90 546 3.031601 1664.0
2026-05-06 19:55:54 INFO     100 546 3.078177 1580.8
2026-05-06 19:55:54 INFO     >>>>> Predictor: Evaluating on valid
2026-05-06 19:55:55 INFO     Data : 1068
2026-05-06 19:55:55 INFO     Hit1 : 0.344569
2026-05-06 19:55:55 INFO     Hit3 : 0.641386
2026-05-06 19:55:55 INFO     Hit10: 0.885768
2026-05-06 19:55:55 INFO     MR   : 6.399813
2026-05-06 19:55:55 INFO     MRR  : 0.524942
2026-05-06 19:55:55 INFO     >>>>> Predictor: Evaluating on test
2026-05-06 19:55:57 INFO     Data : 1074
2026-05-06 19:55:57 INFO     Hit1 : 0.470205
2026-05-06 19:55:57 INFO     Hit3 : 0.689944
2026-05-06 19:55:57 INFO     Hit10: 0.891061
2026-05-06 19:55:57 INFO     MR   : 5.374302
2026-05-06 19:55:57 INFO     MRR  : 0.606903
2026-05-06 19:55:57 INFO     Save checkpoint to KINSHIP_seed44/predictor.pt
2026-05-06 19:55:57 INFO     -------------------------
2026-05-06 19:55:57 INFO     | Iteration: 2/10
2026-05-06 19:55:57 INFO     -------------------------
2026-05-06 19:55:57 INFO     >>>>> Predictor: Training
2026-05-06 19:55:57 INFO     10 546 2.814739 1664.0
2026-05-06 19:55:57 INFO     20 546 3.286464 1632.8
2026-05-06 19:55:58 INFO     30 546 2.815152 1664.0
2026-05-06 19:55:58 INFO     40 546 2.784339 1664.0
2026-05-06 19:55:58 INFO     50 546 2.921498 1664.0
2026-05-06 19:55:58 INFO     60 546 2.994243 1664.0
2026-05-06 19:55:58 INFO     70 546 3.257532 1601.6
2026-05-06 19:55:59 INFO     80 546 2.833513 1664.0
2026-05-06 19:55:59 INFO     90 546 3.292745 1601.6
2026-05-06 19:55:59 INFO     100 546 2.773633 1664.0
2026-05-06 19:55:59 INFO     >>>>> Predictor: Evaluating on valid
2026-05-06 19:56:00 INFO     Data : 1068
2026-05-06 19:56:00 INFO     Hit1 : 0.360487
2026-05-06 19:56:00 INFO     Hit3 : 0.695693
2026-05-06 19:56:00 INFO     Hit10: 0.932584
2026-05-06 19:56:00 INFO     MR   : 4.156367
2026-05-06 19:56:00 INFO     MRR  : 0.556798
2026-05-06 19:56:00 INFO     >>>>> Predictor: Evaluating on test
2026-05-06 19:56:01 INFO     Data : 1074
2026-05-06 19:56:01 INFO     Hit1 : 0.507449
2026-05-06 19:56:01 INFO     Hit3 : 0.744879
2026-05-06 19:56:01 INFO     Hit10: 0.936685
2026-05-06 19:56:01 INFO     MR   : 3.476723
2026-05-06 19:56:01 INFO     MRR  : 0.651974
2026-05-06 19:56:01 INFO     Save checkpoint to KINSHIP_seed44/predictor.pt
2026-05-06 19:56:01 INFO     -------------------------
2026-05-06 19:56:01 INFO     | Iteration: 3/10
2026-05-06 19:56:01 INFO     -------------------------
2026-05-06 19:56:01 INFO     >>>>> Predictor: Training
2026-05-06 19:56:01 INFO     10 546 2.800123 1664.0
2026-05-06 19:56:01 INFO     20 546 2.906092 1622.4
2026-05-06 19:56:01 INFO     30 546 2.771436 1664.0
2026-05-06 19:56:02 INFO     40 546 2.862353 1591.2
2026-05-06 19:56:02 INFO     50 546 2.853696 1664.0
2026-05-06 19:56:02 INFO     60 546 3.132360 1372.8
2026-05-06 19:56:02 INFO     70 546 2.796932 1664.0
2026-05-06 19:56:02 INFO     80 546 2.787710 1664.0
2026-05-06 19:56:02 INFO     90 546 2.784535 1664.0
2026-05-06 19:56:02 INFO     100 546 2.908716 1518.4
2026-05-06 19:56:02 INFO     >>>>> Predictor: Evaluating on valid
2026-05-06 19:56:03 INFO     Data : 1068
2026-05-06 19:56:03 INFO     Hit1 : 0.396067
2026-05-06 19:56:03 INFO     Hit3 : 0.727528
2026-05-06 19:56:03 INFO     Hit10: 0.938202
2026-05-06 19:56:03 INFO     MR   : 3.897940
2026-05-06 19:56:03 INFO     MRR  : 0.582635
2026-05-06 19:56:03 INFO     >>>>> Predictor: Evaluating on test
2026-05-06 19:56:04 INFO     Data : 1074
2026-05-06 19:56:04 INFO     Hit1 : 0.527933
2026-05-06 19:56:04 INFO     Hit3 : 0.754190
2026-05-06 19:56:04 INFO     Hit10: 0.953445
2026-05-06 19:56:04 INFO     MR   : 3.124767
2026-05-06 19:56:04 INFO     MRR  : 0.669490
2026-05-06 19:56:04 INFO     Save checkpoint to KINSHIP_seed44/predictor.pt
2026-05-06 19:56:04 INFO     -------------------------
2026-05-06 19:56:04 INFO     | Iteration: 4/10
2026-05-06 19:56:04 INFO     -------------------------
2026-05-06 19:56:04 INFO     >>>>> Predictor: Training
2026-05-06 19:56:05 INFO     10 546 2.697873 1664.0
2026-05-06 19:56:05 INFO     20 546 2.779747 1664.0
2026-05-06 19:56:05 INFO     30 546 2.795433 1664.0
2026-05-06 19:56:05 INFO     40 546 2.817701 1664.0
2026-05-06 19:56:05 INFO     50 546 2.668125 1664.0
2026-05-06 19:56:05 INFO     60 546 2.625664 1664.0
2026-05-06 19:56:05 INFO     70 546 2.794766 1664.0
2026-05-06 19:56:06 INFO     80 546 2.671111 1664.0
2026-05-06 19:56:06 INFO     90 546 2.778362 1664.0
2026-05-06 19:56:06 INFO     100 546 2.713914 1664.0
2026-05-06 19:56:06 INFO     >>>>> Predictor: Evaluating on valid
2026-05-06 19:56:07 INFO     Data : 1068
2026-05-06 19:56:07 INFO     Hit1 : 0.429775
2026-05-06 19:56:07 INFO     Hit3 : 0.767790
2026-05-06 19:56:07 INFO     Hit10: 0.953184
2026-05-06 19:56:07 INFO     MR   : 3.548689
2026-05-06 19:56:07 INFO     MRR  : 0.615836
2026-05-06 19:56:07 INFO     >>>>> Predictor: Evaluating on test
2026-05-06 19:56:09 INFO     Data : 1074
2026-05-06 19:56:09 INFO     Hit1 : 0.582868
2026-05-06 19:56:09 INFO     Hit3 : 0.824022
2026-05-06 19:56:09 INFO     Hit10: 0.958101
2026-05-06 19:56:09 INFO     MR   : 2.841713
2026-05-06 19:56:09 INFO     MRR  : 0.717851
2026-05-06 19:56:09 INFO     Save checkpoint to KINSHIP_seed44/predictor.pt
2026-05-06 19:56:09 INFO     -------------------------
2026-05-06 19:56:09 INFO     | Iteration: 5/10
2026-05-06 19:56:09 INFO     -------------------------
2026-05-06 19:56:09 INFO     >>>>> Predictor: Training
2026-05-06 19:56:09 INFO     10 546 2.704593 1518.4
2026-05-06 19:56:09 INFO     20 546 2.467581 1664.0
2026-05-06 19:56:10 INFO     30 546 2.762203 1580.8
2026-05-06 19:56:10 INFO     40 546 2.659862 1664.0
2026-05-06 19:56:10 INFO     50 546 2.648658 1664.0
2026-05-06 19:56:10 INFO     60 546 2.866158 1601.6
2026-05-06 19:56:10 INFO     70 546 2.740773 1372.8
2026-05-06 19:56:11 INFO     80 546 2.572087 1632.8
2026-05-06 19:56:11 INFO     90 546 2.716284 1664.0
2026-05-06 19:56:11 INFO     100 546 2.727755 1664.0
2026-05-06 19:56:11 INFO     >>>>> Predictor: Evaluating on valid
2026-05-06 19:56:13 INFO     Data : 1068
2026-05-06 19:56:13 INFO     Hit1 : 0.431648
2026-05-06 19:56:13 INFO     Hit3 : 0.767790
2026-05-06 19:56:13 INFO     Hit10: 0.950375
2026-05-06 19:56:13 INFO     MR   : 3.583333
2026-05-06 19:56:13 INFO     MRR  : 0.618687
2026-05-06 19:56:13 INFO     >>>>> Predictor: Evaluating on test
2026-05-06 19:56:14 INFO     Data : 1074
2026-05-06 19:56:14 INFO     Hit1 : 0.598696
2026-05-06 19:56:14 INFO     Hit3 : 0.827747
2026-05-06 19:56:14 INFO     Hit10: 0.958101
2026-05-06 19:56:14 INFO     MR   : 2.826816
2026-05-06 19:56:14 INFO     MRR  : 0.726632
2026-05-06 19:56:14 INFO     Save checkpoint to KINSHIP_seed44/predictor.pt
2026-05-06 19:56:14 INFO     -------------------------
2026-05-06 19:56:14 INFO     | Iteration: 6/10
2026-05-06 19:56:14 INFO     -------------------------
2026-05-06 19:56:14 INFO     >>>>> Predictor: Training
2026-05-06 19:56:15 INFO     10 546 2.708778 1664.0
2026-05-06 19:56:15 INFO     20 546 2.687248 1664.0
2026-05-06 19:56:15 INFO     30 546 2.605487 1591.2
2026-05-06 19:56:15 INFO     40 546 2.740296 1664.0
2026-05-06 19:56:15 INFO     50 546 2.516563 1664.0
2026-05-06 19:56:16 INFO     60 546 2.721005 1664.0
2026-05-06 19:56:16 INFO     70 546 2.705420 1518.4
2026-05-06 19:56:16 INFO     80 546 2.564808 1664.0
2026-05-06 19:56:16 INFO     90 546 2.809609 1664.0
2026-05-06 19:56:16 INFO     100 546 2.673711 1612.0
2026-05-06 19:56:16 INFO     >>>>> Predictor: Evaluating on valid
2026-05-06 19:56:18 INFO     Data : 1068
2026-05-06 19:56:18 INFO     Hit1 : 0.421348
2026-05-06 19:56:18 INFO     Hit3 : 0.744382
2026-05-06 19:56:18 INFO     Hit10: 0.945693
2026-05-06 19:56:18 INFO     MR   : 3.775281
2026-05-06 19:56:18 INFO     MRR  : 0.605630
2026-05-06 19:56:18 INFO     >>>>> Predictor: Evaluating on test
2026-05-06 19:56:20 INFO     Data : 1074
2026-05-06 19:56:20 INFO     Hit1 : 0.584730
2026-05-06 19:56:20 INFO     Hit3 : 0.815642
2026-05-06 19:56:20 INFO     Hit10: 0.959963
2026-05-06 19:56:20 INFO     MR   : 2.862197
2026-05-06 19:56:20 INFO     MRR  : 0.717902
2026-05-06 19:56:20 INFO     -------------------------
2026-05-06 19:56:20 INFO     | Iteration: 7/10
2026-05-06 19:56:20 INFO     -------------------------
2026-05-06 19:56:20 INFO     >>>>> Predictor: Training
2026-05-06 19:56:20 INFO     10 546 2.795033 1664.0
2026-05-06 19:56:20 INFO     20 546 2.656279 1664.0
2026-05-06 19:56:20 INFO     30 546 2.791567 1664.0
2026-05-06 19:56:21 INFO     40 546 2.622210 1664.0
2026-05-06 19:56:21 INFO     50 546 2.569110 1664.0
2026-05-06 19:56:21 INFO     60 546 2.588986 1601.6
2026-05-06 19:56:21 INFO     70 546 2.706604 1653.6
2026-05-06 19:56:21 INFO     80 546 2.685281 1664.0
2026-05-06 19:56:22 INFO     90 546 2.638826 1664.0
2026-05-06 19:56:22 INFO     100 546 2.717877 1664.0
2026-05-06 19:56:22 INFO     >>>>> Predictor: Evaluating on valid
2026-05-06 19:56:23 INFO     Data : 1068
2026-05-06 19:56:23 INFO     Hit1 : 0.467228
2026-05-06 19:56:23 INFO     Hit3 : 0.795880
2026-05-06 19:56:23 INFO     Hit10: 0.952247
2026-05-06 19:56:23 INFO     MR   : 3.439139
2026-05-06 19:56:23 INFO     MRR  : 0.645755
2026-05-06 19:56:23 INFO     >>>>> Predictor: Evaluating on test
2026-05-06 19:56:25 INFO     Data : 1074
2026-05-06 19:56:25 INFO     Hit1 : 0.616387
2026-05-06 19:56:25 INFO     Hit3 : 0.835196
2026-05-06 19:56:25 INFO     Hit10: 0.962756
2026-05-06 19:56:25 INFO     MR   : 2.629423
2026-05-06 19:56:25 INFO     MRR  : 0.740052
2026-05-06 19:56:25 INFO     Save checkpoint to KINSHIP_seed44/predictor.pt
2026-05-06 19:56:25 INFO     -------------------------
2026-05-06 19:56:25 INFO     | Iteration: 8/10
2026-05-06 19:56:25 INFO     -------------------------
2026-05-06 19:56:25 INFO     >>>>> Predictor: Training
2026-05-06 19:56:25 INFO     10 546 2.623980 1591.2
2026-05-06 19:56:26 INFO     20 546 2.560989 1664.0
2026-05-06 19:56:26 INFO     30 546 2.597711 1664.0
2026-05-06 19:56:26 INFO     40 546 2.673891 1622.4
2026-05-06 19:56:26 INFO     50 546 2.565733 1664.0
2026-05-06 19:56:26 INFO     60 546 2.770190 1664.0
2026-05-06 19:56:27 INFO     70 546 2.767127 1445.6
2026-05-06 19:56:27 INFO     80 546 2.690133 1664.0
2026-05-06 19:56:27 INFO     90 546 2.485289 1664.0
2026-05-06 19:56:27 INFO     100 546 2.660130 1664.0
2026-05-06 19:56:27 INFO     >>>>> Predictor: Evaluating on valid
2026-05-06 19:56:29 INFO     Data : 1068
2026-05-06 19:56:29 INFO     Hit1 : 0.463483
2026-05-06 19:56:29 INFO     Hit3 : 0.791199
2026-05-06 19:56:29 INFO     Hit10: 0.957865
2026-05-06 19:56:29 INFO     MR   : 3.456929
2026-05-06 19:56:29 INFO     MRR  : 0.639680
2026-05-06 19:56:29 INFO     >>>>> Predictor: Evaluating on test
2026-05-06 19:56:31 INFO     Data : 1074
2026-05-06 19:56:31 INFO     Hit1 : 0.584730
2026-05-06 19:56:31 INFO     Hit3 : 0.827747
2026-05-06 19:56:31 INFO     Hit10: 0.968343
2026-05-06 19:56:31 INFO     MR   : 2.686220
2026-05-06 19:56:31 INFO     MRR  : 0.721939
2026-05-06 19:56:31 INFO     -------------------------
2026-05-06 19:56:31 INFO     | Iteration: 9/10
2026-05-06 19:56:31 INFO     -------------------------
2026-05-06 19:56:31 INFO     >>>>> Predictor: Training
2026-05-06 19:56:31 INFO     10 546 2.671110 1664.0
2026-05-06 19:56:31 INFO     20 546 2.813427 1560.0
2026-05-06 19:56:31 INFO     30 546 2.824103 1664.0
2026-05-06 19:56:31 INFO     40 546 2.841300 1664.0
2026-05-06 19:56:32 INFO     50 546 2.594891 1664.0
2026-05-06 19:56:32 INFO     60 546 2.737702 1393.6
2026-05-06 19:56:32 INFO     70 546 2.728332 1508.0
2026-05-06 19:56:32 INFO     80 546 2.566557 1622.4
2026-05-06 19:56:33 INFO     90 546 2.517544 1664.0
2026-05-06 19:56:33 INFO     100 546 2.515521 1664.0
2026-05-06 19:56:33 INFO     >>>>> Predictor: Evaluating on valid
2026-05-06 19:56:34 INFO     Data : 1068
2026-05-06 19:56:34 INFO     Hit1 : 0.436330
2026-05-06 19:56:34 INFO     Hit3 : 0.764045
2026-05-06 19:56:34 INFO     Hit10: 0.958801
2026-05-06 19:56:34 INFO     MR   : 3.495318
2026-05-06 19:56:34 INFO     MRR  : 0.620561
2026-05-06 19:56:34 INFO     >>>>> Predictor: Evaluating on test
2026-05-06 19:56:36 INFO     Data : 1074
2026-05-06 19:56:36 INFO     Hit1 : 0.556797
2026-05-06 19:56:36 INFO     Hit3 : 0.810056
2026-05-06 19:56:36 INFO     Hit10: 0.962756
2026-05-06 19:56:36 INFO     MR   : 2.848231
2026-05-06 19:56:36 INFO     MRR  : 0.701719
2026-05-06 19:56:36 INFO     -------------------------
2026-05-06 19:56:36 INFO     | Iteration: 10/10
2026-05-06 19:56:36 INFO     -------------------------
2026-05-06 19:56:36 INFO     >>>>> Predictor: Training
2026-05-06 19:56:36 INFO     10 546 2.769753 1622.4
2026-05-06 19:56:36 INFO     20 546 2.625435 1664.0
2026-05-06 19:56:37 INFO     30 546 2.842605 1664.0
2026-05-06 19:56:37 INFO     40 546 2.714646 1518.4
2026-05-06 19:56:37 INFO     50 546 2.763180 1664.0
2026-05-06 19:56:37 INFO     60 546 2.649444 1591.2
2026-05-06 19:56:37 INFO     70 546 2.734151 1664.0
2026-05-06 19:56:38 INFO     80 546 2.714641 1664.0
2026-05-06 19:56:38 INFO     90 546 2.729043 1601.6
2026-05-06 19:56:38 INFO     100 546 2.666622 1664.0
2026-05-06 19:56:38 INFO     >>>>> Predictor: Evaluating on valid
2026-05-06 19:56:40 INFO     Data : 1068
2026-05-06 19:56:40 INFO     Hit1 : 0.471910
2026-05-06 19:56:40 INFO     Hit3 : 0.769663
2026-05-06 19:56:40 INFO     Hit10: 0.947566
2026-05-06 19:56:40 INFO     MR   : 3.544007
2026-05-06 19:56:40 INFO     MRR  : 0.642467
2026-05-06 19:56:40 INFO     >>>>> Predictor: Evaluating on test
2026-05-06 19:56:41 INFO     Data : 1074
2026-05-06 19:56:41 INFO     Hit1 : 0.605214
2026-05-06 19:56:41 INFO     Hit3 : 0.827747
2026-05-06 19:56:41 INFO     Hit10: 0.955307
2026-05-06 19:56:41 INFO     MR   : 2.678771
2026-05-06 19:56:41 INFO     MRR  : 0.732804
